{
  "uid" : "fe99b77987896d16",
  "name" : "test_truffle_migration",
  "fullName" : "tests.truffle.test_truffle#test_truffle_migration",
  "historyId" : "e63c5a1b531c2472845045a6f65cedaf",
  "time" : {
    "start" : 1631808461294,
    "stop" : 1631808515033,
    "duration" : 53739
  },
  "status" : "failed",
  "statusMessage" : "AssertionError: assert 'Error:  ***...t Failed ***' not in '/home/runne...patibility\\n'\n  'Error:  *** Deployment Failed ***' is contained here:\n    --------\n    \n    Error:  *** Deployment Failed ***\n    \n    \"Migrations\" -- ESOCKETTIMEDOUT\n    {\n      \"originalError\": {\n        \"code\": \"ESOCKETTIMEDOUT\",\n        \"connect\": false\n      }\n    }.\n    \n        at /home/runner/work/neon-compatibility/neon-compatibility/node_modules/truffle/build/webpack:/packages/deployer/src/deployment.js:365:1\n        at processTicksAndRejections (internal/process/task_queues.js:95:5)\n        at Migration._deploy (/home/runner/work/neon-compatibility/neon-compatibility/node_modules/truffle/build/webpack:/packages/migrate/Migration.js:70:1)\n        at Migration._load (/home/runner/work/neon-compatibility/neon-compatibility/node_modules/truffle/build/webpack:/packages/migrate/Migration.js:56:1)\n        at Migration.run (/home/runner/work/neon-compatibility/neon-compatibility/node_modules/truffle/build/webpack:/packages/migrate/Migration.js:217:1)\n        at Object.runMigrations (/home/runner/work/neon-compatibility/neon-compatibility/node_modules/truffle/build/webpack:/packages/migrate/index.js:150:1)\n        at Object.runFrom (/home/runner/work/neon-compatibility/neon-compatibility/node_modules/truffle/build/webpack:/packages/migrate/index.js:110:1)\n        at Object.run (/home/runner/work/neon-compatibility/neon-compatibility/node_modules/truffle/build/webpack:/packages/migrate/index.js:87:1)\n        at runMigrations (/home/runner/work/neon-compatibility/neon-compatibility/node_modules/truffle/build/webpack:/packages/core/lib/commands/migrate.js:258:1)\n        at Object.run (/home/runner/work/neon-compatibility/neon-compatibility/node_modules/truffle/build/webpack:/packages/core/lib/commands/migrate.js:223:1)\n        at Command.run (/home/runner/work/neon-compatibility/neon-compatibility/node_modules/truffle/build/webpack:/packages/core/lib/command.js:172:1)\n    Truffle v5.4.10 (core: 5.4.10)\n    Node v14.17.6\n    /home/runner/work/neon-compatibility/neon-compatibility",
  "statusTrace" : "def test_truffle_migration():\n        # truffle migrate --network neonlabs\n        actual_result = run_command_line(\n            f\"{Subfolder.CD_METACOIN} {RunCommand.TRUFFLE} \" +\n            f\"migrate --network {NETWORK_NAME} {CD_BACK}\")\n        assert TruffleBasedError.ERROR_NO_ATTRIBUTE_ETH_ACCOUNTS \\\n            not in actual_result\n        assert TruffleError.ERROR_COULD_NOT_CONNECT not in actual_result\n        assert TruffleError.ERROR_NOT_AUTHORIZED not in actual_result\n        assert TruffleError.ERROR_TIMEOUT not in actual_result\n        assert TruffleError.ERROR_CANNOT_READ_PROPERTIES not in actual_result\n>       assert TruffleError.ERROR_DEPLOYMENT_FAILED not in actual_result\nE       assert 'Error:  ***...t Failed ***' not in '/home/runne...patibility\\n'\nE         'Error:  *** Deployment Failed ***' is contained here:\nE           --------\nE           \nE           Error:  *** Deployment Failed ***\nE           \nE           \"Migrations\" -- ESOCKETTIMEDOUT\nE           {\nE             \"originalError\": {\nE               \"code\": \"ESOCKETTIMEDOUT\",\nE               \"connect\": false\nE             }\nE           }.\nE           \nE               at /home/runner/work/neon-compatibility/neon-compatibility/node_modules/truffle/build/webpack:/packages/deployer/src/deployment.js:365:1\nE               at processTicksAndRejections (internal/process/task_queues.js:95:5)\nE               at Migration._deploy (/home/runner/work/neon-compatibility/neon-compatibility/node_modules/truffle/build/webpack:/packages/migrate/Migration.js:70:1)\nE               at Migration._load (/home/runner/work/neon-compatibility/neon-compatibility/node_modules/truffle/build/webpack:/packages/migrate/Migration.js:56:1)\nE               at Migration.run (/home/runner/work/neon-compatibility/neon-compatibility/node_modules/truffle/build/webpack:/packages/migrate/Migration.js:217:1)\nE               at Object.runMigrations (/home/runner/work/neon-compatibility/neon-compatibility/node_modules/truffle/build/webpack:/packages/migrate/index.js:150:1)\nE               at Object.runFrom (/home/runner/work/neon-compatibility/neon-compatibility/node_modules/truffle/build/webpack:/packages/migrate/index.js:110:1)\nE               at Object.run (/home/runner/work/neon-compatibility/neon-compatibility/node_modules/truffle/build/webpack:/packages/migrate/index.js:87:1)\nE               at runMigrations (/home/runner/work/neon-compatibility/neon-compatibility/node_modules/truffle/build/webpack:/packages/core/lib/commands/migrate.js:258:1)\nE               at Object.run (/home/runner/work/neon-compatibility/neon-compatibility/node_modules/truffle/build/webpack:/packages/core/lib/commands/migrate.js:223:1)\nE               at Command.run (/home/runner/work/neon-compatibility/neon-compatibility/node_modules/truffle/build/webpack:/packages/core/lib/command.js:172:1)\nE           Truffle v5.4.10 (core: 5.4.10)\nE           Node v14.17.6\nE           /home/runner/work/neon-compatibility/neon-compatibility\n\ntests/truffle/test_truffle.py:31: AssertionError",
  "flaky" : false,
  "newFailed" : false,
  "beforeStages" : [ {
    "name" : "prepare_truffle_config",
    "time" : {
      "start" : 1631808461285,
      "stop" : 1631808461294,
      "duration" : 9
    },
    "status" : "passed",
    "steps" : [ ],
    "attachments" : [ ],
    "parameters" : [ ],
    "stepsCount" : 0,
    "attachmentsCount" : 0,
    "shouldDisplayMessage" : false,
    "hasContent" : false
  } ],
  "testStage" : {
    "status" : "failed",
    "statusMessage" : "AssertionError: assert 'Error:  ***...t Failed ***' not in '/home/runne...patibility\\n'\n  'Error:  *** Deployment Failed ***' is contained here:\n    --------\n    \n    Error:  *** Deployment Failed ***\n    \n    \"Migrations\" -- ESOCKETTIMEDOUT\n    {\n      \"originalError\": {\n        \"code\": \"ESOCKETTIMEDOUT\",\n        \"connect\": false\n      }\n    }.\n    \n        at /home/runner/work/neon-compatibility/neon-compatibility/node_modules/truffle/build/webpack:/packages/deployer/src/deployment.js:365:1\n        at processTicksAndRejections (internal/process/task_queues.js:95:5)\n        at Migration._deploy (/home/runner/work/neon-compatibility/neon-compatibility/node_modules/truffle/build/webpack:/packages/migrate/Migration.js:70:1)\n        at Migration._load (/home/runner/work/neon-compatibility/neon-compatibility/node_modules/truffle/build/webpack:/packages/migrate/Migration.js:56:1)\n        at Migration.run (/home/runner/work/neon-compatibility/neon-compatibility/node_modules/truffle/build/webpack:/packages/migrate/Migration.js:217:1)\n        at Object.runMigrations (/home/runner/work/neon-compatibility/neon-compatibility/node_modules/truffle/build/webpack:/packages/migrate/index.js:150:1)\n        at Object.runFrom (/home/runner/work/neon-compatibility/neon-compatibility/node_modules/truffle/build/webpack:/packages/migrate/index.js:110:1)\n        at Object.run (/home/runner/work/neon-compatibility/neon-compatibility/node_modules/truffle/build/webpack:/packages/migrate/index.js:87:1)\n        at runMigrations (/home/runner/work/neon-compatibility/neon-compatibility/node_modules/truffle/build/webpack:/packages/core/lib/commands/migrate.js:258:1)\n        at Object.run (/home/runner/work/neon-compatibility/neon-compatibility/node_modules/truffle/build/webpack:/packages/core/lib/commands/migrate.js:223:1)\n        at Command.run (/home/runner/work/neon-compatibility/neon-compatibility/node_modules/truffle/build/webpack:/packages/core/lib/command.js:172:1)\n    Truffle v5.4.10 (core: 5.4.10)\n    Node v14.17.6\n    /home/runner/work/neon-compatibility/neon-compatibility",
    "statusTrace" : "def test_truffle_migration():\n        # truffle migrate --network neonlabs\n        actual_result = run_command_line(\n            f\"{Subfolder.CD_METACOIN} {RunCommand.TRUFFLE} \" +\n            f\"migrate --network {NETWORK_NAME} {CD_BACK}\")\n        assert TruffleBasedError.ERROR_NO_ATTRIBUTE_ETH_ACCOUNTS \\\n            not in actual_result\n        assert TruffleError.ERROR_COULD_NOT_CONNECT not in actual_result\n        assert TruffleError.ERROR_NOT_AUTHORIZED not in actual_result\n        assert TruffleError.ERROR_TIMEOUT not in actual_result\n        assert TruffleError.ERROR_CANNOT_READ_PROPERTIES not in actual_result\n>       assert TruffleError.ERROR_DEPLOYMENT_FAILED not in actual_result\nE       assert 'Error:  ***...t Failed ***' not in '/home/runne...patibility\\n'\nE         'Error:  *** Deployment Failed ***' is contained here:\nE           --------\nE           \nE           Error:  *** Deployment Failed ***\nE           \nE           \"Migrations\" -- ESOCKETTIMEDOUT\nE           {\nE             \"originalError\": {\nE               \"code\": \"ESOCKETTIMEDOUT\",\nE               \"connect\": false\nE             }\nE           }.\nE           \nE               at /home/runner/work/neon-compatibility/neon-compatibility/node_modules/truffle/build/webpack:/packages/deployer/src/deployment.js:365:1\nE               at processTicksAndRejections (internal/process/task_queues.js:95:5)\nE               at Migration._deploy (/home/runner/work/neon-compatibility/neon-compatibility/node_modules/truffle/build/webpack:/packages/migrate/Migration.js:70:1)\nE               at Migration._load (/home/runner/work/neon-compatibility/neon-compatibility/node_modules/truffle/build/webpack:/packages/migrate/Migration.js:56:1)\nE               at Migration.run (/home/runner/work/neon-compatibility/neon-compatibility/node_modules/truffle/build/webpack:/packages/migrate/Migration.js:217:1)\nE               at Object.runMigrations (/home/runner/work/neon-compatibility/neon-compatibility/node_modules/truffle/build/webpack:/packages/migrate/index.js:150:1)\nE               at Object.runFrom (/home/runner/work/neon-compatibility/neon-compatibility/node_modules/truffle/build/webpack:/packages/migrate/index.js:110:1)\nE               at Object.run (/home/runner/work/neon-compatibility/neon-compatibility/node_modules/truffle/build/webpack:/packages/migrate/index.js:87:1)\nE               at runMigrations (/home/runner/work/neon-compatibility/neon-compatibility/node_modules/truffle/build/webpack:/packages/core/lib/commands/migrate.js:258:1)\nE               at Object.run (/home/runner/work/neon-compatibility/neon-compatibility/node_modules/truffle/build/webpack:/packages/core/lib/commands/migrate.js:223:1)\nE               at Command.run (/home/runner/work/neon-compatibility/neon-compatibility/node_modules/truffle/build/webpack:/packages/core/lib/command.js:172:1)\nE           Truffle v5.4.10 (core: 5.4.10)\nE           Node v14.17.6\nE           /home/runner/work/neon-compatibility/neon-compatibility\n\ntests/truffle/test_truffle.py:31: AssertionError",
    "steps" : [ ],
    "attachments" : [ {
      "uid" : "ef297679b225f17a",
      "name" : "stdout",
      "source" : "ef297679b225f17a.txt",
      "type" : "text/plain",
      "size" : 269
    }, {
      "uid" : "2c9593231184a7e4",
      "name" : "stderr",
      "source" : "2c9593231184a7e4.txt",
      "type" : "text/plain",
      "size" : 93
    } ],
    "parameters" : [ ],
    "stepsCount" : 0,
    "attachmentsCount" : 2,
    "shouldDisplayMessage" : true,
    "hasContent" : true
  },
  "afterStages" : [ {
    "name" : "prepare_truffle_config::0",
    "time" : {
      "start" : 1631808515037,
      "stop" : 1631808515037,
      "duration" : 0
    },
    "status" : "passed",
    "steps" : [ ],
    "attachments" : [ ],
    "parameters" : [ ],
    "stepsCount" : 0,
    "attachmentsCount" : 0,
    "shouldDisplayMessage" : false,
    "hasContent" : false
  } ],
  "labels" : [ {
    "name" : "parentSuite",
    "value" : "tests.truffle"
  }, {
    "name" : "suite",
    "value" : "test_truffle"
  }, {
    "name" : "host",
    "value" : "fv-az135-502"
  }, {
    "name" : "thread",
    "value" : "3945-MainThread"
  }, {
    "name" : "framework",
    "value" : "pytest"
  }, {
    "name" : "language",
    "value" : "cpython3"
  }, {
    "name" : "package",
    "value" : "tests.truffle.test_truffle"
  }, {
    "name" : "resultFormat",
    "value" : "allure2"
  } ],
  "parameters" : [ ],
  "links" : [ ],
  "hidden" : false,
  "retry" : false,
  "extra" : {
    "severity" : "normal",
    "retries" : [ ],
    "categories" : [ {
      "name" : "Product defects",
      "matchedStatuses" : [ ],
      "flaky" : false
    } ],
    "history" : {
      "statistic" : {
        "failed" : 11,
        "broken" : 19,
        "skipped" : 0,
        "passed" : 7,
        "unknown" : 0,
        "total" : 37
      },
      "items" : [ {
        "uid" : "f5d5ebe1eec84169",
        "reportUrl" : "https://neonlabsorg.github.io/neon-compatibility/78//#testresult/f5d5ebe1eec84169",
        "status" : "broken",
        "statusDetails" : "FileNotFoundError: [Errno 2] No such file or directory: '/home/runner/work/neon-compatibility/neon-compatibility/Metacoin/build/contracts'",
        "time" : {
          "start" : 1631808290112,
          "stop" : 1631808290112,
          "duration" : 0
        }
      }, {
        "uid" : "62540b4619d5bd01",
        "reportUrl" : "https://neonlabsorg.github.io/neon-compatibility/77//#testresult/62540b4619d5bd01",
        "status" : "broken",
        "statusDetails" : "FileNotFoundError: [Errno 2] No such file or directory: '/home/runner/work/neon-compatibility/neon-compatibility/Metacoin/build/contracts'",
        "time" : {
          "start" : 1631807017593,
          "stop" : 1631807017593,
          "duration" : 0
        }
      }, {
        "uid" : "ce5caeaad14720a4",
        "reportUrl" : "https://neonlabsorg.github.io/neon-compatibility/76//#testresult/ce5caeaad14720a4",
        "status" : "broken",
        "statusDetails" : "FileNotFoundError: [Errno 2] No such file or directory: '/home/runner/work/neon-compatibility/neon-compatibility/Metacoin/build/contracts'",
        "time" : {
          "start" : 1631802944344,
          "stop" : 1631802944344,
          "duration" : 0
        }
      }, {
        "uid" : "7796a0dd4a7a499a",
        "reportUrl" : "https://neonlabsorg.github.io/neon-compatibility/75//#testresult/7796a0dd4a7a499a",
        "status" : "broken",
        "statusDetails" : "FileNotFoundError: [Errno 2] No such file or directory: '/home/runner/work/neon-compatibility/neon-compatibility/Metacoin/build/contracts'",
        "time" : {
          "start" : 1631802267935,
          "stop" : 1631802267935,
          "duration" : 0
        }
      }, {
        "uid" : "d83ba5bd3f0b735e",
        "reportUrl" : "https://neonlabsorg.github.io/neon-compatibility/74//#testresult/d83ba5bd3f0b735e",
        "status" : "broken",
        "statusDetails" : "FileNotFoundError: [Errno 2] No such file or directory: '/home/runner/work/neon-compatibility/neon-compatibility/Metacoin/build/contracts'",
        "time" : {
          "start" : 1631797743765,
          "stop" : 1631797743765,
          "duration" : 0
        }
      }, {
        "uid" : "393c289bb1799805",
        "reportUrl" : "https://neonlabsorg.github.io/neon-compatibility/73//#testresult/393c289bb1799805",
        "status" : "broken",
        "statusDetails" : "FileNotFoundError: [Errno 2] No such file or directory: '/home/runner/work/neon-compatibility/neon-compatibility/Metacoin/build/contracts'",
        "time" : {
          "start" : 1631796881461,
          "stop" : 1631796881461,
          "duration" : 0
        }
      }, {
        "uid" : "e21883d381699b1e",
        "reportUrl" : "https://neonlabsorg.github.io/neon-compatibility/72//#testresult/e21883d381699b1e",
        "status" : "broken",
        "statusDetails" : "FileNotFoundError: [Errno 2] No such file or directory: '/home/runner/work/neon-compatibility/neon-compatibility/Metacoin/build/contracts'",
        "time" : {
          "start" : 1631795778561,
          "stop" : 1631795778561,
          "duration" : 0
        }
      }, {
        "uid" : "76a3e0c84d19beb4",
        "reportUrl" : "https://neonlabsorg.github.io/neon-compatibility/71//#testresult/76a3e0c84d19beb4",
        "status" : "broken",
        "statusDetails" : "FileNotFoundError: [Errno 2] No such file or directory: '/home/runner/work/neon-compatibility/neon-compatibility/Metacoin/build/contracts'",
        "time" : {
          "start" : 1631794112588,
          "stop" : 1631794112588,
          "duration" : 0
        }
      }, {
        "uid" : "543b700fa74ad4c2",
        "reportUrl" : "https://neonlabsorg.github.io/neon-compatibility/70//#testresult/543b700fa74ad4c2",
        "status" : "broken",
        "statusDetails" : "FileNotFoundError: [Errno 2] No such file or directory: '/home/runner/work/neon-compatibility/neon-compatibility/Metacoin/build/contracts'",
        "time" : {
          "start" : 1631794025465,
          "stop" : 1631794025465,
          "duration" : 0
        }
      }, {
        "uid" : "eb55f7c22d806a30",
        "reportUrl" : "https://neonlabsorg.github.io/neon-compatibility/69//#testresult/eb55f7c22d806a30",
        "status" : "broken",
        "statusDetails" : "FileNotFoundError: [Errno 2] No such file or directory: '/home/runner/work/neon-compatibility/neon-compatibility/Metacoin/build/contracts'",
        "time" : {
          "start" : 1631792533996,
          "stop" : 1631792533996,
          "duration" : 0
        }
      }, {
        "uid" : "ea46033daab0d9ff",
        "reportUrl" : "https://neonlabsorg.github.io/neon-compatibility/68//#testresult/ea46033daab0d9ff",
        "status" : "broken",
        "statusDetails" : "FileNotFoundError: [Errno 2] No such file or directory: '/home/runner/work/neon-compatibility/neon-compatibility/Metacoin/build/contracts'",
        "time" : {
          "start" : 1631792425060,
          "stop" : 1631792425060,
          "duration" : 0
        }
      }, {
        "uid" : "5273ced9bfa26ac3",
        "reportUrl" : "https://neonlabsorg.github.io/neon-compatibility/67//#testresult/5273ced9bfa26ac3",
        "status" : "broken",
        "statusDetails" : "FileNotFoundError: [Errno 2] No such file or directory: '/home/runner/work/neon-compatibility/neon-compatibility/Metacoin/build/contracts'",
        "time" : {
          "start" : 1631792140504,
          "stop" : 1631792140504,
          "duration" : 0
        }
      }, {
        "uid" : "1ca31c133faf27c6",
        "reportUrl" : "https://neonlabsorg.github.io/neon-compatibility/66//#testresult/1ca31c133faf27c6",
        "status" : "broken",
        "statusDetails" : "FileNotFoundError: [Errno 2] No such file or directory: '/home/runner/work/neon-compatibility/neon-compatibility/Metacoin/build/contracts'",
        "time" : {
          "start" : 1631791952709,
          "stop" : 1631791952709,
          "duration" : 0
        }
      }, {
        "uid" : "152c4b6668c22283",
        "reportUrl" : "https://neonlabsorg.github.io/neon-compatibility/65//#testresult/152c4b6668c22283",
        "status" : "broken",
        "statusDetails" : "FileNotFoundError: [Errno 2] No such file or directory: '/home/runner/work/neon-compatibility/neon-compatibility/Metacoin/build/contracts'",
        "time" : {
          "start" : 1631791789518,
          "stop" : 1631791789518,
          "duration" : 0
        }
      }, {
        "uid" : "67914560c6eba245",
        "reportUrl" : "https://neonlabsorg.github.io/neon-compatibility/64//#testresult/67914560c6eba245",
        "status" : "broken",
        "statusDetails" : "FileNotFoundError: [Errno 2] No such file or directory: '/home/runner/work/neon-compatibility/neon-compatibility/Metacoin/build/contracts'",
        "time" : {
          "start" : 1631790912334,
          "stop" : 1631790912334,
          "duration" : 0
        }
      }, {
        "uid" : "e13a2ed685086b38",
        "reportUrl" : "https://neonlabsorg.github.io/neon-compatibility/63//#testresult/e13a2ed685086b38",
        "status" : "broken",
        "statusDetails" : "FileNotFoundError: [Errno 2] No such file or directory: '/home/runner/work/neon-compatibility/neon-compatibility/Metacoin/build/contracts'",
        "time" : {
          "start" : 1631772932494,
          "stop" : 1631772932494,
          "duration" : 0
        }
      }, {
        "uid" : "97b9e70df1f945af",
        "reportUrl" : "https://neonlabsorg.github.io/neon-compatibility/62//#testresult/97b9e70df1f945af",
        "status" : "broken",
        "statusDetails" : "FileNotFoundError: [Errno 2] No such file or directory: '/home/runner/work/neon-compatibility/neon-compatibility/Metacoin/build/contracts'",
        "time" : {
          "start" : 1631734086588,
          "stop" : 1631734086588,
          "duration" : 0
        }
      }, {
        "uid" : "986f10902938b194",
        "reportUrl" : "https://neonlabsorg.github.io/neon-compatibility/61//#testresult/986f10902938b194",
        "status" : "broken",
        "statusDetails" : "FileNotFoundError: [Errno 2] No such file or directory: '/home/runner/work/neon-compatibility/neon-compatibility/Metacoin/build/contracts'",
        "time" : {
          "start" : 1631733932200,
          "stop" : 1631733932200,
          "duration" : 0
        }
      }, {
        "uid" : "868d7182506ad33a",
        "reportUrl" : "https://neonlabsorg.github.io/neon-compatibility/60//#testresult/868d7182506ad33a",
        "status" : "broken",
        "statusDetails" : "TypeError: str expected, not HexBytes",
        "time" : {
          "start" : 1631726656737,
          "stop" : 1631726656744,
          "duration" : 7
        }
      }, {
        "uid" : "654a345fc7a89754",
        "reportUrl" : "https://neonlabsorg.github.io/neon-compatibility/59//#testresult/654a345fc7a89754",
        "status" : "passed",
        "time" : {
          "start" : 1631724989780,
          "stop" : 1631724995387,
          "duration" : 5607
        }
      } ]
    },
    "tags" : [ ]
  },
  "source" : "fe99b77987896d16.json",
  "parameterValues" : [ ]
}