{
  "uid" : "3b5da24b9020c9f9",
  "name" : "test_truffle_with_openzeppelin",
  "fullName" : "tests.openzeppelin.test_openzeppelin#test_truffle_with_openzeppelin",
  "historyId" : "9e48b3092345a2b8b693c0934ab51b2b",
  "time" : {
    "start" : 1631795691175,
    "stop" : 1631795743780,
    "duration" : 52605
  },
  "status" : "failed",
  "statusMessage" : "AssertionError: assert 'passing' in '/home/runner/work/neon-compatibility/neon-compatibility/OpenZeppelin\\n\\nCompiling your contracts...\\n================...nd.js:172:1)\\nTruffle v5.4.10 (core: 5.4.10)\\nNode v14.17.6\\n/home/runner/work/neon-compatibility/neon-compatibility\\n'\n +  where 'passing' = OpenZeppelinSuccess.SUCCESS_PASSING",
  "statusTrace" : "def test_truffle_with_openzeppelin():\n        # truffle test\n        actual_result = run_command_line(\n            f\"{Subfolder.CD_OPENZEPPELIN} {RunCommand.TRUFFLE} test {CD_BACK}\")\n>       assert OpenZeppelinSuccess.SUCCESS_PASSING in actual_result\nE       AssertionError: assert 'passing' in '/home/runner/work/neon-compatibility/neon-compatibility/OpenZeppelin\\n\\nCompiling your contracts...\\n================...nd.js:172:1)\\nTruffle v5.4.10 (core: 5.4.10)\\nNode v14.17.6\\n/home/runner/work/neon-compatibility/neon-compatibility\\n'\nE        +  where 'passing' = OpenZeppelinSuccess.SUCCESS_PASSING\n\ntests/openzeppelin/test_openzeppelin.py:25: AssertionError",
  "flaky" : false,
  "newFailed" : false,
  "beforeStages" : [ {
    "name" : "prepare_truffle_config",
    "time" : {
      "start" : 1631795691164,
      "stop" : 1631795691174,
      "duration" : 10
    },
    "status" : "passed",
    "steps" : [ ],
    "attachments" : [ ],
    "parameters" : [ ],
    "stepsCount" : 0,
    "attachmentsCount" : 0,
    "shouldDisplayMessage" : false,
    "hasContent" : false
  } ],
  "testStage" : {
    "status" : "failed",
    "statusMessage" : "AssertionError: assert 'passing' in '/home/runner/work/neon-compatibility/neon-compatibility/OpenZeppelin\\n\\nCompiling your contracts...\\n================...nd.js:172:1)\\nTruffle v5.4.10 (core: 5.4.10)\\nNode v14.17.6\\n/home/runner/work/neon-compatibility/neon-compatibility\\n'\n +  where 'passing' = OpenZeppelinSuccess.SUCCESS_PASSING",
    "statusTrace" : "def test_truffle_with_openzeppelin():\n        # truffle test\n        actual_result = run_command_line(\n            f\"{Subfolder.CD_OPENZEPPELIN} {RunCommand.TRUFFLE} test {CD_BACK}\")\n>       assert OpenZeppelinSuccess.SUCCESS_PASSING in actual_result\nE       AssertionError: assert 'passing' in '/home/runner/work/neon-compatibility/neon-compatibility/OpenZeppelin\\n\\nCompiling your contracts...\\n================...nd.js:172:1)\\nTruffle v5.4.10 (core: 5.4.10)\\nNode v14.17.6\\n/home/runner/work/neon-compatibility/neon-compatibility\\n'\nE        +  where 'passing' = OpenZeppelinSuccess.SUCCESS_PASSING\n\ntests/openzeppelin/test_openzeppelin.py:25: AssertionError",
    "steps" : [ ],
    "attachments" : [ {
      "uid" : "1b1fd2de14394ecf",
      "name" : "stdout",
      "source" : "1b1fd2de14394ecf.txt",
      "type" : "text/plain",
      "size" : 170
    }, {
      "uid" : "6b2135ec64e44edb",
      "name" : "stderr",
      "source" : "6b2135ec64e44edb.txt",
      "type" : "text/plain",
      "size" : 617
    } ],
    "parameters" : [ ],
    "stepsCount" : 0,
    "attachmentsCount" : 2,
    "shouldDisplayMessage" : true,
    "hasContent" : true
  },
  "afterStages" : [ {
    "name" : "prepare_truffle_config::0",
    "time" : {
      "start" : 1631795743784,
      "stop" : 1631795743784,
      "duration" : 0
    },
    "status" : "passed",
    "steps" : [ ],
    "attachments" : [ ],
    "parameters" : [ ],
    "stepsCount" : 0,
    "attachmentsCount" : 0,
    "shouldDisplayMessage" : false,
    "hasContent" : false
  } ],
  "labels" : [ {
    "name" : "parentSuite",
    "value" : "tests.openzeppelin"
  }, {
    "name" : "suite",
    "value" : "test_openzeppelin"
  }, {
    "name" : "host",
    "value" : "fv-az123-836"
  }, {
    "name" : "thread",
    "value" : "4032-MainThread"
  }, {
    "name" : "framework",
    "value" : "pytest"
  }, {
    "name" : "language",
    "value" : "cpython3"
  }, {
    "name" : "package",
    "value" : "tests.openzeppelin.test_openzeppelin"
  }, {
    "name" : "resultFormat",
    "value" : "allure2"
  } ],
  "parameters" : [ ],
  "links" : [ ],
  "hidden" : false,
  "retry" : false,
  "extra" : {
    "severity" : "normal",
    "retries" : [ ],
    "categories" : [ {
      "name" : "Product defects",
      "matchedStatuses" : [ ],
      "flaky" : false
    } ],
    "history" : {
      "statistic" : {
        "failed" : 25,
        "broken" : 5,
        "skipped" : 0,
        "passed" : 0,
        "unknown" : 0,
        "total" : 30
      },
      "items" : [ {
        "uid" : "523c29e5def2abd5",
        "reportUrl" : "https://neonlabsorg.github.io/neon-compatibility/71//#testresult/523c29e5def2abd5",
        "status" : "failed",
        "statusDetails" : "AssertionError: assert 'passing' in \"/home/runner/work/neon-compatibility/neon-compatibility/OpenZeppelin\\nError: Returned error: 'EthereumModel' object h...es.js:82:21)\\nTruffle v5.4.10 (core: 5.4.10)\\nNode v14.17.6\\n/home/runner/work/neon-compatibility/neon-compatibility\\n\"\n +  where 'passing' = OpenZeppelinSuccess.SUCCESS_PASSING",
        "time" : {
          "start" : 1631794105079,
          "stop" : 1631794112583,
          "duration" : 7504
        }
      }, {
        "uid" : "b107953f67b9e38a",
        "reportUrl" : "https://neonlabsorg.github.io/neon-compatibility/70//#testresult/b107953f67b9e38a",
        "status" : "failed",
        "statusDetails" : "AssertionError: assert 'passing' in '/home/runner/work/neon-compatibility/neon-compatibility/OpenZeppelin\\n\\nCompiling your contracts...\\n================...nd.js:172:1)\\nTruffle v5.4.10 (core: 5.4.10)\\nNode v14.17.6\\n/home/runner/work/neon-compatibility/neon-compatibility\\n'\n +  where 'passing' = OpenZeppelinSuccess.SUCCESS_PASSING",
        "time" : {
          "start" : 1631793943815,
          "stop" : 1631793991857,
          "duration" : 48042
        }
      }, {
        "uid" : "64c959d3e4a1f5ac",
        "reportUrl" : "https://neonlabsorg.github.io/neon-compatibility/69//#testresult/64c959d3e4a1f5ac",
        "status" : "failed",
        "statusDetails" : "AssertionError: assert 'passing' in '/home/runner/work/neon-compatibility/neon-compatibility/OpenZeppelin\\n\\nCompiling your contracts...\\n================...nd.js:172:1)\\nTruffle v5.4.10 (core: 5.4.10)\\nNode v14.17.6\\n/home/runner/work/neon-compatibility/neon-compatibility\\n'\n +  where 'passing' = OpenZeppelinSuccess.SUCCESS_PASSING",
        "time" : {
          "start" : 1631792461182,
          "stop" : 1631792500127,
          "duration" : 38945
        }
      }, {
        "uid" : "cdec2d34b384f03",
        "reportUrl" : "https://neonlabsorg.github.io/neon-compatibility/68//#testresult/cdec2d34b384f03",
        "status" : "broken",
        "statusDetails" : "NameError: name 'HTTP_URL' is not defined",
        "time" : {
          "start" : 1631792425056,
          "stop" : 1631792425056,
          "duration" : 0
        }
      }, {
        "uid" : "1313900aeb10760f",
        "reportUrl" : "https://neonlabsorg.github.io/neon-compatibility/67//#testresult/1313900aeb10760f",
        "status" : "broken",
        "statusDetails" : "NameError: name 'HTTP_URL' is not defined",
        "time" : {
          "start" : 1631792140499,
          "stop" : 1631792140499,
          "duration" : 0
        }
      }, {
        "uid" : "f1a83688946ca5c3",
        "reportUrl" : "https://neonlabsorg.github.io/neon-compatibility/66//#testresult/f1a83688946ca5c3",
        "status" : "broken",
        "statusDetails" : "NameError: name 'HTTP_URL' is not defined",
        "time" : {
          "start" : 1631791952704,
          "stop" : 1631791952704,
          "duration" : 0
        }
      }, {
        "uid" : "ee337db0e787e51d",
        "reportUrl" : "https://neonlabsorg.github.io/neon-compatibility/65//#testresult/ee337db0e787e51d",
        "status" : "broken",
        "statusDetails" : "NameError: name 'HTTP_URL' is not defined",
        "time" : {
          "start" : 1631791789513,
          "stop" : 1631791789513,
          "duration" : 0
        }
      }, {
        "uid" : "9319ac8f77739788",
        "reportUrl" : "https://neonlabsorg.github.io/neon-compatibility/64//#testresult/9319ac8f77739788",
        "status" : "broken",
        "statusDetails" : "NameError: name 'HTTP_URL' is not defined",
        "time" : {
          "start" : 1631790912329,
          "stop" : 1631790912329,
          "duration" : 0
        }
      }, {
        "uid" : "f22cfa7562ffbee0",
        "reportUrl" : "https://neonlabsorg.github.io/neon-compatibility/63//#testresult/f22cfa7562ffbee0",
        "status" : "failed",
        "statusDetails" : "AssertionError: assert 'passing' in \"/home/runner/work/neon-compatibility/neon-compatibility/OpenZeppelin\\nError: Returned error: 'EthereumModel' object h...es.js:82:21)\\nTruffle v5.4.10 (core: 5.4.10)\\nNode v14.17.6\\n/home/runner/work/neon-compatibility/neon-compatibility\\n\"\n +  where 'passing' = OpenZeppelinSuccess.SUCCESS_PASSING",
        "time" : {
          "start" : 1631772926239,
          "stop" : 1631772932490,
          "duration" : 6251
        }
      }, {
        "uid" : "bf4f740693a94887",
        "reportUrl" : "https://neonlabsorg.github.io/neon-compatibility/62//#testresult/bf4f740693a94887",
        "status" : "failed",
        "statusDetails" : "AssertionError: assert 'passing' in \"/home/runner/work/neon-compatibility/neon-compatibility/OpenZeppelin\\nError: Returned error: 'EthereumModel' object h...es.js:82:21)\\nTruffle v5.4.10 (core: 5.4.10)\\nNode v14.17.6\\n/home/runner/work/neon-compatibility/neon-compatibility\\n\"\n +  where 'passing' = OpenZeppelinSuccess.SUCCESS_PASSING",
        "time" : {
          "start" : 1631734078870,
          "stop" : 1631734086584,
          "duration" : 7714
        }
      }, {
        "uid" : "875728e291614593",
        "reportUrl" : "https://neonlabsorg.github.io/neon-compatibility/61//#testresult/875728e291614593",
        "status" : "failed",
        "statusDetails" : "AssertionError: assert 'passing' in \"/home/runner/work/neon-compatibility/neon-compatibility/OpenZeppelin\\nError: Returned error: 'EthereumModel' object h...es.js:82:21)\\nTruffle v5.4.10 (core: 5.4.10)\\nNode v14.17.6\\n/home/runner/work/neon-compatibility/neon-compatibility\\n\"\n +  where 'passing' = OpenZeppelinSuccess.SUCCESS_PASSING",
        "time" : {
          "start" : 1631733925903,
          "stop" : 1631733932196,
          "duration" : 6293
        }
      }, {
        "uid" : "ea040db74984c2f2",
        "reportUrl" : "https://neonlabsorg.github.io/neon-compatibility/60//#testresult/ea040db74984c2f2",
        "status" : "failed",
        "statusDetails" : "AssertionError: assert 'passing' in \"/home/runner/work/neon-compatibility/neon-compatibility/OpenZeppelin\\nError: Returned error: 'EthereumModel' object h...eues.js:82:21)\\nTruffle v5.4.9 (core: 5.4.9)\\nNode v14.17.6\\n/home/runner/work/neon-compatibility/neon-compatibility\\n\"\n +  where 'passing' = OpenZeppelinSuccess.SUCCESS_PASSING",
        "time" : {
          "start" : 1631726650209,
          "stop" : 1631726656732,
          "duration" : 6523
        }
      }, {
        "uid" : "af370942ab6c9646",
        "reportUrl" : "https://neonlabsorg.github.io/neon-compatibility/59//#testresult/af370942ab6c9646",
        "status" : "failed",
        "statusDetails" : "AssertionError: assert 'passing' in \"/home/runner/work/neon-compatibility/neon-compatibility/OpenZeppelin\\nError: Returned error: 'EthereumModel' object h...eues.js:82:21)\\nTruffle v5.4.9 (core: 5.4.9)\\nNode v14.17.6\\n/home/runner/work/neon-compatibility/neon-compatibility\\n\"\n +  where 'passing' = OpenZeppelinSuccess.SUCCESS_PASSING",
        "time" : {
          "start" : 1631724982397,
          "stop" : 1631724989774,
          "duration" : 7377
        }
      }, {
        "uid" : "a984d77f0ad052f7",
        "reportUrl" : "https://neonlabsorg.github.io/neon-compatibility/58//#testresult/a984d77f0ad052f7",
        "status" : "failed",
        "statusDetails" : "AssertionError: assert 'passing' in \"/home/runner/work/neon-compatibility/neon-compatibility/OpenZeppelin\\nError: Returned error: 'EthereumModel' object h...eues.js:82:21)\\nTruffle v5.4.9 (core: 5.4.9)\\nNode v14.17.6\\n/home/runner/work/neon-compatibility/neon-compatibility\\n\"",
        "time" : {
          "start" : 1631724840138,
          "stop" : 1631724848007,
          "duration" : 7869
        }
      }, {
        "uid" : "47de4d9ec3068a48",
        "reportUrl" : "https://neonlabsorg.github.io/neon-compatibility/57//#testresult/47de4d9ec3068a48",
        "status" : "failed",
        "statusDetails" : "AssertionError: assert 'passing' in \"/home/runner/work/neon-compatibility/neon-compatibility/OpenZeppelin\\nError: Returned error: 'EthereumModel' object h...eues.js:82:21)\\nTruffle v5.4.9 (core: 5.4.9)\\nNode v14.17.6\\n/home/runner/work/neon-compatibility/neon-compatibility\\n\"\n +  where 'passing' = OpenZeppelinSuccess.SUCCESS_PASSING",
        "time" : {
          "start" : 1631630190957,
          "stop" : 1631630197424,
          "duration" : 6467
        }
      }, {
        "uid" : "272b0471272b45db",
        "reportUrl" : "https://neonlabsorg.github.io/neon-compatibility/56//#testresult/272b0471272b45db",
        "status" : "failed",
        "statusDetails" : "AssertionError: assert 'passing' in \"/home/runner/work/neon-compatibility/neon-compatibility/OpenZeppelin\\nError: Returned error: 'EthereumModel' object h...eues.js:82:21)\\nTruffle v5.4.9 (core: 5.4.9)\\nNode v14.17.6\\n/home/runner/work/neon-compatibility/neon-compatibility\\n\"\n +  where 'passing' = OpenZeppelinSuccess.SUCCESS_PASSING",
        "time" : {
          "start" : 1631605289581,
          "stop" : 1631605296934,
          "duration" : 7353
        }
      }, {
        "uid" : "52b00d3d20fc885",
        "reportUrl" : "https://neonlabsorg.github.io/neon-compatibility/55//#testresult/52b00d3d20fc885",
        "status" : "failed",
        "statusDetails" : "AssertionError: assert 'passing' in \"/home/runner/work/neon-compatibility/neon-compatibility/OpenZeppelin\\nError: Returned error: 'EthereumModel' object h...eues.js:82:21)\\nTruffle v5.4.9 (core: 5.4.9)\\nNode v14.17.6\\n/home/runner/work/neon-compatibility/neon-compatibility\\n\"\n +  where 'passing' = OpenZeppelinSuccess.SUCCESS_PASSING",
        "time" : {
          "start" : 1631334970217,
          "stop" : 1631334976264,
          "duration" : 6047
        }
      }, {
        "uid" : "1bfe3519f3025086",
        "reportUrl" : "https://neonlabsorg.github.io/neon-compatibility/54//#testresult/1bfe3519f3025086",
        "status" : "failed",
        "statusDetails" : "AssertionError: assert 'passing' in \"/home/runner/work/neon-compatibility/neon-compatibility/OpenZeppelin\\nError: Returned error: 'EthereumModel' object h...eues.js:82:21)\\nTruffle v5.4.9 (core: 5.4.9)\\nNode v14.17.6\\n/home/runner/work/neon-compatibility/neon-compatibility\\n\"\n +  where 'passing' = OpenZeppelinSuccess.SUCCESS_PASSING",
        "time" : {
          "start" : 1631334259057,
          "stop" : 1631334266075,
          "duration" : 7018
        }
      }, {
        "uid" : "52ceea34bbb705dd",
        "reportUrl" : "https://neonlabsorg.github.io/neon-compatibility/52//#testresult/52ceea34bbb705dd",
        "status" : "failed",
        "statusDetails" : "AssertionError: assert 'passing' in \"/home/runner/work/neon-compatibility/neon-compatibility/OpenZeppelin\\nError: Returned error: 'EthereumModel' object h...eues.js:82:21)\\nTruffle v5.4.9 (core: 5.4.9)\\nNode v14.17.6\\n/home/runner/work/neon-compatibility/neon-compatibility\\n\"\n +  where 'passing' = OpenZeppelinSuccess.SUCCESS_PASSING",
        "time" : {
          "start" : 1631254363708,
          "stop" : 1631254371115,
          "duration" : 7407
        }
      }, {
        "uid" : "11fd01644516e3d3",
        "reportUrl" : "https://neonlabsorg.github.io/neon-compatibility/53//#testresult/11fd01644516e3d3",
        "status" : "failed",
        "statusDetails" : "AssertionError: assert 'passing' in \"/home/runner/work/neon-compatibility/neon-compatibility/OpenZeppelin\\nError: Returned error: 'EthereumModel' object h...eues.js:82:21)\\nTruffle v5.4.9 (core: 5.4.9)\\nNode v14.17.6\\n/home/runner/work/neon-compatibility/neon-compatibility\\n\"\n +  where 'passing' = OpenZeppelinSuccess.SUCCESS_PASSING",
        "time" : {
          "start" : 1631254343700,
          "stop" : 1631254349291,
          "duration" : 5591
        }
      } ]
    },
    "tags" : [ ]
  },
  "source" : "3b5da24b9020c9f9.json",
  "parameterValues" : [ ]
}