{
  "uid" : "c777e3a6f53b30a8",
  "name" : "test_truffle_migration",
  "fullName" : "tests.truffle.test_truffle#test_truffle_migration",
  "historyId" : "e63c5a1b531c2472845045a6f65cedaf",
  "time" : {
    "start" : 1630918065305,
    "stop" : 1630918073536,
    "duration" : 8231
  },
  "status" : "failed",
  "statusMessage" : "AssertionError: assert \"Returned er...th_accounts'\" not in '/home/runne...t/neon-uat\\n'\n  \"Returned error: 'E...bute 'eth_accounts'\" is contained here:\n    =\n    \n    Error: Returned error: 'EthereumModel' object has no attribute 'eth_accounts'\n        at Object.ErrorResponse (/home/runner/work/neon-uat/neon-uat/node_modules/truffle/build/webpack:/node_modules/web3-core-helpers/lib/errors.js:28:1)\n        at /home/runner/work/neon-uat/neon-uat/node_modules/truffle/build/webpack:/node_modules/web3/node_modules/web3-core-requestmanager/lib/index.js:302:1\n        at /home/runner/work/neon-uat/neon-uat/node_modules/truffle/build/webpack:/packages/provider/wrapper.js:107:1\n        at XMLHttpRequest.request.onreadystatechange (/home/runner/work/neon-uat/neon-uat/node_modules/web3-providers-http/lib/index.js:98:13)\n        at XMLHttpRequestEventTarget.dispatchEvent (/home/runner/work/neon-uat/neon-uat/node_modules/xhr2-cookies/xml-http-request-event-target.ts:44:13)\n        at XMLHttpRequest._setReadyState (/home/runner/work/neon-uat/neon-uat/node_modules/xhr2-cookies/xml-http-request.ts:219:8)\n        at XMLHttpRequest._onHttpResponseEnd (/home/runner/work/neon-uat/neon-uat/node_modules/xhr2-cookies/xml-http-request.ts:345:8)\n        at IncomingMessage.<anonymous> (/home/runner/work/neon-uat/neon-uat/node_modules/xhr2-cookies/xml-http-request.ts:311:39)\n        at IncomingMessage.emit (events.js:412:35)\n        at endReadableNT (internal/streams/readable.js:1317:12)\n        at processTicksAndRejections (internal/process/task_queues.js:82:21)\n    Truffle v5.4.8 (core: 5.4.8)\n    Node v14.17.6\n    /home/runner/work/neon-uat/neon-uat",
  "statusTrace" : "def test_truffle_migration():\n        # truffle migrate --network neonlabs\n        actual_result = run_command_line(\n            f\"{CD_METACOIN} {TRUFFLE} migrate --network {NETWORK_NAME} {CD_BACK}\")\n>       assert ERROR_NO_ATTRIBUTE_ETH_ACCOUNTS not in actual_result\nE       assert \"Returned er...th_accounts'\" not in '/home/runne...t/neon-uat\\n'\nE         \"Returned error: 'E...bute 'eth_accounts'\" is contained here:\nE           =\nE           \nE           Error: Returned error: 'EthereumModel' object has no attribute 'eth_accounts'\nE               at Object.ErrorResponse (/home/runner/work/neon-uat/neon-uat/node_modules/truffle/build/webpack:/node_modules/web3-core-helpers/lib/errors.js:28:1)\nE               at /home/runner/work/neon-uat/neon-uat/node_modules/truffle/build/webpack:/node_modules/web3/node_modules/web3-core-requestmanager/lib/index.js:302:1\nE               at /home/runner/work/neon-uat/neon-uat/node_modules/truffle/build/webpack:/packages/provider/wrapper.js:107:1\nE               at XMLHttpRequest.request.onreadystatechange (/home/runner/work/neon-uat/neon-uat/node_modules/web3-providers-http/lib/index.js:98:13)\nE               at XMLHttpRequestEventTarget.dispatchEvent (/home/runner/work/neon-uat/neon-uat/node_modules/xhr2-cookies/xml-http-request-event-target.ts:44:13)\nE               at XMLHttpRequest._setReadyState (/home/runner/work/neon-uat/neon-uat/node_modules/xhr2-cookies/xml-http-request.ts:219:8)\nE               at XMLHttpRequest._onHttpResponseEnd (/home/runner/work/neon-uat/neon-uat/node_modules/xhr2-cookies/xml-http-request.ts:345:8)\nE               at IncomingMessage.<anonymous> (/home/runner/work/neon-uat/neon-uat/node_modules/xhr2-cookies/xml-http-request.ts:311:39)\nE               at IncomingMessage.emit (events.js:412:35)\nE               at endReadableNT (internal/streams/readable.js:1317:12)\nE               at processTicksAndRejections (internal/process/task_queues.js:82:21)\nE           Truffle v5.4.8 (core: 5.4.8)\nE           Node v14.17.6\nE           /home/runner/work/neon-uat/neon-uat\n\ntests/truffle/test_truffle.py:19: AssertionError",
  "flaky" : false,
  "newFailed" : false,
  "beforeStages" : [ ],
  "afterStages" : [ ],
  "labels" : [ {
    "name" : "parentSuite",
    "value" : "tests.truffle"
  }, {
    "name" : "suite",
    "value" : "test_truffle"
  }, {
    "name" : "host",
    "value" : "fv-az39-746"
  }, {
    "name" : "thread",
    "value" : "3375-MainThread"
  }, {
    "name" : "framework",
    "value" : "pytest"
  }, {
    "name" : "language",
    "value" : "cpython3"
  }, {
    "name" : "package",
    "value" : "tests.truffle.test_truffle"
  }, {
    "name" : "resultFormat",
    "value" : "allure2"
  } ],
  "parameters" : [ ],
  "links" : [ ],
  "hidden" : false,
  "retry" : false,
  "extra" : {
    "severity" : "normal",
    "retries" : [ ],
    "categories" : [ {
      "name" : "Product defects",
      "matchedStatuses" : [ ],
      "flaky" : false
    } ],
    "history" : {
      "statistic" : {
        "failed" : 2,
        "broken" : 0,
        "skipped" : 0,
        "passed" : 0,
        "unknown" : 0,
        "total" : 2
      },
      "items" : [ {
        "uid" : "156b0ff9ea287197",
        "reportUrl" : "https://neonlabsorg.github.io/neon-uat/2//#testresult/156b0ff9ea287197",
        "status" : "failed",
        "statusDetails" : "AssertionError: assert \"Returned er...th_accounts'\" not in '/home/runne...t/neon-uat\\n'\n  \"Returned error: 'E...bute 'eth_accounts'\" is contained here:\n    =\n    \n    Error: Returned error: 'EthereumModel' object has no attribute 'eth_accounts'\n        at Object.ErrorResponse (/home/runner/work/neon-uat/neon-uat/node_modules/truffle/build/webpack:/node_modules/web3-core-helpers/lib/errors.js:28:1)\n        at /home/runner/work/neon-uat/neon-uat/node_modules/truffle/build/webpack:/node_modules/web3/node_modules/web3-core-requestmanager/lib/index.js:302:1\n        at /home/runner/work/neon-uat/neon-uat/node_modules/truffle/build/webpack:/packages/provider/wrapper.js:107:1\n        at XMLHttpRequest.request.onreadystatechange (/home/runner/work/neon-uat/neon-uat/node_modules/web3-providers-http/lib/index.js:98:13)\n        at XMLHttpRequestEventTarget.dispatchEvent (/home/runner/work/neon-uat/neon-uat/node_modules/xhr2-cookies/xml-http-request-event-target.ts:44:13)\n        at XMLHttpRequest._setReadyState (/home/runner/work/neon-uat/neon-uat/node_modules/xhr2-cookies/xml-http-request.ts:219:8)\n        at XMLHttpRequest._onHttpResponseEnd (/home/runner/work/neon-uat/neon-uat/node_modules/xhr2-cookies/xml-http-request.ts:345:8)\n        at IncomingMessage.<anonymous> (/home/runner/work/neon-uat/neon-uat/node_modules/xhr2-cookies/xml-http-request.ts:311:39)\n        at IncomingMessage.emit (events.js:412:35)\n        at endReadableNT (internal/streams/readable.js:1317:12)\n        at processTicksAndRejections (internal/process/task_queues.js:82:21)\n    Truffle v5.4.8 (core: 5.4.8)\n    Node v14.17.6\n    /home/runner/work/neon-uat/neon-uat",
        "time" : {
          "start" : 1630917712384,
          "stop" : 1630917721476,
          "duration" : 9092
        }
      } ]
    },
    "tags" : [ ]
  },
  "source" : "c777e3a6f53b30a8.json",
  "parameterValues" : [ ]
}