{
  "uid" : "a8ca90eacb320eee",
  "name" : "test_truffle_with_openzeppelin",
  "fullName" : "tests.openzeppelin.test_openzeppelin#test_truffle_with_openzeppelin",
  "historyId" : "9e48b3092345a2b8b693c0934ab51b2b",
  "time" : {
    "start" : 1630934960985,
    "stop" : 1630934968319,
    "duration" : 7334
  },
  "status" : "failed",
  "statusMessage" : "AssertionError: assert 'passing' in \"/home/runner/work/neon-uat/neon-uat/OpenZeppelin\\nError: Returned error: 'EthereumModel' object has no attribute 'eth...task_queues.js:82:21)\\nTruffle v5.4.9 (core: 5.4.9)\\nNode v14.17.6\\n/home/runner/work/neon-uat/neon-uat/OpenZeppelin\\n\"",
  "statusTrace" : "def test_truffle_with_openzeppelin():\n        # truffle test\n        actual_result = run_command_line(\n            f\"{CD_OPENZEPPELIN} {TRUFFLE} test {CD_BACK}\")\n>       assert SUCCESS_PASSING in actual_result\nE       assert 'passing' in \"/home/runner/work/neon-uat/neon-uat/OpenZeppelin\\nError: Returned error: 'EthereumModel' object has no attribute 'eth...task_queues.js:82:21)\\nTruffle v5.4.9 (core: 5.4.9)\\nNode v14.17.6\\n/home/runner/work/neon-uat/neon-uat/OpenZeppelin\\n\"\n\ntests/openzeppelin/test_openzeppelin.py:22: AssertionError",
  "flaky" : false,
  "newFailed" : false,
  "beforeStages" : [ ],
  "testStage" : {
    "status" : "failed",
    "statusMessage" : "AssertionError: assert 'passing' in \"/home/runner/work/neon-uat/neon-uat/OpenZeppelin\\nError: Returned error: 'EthereumModel' object has no attribute 'eth...task_queues.js:82:21)\\nTruffle v5.4.9 (core: 5.4.9)\\nNode v14.17.6\\n/home/runner/work/neon-uat/neon-uat/OpenZeppelin\\n\"",
    "statusTrace" : "def test_truffle_with_openzeppelin():\n        # truffle test\n        actual_result = run_command_line(\n            f\"{CD_OPENZEPPELIN} {TRUFFLE} test {CD_BACK}\")\n>       assert SUCCESS_PASSING in actual_result\nE       assert 'passing' in \"/home/runner/work/neon-uat/neon-uat/OpenZeppelin\\nError: Returned error: 'EthereumModel' object has no attribute 'eth...task_queues.js:82:21)\\nTruffle v5.4.9 (core: 5.4.9)\\nNode v14.17.6\\n/home/runner/work/neon-uat/neon-uat/OpenZeppelin\\n\"\n\ntests/openzeppelin/test_openzeppelin.py:22: AssertionError",
    "steps" : [ ],
    "attachments" : [ {
      "uid" : "61a495cce70c2a97",
      "name" : "stderr",
      "source" : "61a495cce70c2a97.txt",
      "type" : "text/plain",
      "size" : 31
    } ],
    "parameters" : [ ],
    "stepsCount" : 0,
    "attachmentsCount" : 1,
    "shouldDisplayMessage" : true,
    "hasContent" : true
  },
  "afterStages" : [ ],
  "labels" : [ {
    "name" : "parentSuite",
    "value" : "tests.openzeppelin"
  }, {
    "name" : "suite",
    "value" : "test_openzeppelin"
  }, {
    "name" : "host",
    "value" : "fv-az81-549"
  }, {
    "name" : "thread",
    "value" : "3412-MainThread"
  }, {
    "name" : "framework",
    "value" : "pytest"
  }, {
    "name" : "language",
    "value" : "cpython3"
  }, {
    "name" : "package",
    "value" : "tests.openzeppelin.test_openzeppelin"
  }, {
    "name" : "resultFormat",
    "value" : "allure2"
  } ],
  "parameters" : [ ],
  "links" : [ ],
  "hidden" : false,
  "retry" : false,
  "extra" : {
    "severity" : "normal",
    "retries" : [ ],
    "categories" : [ {
      "name" : "Product defects",
      "matchedStatuses" : [ ],
      "flaky" : false
    } ],
    "history" : {
      "statistic" : {
        "failed" : 3,
        "broken" : 0,
        "skipped" : 0,
        "passed" : 0,
        "unknown" : 0,
        "total" : 3
      },
      "items" : [ {
        "uid" : "e1572dba64bb520d",
        "reportUrl" : "https://neonlabsorg.github.io/neon-uat/5//#testresult/e1572dba64bb520d",
        "status" : "failed",
        "statusDetails" : "AssertionError: assert 'passing' in \"/home/runner/work/neon-uat/neon-uat/OpenZeppelin\\nError: Returned error: 'EthereumModel' object has no attribute 'eth...task_queues.js:82:21)\\nTruffle v5.4.9 (core: 5.4.9)\\nNode v14.17.6\\n/home/runner/work/neon-uat/neon-uat/OpenZeppelin\\n\"",
        "time" : {
          "start" : 1630934265293,
          "stop" : 1630934270565,
          "duration" : 5272
        }
      }, {
        "uid" : "88b8218281e4c25",
        "reportUrl" : "https://neonlabsorg.github.io/neon-uat/4//#testresult/88b8218281e4c25",
        "status" : "failed",
        "statusDetails" : "AssertionError: assert 'passing' in \"/home/runner/work/neon-uat/neon-uat/OpenZeppelin\\nError: Returned error: 'EthereumModel' object has no attribute 'eth...task_queues.js:82:21)\\nTruffle v5.4.9 (core: 5.4.9)\\nNode v14.17.6\\n/home/runner/work/neon-uat/neon-uat/OpenZeppelin\\n\"",
        "time" : {
          "start" : 1630933820884,
          "stop" : 1630933827219,
          "duration" : 6335
        }
      } ]
    },
    "tags" : [ ]
  },
  "source" : "a8ca90eacb320eee.json",
  "parameterValues" : [ ]
}