{
  "uid" : "19e6f023c1820d82",
  "name" : "test_truffle_with_openzeppelin",
  "fullName" : "tests.openzeppelin.test_openzeppelin#test_truffle_with_openzeppelin",
  "historyId" : "9e48b3092345a2b8b693c0934ab51b2b",
  "time" : {
    "start" : 1630946614793,
    "stop" : 1630946622873,
    "duration" : 8080
  },
  "status" : "failed",
  "statusMessage" : "AssertionError: assert 'passing' in \"/home/runner/work/neon-uat/neon-uat/OpenZeppelin\\nError: Returned error: 'EthereumModel' object has no attribute 'eth...rnal/process/task_queues.js:82:21)\\nTruffle v5.4.9 (core: 5.4.9)\\nNode v14.17.6\\n/home/runner/work/neon-uat/neon-uat\\n\"",
  "statusTrace" : "def test_truffle_with_openzeppelin():\n        # truffle test\n        actual_result = run_command_line(\n            f\"{CD_OPENZEPPELIN} {TRUFFLE} test {CD_BACK}\")\n>       assert SUCCESS_PASSING in actual_result\nE       assert 'passing' in \"/home/runner/work/neon-uat/neon-uat/OpenZeppelin\\nError: Returned error: 'EthereumModel' object has no attribute 'eth...rnal/process/task_queues.js:82:21)\\nTruffle v5.4.9 (core: 5.4.9)\\nNode v14.17.6\\n/home/runner/work/neon-uat/neon-uat\\n\"\n\ntests/openzeppelin/test_openzeppelin.py:23: AssertionError",
  "flaky" : false,
  "newFailed" : false,
  "beforeStages" : [ ],
  "afterStages" : [ ],
  "labels" : [ {
    "name" : "parentSuite",
    "value" : "tests.openzeppelin"
  }, {
    "name" : "suite",
    "value" : "test_openzeppelin"
  }, {
    "name" : "host",
    "value" : "fv-az83-851"
  }, {
    "name" : "thread",
    "value" : "3546-MainThread"
  }, {
    "name" : "framework",
    "value" : "pytest"
  }, {
    "name" : "language",
    "value" : "cpython3"
  }, {
    "name" : "package",
    "value" : "tests.openzeppelin.test_openzeppelin"
  }, {
    "name" : "resultFormat",
    "value" : "allure2"
  } ],
  "parameters" : [ ],
  "links" : [ ],
  "hidden" : false,
  "retry" : false,
  "extra" : {
    "severity" : "normal",
    "retries" : [ ],
    "categories" : [ {
      "name" : "Product defects",
      "matchedStatuses" : [ ],
      "flaky" : false
    } ],
    "history" : {
      "statistic" : {
        "failed" : 7,
        "broken" : 0,
        "skipped" : 0,
        "passed" : 0,
        "unknown" : 0,
        "total" : 7
      },
      "items" : [ {
        "uid" : "44e2480c22568c2c",
        "reportUrl" : "https://neonlabsorg.github.io/neon-uat/9//#testresult/44e2480c22568c2c",
        "status" : "failed",
        "statusDetails" : "AssertionError: assert 'passing' in \"/home/runner/work/neon-uat/neon-uat/OpenZeppelin\\nError: Returned error: 'EthereumModel' object has no attribute 'eth...task_queues.js:82:21)\\nTruffle v5.4.9 (core: 5.4.9)\\nNode v14.17.6\\n/home/runner/work/neon-uat/neon-uat/OpenZeppelin\\n\"",
        "time" : {
          "start" : 1630942434946,
          "stop" : 1630942442769,
          "duration" : 7823
        }
      }, {
        "uid" : "75b9661066596265",
        "reportUrl" : "https://neonlabsorg.github.io/neon-uat/8//#testresult/75b9661066596265",
        "status" : "failed",
        "statusDetails" : "AssertionError: assert 'passing' in \"/home/runner/work/neon-uat/neon-uat/OpenZeppelin\\nError: Returned error: 'EthereumModel' object has no attribute 'eth...task_queues.js:82:21)\\nTruffle v5.4.9 (core: 5.4.9)\\nNode v14.17.6\\n/home/runner/work/neon-uat/neon-uat/OpenZeppelin\\n\"",
        "time" : {
          "start" : 1630941564799,
          "stop" : 1630941573108,
          "duration" : 8309
        }
      }, {
        "uid" : "50e67d3cf74c7387",
        "reportUrl" : "https://neonlabsorg.github.io/neon-uat/7//#testresult/50e67d3cf74c7387",
        "status" : "failed",
        "statusDetails" : "AssertionError: assert 'passing' in \"/home/runner/work/neon-uat/neon-uat/OpenZeppelin\\nError: Returned error: 'EthereumModel' object has no attribute 'eth...task_queues.js:82:21)\\nTruffle v5.4.9 (core: 5.4.9)\\nNode v14.17.6\\n/home/runner/work/neon-uat/neon-uat/OpenZeppelin\\n\"",
        "time" : {
          "start" : 1630937648852,
          "stop" : 1630937657303,
          "duration" : 8451
        }
      }, {
        "uid" : "87c8e907bb981d5e",
        "reportUrl" : "https://neonlabsorg.github.io/neon-uat/6//#testresult/87c8e907bb981d5e",
        "status" : "failed",
        "statusDetails" : "AssertionError: assert 'passing' in \"/home/runner/work/neon-uat/neon-uat/OpenZeppelin\\nError: Returned error: 'EthereumModel' object has no attribute 'eth...task_queues.js:82:21)\\nTruffle v5.4.9 (core: 5.4.9)\\nNode v14.17.6\\n/home/runner/work/neon-uat/neon-uat/OpenZeppelin\\n\"",
        "time" : {
          "start" : 1630934960985,
          "stop" : 1630934968319,
          "duration" : 7334
        }
      }, {
        "uid" : "e1572dba64bb520d",
        "reportUrl" : "https://neonlabsorg.github.io/neon-uat/5//#testresult/e1572dba64bb520d",
        "status" : "failed",
        "statusDetails" : "AssertionError: assert 'passing' in \"/home/runner/work/neon-uat/neon-uat/OpenZeppelin\\nError: Returned error: 'EthereumModel' object has no attribute 'eth...task_queues.js:82:21)\\nTruffle v5.4.9 (core: 5.4.9)\\nNode v14.17.6\\n/home/runner/work/neon-uat/neon-uat/OpenZeppelin\\n\"",
        "time" : {
          "start" : 1630934265293,
          "stop" : 1630934270565,
          "duration" : 5272
        }
      }, {
        "uid" : "88b8218281e4c25",
        "reportUrl" : "https://neonlabsorg.github.io/neon-uat/4//#testresult/88b8218281e4c25",
        "status" : "failed",
        "statusDetails" : "AssertionError: assert 'passing' in \"/home/runner/work/neon-uat/neon-uat/OpenZeppelin\\nError: Returned error: 'EthereumModel' object has no attribute 'eth...task_queues.js:82:21)\\nTruffle v5.4.9 (core: 5.4.9)\\nNode v14.17.6\\n/home/runner/work/neon-uat/neon-uat/OpenZeppelin\\n\"",
        "time" : {
          "start" : 1630933820884,
          "stop" : 1630933827219,
          "duration" : 6335
        }
      } ]
    },
    "tags" : [ ]
  },
  "source" : "19e6f023c1820d82.json",
  "parameterValues" : [ ]
}