{
  "uid" : "4b4757e66a1912dae1a509f688f20b0f",
  "children" : [ {
    "name" : "Test defects",
    "children" : [ {
      "name" : "Request failed with status code 404",
      "children" : [ {
        "name" : "shouldCreateAcccountWithEthersJs",
        "uid" : "8f2a8ce7b5227fe9",
        "parentUid" : "e535f801f4238f93df2991342f7e48e9",
        "status" : "broken",
        "time" : {
          "start" : 1638010968638,
          "stop" : 1638010969147,
          "duration" : 509
        },
        "flaky" : false,
        "newFailed" : false,
        "parameters" : [ ]
      } ],
      "uid" : "e535f801f4238f93df2991342f7e48e9"
    }, {
      "name" : "ENS name not configured (operation=\"resolveName(\\\"ethers.eth\\\")\", code=UNSUPPORTED_OPERATION, version=providers/5.4.5)",
      "children" : [ {
        "name" : "testQueryingBlockchain",
        "uid" : "d20e5b2f3237d078",
        "parentUid" : "e7b99caf229df3f4350c94d3cb9e2152",
        "status" : "broken",
        "time" : {
          "start" : 1638010970775,
          "stop" : 1638010972153,
          "duration" : 1378
        },
        "flaky" : false,
        "newFailed" : false,
        "parameters" : [ ]
      } ],
      "uid" : "e7b99caf229df3f4350c94d3cb9e2152"
    }, {
      "name" : "provided ENS name resolves to null (argument=\"tx.to\", value=\"ricmoo.firefly.eth\", code=INVALID_ARGUMENT, version=providers/5.4.5)",
      "children" : [ {
        "name" : "testWritingToTheBlockchain",
        "uid" : "13be1e6370a98c9c",
        "parentUid" : "a84db27a603b95faa88ded5ac73acc8c",
        "status" : "broken",
        "time" : {
          "start" : 1638010972154,
          "stop" : 1638010973053,
          "duration" : 899
        },
        "flaky" : false,
        "newFailed" : false,
        "parameters" : [ ]
      } ],
      "uid" : "a84db27a603b95faa88ded5ac73acc8c"
    }, {
      "name" : "resolver or addr is not configured for ENS name (argument=\"name\", value=\"dai.tokens.ethers.eth\", code=INVALID_ARGUMENT, version=contracts/5.4.1)",
      "children" : [ {
        "name" : "testReadOnlyMethods",
        "uid" : "79a865d0df8cb731",
        "parentUid" : "f691d142a21ba4d36298b566fe753fd0",
        "status" : "broken",
        "time" : {
          "start" : 1638010973061,
          "stop" : 1638010973652,
          "duration" : 591
        },
        "flaky" : false,
        "newFailed" : false,
        "parameters" : [ ]
      } ],
      "uid" : "f691d142a21ba4d36298b566fe753fd0"
    }, {
      "name" : "processing response error (body=\"{\\\"jsonrpc\\\": \\\"2.0\\\", \\\"id\\\": 42, \\\"error\\\": {\\\"code\\\": -32000, \\\"message\\\": \\\"'EthereumModel' object has no attribute 'eth_accounts'\\\"}}\", error={\"code\":-32000}, requestBody=\"{\\\"method\\\":\\\"eth_accounts\\\",\\\"params\\\":[],\\\"id\\\":42,\\\"jsonrpc\\\":\\\"2.0\\\"}\", requestMethod=\"POST\", url=\"https://proxy.teststand2.neontest.xyz/solana\", code=SERVER_ERROR, version=web/5.4.0)",
      "children" : [ {
        "name" : "testQueryHistoricEvents",
        "uid" : "fb4e31101653245d",
        "parentUid" : "1c9cef6dc00d6f1778c1ad9bbfb4c284",
        "status" : "broken",
        "time" : {
          "start" : 1638010973659,
          "stop" : 1638010973947,
          "duration" : 288
        },
        "flaky" : false,
        "newFailed" : false,
        "parameters" : [ ]
      }, {
        "name" : "testSigningMessages",
        "uid" : "fe9168a8f827d29e",
        "parentUid" : "1c9cef6dc00d6f1778c1ad9bbfb4c284",
        "status" : "broken",
        "time" : {
          "start" : 1638010973948,
          "stop" : 1638010974232,
          "duration" : 284
        },
        "flaky" : false,
        "newFailed" : false,
        "parameters" : [ ]
      } ],
      "uid" : "1c9cef6dc00d6f1778c1ad9bbfb4c284"
    }, {
      "name" : "ethjs_provider_http_1.HttpProvider is not a constructor",
      "children" : [ {
        "name" : "test01",
        "uid" : "65709223fd7daac8",
        "parentUid" : "426a702f588cd18af2cb78ab4240139d",
        "status" : "broken",
        "time" : {
          "start" : 1638010974241,
          "stop" : 1638010974247,
          "duration" : 6
        },
        "flaky" : false,
        "newFailed" : false,
        "parameters" : [ ]
      } ],
      "uid" : "426a702f588cd18af2cb78ab4240139d"
    }, {
      "name" : "'EthereumModel' object has no attribute 'eth_accounts'",
      "children" : [ {
        "name" : "Should return the new greeting once it's changed",
        "uid" : "c07e5072e27fc51",
        "parentUid" : "e991f17fad413e6355747c09e6da3ec9",
        "status" : "broken",
        "time" : {
          "start" : 1638010978769,
          "stop" : 1638010979420,
          "duration" : 651
        },
        "flaky" : false,
        "newFailed" : false,
        "parameters" : [ ]
      } ],
      "uid" : "e991f17fad413e6355747c09e6da3ec9"
    } ],
    "uid" : "bdbf199525818fae7a8651db9eafe741"
  }, {
    "name" : "Product defects",
    "children" : [ {
      "name" : "AssertionError: assert 'Error: Coul... any sources' not in '/home/runne...ttempt #1.\\n'\n  'Error: Could not f...ns from any sources' is contained here:\n           ^\n    \n    Error: Could not find artifacts for Migrations from any sources\n        at Resolver.require (/home/runner/work/neon-compatibility/neon-compatibility/node_modules/truffle/build/webpack:/packages/resolver/dist/lib/resolver.js:61:1)\n        at Object.require (/home/runner/work/neon-compatibility/neon-compatibility/node_modules/truffle/build/webpack:/packages/migrate/index.js:172:1)\n        at ResolverIntercept.require (/home/runner/work/neon-compatibility/neon-compatibility/node_modules/truffle/build/webpack:/packages/migrate/ResolverIntercept.js:22:1)\n        at /home/runner/work/neon-compatibility/neon-compatibility/OpenZeppelin/migrations/1_initial_migration.js:1:30\n        at Script.runInContext (vm.js:144:12)\n        at Script.runInNewContext (vm.js:149:17)\n        at Object.file (/home/runner/work/neon-compatibility/neon-compatibility/node_modules/truffle/build/webpack:/packages/require/require.js:94:1)\n        at Migration._load (/home/runner/work/neon-compatibility/neon-compatibility/node_modules/truffle/build/webpack:/packages/migrate/Migration.js:44:1)\n        at Migration.run (/home/runner/work/neon-compatibility/neon-compatibility/node_modules/truffle/build/webpack:/packages/migrate/Migration.js:217:1)\n        at Object.runMigrations (/home/runner/work/neon-compatibility/neon-compatibility/node_modules/truffle/build/webpack:/packages/migrate/index.js:150:1)\n        at Object.runFrom (/home/runner/work/neon-compatibility/neon-compatibility/node_modules/truffle/build/webpack:/packages/migrate/index.js:110:1)\n        at Object.runAll (/home/runner/work/neon-compatibility/neon-compatibility/node_modules/truffle/build/webpack:/packages/migrate/index.js:114:1)\n        at Object.run (/home/runner/work/neon-compatibility/neon-compatibility/node_modules/truffle/build/webpack:/packages/migrate/index.js:79:1)\n        at Object.run (/home/runner/work/neon-compatibility/neon-compatibility/node_modules/truffle/build/webpack:/packages/core/lib/testing/Test.js:109:1)\n        at Object.run (/home/runner/work/neon-compatibility/neon-compatibility/node_modules/truffle/build/webpack:/packages/core/lib/commands/test/index.js:177:1)\n        at Command.run (/home/runner/work/neon-compatibility/neon-compatibility/node_modules/truffle/build/webpack:/packages/core/lib/command.js:183:1)\n    Truffle v5.4.14 (core: 5.4.14)\n    Node v14.18.1\n    /home/runner/work/neon-compatibility/neon-compatibility\n    - Fetching solc version list from solc-bin. Attempt #1\n    âœ” Downloading compiler. Attempt #1.",
      "children" : [ {
        "name" : "test_contracts[input_data0]",
        "uid" : "3438442c3a5d6385",
        "parentUid" : "eda1cb089f130b8b66a333d69c2fc666",
        "status" : "failed",
        "time" : {
          "start" : 1638011182905,
          "stop" : 1638011195354,
          "duration" : 12449
        },
        "flaky" : false,
        "newFailed" : false,
        "parameters" : [ "InputData(test_file='access/Ownable.test.js', test_files=['access/Ownable.test.js'], contracts=['access/Ownable.sol', 'mocks/OwnableMock.sol', 'mocks/AccessControlMock.sol', 'mocks/AccessControlEnumerableMock.sol', 'access/AccessControlEnumerable.sol', 'access/IAccessControlEnumerable.sol', 'utils/structs/EnumerableSet.sol', 'access/AccessControl.sol', 'utils/Context.sol', 'access/IAccessControl.sol', 'utils/Strings.sol', 'utils/introspection/ERC165.sol', 'utils/introspection/IERC165.sol'], migration_script='2_deploy_contracts.js')" ]
      } ],
      "uid" : "eda1cb089f130b8b66a333d69c2fc666"
    }, {
      "name" : "AssertionError: assert 'Error: Coul... any sources' not in '/home/runne...patibility\\n'\n  'Error: Could not f...ns from any sources' is contained here:\n           ^\n    \n    Error: Could not find artifacts for Migrations from any sources\n        at Resolver.require (/home/runner/work/neon-compatibility/neon-compatibility/node_modules/truffle/build/webpack:/packages/resolver/dist/lib/resolver.js:61:1)\n        at Object.require (/home/runner/work/neon-compatibility/neon-compatibility/node_modules/truffle/build/webpack:/packages/migrate/index.js:172:1)\n        at ResolverIntercept.require (/home/runner/work/neon-compatibility/neon-compatibility/node_modules/truffle/build/webpack:/packages/migrate/ResolverIntercept.js:22:1)\n        at /home/runner/work/neon-compatibility/neon-compatibility/OpenZeppelin/migrations/1_initial_migration.js:1:30\n        at Script.runInContext (vm.js:144:12)\n        at Script.runInNewContext (vm.js:149:17)\n        at Object.file (/home/runner/work/neon-compatibility/neon-compatibility/node_modules/truffle/build/webpack:/packages/require/require.js:94:1)\n        at Migration._load (/home/runner/work/neon-compatibility/neon-compatibility/node_modules/truffle/build/webpack:/packages/migrate/Migration.js:44:1)\n        at Migration.run (/home/runner/work/neon-compatibility/neon-compatibility/node_modules/truffle/build/webpack:/packages/migrate/Migration.js:217:1)\n        at Object.runMigrations (/home/runner/work/neon-compatibility/neon-compatibility/node_modules/truffle/build/webpack:/packages/migrate/index.js:150:1)\n        at Object.runFrom (/home/runner/work/neon-compatibility/neon-compatibility/node_modules/truffle/build/webpack:/packages/migrate/index.js:110:1)\n        at Object.runAll (/home/runner/work/neon-compatibility/neon-compatibility/node_modules/truffle/build/webpack:/packages/migrate/index.js:114:1)\n        at Object.run (/home/runner/work/neon-compatibility/neon-compatibility/node_modules/truffle/build/webpack:/packages/migrate/index.js:79:1)\n        at Object.run (/home/runner/work/neon-compatibility/neon-compatibility/node_modules/truffle/build/webpack:/packages/core/lib/testing/Test.js:109:1)\n        at Object.run (/home/runner/work/neon-compatibility/neon-compatibility/node_modules/truffle/build/webpack:/packages/core/lib/commands/test/index.js:177:1)\n        at Command.run (/home/runner/work/neon-compatibility/neon-compatibility/node_modules/truffle/build/webpack:/packages/core/lib/command.js:183:1)\n    Truffle v5.4.14 (core: 5.4.14)\n    Node v14.18.1\n    /home/runner/work/neon-compatibility/neon-compatibility",
      "children" : [ {
        "name" : "test_contracts[input_data1]",
        "uid" : "1c073e188a246b41",
        "parentUid" : "5d85ee355fae455b239df4519a402066",
        "status" : "failed",
        "time" : {
          "start" : 1638011195479,
          "stop" : 1638011205956,
          "duration" : 10477
        },
        "flaky" : false,
        "newFailed" : false,
        "parameters" : [ "InputData(test_file='access/AccessControl.test.js', test_files=['access/AccessControl.test.js', 'access/AccessControl.behavior.js'], contracts=['mocks/AccessControlMock.sol', 'mocks/AccessControlEnumerableMock.sol', 'access/AccessControlEnumerable.sol', 'access/IAccessControlEnumerable.sol', 'utils/structs/EnumerableSet.sol', 'access/AccessControl.sol', 'utils/Strings.sol', 'utils/introspection/ERC165.sol', 'interfaces/IERC165.sol', 'utils/introspection/IERC165.sol'], migration_script='2_deploy_contracts.js')" ]
      }, {
        "name" : "test_contracts[input_data2]",
        "uid" : "46b33ac950352f43",
        "parentUid" : "5d85ee355fae455b239df4519a402066",
        "status" : "failed",
        "time" : {
          "start" : 1638011205976,
          "stop" : 1638011216409,
          "duration" : 10433
        },
        "flaky" : false,
        "newFailed" : false,
        "parameters" : [ "InputData(test_file='access/AccessControlEnumerable.test.js', test_files=['access/AccessControlEnumerable.test.js', 'access/AccessControl.behavior.js'], contracts=['utils/Strings.sol', 'utils/introspection/ERC165.sol', 'mocks/AccessControlEnumerableMock.sol'], migration_script='2_deploy_contracts.js')" ]
      }, {
        "name" : "test_contracts[input_data3]",
        "uid" : "9e8fae907be4a7bb",
        "parentUid" : "5d85ee355fae455b239df4519a402066",
        "status" : "failed",
        "time" : {
          "start" : 1638011216429,
          "stop" : 1638011227665,
          "duration" : 11236
        },
        "flaky" : false,
        "newFailed" : false,
        "parameters" : [ "InputData(test_file='finance/PaymentSplitter.test.js', test_files=['finance/PaymentSplitter.test.js'], contracts=['finance/PaymentSplitter.sol', 'utils/Address.sol', 'utils/Context.sol', 'access/IAccessControl.sol', 'utils/Strings.sol', 'utils/introspection/ERC165.sol', 'interfaces/IERC165.sol', 'utils/introspection/IERC165.sol'], migration_script='3_deploy_contracts.js')" ]
      } ],
      "uid" : "5d85ee355fae455b239df4519a402066"
    }, {
      "name" : "AssertionError: /home/runner/work/neon-compatibility/neon-compatibility/Metacoin\n  Using network 'neonlabs'.\n  \n  \n  Compiling your contracts...\n  ===========================\n  > Compiling ./contracts/ConvertLib.sol\n  > Compiling ./contracts/MetaCoin.sol\n  > Compiling ./contracts/Migrations.sol\n  > Compiling ./test/TestMetaCoin.sol\n  > Compilation warnings encountered:\n  \n      Warning: SPDX license identifier not provided in source file. Before publishing, consider adding a comment containing \"SPDX-License-Identifier: <SPDX-License>\" to each source file. Use \"SPDX-License-Identifier: UNLICENSED\" for non-open-source code. Please see https://spdx.org for more information.\n  --> project:/test/TestMetaCoin.sol\n  \n  ,Warning: Visibility for constructor is ignored. If you want the contract to be non-deployable, making it \"abstract\" is sufficient.\n    --> project:/contracts/MetaCoin.sol:16:2:\n     |\n  16 | \tconstructor() public {\n     | \t^ (Relevant source part starts here and spans across multiple lines).\n  \n  ,Warning: Visibility for constructor is ignored. If you want the contract to be non-deployable, making it \"abstract\" is sufficient.\n    --> project:/contracts/Migrations.sol:12:3:\n     |\n  12 |   constructor() public {\n     |   ^ (Relevant source part starts here and spans across multiple lines).\n  \n  \n  > Artifacts written to /tmp/test--4742-GmtmTclSMwIc\n  > Compiled successfully using:\n     - solc: 0.8.4+commit.c7e474f2.Emscripten.clang\n  \n  /home/runner/work/neon-compatibility/neon-compatibility\n  Error [ERR_UNHANDLED_ERROR]: Unhandled error. ({\n    code: -32603,\n    message: 'ETIMEDOUT',\n    data: { originalError: { code: 'ETIMEDOUT', connect: true } },\n    stack: 'Error: ETIMEDOUT\\n' +\n      '    at Timeout.<anonymous> (/home/runner/work/neon-compatibility/neon-compatibility/node_modules/request/request.js:848:19)\\n' +\n      '    at listOnTimeout (internal/timers.js:557:17)\\n' +\n      '    at processTimers (internal/timers.js:500:7)'\n  })\n      at new NodeError (internal/errors.js:322:7)\n      at Web3ProviderEngine.emit (events.js:389:17)\n      at /home/runner/work/neon-compatibility/neon-compatibility/node_modules/@trufflesuite/web3-provider-engine/index.js:57:14\n      at afterRequest (/home/runner/work/neon-compatibility/neon-compatibility/node_modules/@trufflesuite/web3-provider-engine/index.js:151:21)\n      at /home/runner/work/neon-compatibility/neon-compatibility/node_modules/@trufflesuite/web3-provider-engine/index.js:176:21\n      at /home/runner/work/neon-compatibility/neon-compatibility/node_modules/@trufflesuite/web3-provider-engine/index.js:238:9\n      at /home/runner/work/neon-compatibility/neon-compatibility/node_modules/async/internal/once.js:12:16\n      at replenish (/home/runner/work/neon-compatibility/neon-compatibility/node_modules/async/internal/eachOfLimit.js:61:25)\n      at /home/runner/work/neon-compatibility/neon-compatibility/node_modules/async/internal/eachOfLimit.js:71:9\n      at eachLimit (/home/runner/work/neon-compatibility/neon-compatibility/node_modules/async/eachLimit.js:43:36)\n      at /home/runner/work/neon-compatibility/neon-compatibility/node_modules/async/internal/doLimit.js:9:16\n      at end (/home/runner/work/neon-compatibility/neon-compatibility/node_modules/@trufflesuite/web3-provider-engine/index.js:217:5)\n      at Request._callback (/home/runner/work/neon-compatibility/neon-compatibility/node_modules/@trufflesuite/web3-provider-engine/subproviders/rpc.js:36:21)\n      at self.callback (/home/runner/work/neon-compatibility/neon-compatibility/node_modules/request/request.js:185:22)\n      at Request.emit (events.js:400:28)\n      at Timeout.<anonymous> (/home/runner/work/neon-compatibility/neon-compatibility/node_modules/request/request.js:851:16)\n      at listOnTimeout (internal/timers.js:557:17)\n      at processTimers (internal/timers.js:500:7)\n  \nassert 'Error: ETIMEDOUT' not in '/home/runne....js:500:7)\\n'\n  'Error: ETIMEDOUT' is contained here:\n      stack: 'Error: ETIMEDOUT\\n' +\n        '    at Timeout.<anonymous> (/home/runner/work/neon-compatibility/neon-compatibility/node_modules/request/request.js:848:19)\\n' +\n        '    at listOnTimeout (internal/timers.js:557:17)\\n' +\n        '    at processTimers (internal/timers.js:500:7)'\n    })\n        at new NodeError (internal/errors.js:322:7)\n        at Web3ProviderEngine.emit (events.js:389:17)\n        at /home/runner/work/neon-compatibility/neon-compatibility/node_modules/@trufflesuite/web3-provider-engine/index.js:57:14\n        at afterRequest (/home/runner/work/neon-compatibility/neon-compatibility/node_modules/@trufflesuite/web3-provider-engine/index.js:151:21)\n        at /home/runner/work/neon-compatibility/neon-compatibility/node_modules/@trufflesuite/web3-provider-engine/index.js:176:21\n        at /home/runner/work/neon-compatibility/neon-compatibility/node_modules/@trufflesuite/web3-provider-engine/index.js:238:9\n        at /home/runner/work/neon-compatibility/neon-compatibility/node_modules/async/internal/once.js:12:16\n        at replenish (/home/runner/work/neon-compatibility/neon-compatibility/node_modules/async/internal/eachOfLimit.js:61:25)\n        at /home/runner/work/neon-compatibility/neon-compatibility/node_modules/async/internal/eachOfLimit.js:71:9\n        at eachLimit (/home/runner/work/neon-compatibility/neon-compatibility/node_modules/async/eachLimit.js:43:36)\n        at /home/runner/work/neon-compatibility/neon-compatibility/node_modules/async/internal/doLimit.js:9:16\n        at end (/home/runner/work/neon-compatibility/neon-compatibility/node_modules/@trufflesuite/web3-provider-engine/index.js:217:5)\n        at Request._callback (/home/runner/work/neon-compatibility/neon-compatibility/node_modules/@trufflesuite/web3-provider-engine/subproviders/rpc.js:36:21)\n        at self.callback (/home/runner/work/neon-compatibility/neon-compatibility/node_modules/request/request.js:185:22)\n        at Request.emit (events.js:400:28)\n        at Timeout.<anonymous> (/home/runner/work/neon-compatibility/neon-compatibility/node_modules/request/request.js:851:16)\n        at listOnTimeout (internal/timers.js:557:17)\n        at processTimers (internal/timers.js:500:7)",
      "children" : [ {
        "name" : "test_truffle_contract",
        "uid" : "10ac2bd52734f3b7",
        "parentUid" : "c5b1e675a3ea396aed2f9f2b14c69a57",
        "status" : "failed",
        "time" : {
          "start" : 1638011265250,
          "stop" : 1638011309421,
          "duration" : 44171
        },
        "flaky" : true,
        "newFailed" : false,
        "parameters" : [ ]
      } ],
      "uid" : "c5b1e675a3ea396aed2f9f2b14c69a57"
    }, {
      "name" : "AssertionError: /home/runner/work/neon-compatibility/neon-compatibility/Metacoin\n  Using network 'neonlabs'.\n  \n  \n  Compiling your contracts...\n  ===========================\n  > Compiling ./contracts/ConvertLib.sol\n  > Compiling ./contracts/MetaCoin.sol\n  > Compiling ./contracts/Migrations.sol\n  > Compiling ./test/TestMetaCoin.sol\n  > Compilation warnings encountered:\n  \n      Warning: SPDX license identifier not provided in source file. Before publishing, consider adding a comment containing \"SPDX-License-Identifier: <SPDX-License>\" to each source file. Use \"SPDX-License-Identifier: UNLICENSED\" for non-open-source code. Please see https://spdx.org for more information.\n  --> project:/test/TestMetaCoin.sol\n  \n  ,Warning: Visibility for constructor is ignored. If you want the contract to be non-deployable, making it \"abstract\" is sufficient.\n    --> project:/contracts/MetaCoin.sol:16:2:\n     |\n  16 | \tconstructor() public {\n     | \t^ (Relevant source part starts here and spans across multiple lines).\n  \n  ,Warning: Visibility for constructor is ignored. If you want the contract to be non-deployable, making it \"abstract\" is sufficient.\n    --> project:/contracts/Migrations.sol:12:3:\n     |\n  12 |   constructor() public {\n     |   ^ (Relevant source part starts here and spans across multiple lines).\n  \n  \n  > Artifacts written to /tmp/test--4777-Fy4ETS6VqycZ\n  > Compiled successfully using:\n     - solc: 0.8.4+commit.c7e474f2.Emscripten.clang\n  \n  /home/runner/work/neon-compatibility/neon-compatibility\n  \n  /home/runner/work/neon-compatibility/neon-compatibility/node_modules/request/request.js:848\n            var e = new Error('ETIMEDOUT')\n                    ^\n  Error: PollingBlockTracker - encountered an error while attempting to update latest block:\n  Error: ETIMEDOUT\n      at Timeout.<anonymous> (/home/runner/work/neon-compatibility/neon-compatibility/node_modules/request/request.js:848:19)\n      at listOnTimeout (internal/timers.js:557:17)\n      at processTimers (internal/timers.js:500:7)\n      at PollingBlockTracker._performSync (/home/runner/work/neon-compatibility/neon-compatibility/node_modules/eth-block-tracker/src/polling.js:51:24)\n      at processTicksAndRejections (internal/process/task_queues.js:95:5)\n  \nassert 'Error: ETIMEDOUT' not in '/home/runne...s.js:95:5)\\n'\n  'Error: ETIMEDOUT' is contained here:\n    st block:\n    Error: ETIMEDOUT\n        at Timeout.<anonymous> (/home/runner/work/neon-compatibility/neon-compatibility/node_modules/request/request.js:848:19)\n        at listOnTimeout (internal/timers.js:557:17)\n        at processTimers (internal/timers.js:500:7)\n        at PollingBlockTracker._performSync (/home/runner/work/neon-compatibility/neon-compatibility/node_modules/eth-block-tracker/src/polling.js:51:24)\n        at processTicksAndRejections (internal/process/task_queues.js:95:5)",
      "children" : [ {
        "name" : "test_truffle_test",
        "uid" : "bb7a9f3dfb7f1ea9",
        "parentUid" : "9967702b08a0b7b86ce98aa710fb12b2",
        "status" : "failed",
        "time" : {
          "start" : 1638011309439,
          "stop" : 1638011371131,
          "duration" : 61692
        },
        "flaky" : false,
        "newFailed" : false,
        "parameters" : [ ]
      } ],
      "uid" : "9967702b08a0b7b86ce98aa710fb12b2"
    } ],
    "uid" : "8fb3a91ba5aaf9de24cc8a92edc82b5d"
  } ],
  "name" : "categories"
}