{
  "uid" : "986f10902938b194",
  "name" : "test_truffle_migration",
  "fullName" : "tests.truffle.test_truffle#test_truffle_migration",
  "historyId" : "e63c5a1b531c2472845045a6f65cedaf",
  "time" : {
    "start" : 1631733932200,
    "stop" : 1631733932200,
    "duration" : 0
  },
  "status" : "broken",
  "statusMessage" : "FileNotFoundError: [Errno 2] No such file or directory: '/home/runner/work/neon-compatibility/neon-compatibility/Metacoin/build/contracts'",
  "statusTrace" : "@pytest.fixture(autouse=True)\n    def prepare_truffle_config():\n        url = HTTP_URL\n        w3 = Web3(HTTPProvider(url))\n        account = w3.eth.account.create()\n        os.environ['PRIVATE_KEY'] = str(account.key)\n        print(os.path.abspath(os.getcwd()) + BUILT_CONTRACTS_PATH)\n>       clean_up_folder(os.path.abspath(os.getcwd()) + BUILT_CONTRACTS_PATH)\n\ntests/truffle/test_truffle.py:20: \n_ _ _ _ _ _ _ _ _ _ _ _ _ _ _ _ _ _ _ _ _ _ _ _ _ _ _ _ _ _ _ _ _ _ _ _ _ _ _ _ \n\nfolder = '/home/runner/work/neon-compatibility/neon-compatibility/Metacoin/build/contracts'\n\n    def clean_up_folder(folder: str):\n>       for filename in os.listdir(folder):\nE       FileNotFoundError: [Errno 2] No such file or directory: '/home/runner/work/neon-compatibility/neon-compatibility/Metacoin/build/contracts'\n\nsrc/helpers/shell/file_system.py:5: FileNotFoundError",
  "flaky" : false,
  "newFailed" : false,
  "beforeStages" : [ {
    "name" : "prepare_truffle_config",
    "time" : {
      "start" : 1631733932201,
      "stop" : 1631733932208,
      "duration" : 7
    },
    "status" : "broken",
    "statusMessage" : "FileNotFoundError: [Errno 2] No such file or directory: '/home/runner/work/neon-compatibility/neon-compatibility/Metacoin/build/contracts'\n",
    "statusTrace" : "  File \"/home/runner/.local/share/virtualenvs/neon-compatibility-g882AfFF/lib/python3.8/site-packages/pluggy/_callers.py\", line 39, in _multicall\n    res = hook_impl.function(*args)\n  File \"/home/runner/.local/share/virtualenvs/neon-compatibility-g882AfFF/lib/python3.8/site-packages/_pytest/fixtures.py\", line 1126, in pytest_fixture_setup\n    result = call_fixture_func(fixturefunc, request, kwargs)\n  File \"/home/runner/.local/share/virtualenvs/neon-compatibility-g882AfFF/lib/python3.8/site-packages/_pytest/fixtures.py\", line 925, in call_fixture_func\n    fixture_result = next(generator)\n  File \"/home/runner/work/neon-compatibility/neon-compatibility/tests/truffle/test_truffle.py\", line 20, in prepare_truffle_config\n    clean_up_folder(os.path.abspath(os.getcwd()) + BUILT_CONTRACTS_PATH)\n  File \"/home/runner/work/neon-compatibility/neon-compatibility/src/helpers/shell/file_system.py\", line 5, in clean_up_folder\n    for filename in os.listdir(folder):\n",
    "steps" : [ ],
    "attachments" : [ ],
    "parameters" : [ ],
    "stepsCount" : 0,
    "attachmentsCount" : 0,
    "shouldDisplayMessage" : true,
    "hasContent" : true
  } ],
  "testStage" : {
    "status" : "broken",
    "statusMessage" : "FileNotFoundError: [Errno 2] No such file or directory: '/home/runner/work/neon-compatibility/neon-compatibility/Metacoin/build/contracts'",
    "statusTrace" : "@pytest.fixture(autouse=True)\n    def prepare_truffle_config():\n        url = HTTP_URL\n        w3 = Web3(HTTPProvider(url))\n        account = w3.eth.account.create()\n        os.environ['PRIVATE_KEY'] = str(account.key)\n        print(os.path.abspath(os.getcwd()) + BUILT_CONTRACTS_PATH)\n>       clean_up_folder(os.path.abspath(os.getcwd()) + BUILT_CONTRACTS_PATH)\n\ntests/truffle/test_truffle.py:20: \n_ _ _ _ _ _ _ _ _ _ _ _ _ _ _ _ _ _ _ _ _ _ _ _ _ _ _ _ _ _ _ _ _ _ _ _ _ _ _ _ \n\nfolder = '/home/runner/work/neon-compatibility/neon-compatibility/Metacoin/build/contracts'\n\n    def clean_up_folder(folder: str):\n>       for filename in os.listdir(folder):\nE       FileNotFoundError: [Errno 2] No such file or directory: '/home/runner/work/neon-compatibility/neon-compatibility/Metacoin/build/contracts'\n\nsrc/helpers/shell/file_system.py:5: FileNotFoundError",
    "steps" : [ ],
    "attachments" : [ {
      "uid" : "ad4c0f705ee0bcc",
      "name" : "stdout",
      "source" : "ad4c0f705ee0bcc.txt",
      "type" : "text/plain",
      "size" : 81
    } ],
    "parameters" : [ ],
    "stepsCount" : 0,
    "attachmentsCount" : 1,
    "shouldDisplayMessage" : true,
    "hasContent" : true
  },
  "afterStages" : [ ],
  "labels" : [ {
    "name" : "parentSuite",
    "value" : "tests.truffle"
  }, {
    "name" : "suite",
    "value" : "test_truffle"
  }, {
    "name" : "host",
    "value" : "fv-az135-548"
  }, {
    "name" : "thread",
    "value" : "3966-MainThread"
  }, {
    "name" : "framework",
    "value" : "pytest"
  }, {
    "name" : "language",
    "value" : "cpython3"
  }, {
    "name" : "package",
    "value" : "tests.truffle.test_truffle"
  }, {
    "name" : "resultFormat",
    "value" : "allure2"
  } ],
  "parameters" : [ ],
  "links" : [ ],
  "hidden" : false,
  "retry" : false,
  "extra" : {
    "severity" : "normal",
    "retries" : [ ],
    "categories" : [ {
      "name" : "Test defects",
      "matchedStatuses" : [ ],
      "flaky" : false
    } ],
    "history" : {
      "statistic" : {
        "failed" : 10,
        "broken" : 2,
        "skipped" : 0,
        "passed" : 7,
        "unknown" : 0,
        "total" : 19
      },
      "items" : [ {
        "uid" : "868d7182506ad33a",
        "reportUrl" : "https://neonlabsorg.github.io/neon-compatibility/60//#testresult/868d7182506ad33a",
        "status" : "broken",
        "statusDetails" : "TypeError: str expected, not HexBytes",
        "time" : {
          "start" : 1631726656737,
          "stop" : 1631726656744,
          "duration" : 7
        }
      }, {
        "uid" : "654a345fc7a89754",
        "reportUrl" : "https://neonlabsorg.github.io/neon-compatibility/59//#testresult/654a345fc7a89754",
        "status" : "passed",
        "time" : {
          "start" : 1631724989780,
          "stop" : 1631724995387,
          "duration" : 5607
        }
      }, {
        "uid" : "af2b325821633789",
        "reportUrl" : "https://neonlabsorg.github.io/neon-compatibility/58//#testresult/af2b325821633789",
        "status" : "passed",
        "time" : {
          "start" : 1631724848149,
          "stop" : 1631724854536,
          "duration" : 6387
        }
      }, {
        "uid" : "abfaa4c787b857dd",
        "reportUrl" : "https://neonlabsorg.github.io/neon-compatibility/57//#testresult/abfaa4c787b857dd",
        "status" : "failed",
        "statusDetails" : "AssertionError: assert \"Returned er...th_accounts'\" not in '/home/runne...patibility\\n'\n  \"Returned error: 'E...bute 'eth_accounts'\" is contained here:\n    =\n    \n    Error: Returned error: 'EthereumModel' object has no attribute 'eth_accounts'\n        at Object.ErrorResponse (/home/runner/work/neon-compatibility/neon-compatibility/node_modules/truffle/build/webpack:/node_modules/web3-core-helpers/lib/errors.js:28:1)\n        at /home/runner/work/neon-compatibility/neon-compatibility/node_modules/truffle/build/webpack:/node_modules/web3/node_modules/web3-core-requestmanager/lib/index.js:302:1\n        at /home/runner/work/neon-compatibility/neon-compatibility/node_modules/truffle/build/webpack:/packages/provider/wrapper.js:107:1\n        at XMLHttpRequest.request.onreadystatechange (/home/runner/work/neon-compatibility/neon-compatibility/node_modules/web3-providers-http/lib/index.js:98:13)\n        at XMLHttpRequestEventTarget.dispatchEvent (/home/runner/work/neon-compatibility/neon-compatibility/node_modules/xhr2-cookies/xml-http-request-event-target.ts:44:13)\n        at XMLHttpRequest._setReadyState (/home/runner/work/neon-compatibility/neon-compatibility/node_modules/xhr2-cookies/xml-http-request.ts:219:8)\n        at XMLHttpRequest._onHttpResponseEnd (/home/runner/work/neon-compatibility/neon-compatibility/node_modules/xhr2-cookies/xml-http-request.ts:345:8)\n        at IncomingMessage.<anonymous> (/home/runner/work/neon-compatibility/neon-compatibility/node_modules/xhr2-cookies/xml-http-request.ts:311:39)\n        at IncomingMessage.emit (events.js:412:35)\n        at endReadableNT (internal/streams/readable.js:1317:12)\n        at processTicksAndRejections (internal/process/task_queues.js:82:21)\n    Truffle v5.4.9 (core: 5.4.9)\n    Node v14.17.6\n    /home/runner/work/neon-compatibility/neon-compatibility",
        "time" : {
          "start" : 1631630197430,
          "stop" : 1631630206211,
          "duration" : 8781
        }
      }, {
        "uid" : "b7b8488dde58f5a1",
        "reportUrl" : "https://neonlabsorg.github.io/neon-compatibility/56//#testresult/b7b8488dde58f5a1",
        "status" : "failed",
        "statusDetails" : "AssertionError: assert \"Returned er...th_accounts'\" not in '/home/runne...patibility\\n'\n  \"Returned error: 'E...bute 'eth_accounts'\" is contained here:\n    =\n    \n    Error: Returned error: 'EthereumModel' object has no attribute 'eth_accounts'\n        at Object.ErrorResponse (/home/runner/work/neon-compatibility/neon-compatibility/node_modules/truffle/build/webpack:/node_modules/web3-core-helpers/lib/errors.js:28:1)\n        at /home/runner/work/neon-compatibility/neon-compatibility/node_modules/truffle/build/webpack:/node_modules/web3/node_modules/web3-core-requestmanager/lib/index.js:302:1\n        at /home/runner/work/neon-compatibility/neon-compatibility/node_modules/truffle/build/webpack:/packages/provider/wrapper.js:107:1\n        at XMLHttpRequest.request.onreadystatechange (/home/runner/work/neon-compatibility/neon-compatibility/node_modules/web3-providers-http/lib/index.js:98:13)\n        at XMLHttpRequestEventTarget.dispatchEvent (/home/runner/work/neon-compatibility/neon-compatibility/node_modules/xhr2-cookies/xml-http-request-event-target.ts:44:13)\n        at XMLHttpRequest._setReadyState (/home/runner/work/neon-compatibility/neon-compatibility/node_modules/xhr2-cookies/xml-http-request.ts:219:8)\n        at XMLHttpRequest._onHttpResponseEnd (/home/runner/work/neon-compatibility/neon-compatibility/node_modules/xhr2-cookies/xml-http-request.ts:345:8)\n        at IncomingMessage.<anonymous> (/home/runner/work/neon-compatibility/neon-compatibility/node_modules/xhr2-cookies/xml-http-request.ts:311:39)\n        at IncomingMessage.emit (events.js:412:35)\n        at endReadableNT (internal/streams/readable.js:1317:12)\n        at processTicksAndRejections (internal/process/task_queues.js:82:21)\n    Truffle v5.4.9 (core: 5.4.9)\n    Node v14.17.6\n    /home/runner/work/neon-compatibility/neon-compatibility",
        "time" : {
          "start" : 1631605296940,
          "stop" : 1631605305213,
          "duration" : 8273
        }
      }, {
        "uid" : "837c61f46248a406",
        "reportUrl" : "https://neonlabsorg.github.io/neon-compatibility/55//#testresult/837c61f46248a406",
        "status" : "failed",
        "statusDetails" : "AssertionError: assert \"Returned er...th_accounts'\" not in '/home/runne...patibility\\n'\n  \"Returned error: 'E...bute 'eth_accounts'\" is contained here:\n    =\n    \n    Error: Returned error: 'EthereumModel' object has no attribute 'eth_accounts'\n        at Object.ErrorResponse (/home/runner/work/neon-compatibility/neon-compatibility/node_modules/truffle/build/webpack:/node_modules/web3-core-helpers/lib/errors.js:28:1)\n        at /home/runner/work/neon-compatibility/neon-compatibility/node_modules/truffle/build/webpack:/node_modules/web3/node_modules/web3-core-requestmanager/lib/index.js:302:1\n        at /home/runner/work/neon-compatibility/neon-compatibility/node_modules/truffle/build/webpack:/packages/provider/wrapper.js:107:1\n        at XMLHttpRequest.request.onreadystatechange (/home/runner/work/neon-compatibility/neon-compatibility/node_modules/web3-providers-http/lib/index.js:98:13)\n        at XMLHttpRequestEventTarget.dispatchEvent (/home/runner/work/neon-compatibility/neon-compatibility/node_modules/xhr2-cookies/xml-http-request-event-target.ts:44:13)\n        at XMLHttpRequest._setReadyState (/home/runner/work/neon-compatibility/neon-compatibility/node_modules/xhr2-cookies/xml-http-request.ts:219:8)\n        at XMLHttpRequest._onHttpResponseEnd (/home/runner/work/neon-compatibility/neon-compatibility/node_modules/xhr2-cookies/xml-http-request.ts:345:8)\n        at IncomingMessage.<anonymous> (/home/runner/work/neon-compatibility/neon-compatibility/node_modules/xhr2-cookies/xml-http-request.ts:311:39)\n        at IncomingMessage.emit (events.js:412:35)\n        at endReadableNT (internal/streams/readable.js:1317:12)\n        at processTicksAndRejections (internal/process/task_queues.js:82:21)\n    Truffle v5.4.9 (core: 5.4.9)\n    Node v14.17.6\n    /home/runner/work/neon-compatibility/neon-compatibility",
        "time" : {
          "start" : 1631334976270,
          "stop" : 1631334984193,
          "duration" : 7923
        }
      }, {
        "uid" : "3b74524046c8f07d",
        "reportUrl" : "https://neonlabsorg.github.io/neon-compatibility/54//#testresult/3b74524046c8f07d",
        "status" : "failed",
        "statusDetails" : "AssertionError: assert \"Returned er...th_accounts'\" not in '/home/runne...patibility\\n'\n  \"Returned error: 'E...bute 'eth_accounts'\" is contained here:\n    =\n    \n    Error: Returned error: 'EthereumModel' object has no attribute 'eth_accounts'\n        at Object.ErrorResponse (/home/runner/work/neon-compatibility/neon-compatibility/node_modules/truffle/build/webpack:/node_modules/web3-core-helpers/lib/errors.js:28:1)\n        at /home/runner/work/neon-compatibility/neon-compatibility/node_modules/truffle/build/webpack:/node_modules/web3/node_modules/web3-core-requestmanager/lib/index.js:302:1\n        at /home/runner/work/neon-compatibility/neon-compatibility/node_modules/truffle/build/webpack:/packages/provider/wrapper.js:107:1\n        at XMLHttpRequest.request.onreadystatechange (/home/runner/work/neon-compatibility/neon-compatibility/node_modules/web3-providers-http/lib/index.js:98:13)\n        at XMLHttpRequestEventTarget.dispatchEvent (/home/runner/work/neon-compatibility/neon-compatibility/node_modules/xhr2-cookies/xml-http-request-event-target.ts:44:13)\n        at XMLHttpRequest._setReadyState (/home/runner/work/neon-compatibility/neon-compatibility/node_modules/xhr2-cookies/xml-http-request.ts:219:8)\n        at XMLHttpRequest._onHttpResponseEnd (/home/runner/work/neon-compatibility/neon-compatibility/node_modules/xhr2-cookies/xml-http-request.ts:345:8)\n        at IncomingMessage.<anonymous> (/home/runner/work/neon-compatibility/neon-compatibility/node_modules/xhr2-cookies/xml-http-request.ts:311:39)\n        at IncomingMessage.emit (events.js:412:35)\n        at endReadableNT (internal/streams/readable.js:1317:12)\n        at processTicksAndRejections (internal/process/task_queues.js:82:21)\n    Truffle v5.4.9 (core: 5.4.9)\n    Node v14.17.6\n    /home/runner/work/neon-compatibility/neon-compatibility",
        "time" : {
          "start" : 1631334266081,
          "stop" : 1631334274118,
          "duration" : 8037
        }
      }, {
        "uid" : "50f5dfcdc5d61525",
        "reportUrl" : "https://neonlabsorg.github.io/neon-compatibility/52//#testresult/50f5dfcdc5d61525",
        "status" : "failed",
        "statusDetails" : "AssertionError: assert \"Returned er...th_accounts'\" not in '/home/runne...patibility\\n'\n  \"Returned error: 'E...bute 'eth_accounts'\" is contained here:\n    =\n    \n    Error: Returned error: 'EthereumModel' object has no attribute 'eth_accounts'\n        at Object.ErrorResponse (/home/runner/work/neon-compatibility/neon-compatibility/node_modules/truffle/build/webpack:/node_modules/web3-core-helpers/lib/errors.js:28:1)\n        at /home/runner/work/neon-compatibility/neon-compatibility/node_modules/truffle/build/webpack:/node_modules/web3/node_modules/web3-core-requestmanager/lib/index.js:302:1\n        at /home/runner/work/neon-compatibility/neon-compatibility/node_modules/truffle/build/webpack:/packages/provider/wrapper.js:107:1\n        at XMLHttpRequest.request.onreadystatechange (/home/runner/work/neon-compatibility/neon-compatibility/node_modules/web3-providers-http/lib/index.js:98:13)\n        at XMLHttpRequestEventTarget.dispatchEvent (/home/runner/work/neon-compatibility/neon-compatibility/node_modules/xhr2-cookies/xml-http-request-event-target.ts:44:13)\n        at XMLHttpRequest._setReadyState (/home/runner/work/neon-compatibility/neon-compatibility/node_modules/xhr2-cookies/xml-http-request.ts:219:8)\n        at XMLHttpRequest._onHttpResponseEnd (/home/runner/work/neon-compatibility/neon-compatibility/node_modules/xhr2-cookies/xml-http-request.ts:345:8)\n        at IncomingMessage.<anonymous> (/home/runner/work/neon-compatibility/neon-compatibility/node_modules/xhr2-cookies/xml-http-request.ts:311:39)\n        at IncomingMessage.emit (events.js:412:35)\n        at endReadableNT (internal/streams/readable.js:1317:12)\n        at processTicksAndRejections (internal/process/task_queues.js:82:21)\n    Truffle v5.4.9 (core: 5.4.9)\n    Node v14.17.6\n    /home/runner/work/neon-compatibility/neon-compatibility",
        "time" : {
          "start" : 1631254371120,
          "stop" : 1631254380148,
          "duration" : 9028
        }
      }, {
        "uid" : "d3ebca8af3d44056",
        "reportUrl" : "https://neonlabsorg.github.io/neon-compatibility/53//#testresult/d3ebca8af3d44056",
        "status" : "failed",
        "statusDetails" : "AssertionError: assert \"Returned er...th_accounts'\" not in '/home/runne...patibility\\n'\n  \"Returned error: 'E...bute 'eth_accounts'\" is contained here:\n    =\n    \n    Error: Returned error: 'EthereumModel' object has no attribute 'eth_accounts'\n        at Object.ErrorResponse (/home/runner/work/neon-compatibility/neon-compatibility/node_modules/truffle/build/webpack:/node_modules/web3-core-helpers/lib/errors.js:28:1)\n        at /home/runner/work/neon-compatibility/neon-compatibility/node_modules/truffle/build/webpack:/node_modules/web3/node_modules/web3-core-requestmanager/lib/index.js:302:1\n        at /home/runner/work/neon-compatibility/neon-compatibility/node_modules/truffle/build/webpack:/packages/provider/wrapper.js:107:1\n        at XMLHttpRequest.request.onreadystatechange (/home/runner/work/neon-compatibility/neon-compatibility/node_modules/web3-providers-http/lib/index.js:98:13)\n        at XMLHttpRequestEventTarget.dispatchEvent (/home/runner/work/neon-compatibility/neon-compatibility/node_modules/xhr2-cookies/xml-http-request-event-target.ts:44:13)\n        at XMLHttpRequest._setReadyState (/home/runner/work/neon-compatibility/neon-compatibility/node_modules/xhr2-cookies/xml-http-request.ts:219:8)\n        at XMLHttpRequest._onHttpResponseEnd (/home/runner/work/neon-compatibility/neon-compatibility/node_modules/xhr2-cookies/xml-http-request.ts:345:8)\n        at IncomingMessage.<anonymous> (/home/runner/work/neon-compatibility/neon-compatibility/node_modules/xhr2-cookies/xml-http-request.ts:311:39)\n        at IncomingMessage.emit (events.js:412:35)\n        at endReadableNT (internal/streams/readable.js:1317:12)\n        at processTicksAndRejections (internal/process/task_queues.js:82:21)\n    Truffle v5.4.9 (core: 5.4.9)\n    Node v14.17.6\n    /home/runner/work/neon-compatibility/neon-compatibility",
        "time" : {
          "start" : 1631254349296,
          "stop" : 1631254356729,
          "duration" : 7433
        }
      }, {
        "uid" : "4994e7d314efd979",
        "reportUrl" : "https://neonlabsorg.github.io/neon-compatibility/51//#testresult/4994e7d314efd979",
        "status" : "failed",
        "statusDetails" : "AssertionError: assert \"Returned er...th_accounts'\" not in '/home/runne...patibility\\n'\n  \"Returned error: 'E...bute 'eth_accounts'\" is contained here:\n    =\n    \n    Error: Returned error: 'EthereumModel' object has no attribute 'eth_accounts'\n        at Object.ErrorResponse (/home/runner/work/neon-compatibility/neon-compatibility/node_modules/truffle/build/webpack:/node_modules/web3-core-helpers/lib/errors.js:28:1)\n        at /home/runner/work/neon-compatibility/neon-compatibility/node_modules/truffle/build/webpack:/node_modules/web3/node_modules/web3-core-requestmanager/lib/index.js:302:1\n        at /home/runner/work/neon-compatibility/neon-compatibility/node_modules/truffle/build/webpack:/packages/provider/wrapper.js:107:1\n        at XMLHttpRequest.request.onreadystatechange (/home/runner/work/neon-compatibility/neon-compatibility/node_modules/web3-providers-http/lib/index.js:98:13)\n        at XMLHttpRequestEventTarget.dispatchEvent (/home/runner/work/neon-compatibility/neon-compatibility/node_modules/xhr2-cookies/xml-http-request-event-target.ts:44:13)\n        at XMLHttpRequest._setReadyState (/home/runner/work/neon-compatibility/neon-compatibility/node_modules/xhr2-cookies/xml-http-request.ts:219:8)\n        at XMLHttpRequest._onHttpResponseEnd (/home/runner/work/neon-compatibility/neon-compatibility/node_modules/xhr2-cookies/xml-http-request.ts:345:8)\n        at IncomingMessage.<anonymous> (/home/runner/work/neon-compatibility/neon-compatibility/node_modules/xhr2-cookies/xml-http-request.ts:311:39)\n        at IncomingMessage.emit (events.js:412:35)\n        at endReadableNT (internal/streams/readable.js:1317:12)\n        at processTicksAndRejections (internal/process/task_queues.js:82:21)\n    Truffle v5.4.9 (core: 5.4.9)\n    Node v14.17.6\n    /home/runner/work/neon-compatibility/neon-compatibility",
        "time" : {
          "start" : 1631254287937,
          "stop" : 1631254296131,
          "duration" : 8194
        }
      }, {
        "uid" : "ca14659da8c5b2a0",
        "reportUrl" : "https://neonlabsorg.github.io/neon-uat/50//#testresult/ca14659da8c5b2a0",
        "status" : "failed",
        "statusDetails" : "AssertionError: assert \"Returned er...th_accounts'\" not in '/home/runne...t/neon-uat\\n'\n  \"Returned error: 'E...bute 'eth_accounts'\" is contained here:\n    =\n    \n    Error: Returned error: 'EthereumModel' object has no attribute 'eth_accounts'\n        at Object.ErrorResponse (/home/runner/work/neon-uat/neon-uat/node_modules/truffle/build/webpack:/node_modules/web3-core-helpers/lib/errors.js:28:1)\n        at /home/runner/work/neon-uat/neon-uat/node_modules/truffle/build/webpack:/node_modules/web3/node_modules/web3-core-requestmanager/lib/index.js:302:1\n        at /home/runner/work/neon-uat/neon-uat/node_modules/truffle/build/webpack:/packages/provider/wrapper.js:107:1\n        at XMLHttpRequest.request.onreadystatechange (/home/runner/work/neon-uat/neon-uat/node_modules/web3-providers-http/lib/index.js:98:13)\n        at XMLHttpRequestEventTarget.dispatchEvent (/home/runner/work/neon-uat/neon-uat/node_modules/xhr2-cookies/xml-http-request-event-target.ts:44:13)\n        at XMLHttpRequest._setReadyState (/home/runner/work/neon-uat/neon-uat/node_modules/xhr2-cookies/xml-http-request.ts:219:8)\n        at XMLHttpRequest._onHttpResponseEnd (/home/runner/work/neon-uat/neon-uat/node_modules/xhr2-cookies/xml-http-request.ts:345:8)\n        at IncomingMessage.<anonymous> (/home/runner/work/neon-uat/neon-uat/node_modules/xhr2-cookies/xml-http-request.ts:311:39)\n        at IncomingMessage.emit (events.js:412:35)\n        at endReadableNT (internal/streams/readable.js:1317:12)\n        at processTicksAndRejections (internal/process/task_queues.js:82:21)\n    Truffle v5.4.9 (core: 5.4.9)\n    Node v14.17.6\n    /home/runner/work/neon-uat/neon-uat",
        "time" : {
          "start" : 1631247300932,
          "stop" : 1631247308064,
          "duration" : 7132
        }
      }, {
        "uid" : "d979231fde627a29",
        "reportUrl" : "https://neonlabsorg.github.io/neon-uat/49//#testresult/d979231fde627a29",
        "status" : "failed",
        "statusDetails" : "AssertionError: assert \"Returned er...th_accounts'\" not in '/home/runne...t/neon-uat\\n'\n  \"Returned error: 'E...bute 'eth_accounts'\" is contained here:\n    =\n    \n    Error: Returned error: 'EthereumModel' object has no attribute 'eth_accounts'\n        at Object.ErrorResponse (/home/runner/work/neon-uat/neon-uat/node_modules/truffle/build/webpack:/node_modules/web3-core-helpers/lib/errors.js:28:1)\n        at /home/runner/work/neon-uat/neon-uat/node_modules/truffle/build/webpack:/node_modules/web3/node_modules/web3-core-requestmanager/lib/index.js:302:1\n        at /home/runner/work/neon-uat/neon-uat/node_modules/truffle/build/webpack:/packages/provider/wrapper.js:107:1\n        at XMLHttpRequest.request.onreadystatechange (/home/runner/work/neon-uat/neon-uat/node_modules/web3-providers-http/lib/index.js:98:13)\n        at XMLHttpRequestEventTarget.dispatchEvent (/home/runner/work/neon-uat/neon-uat/node_modules/xhr2-cookies/xml-http-request-event-target.ts:44:13)\n        at XMLHttpRequest._setReadyState (/home/runner/work/neon-uat/neon-uat/node_modules/xhr2-cookies/xml-http-request.ts:219:8)\n        at XMLHttpRequest._onHttpResponseEnd (/home/runner/work/neon-uat/neon-uat/node_modules/xhr2-cookies/xml-http-request.ts:345:8)\n        at IncomingMessage.<anonymous> (/home/runner/work/neon-uat/neon-uat/node_modules/xhr2-cookies/xml-http-request.ts:311:39)\n        at IncomingMessage.emit (events.js:412:35)\n        at endReadableNT (internal/streams/readable.js:1317:12)\n        at processTicksAndRejections (internal/process/task_queues.js:82:21)\n    Truffle v5.4.9 (core: 5.4.9)\n    Node v14.17.6\n    /home/runner/work/neon-uat/neon-uat",
        "time" : {
          "start" : 1631247274497,
          "stop" : 1631247282976,
          "duration" : 8479
        }
      }, {
        "uid" : "dbd05ab5e7646b52",
        "reportUrl" : "https://neonlabsorg.github.io/neon-uat/48//#testresult/dbd05ab5e7646b52",
        "status" : "failed",
        "statusDetails" : "AssertionError: assert \"Returned er...th_accounts'\" not in '/home/runne...t/neon-uat\\n'\n  \"Returned error: 'E...bute 'eth_accounts'\" is contained here:\n    =\n    \n    Error: Returned error: 'EthereumModel' object has no attribute 'eth_accounts'\n        at Object.ErrorResponse (/home/runner/work/neon-uat/neon-uat/node_modules/truffle/build/webpack:/node_modules/web3-core-helpers/lib/errors.js:28:1)\n        at /home/runner/work/neon-uat/neon-uat/node_modules/truffle/build/webpack:/node_modules/web3/node_modules/web3-core-requestmanager/lib/index.js:302:1\n        at /home/runner/work/neon-uat/neon-uat/node_modules/truffle/build/webpack:/packages/provider/wrapper.js:107:1\n        at XMLHttpRequest.request.onreadystatechange (/home/runner/work/neon-uat/neon-uat/node_modules/web3-providers-http/lib/index.js:98:13)\n        at XMLHttpRequestEventTarget.dispatchEvent (/home/runner/work/neon-uat/neon-uat/node_modules/xhr2-cookies/xml-http-request-event-target.ts:44:13)\n        at XMLHttpRequest._setReadyState (/home/runner/work/neon-uat/neon-uat/node_modules/xhr2-cookies/xml-http-request.ts:219:8)\n        at XMLHttpRequest._onHttpResponseEnd (/home/runner/work/neon-uat/neon-uat/node_modules/xhr2-cookies/xml-http-request.ts:345:8)\n        at IncomingMessage.<anonymous> (/home/runner/work/neon-uat/neon-uat/node_modules/xhr2-cookies/xml-http-request.ts:311:39)\n        at IncomingMessage.emit (events.js:412:35)\n        at endReadableNT (internal/streams/readable.js:1317:12)\n        at processTicksAndRejections (internal/process/task_queues.js:82:21)\n    Truffle v5.4.9 (core: 5.4.9)\n    Node v14.17.6\n    /home/runner/work/neon-uat/neon-uat",
        "time" : {
          "start" : 1631206844028,
          "stop" : 1631206852280,
          "duration" : 8252
        }
      }, {
        "uid" : "58f60466f9a1f268",
        "reportUrl" : "https://neonlabsorg.github.io/neon-uat/47//#testresult/58f60466f9a1f268",
        "status" : "passed",
        "time" : {
          "start" : 1631198212122,
          "stop" : 1631198222721,
          "duration" : 10599
        }
      }, {
        "uid" : "ff8175f178a555fd",
        "reportUrl" : "https://neonlabsorg.github.io/neon-uat/46//#testresult/ff8175f178a555fd",
        "status" : "passed",
        "time" : {
          "start" : 1631198084856,
          "stop" : 1631198095445,
          "duration" : 10589
        }
      }, {
        "uid" : "6c226fec8be6a592",
        "reportUrl" : "https://neonlabsorg.github.io/neon-uat/45//#testresult/6c226fec8be6a592",
        "status" : "passed",
        "time" : {
          "start" : 1631198021914,
          "stop" : 1631198033032,
          "duration" : 11118
        }
      }, {
        "uid" : "6136cefbf16acb7e",
        "reportUrl" : "https://neonlabsorg.github.io/neon-uat/44//#testresult/6136cefbf16acb7e",
        "status" : "passed",
        "time" : {
          "start" : 1631195960957,
          "stop" : 1631195970489,
          "duration" : 9532
        }
      }, {
        "uid" : "ecd5a7b319299f27",
        "reportUrl" : "https://neonlabsorg.github.io/neon-uat/43//#testresult/ecd5a7b319299f27",
        "status" : "passed",
        "time" : {
          "start" : 1631195422517,
          "stop" : 1631195433196,
          "duration" : 10679
        }
      } ]
    },
    "tags" : [ ]
  },
  "source" : "986f10902938b194.json",
  "parameterValues" : [ ]
}