{
  "uid" : "1ee0acce987f5ee2",
  "name" : "test_truffle_contract",
  "fullName" : "tests.truffle.test_truffle#test_truffle_contract",
  "historyId" : "bcaa3d9a9d9d227a00ce4ede08727965",
  "time" : {
    "start" : 1632592778315,
    "stop" : 1632592780954,
    "duration" : 2639
  },
  "status" : "failed",
  "statusMessage" : "AssertionError: assert 'No contracts deployed.' not in '/home/runne...lity\\nstrict'\n  'No contracts deployed.' is contained here:\n    d: 110)\n      No contracts deployed.\n    \n    /home/runner/work/neon-compatibility/neon-compatibility\n    strict",
  "statusTrace" : "def test_truffle_contract():\n        # truffle neonlabs ./test/TestMetaCoin.sol\n        actual_result = run_command_line(\n            f\"{Subfolder.CD_METACOIN} {RunCommand.TRUFFLE} {NETWORK_NAME} \\\n                ./test/TestMetaCoin.sol {CD_BACK}\")\n        assert TruffleError.ERROR_CONTRACTS_NOT_DEPLOYED not in actual_result\n>       assert TruffleError.ERROR_NO_CONTRACTS_DEPLOYED not in actual_result\nE       AssertionError: assert 'No contracts deployed.' not in '/home/runne...lity\\nstrict'\nE         'No contracts deployed.' is contained here:\nE           d: 110)\nE             No contracts deployed.\nE           \nE           /home/runner/work/neon-compatibility/neon-compatibility\nE           strict\n\ntests/truffle/test_truffle.py:43: AssertionError",
  "flaky" : false,
  "newFailed" : false,
  "beforeStages" : [ {
    "name" : "prepare_truffle_config",
    "time" : {
      "start" : 1632592778302,
      "stop" : 1632592778314,
      "duration" : 12
    },
    "status" : "passed",
    "steps" : [ ],
    "attachments" : [ ],
    "parameters" : [ ],
    "attachmentsCount" : 0,
    "shouldDisplayMessage" : false,
    "hasContent" : false,
    "stepsCount" : 0
  } ],
  "testStage" : {
    "status" : "failed",
    "statusMessage" : "AssertionError: assert 'No contracts deployed.' not in '/home/runne...lity\\nstrict'\n  'No contracts deployed.' is contained here:\n    d: 110)\n      No contracts deployed.\n    \n    /home/runner/work/neon-compatibility/neon-compatibility\n    strict",
    "statusTrace" : "def test_truffle_contract():\n        # truffle neonlabs ./test/TestMetaCoin.sol\n        actual_result = run_command_line(\n            f\"{Subfolder.CD_METACOIN} {RunCommand.TRUFFLE} {NETWORK_NAME} \\\n                ./test/TestMetaCoin.sol {CD_BACK}\")\n        assert TruffleError.ERROR_CONTRACTS_NOT_DEPLOYED not in actual_result\n>       assert TruffleError.ERROR_NO_CONTRACTS_DEPLOYED not in actual_result\nE       AssertionError: assert 'No contracts deployed.' not in '/home/runne...lity\\nstrict'\nE         'No contracts deployed.' is contained here:\nE           d: 110)\nE             No contracts deployed.\nE           \nE           /home/runner/work/neon-compatibility/neon-compatibility\nE           strict\n\ntests/truffle/test_truffle.py:43: AssertionError",
    "steps" : [ ],
    "attachments" : [ {
      "uid" : "62c9674491d66e1",
      "name" : "stdout",
      "source" : "62c9674491d66e1.txt",
      "type" : "text/plain",
      "size" : 287
    } ],
    "parameters" : [ ],
    "attachmentsCount" : 1,
    "shouldDisplayMessage" : true,
    "hasContent" : true,
    "stepsCount" : 0
  },
  "afterStages" : [ {
    "name" : "prepare_truffle_config::0",
    "time" : {
      "start" : 1632592780958,
      "stop" : 1632592780959,
      "duration" : 1
    },
    "status" : "passed",
    "steps" : [ ],
    "attachments" : [ ],
    "parameters" : [ ],
    "attachmentsCount" : 0,
    "shouldDisplayMessage" : false,
    "hasContent" : false,
    "stepsCount" : 0
  } ],
  "labels" : [ {
    "name" : "parentSuite",
    "value" : "tests.truffle"
  }, {
    "name" : "suite",
    "value" : "test_truffle"
  }, {
    "name" : "host",
    "value" : "fv-az74-473"
  }, {
    "name" : "thread",
    "value" : "4946-MainThread"
  }, {
    "name" : "framework",
    "value" : "pytest"
  }, {
    "name" : "language",
    "value" : "cpython3"
  }, {
    "name" : "package",
    "value" : "tests.truffle.test_truffle"
  }, {
    "name" : "resultFormat",
    "value" : "allure2"
  } ],
  "parameters" : [ ],
  "links" : [ ],
  "hidden" : false,
  "retry" : false,
  "extra" : {
    "severity" : "normal",
    "retries" : [ ],
    "categories" : [ {
      "name" : "Product defects",
      "matchedStatuses" : [ ],
      "flaky" : false
    } ],
    "history" : {
      "statistic" : {
        "failed" : 7,
        "broken" : 0,
        "skipped" : 0,
        "passed" : 0,
        "unknown" : 0,
        "total" : 7
      },
      "items" : [ {
        "uid" : "49a413ce11fcab66",
        "reportUrl" : "https://neonlabsorg.github.io/neon-compatibility/136//#testresult/49a413ce11fcab66",
        "status" : "failed",
        "statusDetails" : "AssertionError: assert 'No contracts deployed.' not in '/home/runne...lity\\nstrict'\n  'No contracts deployed.' is contained here:\n    d: 110)\n      No contracts deployed.\n    \n    /home/runner/work/neon-compatibility/neon-compatibility\n    strict",
        "time" : {
          "start" : 1632592358890,
          "stop" : 1632592361509,
          "duration" : 2619
        }
      }, {
        "uid" : "a383db64520634da",
        "reportUrl" : "https://neonlabsorg.github.io/neon-compatibility/135//#testresult/a383db64520634da",
        "status" : "failed",
        "statusDetails" : "AssertionError: assert 'No contracts deployed.' not in '/home/runne...lity\\nstrict'\n  'No contracts deployed.' is contained here:\n    d: 111)\n      No contracts deployed.\n    \n    /home/runner/work/neon-compatibility/neon-compatibility\n    strict",
        "time" : {
          "start" : 1632572574556,
          "stop" : 1632572579054,
          "duration" : 4498
        }
      }, {
        "uid" : "3165553a44dc9421",
        "reportUrl" : "https://neonlabsorg.github.io/neon-compatibility/134//#testresult/3165553a44dc9421",
        "status" : "failed",
        "statusDetails" : "AssertionError: assert 'No contracts deployed.' not in '/home/runne...lity\\nstrict'\n  'No contracts deployed.' is contained here:\n    d: 110)\n      No contracts deployed.\n    \n    /home/runner/work/neon-compatibility/neon-compatibility\n    strict",
        "time" : {
          "start" : 1632572218690,
          "stop" : 1632572220898,
          "duration" : 2208
        }
      }, {
        "uid" : "39f2c94598771c3",
        "reportUrl" : "https://neonlabsorg.github.io/neon-compatibility/132//#testresult/39f2c94598771c3",
        "status" : "failed",
        "statusDetails" : "AssertionError: assert 'No contracts deployed.' not in '/home/runne...lity\\nstrict'\n  'No contracts deployed.' is contained here:\n    d: 111)\n      No contracts deployed.\n    \n    /home/runner/work/neon-compatibility/neon-compatibility\n    strict",
        "time" : {
          "start" : 1632572103681,
          "stop" : 1632572106444,
          "duration" : 2763
        }
      }, {
        "uid" : "d55228e61e58f1f4",
        "reportUrl" : "https://neonlabsorg.github.io/neon-compatibility/131//#testresult/d55228e61e58f1f4",
        "status" : "failed",
        "statusDetails" : "AssertionError: assert 'No contracts deployed.' not in '/home/runne...lity\\nstrict'\n  'No contracts deployed.' is contained here:\n    d: 110)\n      No contracts deployed.\n    \n    /home/runner/work/neon-compatibility/neon-compatibility\n    strict",
        "time" : {
          "start" : 1632572016945,
          "stop" : 1632572019443,
          "duration" : 2498
        }
      }, {
        "uid" : "4c03eff865140ba8",
        "reportUrl" : "https://neonlabsorg.github.io/neon-compatibility/130//#testresult/4c03eff865140ba8",
        "status" : "failed",
        "statusDetails" : "AssertionError: assert 'No contracts deployed.' not in '/home/runne...lity\\nstrict'\n  'No contracts deployed.' is contained here:\n    d: 110)\n      No contracts deployed.\n    \n    /home/runner/work/neon-compatibility/neon-compatibility\n    strict",
        "time" : {
          "start" : 1632571810329,
          "stop" : 1632571812982,
          "duration" : 2653
        }
      } ]
    },
    "tags" : [ ]
  },
  "source" : "1ee0acce987f5ee2.json",
  "parameterValues" : [ ]
}