{
  "uid" : "43c9c25b0510e76",
  "name" : "test_truffle_migration",
  "fullName" : "tests.truffle.test_truffle#test_truffle_migration",
  "historyId" : "e63c5a1b531c2472845045a6f65cedaf",
  "time" : {
    "start" : 1631818226246,
    "stop" : 1631818302932,
    "duration" : 76686
  },
  "status" : "failed",
  "statusMessage" : "AssertionError: assert 'Error:  ***...t Failed ***' not in '/home/runne...patibility\\n'\n  'Error:  *** Deployment Failed ***' is contained here:\n    --------\n    \n    Error:  *** Deployment Failed ***\n    \n    \"Migrations\" -- ESOCKETTIMEDOUT\n    {\n      \"originalError\": {\n        \"code\": \"ESOCKETTIMEDOUT\",\n        \"connect\": false\n      }\n    }.\n    \n        at /home/runner/work/neon-compatibility/neon-compatibility/node_modules/truffle/build/webpack:/packages/deployer/src/deployment.js:365:1\n        at runMicrotasks (<anonymous>)\n        at processTicksAndRejections (internal/process/task_queues.js:95:5)\n        at Migration._deploy (/home/runner/work/neon-compatibility/neon-compatibility/node_modules/truffle/build/webpack:/packages/migrate/Migration.js:70:1)\n        at Migration._load (/home/runner/work/neon-compatibility/neon-compatibility/node_modules/truffle/build/webpack:/packages/migrate/Migration.js:56:1)\n        at Migration.run (/home/runner/work/neon-compatibility/neon-compatibility/node_modules/truffle/build/webpack:/packages/migrate/Migration.js:217:1)\n        at Object.runMigrations (/home/runner/work/neon-compatibility/neon-compatibility/node_modules/truffle/build/webpack:/packages/migrate/index.js:150:1)\n        at Object.runFrom (/home/runner/work/neon-compatibility/neon-compatibility/node_modules/truffle/build/webpack:/packages/migrate/index.js:110:1)\n        at Object.run (/home/runner/work/neon-compatibility/neon-compatibility/node_modules/truffle/build/webpack:/packages/migrate/index.js:87:1)\n        at runMigrations (/home/runner/work/neon-compatibility/neon-compatibility/node_modules/truffle/build/webpack:/packages/core/lib/commands/migrate.js:258:1)\n        at Object.run (/home/runner/work/neon-compatibility/neon-compatibility/node_modules/truffle/build/webpack:/packages/core/lib/commands/migrate.js:223:1)\n        at Command.run (/home/runner/work/neon-compatibility/neon-compatibility/node_modules/truffle/build/webpack:/packages/core/lib/command.js:172:1)\n    Truffle v5.4.10 (core: 5.4.10)\n    Node v14.17.6\n    /home/runner/work/neon-compatibility/neon-compatibility",
  "statusTrace" : "def test_truffle_migration():\n        # truffle migrate --network neonlabs\n        actual_result = run_command_line(\n            f\"{Subfolder.CD_METACOIN} {RunCommand.TRUFFLE} \" +\n            f\"migrate --network {NETWORK_NAME} {CD_BACK}\")\n        assert TruffleBasedError.ERROR_NO_ATTRIBUTE_ETH_ACCOUNTS \\\n            not in actual_result\n        assert TruffleError.ERROR_COULD_NOT_CONNECT not in actual_result\n        assert TruffleError.ERROR_NOT_AUTHORIZED not in actual_result\n        assert TruffleError.ERROR_TIMEOUT not in actual_result\n        assert TruffleError.ERROR_CANNOT_READ_PROPERTIES not in actual_result\n>       assert TruffleError.ERROR_DEPLOYMENT_FAILED not in actual_result\nE       assert 'Error:  ***...t Failed ***' not in '/home/runne...patibility\\n'\nE         'Error:  *** Deployment Failed ***' is contained here:\nE           --------\nE           \nE           Error:  *** Deployment Failed ***\nE           \nE           \"Migrations\" -- ESOCKETTIMEDOUT\nE           {\nE             \"originalError\": {\nE               \"code\": \"ESOCKETTIMEDOUT\",\nE               \"connect\": false\nE             }\nE           }.\nE           \nE               at /home/runner/work/neon-compatibility/neon-compatibility/node_modules/truffle/build/webpack:/packages/deployer/src/deployment.js:365:1\nE               at runMicrotasks (<anonymous>)\nE               at processTicksAndRejections (internal/process/task_queues.js:95:5)\nE               at Migration._deploy (/home/runner/work/neon-compatibility/neon-compatibility/node_modules/truffle/build/webpack:/packages/migrate/Migration.js:70:1)\nE               at Migration._load (/home/runner/work/neon-compatibility/neon-compatibility/node_modules/truffle/build/webpack:/packages/migrate/Migration.js:56:1)\nE               at Migration.run (/home/runner/work/neon-compatibility/neon-compatibility/node_modules/truffle/build/webpack:/packages/migrate/Migration.js:217:1)\nE               at Object.runMigrations (/home/runner/work/neon-compatibility/neon-compatibility/node_modules/truffle/build/webpack:/packages/migrate/index.js:150:1)\nE               at Object.runFrom (/home/runner/work/neon-compatibility/neon-compatibility/node_modules/truffle/build/webpack:/packages/migrate/index.js:110:1)\nE               at Object.run (/home/runner/work/neon-compatibility/neon-compatibility/node_modules/truffle/build/webpack:/packages/migrate/index.js:87:1)\nE               at runMigrations (/home/runner/work/neon-compatibility/neon-compatibility/node_modules/truffle/build/webpack:/packages/core/lib/commands/migrate.js:258:1)\nE               at Object.run (/home/runner/work/neon-compatibility/neon-compatibility/node_modules/truffle/build/webpack:/packages/core/lib/commands/migrate.js:223:1)\nE               at Command.run (/home/runner/work/neon-compatibility/neon-compatibility/node_modules/truffle/build/webpack:/packages/core/lib/command.js:172:1)\nE           Truffle v5.4.10 (core: 5.4.10)\nE           Node v14.17.6\nE           /home/runner/work/neon-compatibility/neon-compatibility\n\ntests/truffle/test_truffle.py:31: AssertionError",
  "flaky" : false,
  "newFailed" : true,
  "beforeStages" : [ {
    "name" : "prepare_truffle_config",
    "time" : {
      "start" : 1631818226227,
      "stop" : 1631818226244,
      "duration" : 17
    },
    "status" : "passed",
    "steps" : [ ],
    "attachments" : [ ],
    "parameters" : [ ],
    "stepsCount" : 0,
    "attachmentsCount" : 0,
    "shouldDisplayMessage" : false,
    "hasContent" : false
  } ],
  "testStage" : {
    "status" : "failed",
    "statusMessage" : "AssertionError: assert 'Error:  ***...t Failed ***' not in '/home/runne...patibility\\n'\n  'Error:  *** Deployment Failed ***' is contained here:\n    --------\n    \n    Error:  *** Deployment Failed ***\n    \n    \"Migrations\" -- ESOCKETTIMEDOUT\n    {\n      \"originalError\": {\n        \"code\": \"ESOCKETTIMEDOUT\",\n        \"connect\": false\n      }\n    }.\n    \n        at /home/runner/work/neon-compatibility/neon-compatibility/node_modules/truffle/build/webpack:/packages/deployer/src/deployment.js:365:1\n        at runMicrotasks (<anonymous>)\n        at processTicksAndRejections (internal/process/task_queues.js:95:5)\n        at Migration._deploy (/home/runner/work/neon-compatibility/neon-compatibility/node_modules/truffle/build/webpack:/packages/migrate/Migration.js:70:1)\n        at Migration._load (/home/runner/work/neon-compatibility/neon-compatibility/node_modules/truffle/build/webpack:/packages/migrate/Migration.js:56:1)\n        at Migration.run (/home/runner/work/neon-compatibility/neon-compatibility/node_modules/truffle/build/webpack:/packages/migrate/Migration.js:217:1)\n        at Object.runMigrations (/home/runner/work/neon-compatibility/neon-compatibility/node_modules/truffle/build/webpack:/packages/migrate/index.js:150:1)\n        at Object.runFrom (/home/runner/work/neon-compatibility/neon-compatibility/node_modules/truffle/build/webpack:/packages/migrate/index.js:110:1)\n        at Object.run (/home/runner/work/neon-compatibility/neon-compatibility/node_modules/truffle/build/webpack:/packages/migrate/index.js:87:1)\n        at runMigrations (/home/runner/work/neon-compatibility/neon-compatibility/node_modules/truffle/build/webpack:/packages/core/lib/commands/migrate.js:258:1)\n        at Object.run (/home/runner/work/neon-compatibility/neon-compatibility/node_modules/truffle/build/webpack:/packages/core/lib/commands/migrate.js:223:1)\n        at Command.run (/home/runner/work/neon-compatibility/neon-compatibility/node_modules/truffle/build/webpack:/packages/core/lib/command.js:172:1)\n    Truffle v5.4.10 (core: 5.4.10)\n    Node v14.17.6\n    /home/runner/work/neon-compatibility/neon-compatibility",
    "statusTrace" : "def test_truffle_migration():\n        # truffle migrate --network neonlabs\n        actual_result = run_command_line(\n            f\"{Subfolder.CD_METACOIN} {RunCommand.TRUFFLE} \" +\n            f\"migrate --network {NETWORK_NAME} {CD_BACK}\")\n        assert TruffleBasedError.ERROR_NO_ATTRIBUTE_ETH_ACCOUNTS \\\n            not in actual_result\n        assert TruffleError.ERROR_COULD_NOT_CONNECT not in actual_result\n        assert TruffleError.ERROR_NOT_AUTHORIZED not in actual_result\n        assert TruffleError.ERROR_TIMEOUT not in actual_result\n        assert TruffleError.ERROR_CANNOT_READ_PROPERTIES not in actual_result\n>       assert TruffleError.ERROR_DEPLOYMENT_FAILED not in actual_result\nE       assert 'Error:  ***...t Failed ***' not in '/home/runne...patibility\\n'\nE         'Error:  *** Deployment Failed ***' is contained here:\nE           --------\nE           \nE           Error:  *** Deployment Failed ***\nE           \nE           \"Migrations\" -- ESOCKETTIMEDOUT\nE           {\nE             \"originalError\": {\nE               \"code\": \"ESOCKETTIMEDOUT\",\nE               \"connect\": false\nE             }\nE           }.\nE           \nE               at /home/runner/work/neon-compatibility/neon-compatibility/node_modules/truffle/build/webpack:/packages/deployer/src/deployment.js:365:1\nE               at runMicrotasks (<anonymous>)\nE               at processTicksAndRejections (internal/process/task_queues.js:95:5)\nE               at Migration._deploy (/home/runner/work/neon-compatibility/neon-compatibility/node_modules/truffle/build/webpack:/packages/migrate/Migration.js:70:1)\nE               at Migration._load (/home/runner/work/neon-compatibility/neon-compatibility/node_modules/truffle/build/webpack:/packages/migrate/Migration.js:56:1)\nE               at Migration.run (/home/runner/work/neon-compatibility/neon-compatibility/node_modules/truffle/build/webpack:/packages/migrate/Migration.js:217:1)\nE               at Object.runMigrations (/home/runner/work/neon-compatibility/neon-compatibility/node_modules/truffle/build/webpack:/packages/migrate/index.js:150:1)\nE               at Object.runFrom (/home/runner/work/neon-compatibility/neon-compatibility/node_modules/truffle/build/webpack:/packages/migrate/index.js:110:1)\nE               at Object.run (/home/runner/work/neon-compatibility/neon-compatibility/node_modules/truffle/build/webpack:/packages/migrate/index.js:87:1)\nE               at runMigrations (/home/runner/work/neon-compatibility/neon-compatibility/node_modules/truffle/build/webpack:/packages/core/lib/commands/migrate.js:258:1)\nE               at Object.run (/home/runner/work/neon-compatibility/neon-compatibility/node_modules/truffle/build/webpack:/packages/core/lib/commands/migrate.js:223:1)\nE               at Command.run (/home/runner/work/neon-compatibility/neon-compatibility/node_modules/truffle/build/webpack:/packages/core/lib/command.js:172:1)\nE           Truffle v5.4.10 (core: 5.4.10)\nE           Node v14.17.6\nE           /home/runner/work/neon-compatibility/neon-compatibility\n\ntests/truffle/test_truffle.py:31: AssertionError",
    "steps" : [ ],
    "attachments" : [ {
      "uid" : "a35b7afeef447bde",
      "name" : "stdout",
      "source" : "a35b7afeef447bde.txt",
      "type" : "text/plain",
      "size" : 269
    } ],
    "parameters" : [ ],
    "stepsCount" : 0,
    "attachmentsCount" : 1,
    "shouldDisplayMessage" : true,
    "hasContent" : true
  },
  "afterStages" : [ {
    "name" : "prepare_truffle_config::0",
    "time" : {
      "start" : 1631818302936,
      "stop" : 1631818302936,
      "duration" : 0
    },
    "status" : "passed",
    "steps" : [ ],
    "attachments" : [ ],
    "parameters" : [ ],
    "stepsCount" : 0,
    "attachmentsCount" : 0,
    "shouldDisplayMessage" : false,
    "hasContent" : false
  } ],
  "labels" : [ {
    "name" : "parentSuite",
    "value" : "tests.truffle"
  }, {
    "name" : "suite",
    "value" : "test_truffle"
  }, {
    "name" : "host",
    "value" : "fv-az81-756"
  }, {
    "name" : "thread",
    "value" : "4042-MainThread"
  }, {
    "name" : "framework",
    "value" : "pytest"
  }, {
    "name" : "language",
    "value" : "cpython3"
  }, {
    "name" : "package",
    "value" : "tests.truffle.test_truffle"
  }, {
    "name" : "resultFormat",
    "value" : "allure2"
  } ],
  "parameters" : [ ],
  "links" : [ ],
  "hidden" : false,
  "retry" : false,
  "extra" : {
    "severity" : "normal",
    "retries" : [ ],
    "categories" : [ {
      "name" : "Product defects",
      "matchedStatuses" : [ ],
      "flaky" : false
    } ],
    "history" : {
      "statistic" : {
        "failed" : 1,
        "broken" : 0,
        "skipped" : 0,
        "passed" : 1,
        "unknown" : 0,
        "total" : 2
      },
      "items" : [ {
        "uid" : "881f8e09ec1cf80c",
        "reportUrl" : "https://neonlabsorg.github.io/neon-compatibility/82//#testresult/881f8e09ec1cf80c",
        "status" : "passed",
        "time" : {
          "start" : 1631817273047,
          "stop" : 1631817307594,
          "duration" : 34547
        }
      } ]
    },
    "tags" : [ ]
  },
  "source" : "43c9c25b0510e76.json",
  "parameterValues" : [ ]
}