{
  "uid" : "f22cfa7562ffbee0",
  "name" : "test_truffle_with_openzeppelin",
  "fullName" : "tests.openzeppelin.test_openzeppelin#test_truffle_with_openzeppelin",
  "historyId" : "9e48b3092345a2b8b693c0934ab51b2b",
  "time" : {
    "start" : 1631772926239,
    "stop" : 1631772932490,
    "duration" : 6251
  },
  "status" : "failed",
  "statusMessage" : "AssertionError: assert 'passing' in \"/home/runner/work/neon-compatibility/neon-compatibility/OpenZeppelin\\nError: Returned error: 'EthereumModel' object h...es.js:82:21)\\nTruffle v5.4.10 (core: 5.4.10)\\nNode v14.17.6\\n/home/runner/work/neon-compatibility/neon-compatibility\\n\"\n +  where 'passing' = OpenZeppelinSuccess.SUCCESS_PASSING",
  "statusTrace" : "def test_truffle_with_openzeppelin():\n        # truffle test\n        actual_result = run_command_line(\n            f\"{Subfolder.CD_OPENZEPPELIN} {RunCommand.TRUFFLE} test {CD_BACK}\")\n>       assert OpenZeppelinSuccess.SUCCESS_PASSING in actual_result\nE       assert 'passing' in \"/home/runner/work/neon-compatibility/neon-compatibility/OpenZeppelin\\nError: Returned error: 'EthereumModel' object h...es.js:82:21)\\nTruffle v5.4.10 (core: 5.4.10)\\nNode v14.17.6\\n/home/runner/work/neon-compatibility/neon-compatibility\\n\"\nE        +  where 'passing' = OpenZeppelinSuccess.SUCCESS_PASSING\n\ntests/openzeppelin/test_openzeppelin.py:13: AssertionError",
  "flaky" : false,
  "newFailed" : false,
  "beforeStages" : [ ],
  "testStage" : {
    "status" : "failed",
    "statusMessage" : "AssertionError: assert 'passing' in \"/home/runner/work/neon-compatibility/neon-compatibility/OpenZeppelin\\nError: Returned error: 'EthereumModel' object h...es.js:82:21)\\nTruffle v5.4.10 (core: 5.4.10)\\nNode v14.17.6\\n/home/runner/work/neon-compatibility/neon-compatibility\\n\"\n +  where 'passing' = OpenZeppelinSuccess.SUCCESS_PASSING",
    "statusTrace" : "def test_truffle_with_openzeppelin():\n        # truffle test\n        actual_result = run_command_line(\n            f\"{Subfolder.CD_OPENZEPPELIN} {RunCommand.TRUFFLE} test {CD_BACK}\")\n>       assert OpenZeppelinSuccess.SUCCESS_PASSING in actual_result\nE       assert 'passing' in \"/home/runner/work/neon-compatibility/neon-compatibility/OpenZeppelin\\nError: Returned error: 'EthereumModel' object h...es.js:82:21)\\nTruffle v5.4.10 (core: 5.4.10)\\nNode v14.17.6\\n/home/runner/work/neon-compatibility/neon-compatibility\\n\"\nE        +  where 'passing' = OpenZeppelinSuccess.SUCCESS_PASSING\n\ntests/openzeppelin/test_openzeppelin.py:13: AssertionError",
    "steps" : [ ],
    "attachments" : [ {
      "uid" : "bf5fe3886e059125",
      "name" : "stdout",
      "source" : "bf5fe3886e059125.txt",
      "type" : "text/plain",
      "size" : 170
    } ],
    "parameters" : [ ],
    "stepsCount" : 0,
    "attachmentsCount" : 1,
    "shouldDisplayMessage" : true,
    "hasContent" : true
  },
  "afterStages" : [ ],
  "labels" : [ {
    "name" : "parentSuite",
    "value" : "tests.openzeppelin"
  }, {
    "name" : "suite",
    "value" : "test_openzeppelin"
  }, {
    "name" : "host",
    "value" : "fv-az135-548"
  }, {
    "name" : "thread",
    "value" : "4650-MainThread"
  }, {
    "name" : "framework",
    "value" : "pytest"
  }, {
    "name" : "language",
    "value" : "cpython3"
  }, {
    "name" : "package",
    "value" : "tests.openzeppelin.test_openzeppelin"
  }, {
    "name" : "resultFormat",
    "value" : "allure2"
  } ],
  "parameters" : [ ],
  "links" : [ ],
  "hidden" : false,
  "retry" : false,
  "extra" : {
    "severity" : "normal",
    "retries" : [ ],
    "categories" : [ {
      "name" : "Product defects",
      "matchedStatuses" : [ ],
      "flaky" : false
    } ],
    "history" : {
      "statistic" : {
        "failed" : 21,
        "broken" : 0,
        "skipped" : 0,
        "passed" : 0,
        "unknown" : 0,
        "total" : 21
      },
      "items" : [ {
        "uid" : "bf4f740693a94887",
        "reportUrl" : "https://neonlabsorg.github.io/neon-compatibility/62//#testresult/bf4f740693a94887",
        "status" : "failed",
        "statusDetails" : "AssertionError: assert 'passing' in \"/home/runner/work/neon-compatibility/neon-compatibility/OpenZeppelin\\nError: Returned error: 'EthereumModel' object h...es.js:82:21)\\nTruffle v5.4.10 (core: 5.4.10)\\nNode v14.17.6\\n/home/runner/work/neon-compatibility/neon-compatibility\\n\"\n +  where 'passing' = OpenZeppelinSuccess.SUCCESS_PASSING",
        "time" : {
          "start" : 1631734078870,
          "stop" : 1631734086584,
          "duration" : 7714
        }
      }, {
        "uid" : "875728e291614593",
        "reportUrl" : "https://neonlabsorg.github.io/neon-compatibility/61//#testresult/875728e291614593",
        "status" : "failed",
        "statusDetails" : "AssertionError: assert 'passing' in \"/home/runner/work/neon-compatibility/neon-compatibility/OpenZeppelin\\nError: Returned error: 'EthereumModel' object h...es.js:82:21)\\nTruffle v5.4.10 (core: 5.4.10)\\nNode v14.17.6\\n/home/runner/work/neon-compatibility/neon-compatibility\\n\"\n +  where 'passing' = OpenZeppelinSuccess.SUCCESS_PASSING",
        "time" : {
          "start" : 1631733925903,
          "stop" : 1631733932196,
          "duration" : 6293
        }
      }, {
        "uid" : "ea040db74984c2f2",
        "reportUrl" : "https://neonlabsorg.github.io/neon-compatibility/60//#testresult/ea040db74984c2f2",
        "status" : "failed",
        "statusDetails" : "AssertionError: assert 'passing' in \"/home/runner/work/neon-compatibility/neon-compatibility/OpenZeppelin\\nError: Returned error: 'EthereumModel' object h...eues.js:82:21)\\nTruffle v5.4.9 (core: 5.4.9)\\nNode v14.17.6\\n/home/runner/work/neon-compatibility/neon-compatibility\\n\"\n +  where 'passing' = OpenZeppelinSuccess.SUCCESS_PASSING",
        "time" : {
          "start" : 1631726650209,
          "stop" : 1631726656732,
          "duration" : 6523
        }
      }, {
        "uid" : "af370942ab6c9646",
        "reportUrl" : "https://neonlabsorg.github.io/neon-compatibility/59//#testresult/af370942ab6c9646",
        "status" : "failed",
        "statusDetails" : "AssertionError: assert 'passing' in \"/home/runner/work/neon-compatibility/neon-compatibility/OpenZeppelin\\nError: Returned error: 'EthereumModel' object h...eues.js:82:21)\\nTruffle v5.4.9 (core: 5.4.9)\\nNode v14.17.6\\n/home/runner/work/neon-compatibility/neon-compatibility\\n\"\n +  where 'passing' = OpenZeppelinSuccess.SUCCESS_PASSING",
        "time" : {
          "start" : 1631724982397,
          "stop" : 1631724989774,
          "duration" : 7377
        }
      }, {
        "uid" : "a984d77f0ad052f7",
        "reportUrl" : "https://neonlabsorg.github.io/neon-compatibility/58//#testresult/a984d77f0ad052f7",
        "status" : "failed",
        "statusDetails" : "AssertionError: assert 'passing' in \"/home/runner/work/neon-compatibility/neon-compatibility/OpenZeppelin\\nError: Returned error: 'EthereumModel' object h...eues.js:82:21)\\nTruffle v5.4.9 (core: 5.4.9)\\nNode v14.17.6\\n/home/runner/work/neon-compatibility/neon-compatibility\\n\"",
        "time" : {
          "start" : 1631724840138,
          "stop" : 1631724848007,
          "duration" : 7869
        }
      }, {
        "uid" : "47de4d9ec3068a48",
        "reportUrl" : "https://neonlabsorg.github.io/neon-compatibility/57//#testresult/47de4d9ec3068a48",
        "status" : "failed",
        "statusDetails" : "AssertionError: assert 'passing' in \"/home/runner/work/neon-compatibility/neon-compatibility/OpenZeppelin\\nError: Returned error: 'EthereumModel' object h...eues.js:82:21)\\nTruffle v5.4.9 (core: 5.4.9)\\nNode v14.17.6\\n/home/runner/work/neon-compatibility/neon-compatibility\\n\"\n +  where 'passing' = OpenZeppelinSuccess.SUCCESS_PASSING",
        "time" : {
          "start" : 1631630190957,
          "stop" : 1631630197424,
          "duration" : 6467
        }
      }, {
        "uid" : "272b0471272b45db",
        "reportUrl" : "https://neonlabsorg.github.io/neon-compatibility/56//#testresult/272b0471272b45db",
        "status" : "failed",
        "statusDetails" : "AssertionError: assert 'passing' in \"/home/runner/work/neon-compatibility/neon-compatibility/OpenZeppelin\\nError: Returned error: 'EthereumModel' object h...eues.js:82:21)\\nTruffle v5.4.9 (core: 5.4.9)\\nNode v14.17.6\\n/home/runner/work/neon-compatibility/neon-compatibility\\n\"\n +  where 'passing' = OpenZeppelinSuccess.SUCCESS_PASSING",
        "time" : {
          "start" : 1631605289581,
          "stop" : 1631605296934,
          "duration" : 7353
        }
      }, {
        "uid" : "52b00d3d20fc885",
        "reportUrl" : "https://neonlabsorg.github.io/neon-compatibility/55//#testresult/52b00d3d20fc885",
        "status" : "failed",
        "statusDetails" : "AssertionError: assert 'passing' in \"/home/runner/work/neon-compatibility/neon-compatibility/OpenZeppelin\\nError: Returned error: 'EthereumModel' object h...eues.js:82:21)\\nTruffle v5.4.9 (core: 5.4.9)\\nNode v14.17.6\\n/home/runner/work/neon-compatibility/neon-compatibility\\n\"\n +  where 'passing' = OpenZeppelinSuccess.SUCCESS_PASSING",
        "time" : {
          "start" : 1631334970217,
          "stop" : 1631334976264,
          "duration" : 6047
        }
      }, {
        "uid" : "1bfe3519f3025086",
        "reportUrl" : "https://neonlabsorg.github.io/neon-compatibility/54//#testresult/1bfe3519f3025086",
        "status" : "failed",
        "statusDetails" : "AssertionError: assert 'passing' in \"/home/runner/work/neon-compatibility/neon-compatibility/OpenZeppelin\\nError: Returned error: 'EthereumModel' object h...eues.js:82:21)\\nTruffle v5.4.9 (core: 5.4.9)\\nNode v14.17.6\\n/home/runner/work/neon-compatibility/neon-compatibility\\n\"\n +  where 'passing' = OpenZeppelinSuccess.SUCCESS_PASSING",
        "time" : {
          "start" : 1631334259057,
          "stop" : 1631334266075,
          "duration" : 7018
        }
      }, {
        "uid" : "52ceea34bbb705dd",
        "reportUrl" : "https://neonlabsorg.github.io/neon-compatibility/52//#testresult/52ceea34bbb705dd",
        "status" : "failed",
        "statusDetails" : "AssertionError: assert 'passing' in \"/home/runner/work/neon-compatibility/neon-compatibility/OpenZeppelin\\nError: Returned error: 'EthereumModel' object h...eues.js:82:21)\\nTruffle v5.4.9 (core: 5.4.9)\\nNode v14.17.6\\n/home/runner/work/neon-compatibility/neon-compatibility\\n\"\n +  where 'passing' = OpenZeppelinSuccess.SUCCESS_PASSING",
        "time" : {
          "start" : 1631254363708,
          "stop" : 1631254371115,
          "duration" : 7407
        }
      }, {
        "uid" : "11fd01644516e3d3",
        "reportUrl" : "https://neonlabsorg.github.io/neon-compatibility/53//#testresult/11fd01644516e3d3",
        "status" : "failed",
        "statusDetails" : "AssertionError: assert 'passing' in \"/home/runner/work/neon-compatibility/neon-compatibility/OpenZeppelin\\nError: Returned error: 'EthereumModel' object h...eues.js:82:21)\\nTruffle v5.4.9 (core: 5.4.9)\\nNode v14.17.6\\n/home/runner/work/neon-compatibility/neon-compatibility\\n\"\n +  where 'passing' = OpenZeppelinSuccess.SUCCESS_PASSING",
        "time" : {
          "start" : 1631254343700,
          "stop" : 1631254349291,
          "duration" : 5591
        }
      }, {
        "uid" : "dc8fd8c6c9c092f7",
        "reportUrl" : "https://neonlabsorg.github.io/neon-compatibility/51//#testresult/dc8fd8c6c9c092f7",
        "status" : "failed",
        "statusDetails" : "AssertionError: assert 'passing' in \"/home/runner/work/neon-compatibility/neon-compatibility/OpenZeppelin\\nError: Returned error: 'EthereumModel' object h...eues.js:82:21)\\nTruffle v5.4.9 (core: 5.4.9)\\nNode v14.17.6\\n/home/runner/work/neon-compatibility/neon-compatibility\\n\"\n +  where 'passing' = OpenZeppelinSuccess.SUCCESS_PASSING",
        "time" : {
          "start" : 1631254281120,
          "stop" : 1631254287932,
          "duration" : 6812
        }
      }, {
        "uid" : "4f98683f7268911b",
        "reportUrl" : "https://neonlabsorg.github.io/neon-uat/50//#testresult/4f98683f7268911b",
        "status" : "failed",
        "statusDetails" : "AssertionError: assert 'passing' in \"/home/runner/work/neon-uat/neon-uat/OpenZeppelin\\nError: Returned error: 'EthereumModel' object has no attribute 'eth...rnal/process/task_queues.js:82:21)\\nTruffle v5.4.9 (core: 5.4.9)\\nNode v14.17.6\\n/home/runner/work/neon-uat/neon-uat\\n\"\n +  where 'passing' = OpenZeppelinSuccess.SUCCESS_PASSING",
        "time" : {
          "start" : 1631247295336,
          "stop" : 1631247300927,
          "duration" : 5591
        }
      }, {
        "uid" : "f4981956781b85a2",
        "reportUrl" : "https://neonlabsorg.github.io/neon-uat/49//#testresult/f4981956781b85a2",
        "status" : "failed",
        "statusDetails" : "AssertionError: assert 'passing' in \"/home/runner/work/neon-uat/neon-uat/OpenZeppelin\\nError: Returned error: 'EthereumModel' object has no attribute 'eth...rnal/process/task_queues.js:82:21)\\nTruffle v5.4.9 (core: 5.4.9)\\nNode v14.17.6\\n/home/runner/work/neon-uat/neon-uat\\n\"\n +  where 'passing' = OpenZeppelinSuccess.SUCCESS_PASSING",
        "time" : {
          "start" : 1631247267076,
          "stop" : 1631247274492,
          "duration" : 7416
        }
      }, {
        "uid" : "6bf78e3ada6c6d93",
        "reportUrl" : "https://neonlabsorg.github.io/neon-uat/48//#testresult/6bf78e3ada6c6d93",
        "status" : "failed",
        "statusDetails" : "AssertionError: assert 'passing' in \"/home/runner/work/neon-uat/neon-uat/OpenZeppelin\\nError: Returned error: 'EthereumModel' object has no attribute 'eth...rnal/process/task_queues.js:82:21)\\nTruffle v5.4.9 (core: 5.4.9)\\nNode v14.17.6\\n/home/runner/work/neon-uat/neon-uat\\n\"\n +  where 'passing' = OpenZeppelinSuccess.SUCCESS_PASSING",
        "time" : {
          "start" : 1631206836734,
          "stop" : 1631206844023,
          "duration" : 7289
        }
      }, {
        "uid" : "e4079fe6b732f89a",
        "reportUrl" : "https://neonlabsorg.github.io/neon-uat/47//#testresult/e4079fe6b732f89a",
        "status" : "failed",
        "statusDetails" : "AssertionError: assert 'passing' in '/home/runner/work/neon-uat/neon-uat/OpenZeppelin\\n/home/runner/work/neon-uat/neon-uat\\n'\n +  where 'passing' = OpenZeppelinSuccess.SUCCESS_PASSING",
        "time" : {
          "start" : 1631198204011,
          "stop" : 1631198212116,
          "duration" : 8105
        }
      }, {
        "uid" : "f615a7363e123a1d",
        "reportUrl" : "https://neonlabsorg.github.io/neon-uat/46//#testresult/f615a7363e123a1d",
        "status" : "failed",
        "statusDetails" : "AssertionError: assert 'passing' in '/home/runner/work/neon-uat/neon-uat/OpenZeppelin\\n/home/runner/work/neon-uat/neon-uat\\n'\n +  where 'passing' = OpenZeppelinSuccess.SUCCESS_PASSING",
        "time" : {
          "start" : 1631198076918,
          "stop" : 1631198084850,
          "duration" : 7932
        }
      }, {
        "uid" : "fc99e1474f734cb7",
        "reportUrl" : "https://neonlabsorg.github.io/neon-uat/45//#testresult/fc99e1474f734cb7",
        "status" : "failed",
        "statusDetails" : "AssertionError: assert 'passing' in '/home/runner/work/neon-uat/neon-uat/OpenZeppelin\\n/home/runner/work/neon-uat/neon-uat\\n'\n +  where 'passing' = OpenZeppelinSuccess.SUCCESS_PASSING",
        "time" : {
          "start" : 1631198013590,
          "stop" : 1631198021907,
          "duration" : 8317
        }
      }, {
        "uid" : "d2976fc3713f0c4",
        "reportUrl" : "https://neonlabsorg.github.io/neon-uat/44//#testresult/d2976fc3713f0c4",
        "status" : "failed",
        "statusDetails" : "AssertionError: assert 'passing' in '/home/runner/work/neon-uat/neon-uat/OpenZeppelin\\n/home/runner/work/neon-uat/neon-uat\\n'\n +  where 'passing' = OpenZeppelinSuccess.SUCCESS_PASSING",
        "time" : {
          "start" : 1631195953455,
          "stop" : 1631195960953,
          "duration" : 7498
        }
      }, {
        "uid" : "b3843235e7185c93",
        "reportUrl" : "https://neonlabsorg.github.io/neon-uat/43//#testresult/b3843235e7185c93",
        "status" : "failed",
        "statusDetails" : "AssertionError: assert 'passing' in '/home/runner/work/neon-uat/neon-uat/OpenZeppelin\\n/home/runner/work/neon-uat/neon-uat\\n'\n +  where 'passing' = OpenZeppelinSuccess.SUCCESS_PASSING",
        "time" : {
          "start" : 1631195414436,
          "stop" : 1631195422511,
          "duration" : 8075
        }
      } ]
    },
    "tags" : [ ]
  },
  "source" : "f22cfa7562ffbee0.json",
  "parameterValues" : [ ]
}