{
  "uid" : "6de1d552c03e1346",
  "name" : "test_truffle_test",
  "fullName" : "tests.truffle.test_truffle#test_truffle_test",
  "historyId" : "07db35a827628cf8ab363766d7795059",
  "time" : {
    "start" : 1633011279394,
    "stop" : 1633011282162,
    "duration" : 2768
  },
  "status" : "failed",
  "statusMessage" : "AssertionError: assert 'No contracts deployed.' not in '/home/runne...lity\\nstrict'\n  'No contracts deployed.' is contained here:\n    d: 110)\n      No contracts deployed.\n    \n    /home/runner/work/neon-compatibility/neon-compatibility\n    strict",
  "statusTrace" : "def test_truffle_test():\n        # truffle neonlabs ./test/metacoin.js\n        actual_result = run_command_line(\n            f\"{Subfolder.CD_METACOIN} {RunCommand.TRUFFLE} \" +\n            f\"{NETWORK_NAME} ./test/metacoin.js {CD_BACK}\")\n        assert TruffleError.ERROR_CONTRACTS_NOT_DEPLOYED not in actual_result\n>       assert TruffleError.ERROR_NO_CONTRACTS_DEPLOYED not in actual_result\nE       AssertionError: assert 'No contracts deployed.' not in '/home/runne...lity\\nstrict'\nE         'No contracts deployed.' is contained here:\nE           d: 110)\nE             No contracts deployed.\nE           \nE           /home/runner/work/neon-compatibility/neon-compatibility\nE           strict\n\ntests/truffle/test_truffle.py:53: AssertionError",
  "flaky" : true,
  "newFailed" : true,
  "beforeStages" : [ {
    "name" : "prepare_truffle_config",
    "time" : {
      "start" : 1633011279380,
      "stop" : 1633011279393,
      "duration" : 13
    },
    "status" : "passed",
    "steps" : [ ],
    "attachments" : [ ],
    "parameters" : [ ],
    "stepsCount" : 0,
    "attachmentsCount" : 0,
    "shouldDisplayMessage" : false,
    "hasContent" : false
  } ],
  "testStage" : {
    "status" : "failed",
    "statusMessage" : "AssertionError: assert 'No contracts deployed.' not in '/home/runne...lity\\nstrict'\n  'No contracts deployed.' is contained here:\n    d: 110)\n      No contracts deployed.\n    \n    /home/runner/work/neon-compatibility/neon-compatibility\n    strict",
    "statusTrace" : "def test_truffle_test():\n        # truffle neonlabs ./test/metacoin.js\n        actual_result = run_command_line(\n            f\"{Subfolder.CD_METACOIN} {RunCommand.TRUFFLE} \" +\n            f\"{NETWORK_NAME} ./test/metacoin.js {CD_BACK}\")\n        assert TruffleError.ERROR_CONTRACTS_NOT_DEPLOYED not in actual_result\n>       assert TruffleError.ERROR_NO_CONTRACTS_DEPLOYED not in actual_result\nE       AssertionError: assert 'No contracts deployed.' not in '/home/runne...lity\\nstrict'\nE         'No contracts deployed.' is contained here:\nE           d: 110)\nE             No contracts deployed.\nE           \nE           /home/runner/work/neon-compatibility/neon-compatibility\nE           strict\n\ntests/truffle/test_truffle.py:53: AssertionError",
    "steps" : [ ],
    "attachments" : [ {
      "uid" : "f504b34a0e782a04",
      "name" : "stdout",
      "source" : "f504b34a0e782a04.txt",
      "type" : "text/plain",
      "size" : 270
    } ],
    "parameters" : [ ],
    "stepsCount" : 0,
    "attachmentsCount" : 1,
    "shouldDisplayMessage" : true,
    "hasContent" : true
  },
  "afterStages" : [ {
    "name" : "prepare_truffle_config::0",
    "time" : {
      "start" : 1633011282167,
      "stop" : 1633011282167,
      "duration" : 0
    },
    "status" : "passed",
    "steps" : [ ],
    "attachments" : [ ],
    "parameters" : [ ],
    "stepsCount" : 0,
    "attachmentsCount" : 0,
    "shouldDisplayMessage" : false,
    "hasContent" : false
  } ],
  "labels" : [ {
    "name" : "parentSuite",
    "value" : "tests.truffle"
  }, {
    "name" : "suite",
    "value" : "test_truffle"
  }, {
    "name" : "host",
    "value" : "fv-az83-266"
  }, {
    "name" : "thread",
    "value" : "4068-MainThread"
  }, {
    "name" : "framework",
    "value" : "pytest"
  }, {
    "name" : "language",
    "value" : "cpython3"
  }, {
    "name" : "package",
    "value" : "tests.truffle.test_truffle"
  }, {
    "name" : "resultFormat",
    "value" : "allure2"
  } ],
  "parameters" : [ ],
  "links" : [ ],
  "hidden" : false,
  "retry" : false,
  "extra" : {
    "severity" : "normal",
    "retries" : [ ],
    "categories" : [ {
      "name" : "Product defects",
      "matchedStatuses" : [ ],
      "flaky" : false
    } ],
    "history" : {
      "statistic" : {
        "failed" : 2,
        "broken" : 0,
        "skipped" : 0,
        "passed" : 1,
        "unknown" : 0,
        "total" : 3
      },
      "items" : [ {
        "uid" : "20bb494777c7dae7",
        "reportUrl" : "https://neonlabsorg.github.io/neon-compatibility/207//#testresult/20bb494777c7dae7",
        "status" : "passed",
        "time" : {
          "start" : 1633010807407,
          "stop" : 1633010807411,
          "duration" : 4
        }
      }, {
        "uid" : "6b6163f73c03e8b4",
        "reportUrl" : "https://neonlabsorg.github.io/neon-compatibility/206//#testresult/6b6163f73c03e8b4",
        "status" : "failed",
        "statusDetails" : "AssertionError: assert 'No contracts deployed.' not in '/home/runne...lity\\nstrict'\n  'No contracts deployed.' is contained here:\n    d: 110)\n      No contracts deployed.\n    \n    /home/runner/work/neon-compatibility/neon-compatibility\n    strict",
        "time" : {
          "start" : 1633010399065,
          "stop" : 1633010401231,
          "duration" : 2166
        }
      } ]
    },
    "tags" : [ ]
  },
  "source" : "6de1d552c03e1346.json",
  "parameterValues" : [ ]
}