{
  "uid" : "506c203ec89080aa",
  "name" : "test_truffle_contract",
  "fullName" : "tests.truffle.test_truffle#test_truffle_contract",
  "historyId" : "bcaa3d9a9d9d227a00ce4ede08727965",
  "time" : {
    "start" : 1632570964278,
    "stop" : 1632570966973,
    "duration" : 2695
  },
  "status" : "failed",
  "statusMessage" : "AssertionError: assert 'No contracts deployed.' not in '/home/runne...lity\\nstrict'\n  'No contracts deployed.' is contained here:\n    d: 110)\n      No contracts deployed.\n    \n    /home/runner/work/neon-compatibility/neon-compatibility\n    strict",
  "statusTrace" : "def test_truffle_contract():\n        # truffle neonlabs ./test/TestMetaCoin.sol\n        actual_result = run_command_line(\n            f\"{Subfolder.CD_METACOIN} {RunCommand.TRUFFLE} {NETWORK_NAME} \\\n                ./test/TestMetaCoin.sol {CD_BACK}\")\n        assert TruffleError.ERROR_CONTRACTS_NOT_DEPLOYED not in actual_result\n>       assert TruffleError.ERROR_NO_CONTRACTS_DEPLOYED not in actual_result\nE       AssertionError: assert 'No contracts deployed.' not in '/home/runne...lity\\nstrict'\nE         'No contracts deployed.' is contained here:\nE           d: 110)\nE             No contracts deployed.\nE           \nE           /home/runner/work/neon-compatibility/neon-compatibility\nE           strict\n\ntests/truffle/test_truffle.py:43: AssertionError",
  "flaky" : false,
  "newFailed" : false,
  "beforeStages" : [ {
    "name" : "prepare_truffle_config",
    "time" : {
      "start" : 1632570964265,
      "stop" : 1632570964278,
      "duration" : 13
    },
    "status" : "passed",
    "steps" : [ ],
    "attachments" : [ ],
    "parameters" : [ ],
    "stepsCount" : 0,
    "attachmentsCount" : 0,
    "shouldDisplayMessage" : false,
    "hasContent" : false
  } ],
  "testStage" : {
    "status" : "failed",
    "statusMessage" : "AssertionError: assert 'No contracts deployed.' not in '/home/runne...lity\\nstrict'\n  'No contracts deployed.' is contained here:\n    d: 110)\n      No contracts deployed.\n    \n    /home/runner/work/neon-compatibility/neon-compatibility\n    strict",
    "statusTrace" : "def test_truffle_contract():\n        # truffle neonlabs ./test/TestMetaCoin.sol\n        actual_result = run_command_line(\n            f\"{Subfolder.CD_METACOIN} {RunCommand.TRUFFLE} {NETWORK_NAME} \\\n                ./test/TestMetaCoin.sol {CD_BACK}\")\n        assert TruffleError.ERROR_CONTRACTS_NOT_DEPLOYED not in actual_result\n>       assert TruffleError.ERROR_NO_CONTRACTS_DEPLOYED not in actual_result\nE       AssertionError: assert 'No contracts deployed.' not in '/home/runne...lity\\nstrict'\nE         'No contracts deployed.' is contained here:\nE           d: 110)\nE             No contracts deployed.\nE           \nE           /home/runner/work/neon-compatibility/neon-compatibility\nE           strict\n\ntests/truffle/test_truffle.py:43: AssertionError",
    "steps" : [ ],
    "attachments" : [ {
      "uid" : "6199ffdb3506b71d",
      "name" : "stdout",
      "source" : "6199ffdb3506b71d.txt",
      "type" : "text/plain",
      "size" : 287
    } ],
    "parameters" : [ ],
    "stepsCount" : 0,
    "attachmentsCount" : 1,
    "shouldDisplayMessage" : true,
    "hasContent" : true
  },
  "afterStages" : [ {
    "name" : "prepare_truffle_config::0",
    "time" : {
      "start" : 1632570966978,
      "stop" : 1632570966978,
      "duration" : 0
    },
    "status" : "passed",
    "steps" : [ ],
    "attachments" : [ ],
    "parameters" : [ ],
    "stepsCount" : 0,
    "attachmentsCount" : 0,
    "shouldDisplayMessage" : false,
    "hasContent" : false
  } ],
  "labels" : [ {
    "name" : "parentSuite",
    "value" : "tests.truffle"
  }, {
    "name" : "suite",
    "value" : "test_truffle"
  }, {
    "name" : "host",
    "value" : "fv-az74-473"
  }, {
    "name" : "thread",
    "value" : "4941-MainThread"
  }, {
    "name" : "framework",
    "value" : "pytest"
  }, {
    "name" : "language",
    "value" : "cpython3"
  }, {
    "name" : "package",
    "value" : "tests.truffle.test_truffle"
  }, {
    "name" : "resultFormat",
    "value" : "allure2"
  } ],
  "parameters" : [ ],
  "links" : [ ],
  "hidden" : false,
  "retry" : false,
  "extra" : {
    "severity" : "normal",
    "retries" : [ ],
    "categories" : [ {
      "name" : "Product defects",
      "matchedStatuses" : [ ],
      "flaky" : false
    } ],
    "history" : {
      "statistic" : {
        "failed" : 9,
        "broken" : 0,
        "skipped" : 0,
        "passed" : 0,
        "unknown" : 0,
        "total" : 9
      },
      "items" : [ {
        "uid" : "fccf9f8ff27a7029",
        "reportUrl" : "https://neonlabsorg.github.io/neon-compatibility/127//#testresult/fccf9f8ff27a7029",
        "status" : "failed",
        "statusDetails" : "AssertionError: assert 'No contracts deployed.' not in '/home/runne...lity\\nstrict'\n  'No contracts deployed.' is contained here:\n    d: 110)\n      No contracts deployed.\n    \n    /home/runner/work/neon-compatibility/neon-compatibility\n    strict",
        "time" : {
          "start" : 1632567837550,
          "stop" : 1632567839858,
          "duration" : 2308
        }
      }, {
        "uid" : "f06f9dff7345580b",
        "reportUrl" : "https://neonlabsorg.github.io/neon-compatibility/126//#testresult/f06f9dff7345580b",
        "status" : "failed",
        "statusDetails" : "AssertionError: assert 'No contracts deployed.' not in '/home/runne...lity\\nstrict'\n  'No contracts deployed.' is contained here:\n    d: 110)\n      No contracts deployed.\n    \n    /home/runner/work/neon-compatibility/neon-compatibility\n    strict",
        "time" : {
          "start" : 1632557656825,
          "stop" : 1632557659097,
          "duration" : 2272
        }
      }, {
        "uid" : "3ea9d0ce28db7bc8",
        "reportUrl" : "https://neonlabsorg.github.io/neon-compatibility/125//#testresult/3ea9d0ce28db7bc8",
        "status" : "failed",
        "statusDetails" : "AssertionError: assert 'No contracts deployed.' not in '/home/runne...lity\\nstrict'\n  'No contracts deployed.' is contained here:\n    d: 110)\n      No contracts deployed.\n    \n    /home/runner/work/neon-compatibility/neon-compatibility\n    strict",
        "time" : {
          "start" : 1632557579110,
          "stop" : 1632557581182,
          "duration" : 2072
        }
      }, {
        "uid" : "59aeaf834c339448",
        "reportUrl" : "https://neonlabsorg.github.io/neon-compatibility/124//#testresult/59aeaf834c339448",
        "status" : "failed",
        "statusDetails" : "AssertionError: assert 'No contracts deployed.' not in '/home/runne...lity\\nstrict'\n  'No contracts deployed.' is contained here:\n    d: 110)\n      No contracts deployed.\n    \n    /home/runner/work/neon-compatibility/neon-compatibility\n    strict",
        "time" : {
          "start" : 1632503173020,
          "stop" : 1632503175307,
          "duration" : 2287
        }
      }, {
        "uid" : "e2dbd9f25d830c02",
        "reportUrl" : "https://neonlabsorg.github.io/neon-compatibility/123//#testresult/e2dbd9f25d830c02",
        "status" : "failed",
        "statusDetails" : "AssertionError: assert 'No contracts deployed.' not in '/home/runne...lity\\nstrict'\n  'No contracts deployed.' is contained here:\n    d: 110)\n      No contracts deployed.\n    \n    /home/runner/work/neon-compatibility/neon-compatibility\n    strict",
        "time" : {
          "start" : 1632503140656,
          "stop" : 1632503143509,
          "duration" : 2853
        }
      }, {
        "uid" : "5449d76a92c938f1",
        "reportUrl" : "https://neonlabsorg.github.io/neon-compatibility/122//#testresult/5449d76a92c938f1",
        "status" : "failed",
        "statusDetails" : "AssertionError: assert 'No contracts deployed.' not in '/home/runne...lity\\nstrict'\n  'No contracts deployed.' is contained here:\n    d: 110)\n      No contracts deployed.\n    \n    /home/runner/work/neon-compatibility/neon-compatibility\n    strict",
        "time" : {
          "start" : 1632502611276,
          "stop" : 1632502613595,
          "duration" : 2319
        }
      }, {
        "uid" : "6bc542aff5d2ed47",
        "reportUrl" : "https://neonlabsorg.github.io/neon-compatibility/121//#testresult/6bc542aff5d2ed47",
        "status" : "failed",
        "statusDetails" : "AssertionError: assert 'No contracts deployed.' not in '/home/runne...lity\\nstrict'\n  'No contracts deployed.' is contained here:\n    d: 110)\n      No contracts deployed.\n    \n    /home/runner/work/neon-compatibility/neon-compatibility\n    strict",
        "time" : {
          "start" : 1632502426879,
          "stop" : 1632502429091,
          "duration" : 2212
        }
      }, {
        "uid" : "fc8e9dbf8ded7c1e",
        "reportUrl" : "https://neonlabsorg.github.io/neon-compatibility/120//#testresult/fc8e9dbf8ded7c1e",
        "status" : "failed",
        "statusDetails" : "AssertionError: assert 'No contracts deployed.' not in '/home/runne...lity\\nstrict'\n  'No contracts deployed.' is contained here:\n    d: 110)\n      No contracts deployed.\n    \n    /home/runner/work/neon-compatibility/neon-compatibility\n    strict",
        "time" : {
          "start" : 1632489284239,
          "stop" : 1632489286802,
          "duration" : 2563
        }
      } ]
    },
    "tags" : [ ]
  },
  "source" : "506c203ec89080aa.json",
  "parameterValues" : [ ]
}