{
  "uid" : "4b4757e66a1912dae1a509f688f20b0f",
  "children" : [ {
    "name" : "Test defects",
    "children" : [ {
      "name" : "Request failed with status code 401",
      "children" : [ {
        "name" : "shouldCreateAcccountWithEthersJs",
        "uid" : "6925625bec7241a4",
        "parentUid" : "d75729c6e03a4218b703191d8aa592cf",
        "status" : "broken",
        "time" : {
          "start" : 1640488040249,
          "stop" : 1640488040805,
          "duration" : 556
        },
        "flaky" : false,
        "newFailed" : false,
        "newPassed" : false,
        "newBroken" : false,
        "retriesCount" : 0,
        "retriesStatusChange" : false,
        "parameters" : [ ]
      } ],
      "uid" : "d75729c6e03a4218b703191d8aa592cf"
    }, {
      "name" : "ENS name not configured (operation=\"resolveName(\\\"ethers.eth\\\")\", code=UNSUPPORTED_OPERATION, version=providers/5.4.5)",
      "children" : [ {
        "name" : "testQueryingBlockchain",
        "uid" : "cc09a03ce0965ce2",
        "parentUid" : "e7b99caf229df3f4350c94d3cb9e2152",
        "status" : "broken",
        "time" : {
          "start" : 1640488042506,
          "stop" : 1640488043757,
          "duration" : 1251
        },
        "flaky" : false,
        "newFailed" : false,
        "newPassed" : false,
        "newBroken" : false,
        "retriesCount" : 0,
        "retriesStatusChange" : false,
        "parameters" : [ ]
      } ],
      "uid" : "e7b99caf229df3f4350c94d3cb9e2152"
    }, {
      "name" : "processing response error (body=\"{\\\"jsonrpc\\\": \\\"2.0\\\", \\\"id\\\": 45, \\\"error\\\": {\\\"code\\\": -32000, \\\"message\\\": \\\"'EthereumModel' object has no attribute 'eth_accounts'\\\"}}\", error={\"code\":-32000}, requestBody=\"{\\\"method\\\":\\\"eth_accounts\\\",\\\"params\\\":[],\\\"id\\\":45,\\\"jsonrpc\\\":\\\"2.0\\\"}\", requestMethod=\"POST\", url=\"https://proxy.teststand2.neontest.xyz/solana\", code=SERVER_ERROR, version=web/5.4.0)",
      "children" : [ {
        "name" : "testWritingToTheBlockchain",
        "uid" : "590ef5ba454bb26c",
        "parentUid" : "4673e0d4c8520f5813b9797fa7121fc1",
        "status" : "broken",
        "time" : {
          "start" : 1640488043757,
          "stop" : 1640488044640,
          "duration" : 883
        },
        "flaky" : false,
        "newFailed" : false,
        "newPassed" : false,
        "newBroken" : false,
        "retriesCount" : 0,
        "retriesStatusChange" : false,
        "parameters" : [ ]
      } ],
      "uid" : "4673e0d4c8520f5813b9797fa7121fc1"
    }, {
      "name" : "resolver or addr is not configured for ENS name (argument=\"name\", value=\"dai.tokens.ethers.eth\", code=INVALID_ARGUMENT, version=contracts/5.4.1)",
      "children" : [ {
        "name" : "testReadOnlyMethods",
        "uid" : "28641b20e560ace7",
        "parentUid" : "f691d142a21ba4d36298b566fe753fd0",
        "status" : "broken",
        "time" : {
          "start" : 1640488044651,
          "stop" : 1640488045224,
          "duration" : 573
        },
        "flaky" : false,
        "newFailed" : false,
        "newPassed" : false,
        "newBroken" : false,
        "retriesCount" : 0,
        "retriesStatusChange" : false,
        "parameters" : [ ]
      } ],
      "uid" : "f691d142a21ba4d36298b566fe753fd0"
    }, {
      "name" : "processing response error (body=\"{\\\"jsonrpc\\\": \\\"2.0\\\", \\\"id\\\": 42, \\\"error\\\": {\\\"code\\\": -32000, \\\"message\\\": \\\"'EthereumModel' object has no attribute 'eth_accounts'\\\"}}\", error={\"code\":-32000}, requestBody=\"{\\\"method\\\":\\\"eth_accounts\\\",\\\"params\\\":[],\\\"id\\\":42,\\\"jsonrpc\\\":\\\"2.0\\\"}\", requestMethod=\"POST\", url=\"https://proxy.teststand2.neontest.xyz/solana\", code=SERVER_ERROR, version=web/5.4.0)",
      "children" : [ {
        "name" : "testQueryHistoricEvents",
        "uid" : "8c29e2f305988888",
        "parentUid" : "1c9cef6dc00d6f1778c1ad9bbfb4c284",
        "status" : "broken",
        "time" : {
          "start" : 1640488045234,
          "stop" : 1640488045519,
          "duration" : 285
        },
        "flaky" : false,
        "newFailed" : false,
        "newPassed" : false,
        "newBroken" : false,
        "retriesCount" : 0,
        "retriesStatusChange" : false,
        "parameters" : [ ]
      }, {
        "name" : "testSigningMessages",
        "uid" : "6541154f9a251a9a",
        "parentUid" : "1c9cef6dc00d6f1778c1ad9bbfb4c284",
        "status" : "broken",
        "time" : {
          "start" : 1640488045522,
          "stop" : 1640488045803,
          "duration" : 281
        },
        "flaky" : false,
        "newFailed" : false,
        "newPassed" : false,
        "newBroken" : false,
        "retriesCount" : 0,
        "retriesStatusChange" : false,
        "parameters" : [ ]
      } ],
      "uid" : "1c9cef6dc00d6f1778c1ad9bbfb4c284"
    }, {
      "name" : "ethjs_provider_http_1.HttpProvider is not a constructor",
      "children" : [ {
        "name" : "test01",
        "uid" : "db35ba12d91bd236",
        "parentUid" : "426a702f588cd18af2cb78ab4240139d",
        "status" : "broken",
        "time" : {
          "start" : 1640488046420,
          "stop" : 1640488046428,
          "duration" : 8
        },
        "flaky" : false,
        "newFailed" : false,
        "newPassed" : false,
        "newBroken" : false,
        "retriesCount" : 0,
        "retriesStatusChange" : false,
        "parameters" : [ ]
      } ],
      "uid" : "426a702f588cd18af2cb78ab4240139d"
    }, {
      "name" : "'EthereumModel' object has no attribute 'eth_accounts'",
      "children" : [ {
        "name" : "Should return the new greeting once it's changed",
        "uid" : "7fa99f395713a7a6",
        "parentUid" : "e991f17fad413e6355747c09e6da3ec9",
        "status" : "broken",
        "time" : {
          "start" : 1640488051730,
          "stop" : 1640488052405,
          "duration" : 675
        },
        "flaky" : false,
        "newFailed" : false,
        "newPassed" : false,
        "newBroken" : false,
        "retriesCount" : 0,
        "retriesStatusChange" : false,
        "parameters" : [ ]
      } ],
      "uid" : "e991f17fad413e6355747c09e6da3ec9"
    }, {
      "name" : "brownie.exceptions.RPCRequestError: 'EthereumModel' object has no attribute 'debug_traceTransaction'",
      "children" : [ {
        "name" : "test_returns_true",
        "uid" : "7711c1a2a0b6b8a4",
        "parentUid" : "440fe0059ab542d32d4881e051951b40",
        "status" : "broken",
        "time" : {
          "start" : 1640488256788,
          "stop" : 1640488258505,
          "duration" : 1717
        },
        "flaky" : false,
        "newFailed" : false,
        "newPassed" : false,
        "newBroken" : false,
        "retriesCount" : 0,
        "retriesStatusChange" : false,
        "parameters" : [ ]
      }, {
        "name" : "test_returns_true",
        "uid" : "5e19da1b0490dee3",
        "parentUid" : "440fe0059ab542d32d4881e051951b40",
        "status" : "broken",
        "time" : {
          "start" : 1640488267651,
          "stop" : 1640488269280,
          "duration" : 1629
        },
        "flaky" : false,
        "newFailed" : false,
        "newPassed" : false,
        "newBroken" : false,
        "retriesCount" : 0,
        "retriesStatusChange" : false,
        "parameters" : [ ]
      }, {
        "name" : "test_returns_true",
        "uid" : "9ea544b9e7184fd5",
        "parentUid" : "440fe0059ab542d32d4881e051951b40",
        "status" : "broken",
        "time" : {
          "start" : 1640488310033,
          "stop" : 1640488314153,
          "duration" : 4120
        },
        "flaky" : false,
        "newFailed" : false,
        "newPassed" : false,
        "newBroken" : false,
        "retriesCount" : 0,
        "retriesStatusChange" : false,
        "parameters" : [ ]
      } ],
      "uid" : "440fe0059ab542d32d4881e051951b40"
    }, {
      "name" : "ValueError: Gas estimation failed: 'execution reverted: Insufficient balance'. This transaction will likely revert. If you wish to broadcast, you must set the gas limit manually.",
      "children" : [ {
        "name" : "test_insufficient_balance",
        "uid" : "7438b1d78db20715",
        "parentUid" : "5f4213889cfcdff121652c3e5acdd001",
        "status" : "broken",
        "time" : {
          "start" : 1640488276060,
          "stop" : 1640488276506,
          "duration" : 446
        },
        "flaky" : false,
        "newFailed" : false,
        "newPassed" : false,
        "newBroken" : false,
        "retriesCount" : 0,
        "retriesStatusChange" : false,
        "parameters" : [ ]
      }, {
        "name" : "test_insufficient_balance",
        "uid" : "a5ef713ca2836b29",
        "parentUid" : "5f4213889cfcdff121652c3e5acdd001",
        "status" : "broken",
        "time" : {
          "start" : 1640488327865,
          "stop" : 1640488330117,
          "duration" : 2252
        },
        "flaky" : false,
        "newFailed" : false,
        "newPassed" : false,
        "newBroken" : false,
        "retriesCount" : 0,
        "retriesStatusChange" : false,
        "parameters" : [ ]
      } ],
      "uid" : "5f4213889cfcdff121652c3e5acdd001"
    }, {
      "name" : "OverflowError: approve '-1' - -1 is outside allowable range for uint256",
      "children" : [ {
        "name" : "test_insufficient_approval",
        "uid" : "f625694462782383",
        "parentUid" : "3076f8d9ffd7bab937e7bd2d28ebd8a0",
        "status" : "broken",
        "time" : {
          "start" : 1640488330244,
          "stop" : 1640488330415,
          "duration" : 171
        },
        "flaky" : false,
        "newFailed" : false,
        "newPassed" : false,
        "newBroken" : false,
        "retriesCount" : 0,
        "retriesStatusChange" : false,
        "parameters" : [ ]
      } ],
      "uid" : "3076f8d9ffd7bab937e7bd2d28ebd8a0"
    } ],
    "uid" : "bdbf199525818fae7a8651db9eafe741"
  }, {
    "name" : "Product defects",
    "children" : [ {
      "name" : "AssertionError: Transaction did not revert",
      "children" : [ {
        "name" : "test_no_approval",
        "uid" : "931c758e1b4f792",
        "parentUid" : "90f888e015672ae267836a9e2c59904f",
        "status" : "failed",
        "time" : {
          "start" : 1640488330587,
          "stop" : 1640488332686,
          "duration" : 2099
        },
        "flaky" : false,
        "newFailed" : false,
        "newPassed" : false,
        "newBroken" : false,
        "retriesCount" : 0,
        "retriesStatusChange" : false,
        "parameters" : [ ]
      }, {
        "name" : "test_revoked_approval",
        "uid" : "4ebcb1c83c535d31",
        "parentUid" : "90f888e015672ae267836a9e2c59904f",
        "status" : "failed",
        "time" : {
          "start" : 1640488332708,
          "stop" : 1640488338974,
          "duration" : 6266
        },
        "flaky" : false,
        "newFailed" : false,
        "newPassed" : false,
        "newBroken" : false,
        "retriesCount" : 0,
        "retriesStatusChange" : false,
        "parameters" : [ ]
      }, {
        "name" : "test_transfer_to_self_no_approval",
        "uid" : "be714665311e127f",
        "parentUid" : "90f888e015672ae267836a9e2c59904f",
        "status" : "failed",
        "time" : {
          "start" : 1640488343010,
          "stop" : 1640488345252,
          "duration" : 2242
        },
        "flaky" : false,
        "newFailed" : false,
        "newPassed" : false,
        "newBroken" : false,
        "retriesCount" : 0,
        "retriesStatusChange" : false,
        "parameters" : [ ]
      } ],
      "uid" : "90f888e015672ae267836a9e2c59904f"
    }, {
      "name" : "AssertionError: assert 'Error: Coul... any sources' not in '/home/runne...ttempt #1.\\n'\n  'Error: Could not f...ns from any sources' is contained here:\n           ^\n    \n    Error: Could not find artifacts for Migrations from any sources\n        at Resolver.require (/home/runner/work/neon-compatibility/neon-compatibility/node_modules/truffle/build/webpack:/packages/resolver/dist/lib/resolver.js:61:1)\n        at Object.require (/home/runner/work/neon-compatibility/neon-compatibility/node_modules/truffle/build/webpack:/packages/migrate/index.js:172:1)\n        at ResolverIntercept.require (/home/runner/work/neon-compatibility/neon-compatibility/node_modules/truffle/build/webpack:/packages/migrate/ResolverIntercept.js:22:1)\n        at /home/runner/work/neon-compatibility/neon-compatibility/OpenZeppelin/migrations/1_initial_migration.js:1:30\n        at Script.runInContext (node:vm:139:12)\n        at Script.runInNewContext (node:vm:144:17)\n        at Object.file (/home/runner/work/neon-compatibility/neon-compatibility/node_modules/truffle/build/webpack:/packages/require/require.js:94:1)\n        at Migration._load (/home/runner/work/neon-compatibility/neon-compatibility/node_modules/truffle/build/webpack:/packages/migrate/Migration.js:44:1)\n        at Migration.run (/home/runner/work/neon-compatibility/neon-compatibility/node_modules/truffle/build/webpack:/packages/migrate/Migration.js:217:1)\n        at Object.runMigrations (/home/runner/work/neon-compatibility/neon-compatibility/node_modules/truffle/build/webpack:/packages/migrate/index.js:150:1)\n        at Object.runFrom (/home/runner/work/neon-compatibility/neon-compatibility/node_modules/truffle/build/webpack:/packages/migrate/index.js:110:1)\n        at Object.runAll (/home/runner/work/neon-compatibility/neon-compatibility/node_modules/truffle/build/webpack:/packages/migrate/index.js:114:1)\n        at Object.run (/home/runner/work/neon-compatibility/neon-compatibility/node_modules/truffle/build/webpack:/packages/migrate/index.js:79:1)\n        at Object.run (/home/runner/work/neon-compatibility/neon-compatibility/node_modules/truffle/build/webpack:/packages/core/lib/testing/Test.js:109:1)\n        at Object.run (/home/runner/work/neon-compatibility/neon-compatibility/node_modules/truffle/build/webpack:/packages/core/lib/commands/test/index.js:177:1)\n        at Command.run (/home/runner/work/neon-compatibility/neon-compatibility/node_modules/truffle/build/webpack:/packages/core/lib/command.js:183:1)\n    Truffle v5.4.14 (core: 5.4.14)\n    Node v16.13.1\n    /home/runner/work/neon-compatibility/neon-compatibility\n    - Fetching solc version list from solc-bin. Attempt #1\n    âœ” Downloading compiler. Attempt #1.",
      "children" : [ {
        "name" : "test_contracts[input_data0]",
        "uid" : "1d5ad47aece9789c",
        "parentUid" : "38d3bb28c4e7f58bedfceca8a53a3178",
        "status" : "failed",
        "time" : {
          "start" : 1640488349270,
          "stop" : 1640488374420,
          "duration" : 25150
        },
        "flaky" : false,
        "newFailed" : false,
        "newPassed" : false,
        "newBroken" : false,
        "retriesCount" : 0,
        "retriesStatusChange" : false,
        "parameters" : [ "InputData(test_file='access/Ownable.test.js', test_files=['access/Ownable.test.js'], contracts=['access/Ownable.sol', 'mocks/OwnableMock.sol', 'mocks/AccessControlMock.sol', 'mocks/AccessControlEnumerableMock.sol', 'access/AccessControlEnumerable.sol', 'access/IAccessControlEnumerable.sol', 'utils/structs/EnumerableSet.sol', 'access/AccessControl.sol', 'utils/Context.sol', 'access/IAccessControl.sol', 'utils/Strings.sol', 'utils/introspection/ERC165.sol', 'utils/introspection/IERC165.sol'], migration_script='2_deploy_contracts.js')" ]
      } ],
      "uid" : "38d3bb28c4e7f58bedfceca8a53a3178"
    }, {
      "name" : "AssertionError: assert 'Error: Coul... any sources' not in '/home/runne...patibility\\n'\n  'Error: Could not f...ns from any sources' is contained here:\n           ^\n    \n    Error: Could not find artifacts for Migrations from any sources\n        at Resolver.require (/home/runner/work/neon-compatibility/neon-compatibility/node_modules/truffle/build/webpack:/packages/resolver/dist/lib/resolver.js:61:1)\n        at Object.require (/home/runner/work/neon-compatibility/neon-compatibility/node_modules/truffle/build/webpack:/packages/migrate/index.js:172:1)\n        at ResolverIntercept.require (/home/runner/work/neon-compatibility/neon-compatibility/node_modules/truffle/build/webpack:/packages/migrate/ResolverIntercept.js:22:1)\n        at /home/runner/work/neon-compatibility/neon-compatibility/OpenZeppelin/migrations/1_initial_migration.js:1:30\n        at Script.runInContext (node:vm:139:12)\n        at Script.runInNewContext (node:vm:144:17)\n        at Object.file (/home/runner/work/neon-compatibility/neon-compatibility/node_modules/truffle/build/webpack:/packages/require/require.js:94:1)\n        at Migration._load (/home/runner/work/neon-compatibility/neon-compatibility/node_modules/truffle/build/webpack:/packages/migrate/Migration.js:44:1)\n        at Migration.run (/home/runner/work/neon-compatibility/neon-compatibility/node_modules/truffle/build/webpack:/packages/migrate/Migration.js:217:1)\n        at Object.runMigrations (/home/runner/work/neon-compatibility/neon-compatibility/node_modules/truffle/build/webpack:/packages/migrate/index.js:150:1)\n        at Object.runFrom (/home/runner/work/neon-compatibility/neon-compatibility/node_modules/truffle/build/webpack:/packages/migrate/index.js:110:1)\n        at Object.runAll (/home/runner/work/neon-compatibility/neon-compatibility/node_modules/truffle/build/webpack:/packages/migrate/index.js:114:1)\n        at Object.run (/home/runner/work/neon-compatibility/neon-compatibility/node_modules/truffle/build/webpack:/packages/migrate/index.js:79:1)\n        at Object.run (/home/runner/work/neon-compatibility/neon-compatibility/node_modules/truffle/build/webpack:/packages/core/lib/testing/Test.js:109:1)\n        at Object.run (/home/runner/work/neon-compatibility/neon-compatibility/node_modules/truffle/build/webpack:/packages/core/lib/commands/test/index.js:177:1)\n        at Command.run (/home/runner/work/neon-compatibility/neon-compatibility/node_modules/truffle/build/webpack:/packages/core/lib/command.js:183:1)\n    Truffle v5.4.14 (core: 5.4.14)\n    Node v16.13.1\n    /home/runner/work/neon-compatibility/neon-compatibility",
      "children" : [ {
        "name" : "test_contracts[input_data1]",
        "uid" : "d739f38130a9dc55",
        "parentUid" : "1f689f49ec365620ebd0eef9cfede94c",
        "status" : "failed",
        "time" : {
          "start" : 1640488374453,
          "stop" : 1640488398184,
          "duration" : 23731
        },
        "flaky" : false,
        "newFailed" : false,
        "newPassed" : false,
        "newBroken" : false,
        "retriesCount" : 0,
        "retriesStatusChange" : false,
        "parameters" : [ "InputData(test_file='access/AccessControl.test.js', test_files=['access/AccessControl.test.js', 'access/AccessControl.behavior.js'], contracts=['mocks/AccessControlMock.sol', 'mocks/AccessControlEnumerableMock.sol', 'access/AccessControlEnumerable.sol', 'access/IAccessControlEnumerable.sol', 'utils/structs/EnumerableSet.sol', 'access/AccessControl.sol', 'utils/Strings.sol', 'utils/introspection/ERC165.sol', 'interfaces/IERC165.sol', 'utils/introspection/IERC165.sol'], migration_script='2_deploy_contracts.js')" ]
      }, {
        "name" : "test_contracts[input_data2]",
        "uid" : "a01fa1f231b501ae",
        "parentUid" : "1f689f49ec365620ebd0eef9cfede94c",
        "status" : "failed",
        "time" : {
          "start" : 1640488398214,
          "stop" : 1640488421962,
          "duration" : 23748
        },
        "flaky" : false,
        "newFailed" : false,
        "newPassed" : false,
        "newBroken" : false,
        "retriesCount" : 0,
        "retriesStatusChange" : false,
        "parameters" : [ "InputData(test_file='access/AccessControlEnumerable.test.js', test_files=['access/AccessControlEnumerable.test.js', 'access/AccessControl.behavior.js'], contracts=['utils/Strings.sol', 'utils/introspection/ERC165.sol', 'mocks/AccessControlEnumerableMock.sol'], migration_script='2_deploy_contracts.js')" ]
      }, {
        "name" : "test_contracts[input_data3]",
        "uid" : "8f8ac9dad23520a9",
        "parentUid" : "1f689f49ec365620ebd0eef9cfede94c",
        "status" : "failed",
        "time" : {
          "start" : 1640488421990,
          "stop" : 1640488445947,
          "duration" : 23957
        },
        "flaky" : false,
        "newFailed" : false,
        "newPassed" : false,
        "newBroken" : false,
        "retriesCount" : 0,
        "retriesStatusChange" : false,
        "parameters" : [ "InputData(test_file='finance/PaymentSplitter.test.js', test_files=['finance/PaymentSplitter.test.js'], contracts=['finance/PaymentSplitter.sol', 'utils/Address.sol', 'utils/Context.sol', 'access/IAccessControl.sol', 'utils/Strings.sol', 'utils/introspection/ERC165.sol', 'interfaces/IERC165.sol', 'utils/introspection/IERC165.sol'], migration_script='3_deploy_contracts.js')" ]
      } ],
      "uid" : "1f689f49ec365620ebd0eef9cfede94c"
    }, {
      "name" : "AssertionError: assert 'Error:  ***...t Failed ***' not in '/home/runne...patibility\\n'\n  'Error:  *** Deployment Failed ***' is contained here:\n    --------\n    \n    Error:  *** Deployment Failed ***\n    \n    \"Migrations\" -- Transaction simulation failed: Error processing Instruction 0: custom program error: 0x4\n    {\n      \"accounts\": null,\n      \"err\": {\n        \"InstructionError\": [\n          0,\n          {\n            \"Custom\": 4\n          }\n        ]\n      },\n      \"logs\": [\n        \"Program 53DfF883gyixYNXnM7s5xhdeyV8mVk9T4i2hGV9vG9io invoke [1]\",\n        \"Program log: program/src/storage_account.rs:76\",\n        \"Program 53DfF883gyixYNXnM7s5xhdeyV8mVk9T4i2hGV9vG9io consumed 4627 of 500000 compute units\",\n        \"Program 53DfF883gyixYNXnM7s5xhdeyV8mVk9T4i2hGV9vG9io failed: custom program error: 0x4\"\n      ]\n    }.\n    \n        at /home/runner/work/neon-compatibility/neon-compatibility/node_modules/truffle/build/webpack:/packages/deployer/src/deployment.js:365:1\n        at processTicksAndRejections (node:internal/process/task_queues:96:5)\n        at Migration._deploy (/home/runner/work/neon-compatibility/neon-compatibility/node_modules/truffle/build/webpack:/packages/migrate/Migration.js:70:1)\n        at Migration._load (/home/runner/work/neon-compatibility/neon-compatibility/node_modules/truffle/build/webpack:/packages/migrate/Migration.js:56:1)\n        at Migration.run (/home/runner/work/neon-compatibility/neon-compatibility/node_modules/truffle/build/webpack:/packages/migrate/Migration.js:217:1)\n        at Object.runMigrations (/home/runner/work/neon-compatibility/neon-compatibility/node_modules/truffle/build/webpack:/packages/migrate/index.js:150:1)\n        at Object.runFrom (/home/runner/work/neon-compatibility/neon-compatibility/node_modules/truffle/build/webpack:/packages/migrate/index.js:110:1)\n        at Object.run (/home/runner/work/neon-compatibility/neon-compatibility/node_modules/truffle/build/webpack:/packages/migrate/index.js:87:1)\n        at runMigrations (/home/runner/work/neon-compatibility/neon-compatibility/node_modules/truffle/build/webpack:/packages/core/lib/commands/migrate.js:258:1)\n        at Object.run (/home/runner/work/neon-compatibility/neon-compatibility/node_modules/truffle/build/webpack:/packages/core/lib/commands/migrate.js:223:1)\n        at Command.run (/home/runner/work/neon-compatibility/neon-compatibility/node_modules/truffle/build/webpack:/packages/core/lib/command.js:183:1)\n    Truffle v5.4.14 (core: 5.4.14)\n    Node v16.13.1\n    /home/runner/work/neon-compatibility/neon-compatibility",
      "children" : [ {
        "name" : "test_truffle_migration",
        "uid" : "5b97beddf2465363",
        "parentUid" : "5a1df145c93073d7b17d6550f6dbcb48",
        "status" : "failed",
        "time" : {
          "start" : 1640488445973,
          "stop" : 1640488467929,
          "duration" : 21956
        },
        "flaky" : false,
        "newFailed" : false,
        "newPassed" : false,
        "newBroken" : false,
        "retriesCount" : 0,
        "retriesStatusChange" : false,
        "parameters" : [ ]
      } ],
      "uid" : "5a1df145c93073d7b17d6550f6dbcb48"
    }, {
      "name" : "AssertionError: \n  Compiling your contracts...\n  ===========================\n  > Compiling ./contracts/ERC20Test.sol\n  > Compiling ./contracts/Migrations.sol\n  > Compiling ./contracts/SelfDestructTest.sol\n  > Compiling @openzeppelin/contracts/access/Ownable.sol\n  > Compiling @openzeppelin/contracts/token/ERC20/ERC20.sol\n  > Compiling @openzeppelin/contracts/token/ERC20/IERC20.sol\n  > Compiling @openzeppelin/contracts/token/ERC20/extensions/IERC20Metadata.sol\n  > Compiling @openzeppelin/contracts/utils/Context.sol\n  > Compilation warnings encountered:\n  \n      Warning: SPDX license identifier not provided in source file. Before publishing, consider adding a comment containing \"SPDX-License-Identifier: <SPDX-License>\" to each source file. Use \"SPDX-License-Identifier: UNLICENSED\" for non-open-source code. Please see https://spdx.org for more information.\n  --> project:/contracts/SelfDestructTest.sol\n  \n  ,Warning: This contract has a payable fallback function, but no receive ether function. Consider adding a receive ether function.\n   --> project:/contracts/SelfDestructTest.sol:5:1:\n    |\n  5 | contract SelfDestructTest is Ownable{\n    | ^ (Relevant source part starts here and spans across multiple lines).\n  Note: The payable fallback function is defined here.\n    --> project:/contracts/SelfDestructTest.sol:20:5:\n     |\n  20 |     fallback() external payable {}\n     |     ^^^^^^^^^^^^^^^^^^^^^^^^^^^^^^\n  \n  ,Warning: Function state mutability can be restricted to pure\n    --> project:/contracts/SelfDestructTest.sol:12:5:\n     |\n  12 |     function staticData() public view returns(string memory) {\n     |     ^ (Relevant source part starts here and spans across multiple lines).\n  \n  \n  > Artifacts written to /home/runner/work/neon-compatibility/neon-compatibility/issues/364/build/contracts\n  > Compiled successfully using:\n     - solc: 0.8.4+commit.c7e474f2.Emscripten.clang\n  \n  \n  \n  Starting migrations...\n  ======================\n  > Network name:    'neonlabs'\n  > Network id:      111\n  > Block gas limit: 6721975 (0x6691b7)\n  \n  \n  3_selfDestructTest.js\n  =====================\n  \n     Deploying 'SelfDestructTest'\n     ----------------------------\n  \n  Error:  *** Deployment Failed ***\n  \n  \"SelfDestructTest\" -- Transaction simulation failed: Error processing Instruction 0: custom program error: 0x4\n  {\n    \"accounts\": null,\n    \"err\": {\n      \"InstructionError\": [\n        0,\n        {\n          \"Custom\": 4\n        }\n      ]\n    },\n    \"logs\": [\n      \"Program 53DfF883gyixYNXnM7s5xhdeyV8mVk9T4i2hGV9vG9io invoke [1]\",\n      \"Program log: program/src/storage_account.rs:76\",\n      \"Program 53DfF883gyixYNXnM7s5xhdeyV8mVk9T4i2hGV9vG9io consumed 4627 of 500000 compute units\",\n      \"Program 53DfF883gyixYNXnM7s5xhdeyV8mVk9T4i2hGV9vG9io failed: custom program error: 0x4\"\n    ]\n  }.\n  \n      at /home/runner/work/neon-compatibility/neon-compatibility/node_modules/truffle/build/webpack:/packages/deployer/src/deployment.js:365:1\n      at processTicksAndRejections (node:internal/process/task_queues:96:5)\n      at module.exports (/home/runner/work/neon-compatibility/neon-compatibility/issues/364/migrations/3_selfDestructTest.js:6:5)\n      at Migration._deploy (/home/runner/work/neon-compatibility/neon-compatibility/node_modules/truffle/build/webpack:/packages/migrate/Migration.js:75:1)\n      at Migration._load (/home/runner/work/neon-compatibility/neon-compatibility/node_modules/truffle/build/webpack:/packages/migrate/Migration.js:56:1)\n      at Migration.run (/home/runner/work/neon-compatibility/neon-compatibility/node_modules/truffle/build/webpack:/packages/migrate/Migration.js:217:1)\n      at Object.runMigrations (/home/runner/work/neon-compatibility/neon-compatibility/node_modules/truffle/build/webpack:/packages/migrate/index.js:150:1)\n      at Object.runFrom (/home/runner/work/neon-compatibility/neon-compatibility/node_modules/truffle/build/webpack:/packages/migrate/index.js:110:1)\n      at runMigrations (/home/runner/work/neon-compatibility/neon-compatibility/node_modules/truffle/build/webpack:/packages/core/lib/commands/migrate.js:253:1)\n      at Object.run (/home/runner/work/neon-compatibility/neon-compatibility/node_modules/truffle/build/webpack:/packages/core/lib/commands/migrate.js:223:1)\n      at Command.run (/home/runner/work/neon-compatibility/neon-compatibility/node_modules/truffle/build/webpack:/packages/core/lib/command.js:183:1)\n  Truffle v5.4.14 (core: 5.4.14)\n  Node v16.13.1\n  \nassert 1 == 0\n +  where 1 = CompletedProcess(args='cd issues/364; ../../node_modules/.bin/truffle --network neonlabs migrate -f 3 --to 3', returnc...uffle/build/webpack:/packages/core/lib/command.js:183:1)\\nTruffle v5.4.14 (core: 5.4.14)\\nNode v16.13.1\\n', stderr=b'').returncode",
      "children" : [ {
        "name" : "test_issue_364_self_destruct_contract",
        "uid" : "e2225cf9fb3d99ff",
        "parentUid" : "2475910c860860a34a358a78351acef6",
        "status" : "failed",
        "time" : {
          "start" : 1640488522697,
          "stop" : 1640488548538,
          "duration" : 25841
        },
        "flaky" : false,
        "newFailed" : false,
        "newPassed" : false,
        "newBroken" : false,
        "retriesCount" : 0,
        "retriesStatusChange" : false,
        "parameters" : [ ]
      } ],
      "uid" : "2475910c860860a34a358a78351acef6"
    } ],
    "uid" : "8fb3a91ba5aaf9de24cc8a92edc82b5d"
  } ],
  "name" : "categories"
}