{
  "uid" : "840ec443e586698b",
  "name" : "test_truffle_migration",
  "fullName" : "tests.truffle.test_truffle#test_truffle_migration",
  "historyId" : "e63c5a1b531c2472845045a6f65cedaf",
  "time" : {
    "start" : 1631194311161,
    "stop" : 1631194322378,
    "duration" : 11217
  },
  "status" : "passed",
  "flaky" : false,
  "newFailed" : false,
  "beforeStages" : [ ],
  "testStage" : {
    "status" : "passed",
    "steps" : [ ],
    "attachments" : [ {
      "uid" : "a0f6489c7f594dfa",
      "name" : "stdout",
      "source" : "a0f6489c7f594dfa.txt",
      "type" : "text/plain",
      "size" : 421
    }, {
      "uid" : "2a0029af3dc3ddb6",
      "name" : "stderr",
      "source" : "2a0029af3dc3ddb6.txt",
      "type" : "text/plain",
      "size" : 568
    } ],
    "parameters" : [ ],
    "stepsCount" : 0,
    "attachmentsCount" : 2,
    "shouldDisplayMessage" : false,
    "hasContent" : true
  },
  "afterStages" : [ ],
  "labels" : [ {
    "name" : "parentSuite",
    "value" : "tests.truffle"
  }, {
    "name" : "suite",
    "value" : "test_truffle"
  }, {
    "name" : "host",
    "value" : "fv-az83-202"
  }, {
    "name" : "thread",
    "value" : "4028-MainThread"
  }, {
    "name" : "framework",
    "value" : "pytest"
  }, {
    "name" : "language",
    "value" : "cpython3"
  }, {
    "name" : "package",
    "value" : "tests.truffle.test_truffle"
  }, {
    "name" : "resultFormat",
    "value" : "allure2"
  } ],
  "parameters" : [ ],
  "links" : [ ],
  "hidden" : false,
  "retry" : false,
  "extra" : {
    "severity" : "normal",
    "retries" : [ ],
    "categories" : [ ],
    "history" : {
      "statistic" : {
        "failed" : 7,
        "broken" : 0,
        "skipped" : 0,
        "passed" : 6,
        "unknown" : 0,
        "total" : 13
      },
      "items" : [ {
        "uid" : "b3b3a6b6680e4366",
        "reportUrl" : "https://neonlabsorg.github.io/neon-uat/38//#testresult/b3b3a6b6680e4366",
        "status" : "failed",
        "statusDetails" : "AssertionError: assert \"Returned er...th_accounts'\" not in '/home/runne...t/neon-uat\\n'\n  \"Returned error: 'E...bute 'eth_accounts'\" is contained here:\n    =\n    \n    Error: Returned error: 'EthereumModel' object has no attribute 'eth_accounts'\n        at Object.ErrorResponse (/home/runner/work/neon-uat/neon-uat/node_modules/truffle/build/webpack:/node_modules/web3-core-helpers/lib/errors.js:28:1)\n        at /home/runner/work/neon-uat/neon-uat/node_modules/truffle/build/webpack:/node_modules/web3/node_modules/web3-core-requestmanager/lib/index.js:302:1\n        at /home/runner/work/neon-uat/neon-uat/node_modules/truffle/build/webpack:/packages/provider/wrapper.js:107:1\n        at XMLHttpRequest.request.onreadystatechange (/home/runner/work/neon-uat/neon-uat/node_modules/web3-providers-http/lib/index.js:98:13)\n        at XMLHttpRequestEventTarget.dispatchEvent (/home/runner/work/neon-uat/neon-uat/node_modules/xhr2-cookies/xml-http-request-event-target.ts:44:13)\n        at XMLHttpRequest._setReadyState (/home/runner/work/neon-uat/neon-uat/node_modules/xhr2-cookies/xml-http-request.ts:219:8)\n        at XMLHttpRequest._onHttpResponseEnd (/home/runner/work/neon-uat/neon-uat/node_modules/xhr2-cookies/xml-http-request.ts:345:8)\n        at IncomingMessage.<anonymous> (/home/runner/work/neon-uat/neon-uat/node_modules/xhr2-cookies/xml-http-request.ts:311:39)\n        at IncomingMessage.emit (events.js:412:35)\n        at endReadableNT (internal/streams/readable.js:1317:12)\n        at processTicksAndRejections (internal/process/task_queues.js:82:21)\n    Truffle v5.4.9 (core: 5.4.9)\n    Node v14.17.6\n    /home/runner/work/neon-uat/neon-uat",
        "time" : {
          "start" : 1631174478816,
          "stop" : 1631174487644,
          "duration" : 8828
        }
      }, {
        "uid" : "a89cc4cfab7a35c8",
        "reportUrl" : "https://neonlabsorg.github.io/neon-uat/37//#testresult/a89cc4cfab7a35c8",
        "status" : "failed",
        "statusDetails" : "AssertionError: assert \"Returned er...th_accounts'\" not in '/home/runne...t/neon-uat\\n'\n  \"Returned error: 'E...bute 'eth_accounts'\" is contained here:\n    =\n    \n    Error: Returned error: 'EthereumModel' object has no attribute 'eth_accounts'\n        at Object.ErrorResponse (/home/runner/work/neon-uat/neon-uat/node_modules/truffle/build/webpack:/node_modules/web3-core-helpers/lib/errors.js:28:1)\n        at /home/runner/work/neon-uat/neon-uat/node_modules/truffle/build/webpack:/node_modules/web3/node_modules/web3-core-requestmanager/lib/index.js:302:1\n        at /home/runner/work/neon-uat/neon-uat/node_modules/truffle/build/webpack:/packages/provider/wrapper.js:107:1\n        at XMLHttpRequest.request.onreadystatechange (/home/runner/work/neon-uat/neon-uat/node_modules/web3-providers-http/lib/index.js:98:13)\n        at XMLHttpRequestEventTarget.dispatchEvent (/home/runner/work/neon-uat/neon-uat/node_modules/xhr2-cookies/xml-http-request-event-target.ts:44:13)\n        at XMLHttpRequest._setReadyState (/home/runner/work/neon-uat/neon-uat/node_modules/xhr2-cookies/xml-http-request.ts:219:8)\n        at XMLHttpRequest._onHttpResponseEnd (/home/runner/work/neon-uat/neon-uat/node_modules/xhr2-cookies/xml-http-request.ts:345:8)\n        at IncomingMessage.<anonymous> (/home/runner/work/neon-uat/neon-uat/node_modules/xhr2-cookies/xml-http-request.ts:311:39)\n        at IncomingMessage.emit (events.js:412:35)\n        at endReadableNT (internal/streams/readable.js:1317:12)\n        at processTicksAndRejections (internal/process/task_queues.js:82:21)\n    Truffle v5.4.9 (core: 5.4.9)\n    Node v14.17.6\n    /home/runner/work/neon-uat/neon-uat",
        "time" : {
          "start" : 1631174428354,
          "stop" : 1631174437214,
          "duration" : 8860
        }
      }, {
        "uid" : "ecd248a884d18662",
        "reportUrl" : "https://neonlabsorg.github.io/neon-uat/36//#testresult/ecd248a884d18662",
        "status" : "failed",
        "statusDetails" : "AssertionError: assert \"Returned er...th_accounts'\" not in '/home/runne...t/neon-uat\\n'\n  \"Returned error: 'E...bute 'eth_accounts'\" is contained here:\n    =\n    \n    Error: Returned error: 'EthereumModel' object has no attribute 'eth_accounts'\n        at Object.ErrorResponse (/home/runner/work/neon-uat/neon-uat/node_modules/truffle/build/webpack:/node_modules/web3-core-helpers/lib/errors.js:28:1)\n        at /home/runner/work/neon-uat/neon-uat/node_modules/truffle/build/webpack:/node_modules/web3/node_modules/web3-core-requestmanager/lib/index.js:302:1\n        at /home/runner/work/neon-uat/neon-uat/node_modules/truffle/build/webpack:/packages/provider/wrapper.js:107:1\n        at XMLHttpRequest.request.onreadystatechange (/home/runner/work/neon-uat/neon-uat/node_modules/web3-providers-http/lib/index.js:98:13)\n        at XMLHttpRequestEventTarget.dispatchEvent (/home/runner/work/neon-uat/neon-uat/node_modules/xhr2-cookies/xml-http-request-event-target.ts:44:13)\n        at XMLHttpRequest._setReadyState (/home/runner/work/neon-uat/neon-uat/node_modules/xhr2-cookies/xml-http-request.ts:219:8)\n        at XMLHttpRequest._onHttpResponseEnd (/home/runner/work/neon-uat/neon-uat/node_modules/xhr2-cookies/xml-http-request.ts:345:8)\n        at IncomingMessage.<anonymous> (/home/runner/work/neon-uat/neon-uat/node_modules/xhr2-cookies/xml-http-request.ts:311:39)\n        at IncomingMessage.emit (events.js:412:35)\n        at endReadableNT (internal/streams/readable.js:1317:12)\n        at processTicksAndRejections (internal/process/task_queues.js:82:21)\n    Truffle v5.4.9 (core: 5.4.9)\n    Node v14.17.6\n    /home/runner/work/neon-uat/neon-uat",
        "time" : {
          "start" : 1631174275822,
          "stop" : 1631174284408,
          "duration" : 8586
        }
      }, {
        "uid" : "f2c4fba5ce880d23",
        "reportUrl" : "https://neonlabsorg.github.io/neon-uat/35//#testresult/f2c4fba5ce880d23",
        "status" : "failed",
        "statusDetails" : "AssertionError: assert \"Returned er...th_accounts'\" not in '/home/runne...t/neon-uat\\n'\n  \"Returned error: 'E...bute 'eth_accounts'\" is contained here:\n    =\n    \n    Error: Returned error: 'EthereumModel' object has no attribute 'eth_accounts'\n        at Object.ErrorResponse (/home/runner/work/neon-uat/neon-uat/node_modules/truffle/build/webpack:/node_modules/web3-core-helpers/lib/errors.js:28:1)\n        at /home/runner/work/neon-uat/neon-uat/node_modules/truffle/build/webpack:/node_modules/web3/node_modules/web3-core-requestmanager/lib/index.js:302:1\n        at /home/runner/work/neon-uat/neon-uat/node_modules/truffle/build/webpack:/packages/provider/wrapper.js:107:1\n        at XMLHttpRequest.request.onreadystatechange (/home/runner/work/neon-uat/neon-uat/node_modules/web3-providers-http/lib/index.js:98:13)\n        at XMLHttpRequestEventTarget.dispatchEvent (/home/runner/work/neon-uat/neon-uat/node_modules/xhr2-cookies/xml-http-request-event-target.ts:44:13)\n        at XMLHttpRequest._setReadyState (/home/runner/work/neon-uat/neon-uat/node_modules/xhr2-cookies/xml-http-request.ts:219:8)\n        at XMLHttpRequest._onHttpResponseEnd (/home/runner/work/neon-uat/neon-uat/node_modules/xhr2-cookies/xml-http-request.ts:345:8)\n        at IncomingMessage.<anonymous> (/home/runner/work/neon-uat/neon-uat/node_modules/xhr2-cookies/xml-http-request.ts:311:39)\n        at IncomingMessage.emit (events.js:412:35)\n        at endReadableNT (internal/streams/readable.js:1317:12)\n        at processTicksAndRejections (internal/process/task_queues.js:82:21)\n    Truffle v5.4.9 (core: 5.4.9)\n    Node v14.17.6\n    /home/runner/work/neon-uat/neon-uat",
        "time" : {
          "start" : 1631172719091,
          "stop" : 1631172727961,
          "duration" : 8870
        }
      }, {
        "uid" : "4ad7616441da80f",
        "reportUrl" : "https://neonlabsorg.github.io/neon-uat/34//#testresult/4ad7616441da80f",
        "status" : "failed",
        "statusDetails" : "AssertionError: assert \"Returned er...th_accounts'\" not in '/home/runne...t/neon-uat\\n'\n  \"Returned error: 'E...bute 'eth_accounts'\" is contained here:\n    =\n    \n    Error: Returned error: 'EthereumModel' object has no attribute 'eth_accounts'\n        at Object.ErrorResponse (/home/runner/work/neon-uat/neon-uat/node_modules/truffle/build/webpack:/node_modules/web3-core-helpers/lib/errors.js:28:1)\n        at /home/runner/work/neon-uat/neon-uat/node_modules/truffle/build/webpack:/node_modules/web3/node_modules/web3-core-requestmanager/lib/index.js:302:1\n        at /home/runner/work/neon-uat/neon-uat/node_modules/truffle/build/webpack:/packages/provider/wrapper.js:107:1\n        at XMLHttpRequest.request.onreadystatechange (/home/runner/work/neon-uat/neon-uat/node_modules/web3-providers-http/lib/index.js:98:13)\n        at XMLHttpRequestEventTarget.dispatchEvent (/home/runner/work/neon-uat/neon-uat/node_modules/xhr2-cookies/xml-http-request-event-target.ts:44:13)\n        at XMLHttpRequest._setReadyState (/home/runner/work/neon-uat/neon-uat/node_modules/xhr2-cookies/xml-http-request.ts:219:8)\n        at XMLHttpRequest._onHttpResponseEnd (/home/runner/work/neon-uat/neon-uat/node_modules/xhr2-cookies/xml-http-request.ts:345:8)\n        at IncomingMessage.<anonymous> (/home/runner/work/neon-uat/neon-uat/node_modules/xhr2-cookies/xml-http-request.ts:311:39)\n        at IncomingMessage.emit (events.js:412:35)\n        at endReadableNT (internal/streams/readable.js:1317:12)\n        at processTicksAndRejections (internal/process/task_queues.js:82:21)\n    Truffle v5.4.9 (core: 5.4.9)\n    Node v14.17.6\n    /home/runner/work/neon-uat/neon-uat",
        "time" : {
          "start" : 1631171928303,
          "stop" : 1631171936781,
          "duration" : 8478
        }
      }, {
        "uid" : "d0f88ed6afb0f7bc",
        "reportUrl" : "https://neonlabsorg.github.io/neon-uat/33//#testresult/d0f88ed6afb0f7bc",
        "status" : "failed",
        "statusDetails" : "AssertionError: assert \"Returned er...th_accounts'\" not in '/home/runne...t/neon-uat\\n'\n  \"Returned error: 'E...bute 'eth_accounts'\" is contained here:\n    =\n    \n    Error: Returned error: 'EthereumModel' object has no attribute 'eth_accounts'\n        at Object.ErrorResponse (/home/runner/work/neon-uat/neon-uat/node_modules/truffle/build/webpack:/node_modules/web3-core-helpers/lib/errors.js:28:1)\n        at /home/runner/work/neon-uat/neon-uat/node_modules/truffle/build/webpack:/node_modules/web3/node_modules/web3-core-requestmanager/lib/index.js:302:1\n        at /home/runner/work/neon-uat/neon-uat/node_modules/truffle/build/webpack:/packages/provider/wrapper.js:107:1\n        at XMLHttpRequest.request.onreadystatechange (/home/runner/work/neon-uat/neon-uat/node_modules/web3-providers-http/lib/index.js:98:13)\n        at XMLHttpRequestEventTarget.dispatchEvent (/home/runner/work/neon-uat/neon-uat/node_modules/xhr2-cookies/xml-http-request-event-target.ts:44:13)\n        at XMLHttpRequest._setReadyState (/home/runner/work/neon-uat/neon-uat/node_modules/xhr2-cookies/xml-http-request.ts:219:8)\n        at XMLHttpRequest._onHttpResponseEnd (/home/runner/work/neon-uat/neon-uat/node_modules/xhr2-cookies/xml-http-request.ts:345:8)\n        at IncomingMessage.<anonymous> (/home/runner/work/neon-uat/neon-uat/node_modules/xhr2-cookies/xml-http-request.ts:311:39)\n        at IncomingMessage.emit (events.js:412:35)\n        at endReadableNT (internal/streams/readable.js:1317:12)\n        at processTicksAndRejections (internal/process/task_queues.js:82:21)\n    Truffle v5.4.9 (core: 5.4.9)\n    Node v14.17.6\n    /home/runner/work/neon-uat/neon-uat",
        "time" : {
          "start" : 1631171233978,
          "stop" : 1631171242949,
          "duration" : 8971
        }
      }, {
        "uid" : "a9d04755c01d848d",
        "reportUrl" : "https://neonlabsorg.github.io/neon-uat/32//#testresult/a9d04755c01d848d",
        "status" : "failed",
        "statusDetails" : "AssertionError: assert \"Returned er...th_accounts'\" not in '/home/runne...t/neon-uat\\n'\n  \"Returned error: 'E...bute 'eth_accounts'\" is contained here:\n    =\n    \n    Error: Returned error: 'EthereumModel' object has no attribute 'eth_accounts'\n        at Object.ErrorResponse (/home/runner/work/neon-uat/neon-uat/node_modules/truffle/build/webpack:/node_modules/web3-core-helpers/lib/errors.js:28:1)\n        at /home/runner/work/neon-uat/neon-uat/node_modules/truffle/build/webpack:/node_modules/web3/node_modules/web3-core-requestmanager/lib/index.js:302:1\n        at /home/runner/work/neon-uat/neon-uat/node_modules/truffle/build/webpack:/packages/provider/wrapper.js:107:1\n        at XMLHttpRequest.request.onreadystatechange (/home/runner/work/neon-uat/neon-uat/node_modules/web3-providers-http/lib/index.js:98:13)\n        at XMLHttpRequestEventTarget.dispatchEvent (/home/runner/work/neon-uat/neon-uat/node_modules/xhr2-cookies/xml-http-request-event-target.ts:44:13)\n        at XMLHttpRequest._setReadyState (/home/runner/work/neon-uat/neon-uat/node_modules/xhr2-cookies/xml-http-request.ts:219:8)\n        at XMLHttpRequest._onHttpResponseEnd (/home/runner/work/neon-uat/neon-uat/node_modules/xhr2-cookies/xml-http-request.ts:345:8)\n        at IncomingMessage.<anonymous> (/home/runner/work/neon-uat/neon-uat/node_modules/xhr2-cookies/xml-http-request.ts:311:39)\n        at IncomingMessage.emit (events.js:412:35)\n        at endReadableNT (internal/streams/readable.js:1317:12)\n        at processTicksAndRejections (internal/process/task_queues.js:82:21)\n    Truffle v5.4.9 (core: 5.4.9)\n    Node v14.17.6\n    /home/runner/work/neon-uat/neon-uat",
        "time" : {
          "start" : 1631113835568,
          "stop" : 1631113844564,
          "duration" : 8996
        }
      }, {
        "uid" : "51d8066e663e807",
        "reportUrl" : "https://neonlabsorg.github.io/neon-uat/31//#testresult/51d8066e663e807",
        "status" : "passed",
        "time" : {
          "start" : 1631083244098,
          "stop" : 1631083253401,
          "duration" : 9303
        }
      }, {
        "uid" : "4268e277c98cf150",
        "reportUrl" : "https://neonlabsorg.github.io/neon-uat/30//#testresult/4268e277c98cf150",
        "status" : "passed",
        "time" : {
          "start" : 1631079608462,
          "stop" : 1631079615441,
          "duration" : 6979
        }
      }, {
        "uid" : "8f79efda1714f73",
        "reportUrl" : "https://neonlabsorg.github.io/neon-uat/29//#testresult/8f79efda1714f73",
        "status" : "passed",
        "time" : {
          "start" : 1631079364131,
          "stop" : 1631079372364,
          "duration" : 8233
        }
      }, {
        "uid" : "fca3329fcdeb02de",
        "reportUrl" : "https://neonlabsorg.github.io/neon-uat/28//#testresult/fca3329fcdeb02de",
        "status" : "passed",
        "time" : {
          "start" : 1631067688447,
          "stop" : 1631067697283,
          "duration" : 8836
        }
      }, {
        "uid" : "a484d86828a76057",
        "reportUrl" : "https://neonlabsorg.github.io/neon-uat/27//#testresult/a484d86828a76057",
        "status" : "passed",
        "time" : {
          "start" : 1631067673629,
          "stop" : 1631067681822,
          "duration" : 8193
        }
      } ]
    },
    "tags" : [ ]
  },
  "source" : "840ec443e586698b.json",
  "parameterValues" : [ ]
}