{
  "uid" : "d75a57dd2a5d0ddb",
  "name" : "test_truffle_migration",
  "fullName" : "tests.truffle.test_truffle#test_truffle_migration",
  "historyId" : "e63c5a1b531c2472845045a6f65cedaf",
  "time" : {
    "start" : 1632065557228,
    "stop" : 1632065590664,
    "duration" : 33436
  },
  "status" : "passed",
  "flaky" : false,
  "newFailed" : false,
  "beforeStages" : [ {
    "name" : "prepare_truffle_config",
    "time" : {
      "start" : 1632065557217,
      "stop" : 1632065557227,
      "duration" : 10
    },
    "status" : "passed",
    "steps" : [ ],
    "attachments" : [ ],
    "parameters" : [ ],
    "stepsCount" : 0,
    "attachmentsCount" : 0,
    "shouldDisplayMessage" : false,
    "hasContent" : false
  } ],
  "testStage" : {
    "status" : "passed",
    "steps" : [ ],
    "attachments" : [ {
      "uid" : "229c4db445a6721b",
      "name" : "stdout",
      "source" : "229c4db445a6721b.txt",
      "type" : "text/plain",
      "size" : 1791
    }, {
      "uid" : "bb171afa78e30ab1",
      "name" : "stderr",
      "source" : "bb171afa78e30ab1.txt",
      "type" : "text/plain",
      "size" : 34
    } ],
    "parameters" : [ ],
    "stepsCount" : 0,
    "attachmentsCount" : 2,
    "shouldDisplayMessage" : false,
    "hasContent" : true
  },
  "afterStages" : [ {
    "name" : "prepare_truffle_config::0",
    "time" : {
      "start" : 1632065590665,
      "stop" : 1632065590665,
      "duration" : 0
    },
    "status" : "passed",
    "steps" : [ ],
    "attachments" : [ ],
    "parameters" : [ ],
    "stepsCount" : 0,
    "attachmentsCount" : 0,
    "shouldDisplayMessage" : false,
    "hasContent" : false
  } ],
  "labels" : [ {
    "name" : "parentSuite",
    "value" : "tests.truffle"
  }, {
    "name" : "suite",
    "value" : "test_truffle"
  }, {
    "name" : "host",
    "value" : "fv-az83-568"
  }, {
    "name" : "thread",
    "value" : "3962-MainThread"
  }, {
    "name" : "framework",
    "value" : "pytest"
  }, {
    "name" : "language",
    "value" : "cpython3"
  }, {
    "name" : "package",
    "value" : "tests.truffle.test_truffle"
  }, {
    "name" : "resultFormat",
    "value" : "allure2"
  } ],
  "parameters" : [ ],
  "links" : [ ],
  "hidden" : false,
  "retry" : false,
  "extra" : {
    "severity" : "normal",
    "retries" : [ ],
    "categories" : [ ],
    "history" : {
      "statistic" : {
        "failed" : 6,
        "broken" : 0,
        "skipped" : 0,
        "passed" : 13,
        "unknown" : 0,
        "total" : 19
      },
      "items" : [ {
        "uid" : "c8c04c82470d3087",
        "reportUrl" : "https://neonlabsorg.github.io/neon-compatibility/99//#testresult/c8c04c82470d3087",
        "status" : "passed",
        "time" : {
          "start" : 1632065514822,
          "stop" : 1632065546055,
          "duration" : 31233
        }
      }, {
        "uid" : "1ae3c766f8cf24dc",
        "reportUrl" : "https://neonlabsorg.github.io/neon-compatibility/98//#testresult/1ae3c766f8cf24dc",
        "status" : "passed",
        "time" : {
          "start" : 1632062437173,
          "stop" : 1632062473785,
          "duration" : 36612
        }
      }, {
        "uid" : "90f57b4b1e6451b",
        "reportUrl" : "https://neonlabsorg.github.io/neon-compatibility/97//#testresult/90f57b4b1e6451b",
        "status" : "passed",
        "time" : {
          "start" : 1632062301258,
          "stop" : 1632062337217,
          "duration" : 35959
        }
      }, {
        "uid" : "121f4a096c95f031",
        "reportUrl" : "https://neonlabsorg.github.io/neon-compatibility/96//#testresult/121f4a096c95f031",
        "status" : "passed",
        "time" : {
          "start" : 1631876483076,
          "stop" : 1631876520298,
          "duration" : 37222
        }
      }, {
        "uid" : "359e07770a1d9210",
        "reportUrl" : "https://neonlabsorg.github.io/neon-compatibility/94//#testresult/359e07770a1d9210",
        "status" : "passed",
        "time" : {
          "start" : 1631876157934,
          "stop" : 1631876193890,
          "duration" : 35956
        }
      }, {
        "uid" : "a7f0683a579377ec",
        "reportUrl" : "https://neonlabsorg.github.io/neon-compatibility/95//#testresult/a7f0683a579377ec",
        "status" : "passed",
        "time" : {
          "start" : 1631876152244,
          "stop" : 1631876185405,
          "duration" : 33161
        }
      }, {
        "uid" : "b4b39996a8f3d293",
        "reportUrl" : "https://neonlabsorg.github.io/neon-compatibility/93//#testresult/b4b39996a8f3d293",
        "status" : "passed",
        "time" : {
          "start" : 1631876038654,
          "stop" : 1631876074255,
          "duration" : 35601
        }
      }, {
        "uid" : "30cc9d3b07995867",
        "reportUrl" : "https://neonlabsorg.github.io/neon-compatibility/92//#testresult/30cc9d3b07995867",
        "status" : "passed",
        "time" : {
          "start" : 1631858251632,
          "stop" : 1631858289658,
          "duration" : 38026
        }
      }, {
        "uid" : "9f6431316aa425d2",
        "reportUrl" : "https://neonlabsorg.github.io/neon-compatibility/91//#testresult/9f6431316aa425d2",
        "status" : "passed",
        "time" : {
          "start" : 1631858123282,
          "stop" : 1631858156502,
          "duration" : 33220
        }
      }, {
        "uid" : "9a597145be7ce929",
        "reportUrl" : "https://neonlabsorg.github.io/neon-compatibility/90//#testresult/9a597145be7ce929",
        "status" : "failed",
        "statusDetails" : "AssertionError: assert 'Error:  ***...t Failed ***' not in '/home/runne...lity\\nstrict'\n  'Error:  *** Deployment Failed ***' is contained here:\n    --------\n    \n    Error:  *** Deployment Failed ***\n    \n    \"Migrations\" -- ESOCKETTIMEDOUT\n    {\n      \"originalError\": {\n        \"code\": \"ESOCKETTIMEDOUT\",\n        \"connect\": false\n      }\n    }.\n    \n        at /home/runner/work/neon-compatibility/neon-compatibility/node_modules/truffle/build/webpack:/packages/deployer/src/deployment.js:365:1\n        at runMicrotasks (<anonymous>)\n        at processTicksAndRejections (internal/process/task_queues.js:95:5)\n        at Migration._deploy (/home/runner/work/neon-compatibility/neon-compatibility/node_modules/truffle/build/webpack:/packages/migrate/Migration.js:70:1)\n        at Migration._load (/home/runner/work/neon-compatibility/neon-compatibility/node_modules/truffle/build/webpack:/packages/migrate/Migration.js:56:1)\n        at Migration.run (/home/runner/work/neon-compatibility/neon-compatibility/node_modules/truffle/build/webpack:/packages/migrate/Migration.js:217:1)\n        at Object.runMigrations (/home/runner/work/neon-compatibility/neon-compatibility/node_modules/truffle/build/webpack:/packages/migrate/index.js:150:1)\n        at Object.runFrom (/home/runner/work/neon-compatibility/neon-compatibility/node_modules/truffle/build/webpack:/packages/migrate/index.js:110:1)\n        at Object.run (/home/runner/work/neon-compatibility/neon-compatibility/node_modules/truffle/build/webpack:/packages/migrate/index.js:87:1)\n        at runMigrations (/home/runner/work/neon-compatibility/neon-compatibility/node_modules/truffle/build/webpack:/packages/core/lib/commands/migrate.js:258:1)\n        at Object.run (/home/runner/work/neon-compatibility/neon-compatibility/node_modules/truffle/build/webpack:/packages/core/lib/commands/migrate.js:223:1)\n        at Command.run (/home/runner/work/neon-compatibility/neon-compatibility/node_modules/truffle/build/webpack:/packages/core/lib/command.js:172:1)\n    Truffle v5.4.10 (core: 5.4.10)\n    Node v14.17.6\n    /home/runner/work/neon-compatibility/neon-compatibility\n    strict",
        "time" : {
          "start" : 1631821850043,
          "stop" : 1631821895075,
          "duration" : 45032
        }
      }, {
        "uid" : "57eca867ac30016b",
        "reportUrl" : "https://neonlabsorg.github.io/neon-compatibility/89//#testresult/57eca867ac30016b",
        "status" : "failed",
        "statusDetails" : "AssertionError: assert 'Error:  ***...t Failed ***' not in '/home/runne...lity\\nstrict'\n  'Error:  *** Deployment Failed ***' is contained here:\n    --------\n    \n    Error:  *** Deployment Failed ***\n    \n    \"Migrations\" -- ESOCKETTIMEDOUT\n    {\n      \"originalError\": {\n        \"code\": \"ESOCKETTIMEDOUT\",\n        \"connect\": false\n      }\n    }.\n    \n        at /home/runner/work/neon-compatibility/neon-compatibility/node_modules/truffle/build/webpack:/packages/deployer/src/deployment.js:365:1\n        at runMicrotasks (<anonymous>)\n        at processTicksAndRejections (internal/process/task_queues.js:95:5)\n        at Migration._deploy (/home/runner/work/neon-compatibility/neon-compatibility/node_modules/truffle/build/webpack:/packages/migrate/Migration.js:70:1)\n        at Migration._load (/home/runner/work/neon-compatibility/neon-compatibility/node_modules/truffle/build/webpack:/packages/migrate/Migration.js:56:1)\n        at Migration.run (/home/runner/work/neon-compatibility/neon-compatibility/node_modules/truffle/build/webpack:/packages/migrate/Migration.js:217:1)\n        at Object.runMigrations (/home/runner/work/neon-compatibility/neon-compatibility/node_modules/truffle/build/webpack:/packages/migrate/index.js:150:1)\n        at Object.runFrom (/home/runner/work/neon-compatibility/neon-compatibility/node_modules/truffle/build/webpack:/packages/migrate/index.js:110:1)\n        at Object.run (/home/runner/work/neon-compatibility/neon-compatibility/node_modules/truffle/build/webpack:/packages/migrate/index.js:87:1)\n        at runMigrations (/home/runner/work/neon-compatibility/neon-compatibility/node_modules/truffle/build/webpack:/packages/core/lib/commands/migrate.js:258:1)\n        at Object.run (/home/runner/work/neon-compatibility/neon-compatibility/node_modules/truffle/build/webpack:/packages/core/lib/commands/migrate.js:223:1)\n        at Command.run (/home/runner/work/neon-compatibility/neon-compatibility/node_modules/truffle/build/webpack:/packages/core/lib/command.js:172:1)\n    Truffle v5.4.10 (core: 5.4.10)\n    Node v14.17.6\n    /home/runner/work/neon-compatibility/neon-compatibility\n    strict",
        "time" : {
          "start" : 1631821500607,
          "stop" : 1631821544030,
          "duration" : 43423
        }
      }, {
        "uid" : "c515c22daacde712",
        "reportUrl" : "https://neonlabsorg.github.io/neon-compatibility/88//#testresult/c515c22daacde712",
        "status" : "failed",
        "statusDetails" : "AssertionError: assert 'Error:  ***...t Failed ***' not in '/home/runne...patibility\\n'\n  'Error:  *** Deployment Failed ***' is contained here:\n    --------\n    \n    Error:  *** Deployment Failed ***\n    \n    \"Migrations\" -- ESOCKETTIMEDOUT\n    {\n      \"originalError\": {\n        \"code\": \"ESOCKETTIMEDOUT\",\n        \"connect\": false\n      }\n    }.\n    \n        at /home/runner/work/neon-compatibility/neon-compatibility/node_modules/truffle/build/webpack:/packages/deployer/src/deployment.js:365:1\n        at runMicrotasks (<anonymous>)\n        at processTicksAndRejections (internal/process/task_queues.js:95:5)\n        at Migration._deploy (/home/runner/work/neon-compatibility/neon-compatibility/node_modules/truffle/build/webpack:/packages/migrate/Migration.js:70:1)\n        at Migration._load (/home/runner/work/neon-compatibility/neon-compatibility/node_modules/truffle/build/webpack:/packages/migrate/Migration.js:56:1)\n        at Migration.run (/home/runner/work/neon-compatibility/neon-compatibility/node_modules/truffle/build/webpack:/packages/migrate/Migration.js:217:1)\n        at Object.runMigrations (/home/runner/work/neon-compatibility/neon-compatibility/node_modules/truffle/build/webpack:/packages/migrate/index.js:150:1)\n        at Object.runFrom (/home/runner/work/neon-compatibility/neon-compatibility/node_modules/truffle/build/webpack:/packages/migrate/index.js:110:1)\n        at Object.run (/home/runner/work/neon-compatibility/neon-compatibility/node_modules/truffle/build/webpack:/packages/migrate/index.js:87:1)\n        at runMigrations (/home/runner/work/neon-compatibility/neon-compatibility/node_modules/truffle/build/webpack:/packages/core/lib/commands/migrate.js:258:1)\n        at Object.run (/home/runner/work/neon-compatibility/neon-compatibility/node_modules/truffle/build/webpack:/packages/core/lib/commands/migrate.js:223:1)\n        at Command.run (/home/runner/work/neon-compatibility/neon-compatibility/node_modules/truffle/build/webpack:/packages/core/lib/command.js:172:1)\n    Truffle v5.4.10 (core: 5.4.10)\n    Node v14.17.6\n    /home/runner/work/neon-compatibility/neon-compatibility",
        "time" : {
          "start" : 1631820248709,
          "stop" : 1631820294741,
          "duration" : 46032
        }
      }, {
        "uid" : "7c31b267ead8214d",
        "reportUrl" : "https://neonlabsorg.github.io/neon-compatibility/87//#testresult/7c31b267ead8214d",
        "status" : "passed",
        "time" : {
          "start" : 1631819916900,
          "stop" : 1631819961552,
          "duration" : 44652
        }
      }, {
        "uid" : "447cac094baf43ef",
        "reportUrl" : "https://neonlabsorg.github.io/neon-compatibility/86//#testresult/447cac094baf43ef",
        "status" : "failed",
        "statusDetails" : "AssertionError: assert 'Error:  ***...t Failed ***' not in '/home/runne...patibility\\n'\n  'Error:  *** Deployment Failed ***' is contained here:\n    --------\n    \n    Error:  *** Deployment Failed ***\n    \n    \"Migrations\" -- ESOCKETTIMEDOUT\n    {\n      \"originalError\": {\n        \"code\": \"ESOCKETTIMEDOUT\",\n        \"connect\": false\n      }\n    }.\n    \n        at /home/runner/work/neon-compatibility/neon-compatibility/node_modules/truffle/build/webpack:/packages/deployer/src/deployment.js:365:1\n        at runMicrotasks (<anonymous>)\n        at processTicksAndRejections (internal/process/task_queues.js:95:5)\n        at Migration._deploy (/home/runner/work/neon-compatibility/neon-compatibility/node_modules/truffle/build/webpack:/packages/migrate/Migration.js:70:1)\n        at Migration._load (/home/runner/work/neon-compatibility/neon-compatibility/node_modules/truffle/build/webpack:/packages/migrate/Migration.js:56:1)\n        at Migration.run (/home/runner/work/neon-compatibility/neon-compatibility/node_modules/truffle/build/webpack:/packages/migrate/Migration.js:217:1)\n        at Object.runMigrations (/home/runner/work/neon-compatibility/neon-compatibility/node_modules/truffle/build/webpack:/packages/migrate/index.js:150:1)\n        at Object.runFrom (/home/runner/work/neon-compatibility/neon-compatibility/node_modules/truffle/build/webpack:/packages/migrate/index.js:110:1)\n        at Object.run (/home/runner/work/neon-compatibility/neon-compatibility/node_modules/truffle/build/webpack:/packages/migrate/index.js:87:1)\n        at runMigrations (/home/runner/work/neon-compatibility/neon-compatibility/node_modules/truffle/build/webpack:/packages/core/lib/commands/migrate.js:258:1)\n        at Object.run (/home/runner/work/neon-compatibility/neon-compatibility/node_modules/truffle/build/webpack:/packages/core/lib/commands/migrate.js:223:1)\n        at Command.run (/home/runner/work/neon-compatibility/neon-compatibility/node_modules/truffle/build/webpack:/packages/core/lib/command.js:172:1)\n    Truffle v5.4.10 (core: 5.4.10)\n    Node v14.17.6\n    /home/runner/work/neon-compatibility/neon-compatibility",
        "time" : {
          "start" : 1631819433983,
          "stop" : 1631819473594,
          "duration" : 39611
        }
      }, {
        "uid" : "affe7b2c4e2f1900",
        "reportUrl" : "https://neonlabsorg.github.io/neon-compatibility/85//#testresult/affe7b2c4e2f1900",
        "status" : "passed",
        "time" : {
          "start" : 1631819154356,
          "stop" : 1631819176278,
          "duration" : 21922
        }
      }, {
        "uid" : "32137fa1d2bfca6f",
        "reportUrl" : "https://neonlabsorg.github.io/neon-compatibility/84//#testresult/32137fa1d2bfca6f",
        "status" : "failed",
        "statusDetails" : "AssertionError: assert 'Error:  ***...t Failed ***' not in '/home/runne...patibility\\n'\n  'Error:  *** Deployment Failed ***' is contained here:\n    --------\n    \n    Error:  *** Deployment Failed ***\n    \n    \"Migrations\" -- ESOCKETTIMEDOUT\n    {\n      \"originalError\": {\n        \"code\": \"ESOCKETTIMEDOUT\",\n        \"connect\": false\n      }\n    }.\n    \n        at /home/runner/work/neon-compatibility/neon-compatibility/node_modules/truffle/build/webpack:/packages/deployer/src/deployment.js:365:1\n        at runMicrotasks (<anonymous>)\n        at processTicksAndRejections (internal/process/task_queues.js:95:5)\n        at Migration._deploy (/home/runner/work/neon-compatibility/neon-compatibility/node_modules/truffle/build/webpack:/packages/migrate/Migration.js:70:1)\n        at Migration._load (/home/runner/work/neon-compatibility/neon-compatibility/node_modules/truffle/build/webpack:/packages/migrate/Migration.js:56:1)\n        at Migration.run (/home/runner/work/neon-compatibility/neon-compatibility/node_modules/truffle/build/webpack:/packages/migrate/Migration.js:217:1)\n        at Object.runMigrations (/home/runner/work/neon-compatibility/neon-compatibility/node_modules/truffle/build/webpack:/packages/migrate/index.js:150:1)\n        at Object.runFrom (/home/runner/work/neon-compatibility/neon-compatibility/node_modules/truffle/build/webpack:/packages/migrate/index.js:110:1)\n        at Object.run (/home/runner/work/neon-compatibility/neon-compatibility/node_modules/truffle/build/webpack:/packages/migrate/index.js:87:1)\n        at runMigrations (/home/runner/work/neon-compatibility/neon-compatibility/node_modules/truffle/build/webpack:/packages/core/lib/commands/migrate.js:258:1)\n        at Object.run (/home/runner/work/neon-compatibility/neon-compatibility/node_modules/truffle/build/webpack:/packages/core/lib/commands/migrate.js:223:1)\n        at Command.run (/home/runner/work/neon-compatibility/neon-compatibility/node_modules/truffle/build/webpack:/packages/core/lib/command.js:172:1)\n    Truffle v5.4.10 (core: 5.4.10)\n    Node v14.17.6\n    /home/runner/work/neon-compatibility/neon-compatibility",
        "time" : {
          "start" : 1631818570260,
          "stop" : 1631818614733,
          "duration" : 44473
        }
      }, {
        "uid" : "43c9c25b0510e76",
        "reportUrl" : "https://neonlabsorg.github.io/neon-compatibility/83//#testresult/43c9c25b0510e76",
        "status" : "failed",
        "statusDetails" : "AssertionError: assert 'Error:  ***...t Failed ***' not in '/home/runne...patibility\\n'\n  'Error:  *** Deployment Failed ***' is contained here:\n    --------\n    \n    Error:  *** Deployment Failed ***\n    \n    \"Migrations\" -- ESOCKETTIMEDOUT\n    {\n      \"originalError\": {\n        \"code\": \"ESOCKETTIMEDOUT\",\n        \"connect\": false\n      }\n    }.\n    \n        at /home/runner/work/neon-compatibility/neon-compatibility/node_modules/truffle/build/webpack:/packages/deployer/src/deployment.js:365:1\n        at runMicrotasks (<anonymous>)\n        at processTicksAndRejections (internal/process/task_queues.js:95:5)\n        at Migration._deploy (/home/runner/work/neon-compatibility/neon-compatibility/node_modules/truffle/build/webpack:/packages/migrate/Migration.js:70:1)\n        at Migration._load (/home/runner/work/neon-compatibility/neon-compatibility/node_modules/truffle/build/webpack:/packages/migrate/Migration.js:56:1)\n        at Migration.run (/home/runner/work/neon-compatibility/neon-compatibility/node_modules/truffle/build/webpack:/packages/migrate/Migration.js:217:1)\n        at Object.runMigrations (/home/runner/work/neon-compatibility/neon-compatibility/node_modules/truffle/build/webpack:/packages/migrate/index.js:150:1)\n        at Object.runFrom (/home/runner/work/neon-compatibility/neon-compatibility/node_modules/truffle/build/webpack:/packages/migrate/index.js:110:1)\n        at Object.run (/home/runner/work/neon-compatibility/neon-compatibility/node_modules/truffle/build/webpack:/packages/migrate/index.js:87:1)\n        at runMigrations (/home/runner/work/neon-compatibility/neon-compatibility/node_modules/truffle/build/webpack:/packages/core/lib/commands/migrate.js:258:1)\n        at Object.run (/home/runner/work/neon-compatibility/neon-compatibility/node_modules/truffle/build/webpack:/packages/core/lib/commands/migrate.js:223:1)\n        at Command.run (/home/runner/work/neon-compatibility/neon-compatibility/node_modules/truffle/build/webpack:/packages/core/lib/command.js:172:1)\n    Truffle v5.4.10 (core: 5.4.10)\n    Node v14.17.6\n    /home/runner/work/neon-compatibility/neon-compatibility",
        "time" : {
          "start" : 1631818226246,
          "stop" : 1631818302932,
          "duration" : 76686
        }
      }, {
        "uid" : "881f8e09ec1cf80c",
        "reportUrl" : "https://neonlabsorg.github.io/neon-compatibility/82//#testresult/881f8e09ec1cf80c",
        "status" : "passed",
        "time" : {
          "start" : 1631817273047,
          "stop" : 1631817307594,
          "duration" : 34547
        }
      } ]
    },
    "tags" : [ ]
  },
  "source" : "d75a57dd2a5d0ddb.json",
  "parameterValues" : [ ]
}