{
  "uid" : "d699003e1c7590aa",
  "name" : "test_truffle_with_openzeppelin",
  "fullName" : "tests.openzeppelin.test_openzeppelin#test_truffle_with_openzeppelin",
  "historyId" : "9e48b3092345a2b8b693c0934ab51b2b",
  "time" : {
    "start" : 1631334970217,
    "stop" : 1631334976264,
    "duration" : 6047
  },
  "status" : "failed",
  "statusMessage" : "AssertionError: assert 'passing' in \"/home/runner/work/neon-compatibility/neon-compatibility/OpenZeppelin\\nError: Returned error: 'EthereumModel' object h...eues.js:82:21)\\nTruffle v5.4.9 (core: 5.4.9)\\nNode v14.17.6\\n/home/runner/work/neon-compatibility/neon-compatibility\\n\"\n +  where 'passing' = OpenZeppelinSuccess.SUCCESS_PASSING",
  "statusTrace" : "def test_truffle_with_openzeppelin():\n        # truffle test\n        actual_result = run_command_line(\n            f\"{Subfolder.CD_OPENZEPPELIN} {RunCommand.TRUFFLE} test {CD_BACK}\")\n>       assert OpenZeppelinSuccess.SUCCESS_PASSING in actual_result\nE       assert 'passing' in \"/home/runner/work/neon-compatibility/neon-compatibility/OpenZeppelin\\nError: Returned error: 'EthereumModel' object h...eues.js:82:21)\\nTruffle v5.4.9 (core: 5.4.9)\\nNode v14.17.6\\n/home/runner/work/neon-compatibility/neon-compatibility\\n\"\nE        +  where 'passing' = OpenZeppelinSuccess.SUCCESS_PASSING\n\ntests/openzeppelin/test_openzeppelin.py:13: AssertionError",
  "flaky" : false,
  "newFailed" : false,
  "beforeStages" : [ ],
  "afterStages" : [ ],
  "labels" : [ {
    "name" : "parentSuite",
    "value" : "tests.openzeppelin"
  }, {
    "name" : "suite",
    "value" : "test_openzeppelin"
  }, {
    "name" : "host",
    "value" : "fv-az39-562"
  }, {
    "name" : "thread",
    "value" : "4017-MainThread"
  }, {
    "name" : "framework",
    "value" : "pytest"
  }, {
    "name" : "language",
    "value" : "cpython3"
  }, {
    "name" : "package",
    "value" : "tests.openzeppelin.test_openzeppelin"
  }, {
    "name" : "resultFormat",
    "value" : "allure2"
  } ],
  "parameters" : [ ],
  "links" : [ ],
  "hidden" : false,
  "retry" : false,
  "extra" : {
    "severity" : "normal",
    "retries" : [ ],
    "categories" : [ {
      "name" : "Product defects",
      "matchedStatuses" : [ ],
      "flaky" : false
    } ],
    "history" : {
      "statistic" : {
        "failed" : 13,
        "broken" : 0,
        "skipped" : 0,
        "passed" : 0,
        "unknown" : 0,
        "total" : 13
      },
      "items" : [ {
        "uid" : "1bfe3519f3025086",
        "reportUrl" : "https://neonlabsorg.github.io/neon-compatibility/54//#testresult/1bfe3519f3025086",
        "status" : "failed",
        "statusDetails" : "AssertionError: assert 'passing' in \"/home/runner/work/neon-compatibility/neon-compatibility/OpenZeppelin\\nError: Returned error: 'EthereumModel' object h...eues.js:82:21)\\nTruffle v5.4.9 (core: 5.4.9)\\nNode v14.17.6\\n/home/runner/work/neon-compatibility/neon-compatibility\\n\"\n +  where 'passing' = OpenZeppelinSuccess.SUCCESS_PASSING",
        "time" : {
          "start" : 1631334259057,
          "stop" : 1631334266075,
          "duration" : 7018
        }
      }, {
        "uid" : "52ceea34bbb705dd",
        "reportUrl" : "https://neonlabsorg.github.io/neon-compatibility/52//#testresult/52ceea34bbb705dd",
        "status" : "failed",
        "statusDetails" : "AssertionError: assert 'passing' in \"/home/runner/work/neon-compatibility/neon-compatibility/OpenZeppelin\\nError: Returned error: 'EthereumModel' object h...eues.js:82:21)\\nTruffle v5.4.9 (core: 5.4.9)\\nNode v14.17.6\\n/home/runner/work/neon-compatibility/neon-compatibility\\n\"\n +  where 'passing' = OpenZeppelinSuccess.SUCCESS_PASSING",
        "time" : {
          "start" : 1631254363708,
          "stop" : 1631254371115,
          "duration" : 7407
        }
      }, {
        "uid" : "11fd01644516e3d3",
        "reportUrl" : "https://neonlabsorg.github.io/neon-compatibility/53//#testresult/11fd01644516e3d3",
        "status" : "failed",
        "statusDetails" : "AssertionError: assert 'passing' in \"/home/runner/work/neon-compatibility/neon-compatibility/OpenZeppelin\\nError: Returned error: 'EthereumModel' object h...eues.js:82:21)\\nTruffle v5.4.9 (core: 5.4.9)\\nNode v14.17.6\\n/home/runner/work/neon-compatibility/neon-compatibility\\n\"\n +  where 'passing' = OpenZeppelinSuccess.SUCCESS_PASSING",
        "time" : {
          "start" : 1631254343700,
          "stop" : 1631254349291,
          "duration" : 5591
        }
      }, {
        "uid" : "dc8fd8c6c9c092f7",
        "reportUrl" : "https://neonlabsorg.github.io/neon-compatibility/51//#testresult/dc8fd8c6c9c092f7",
        "status" : "failed",
        "statusDetails" : "AssertionError: assert 'passing' in \"/home/runner/work/neon-compatibility/neon-compatibility/OpenZeppelin\\nError: Returned error: 'EthereumModel' object h...eues.js:82:21)\\nTruffle v5.4.9 (core: 5.4.9)\\nNode v14.17.6\\n/home/runner/work/neon-compatibility/neon-compatibility\\n\"\n +  where 'passing' = OpenZeppelinSuccess.SUCCESS_PASSING",
        "time" : {
          "start" : 1631254281120,
          "stop" : 1631254287932,
          "duration" : 6812
        }
      }, {
        "uid" : "4f98683f7268911b",
        "reportUrl" : "https://neonlabsorg.github.io/neon-uat/50//#testresult/4f98683f7268911b",
        "status" : "failed",
        "statusDetails" : "AssertionError: assert 'passing' in \"/home/runner/work/neon-uat/neon-uat/OpenZeppelin\\nError: Returned error: 'EthereumModel' object has no attribute 'eth...rnal/process/task_queues.js:82:21)\\nTruffle v5.4.9 (core: 5.4.9)\\nNode v14.17.6\\n/home/runner/work/neon-uat/neon-uat\\n\"\n +  where 'passing' = OpenZeppelinSuccess.SUCCESS_PASSING",
        "time" : {
          "start" : 1631247295336,
          "stop" : 1631247300927,
          "duration" : 5591
        }
      }, {
        "uid" : "f4981956781b85a2",
        "reportUrl" : "https://neonlabsorg.github.io/neon-uat/49//#testresult/f4981956781b85a2",
        "status" : "failed",
        "statusDetails" : "AssertionError: assert 'passing' in \"/home/runner/work/neon-uat/neon-uat/OpenZeppelin\\nError: Returned error: 'EthereumModel' object has no attribute 'eth...rnal/process/task_queues.js:82:21)\\nTruffle v5.4.9 (core: 5.4.9)\\nNode v14.17.6\\n/home/runner/work/neon-uat/neon-uat\\n\"\n +  where 'passing' = OpenZeppelinSuccess.SUCCESS_PASSING",
        "time" : {
          "start" : 1631247267076,
          "stop" : 1631247274492,
          "duration" : 7416
        }
      }, {
        "uid" : "6bf78e3ada6c6d93",
        "reportUrl" : "https://neonlabsorg.github.io/neon-uat/48//#testresult/6bf78e3ada6c6d93",
        "status" : "failed",
        "statusDetails" : "AssertionError: assert 'passing' in \"/home/runner/work/neon-uat/neon-uat/OpenZeppelin\\nError: Returned error: 'EthereumModel' object has no attribute 'eth...rnal/process/task_queues.js:82:21)\\nTruffle v5.4.9 (core: 5.4.9)\\nNode v14.17.6\\n/home/runner/work/neon-uat/neon-uat\\n\"\n +  where 'passing' = OpenZeppelinSuccess.SUCCESS_PASSING",
        "time" : {
          "start" : 1631206836734,
          "stop" : 1631206844023,
          "duration" : 7289
        }
      }, {
        "uid" : "e4079fe6b732f89a",
        "reportUrl" : "https://neonlabsorg.github.io/neon-uat/47//#testresult/e4079fe6b732f89a",
        "status" : "failed",
        "statusDetails" : "AssertionError: assert 'passing' in '/home/runner/work/neon-uat/neon-uat/OpenZeppelin\\n/home/runner/work/neon-uat/neon-uat\\n'\n +  where 'passing' = OpenZeppelinSuccess.SUCCESS_PASSING",
        "time" : {
          "start" : 1631198204011,
          "stop" : 1631198212116,
          "duration" : 8105
        }
      }, {
        "uid" : "f615a7363e123a1d",
        "reportUrl" : "https://neonlabsorg.github.io/neon-uat/46//#testresult/f615a7363e123a1d",
        "status" : "failed",
        "statusDetails" : "AssertionError: assert 'passing' in '/home/runner/work/neon-uat/neon-uat/OpenZeppelin\\n/home/runner/work/neon-uat/neon-uat\\n'\n +  where 'passing' = OpenZeppelinSuccess.SUCCESS_PASSING",
        "time" : {
          "start" : 1631198076918,
          "stop" : 1631198084850,
          "duration" : 7932
        }
      }, {
        "uid" : "fc99e1474f734cb7",
        "reportUrl" : "https://neonlabsorg.github.io/neon-uat/45//#testresult/fc99e1474f734cb7",
        "status" : "failed",
        "statusDetails" : "AssertionError: assert 'passing' in '/home/runner/work/neon-uat/neon-uat/OpenZeppelin\\n/home/runner/work/neon-uat/neon-uat\\n'\n +  where 'passing' = OpenZeppelinSuccess.SUCCESS_PASSING",
        "time" : {
          "start" : 1631198013590,
          "stop" : 1631198021907,
          "duration" : 8317
        }
      }, {
        "uid" : "d2976fc3713f0c4",
        "reportUrl" : "https://neonlabsorg.github.io/neon-uat/44//#testresult/d2976fc3713f0c4",
        "status" : "failed",
        "statusDetails" : "AssertionError: assert 'passing' in '/home/runner/work/neon-uat/neon-uat/OpenZeppelin\\n/home/runner/work/neon-uat/neon-uat\\n'\n +  where 'passing' = OpenZeppelinSuccess.SUCCESS_PASSING",
        "time" : {
          "start" : 1631195953455,
          "stop" : 1631195960953,
          "duration" : 7498
        }
      }, {
        "uid" : "b3843235e7185c93",
        "reportUrl" : "https://neonlabsorg.github.io/neon-uat/43//#testresult/b3843235e7185c93",
        "status" : "failed",
        "statusDetails" : "AssertionError: assert 'passing' in '/home/runner/work/neon-uat/neon-uat/OpenZeppelin\\n/home/runner/work/neon-uat/neon-uat\\n'\n +  where 'passing' = OpenZeppelinSuccess.SUCCESS_PASSING",
        "time" : {
          "start" : 1631195414436,
          "stop" : 1631195422511,
          "duration" : 8075
        }
      } ]
    },
    "tags" : [ ]
  },
  "source" : "d699003e1c7590aa.json",
  "parameterValues" : [ ]
}