{
  "uid" : "4b4757e66a1912dae1a509f688f20b0f",
  "children" : [ {
    "name" : "Product defects",
    "children" : [ {
      "name" : "AssertionError: assert \"ProviderErr...ientVersion'\" not in '/home/runne...lity\\nstrict'\n  \"ProviderError: 'Et...web3_clientVersion'\" is contained here:\n    ged:\n         ProviderError: 'EthereumModel' object has no attribute 'web3_clientVersion'\n          at HttpProvider.request (/home/runner/work/neon-compatibility/neon-compatibility/node_modules/hardhat/src/internal/core/providers/http.ts:49:19)\n          at GanacheGasMultiplierProvider._isGanache (/home/runner/work/neon-compatibility/neon-compatibility/node_modules/hardhat/src/internal/core/providers/gas-providers.ts:315:58)\n          at GanacheGasMultiplierProvider.request (/home/runner/work/neon-compatibility/neon-compatibility/node_modules/hardhat/src/internal/core/providers/gas-providers.ts:304:34)\n          at AutomaticSenderProvider.request (/home/runner/work/neon-compatibility/neon-compatibility/node_modules/hardhat/src/internal/core/providers/accounts.ts:328:34)\n          at AutomaticGasProvider.request (/home/runner/work/neon-compatibility/neon-compatibility/node_modules/hardhat/src/internal/core/providers/gas-providers.ts:135:34)\n          at AutomaticGasPriceProvider.request (/home/runner/work/neon-compatibility/neon-compatibility/node_modules/hardhat/src/internal/core/providers/gas-providers.ts:152:36)\n          at BackwardsCompatibilityProviderAdapter.send (/home/runner/work/neon-compatibility/neon-compatibility/node_modules/hardhat/src/internal/core/providers/backwards-compatibility.ts:36:27)\n          at EthersProviderWrapper.send (/home/runner/work/neon-compatibility/neon-compatibility/node_modules/@nomiclabs/hardhat-ethers/src/internal/ethers-provider-wrapper.ts:13:48)\n          at EthersProviderWrapper.JsonRpcProvider.listAccounts (/home/runner/work/neon-compatibility/neon-compatibility/node_modules/@ethersproject/providers/src.ts/json-rpc-provider.ts:410:21)\n          at Object.getSigners (/home/runner/work/neon-compatibility/neon-compatibility/node_modules/@nomiclabs/hardhat-ethers/src/internal/helpers.ts:23:46)\n    \n    \n    \n    /home/runner/work/neon-compatibility/neon-compatibility\n    strict",
      "children" : [ {
        "name" : "test_hardhat_advanced",
        "uid" : "c5da49163ccc8211",
        "parentUid" : "fe682be264a6606ca6cbca032ba6d1ba",
        "status" : "failed",
        "time" : {
          "start" : 1632571961326,
          "stop" : 1632571968656,
          "duration" : 7330
        },
        "flaky" : false,
        "newFailed" : false,
        "parameters" : [ ]
      } ],
      "uid" : "fe682be264a6606ca6cbca032ba6d1ba"
    }, {
      "name" : "AssertionError: assert 'Error: Coul... any sources' not in '/home/runne...lity\\nstrict'\n  'Error: Could not f...ns from any sources' is contained here:\n           ^\n    \n    Error: Could not find artifacts for Migrations from any sources\n        at Resolver.require (/home/runner/work/neon-compatibility/neon-compatibility/node_modules/truffle/build/webpack:/packages/resolver/dist/lib/resolver.js:61:1)\n        at Object.require (/home/runner/work/neon-compatibility/neon-compatibility/node_modules/truffle/build/webpack:/packages/migrate/index.js:172:1)\n        at ResolverIntercept.require (/home/runner/work/neon-compatibility/neon-compatibility/node_modules/truffle/build/webpack:/packages/migrate/ResolverIntercept.js:22:1)\n        at /home/runner/work/neon-compatibility/neon-compatibility/OpenZeppelin/migrations/1_initial_migration.js:1:30\n        at Script.runInContext (vm.js:144:12)\n        at Script.runInNewContext (vm.js:149:17)\n        at Object.file (/home/runner/work/neon-compatibility/neon-compatibility/node_modules/truffle/build/webpack:/packages/require/require.js:94:1)\n        at Migration._load (/home/runner/work/neon-compatibility/neon-compatibility/node_modules/truffle/build/webpack:/packages/migrate/Migration.js:44:1)\n        at Migration.run (/home/runner/work/neon-compatibility/neon-compatibility/node_modules/truffle/build/webpack:/packages/migrate/Migration.js:217:1)\n        at Object.runMigrations (/home/runner/work/neon-compatibility/neon-compatibility/node_modules/truffle/build/webpack:/packages/migrate/index.js:150:1)\n        at Object.runFrom (/home/runner/work/neon-compatibility/neon-compatibility/node_modules/truffle/build/webpack:/packages/migrate/index.js:110:1)\n        at Object.runAll (/home/runner/work/neon-compatibility/neon-compatibility/node_modules/truffle/build/webpack:/packages/migrate/index.js:114:1)\n        at Object.run (/home/runner/work/neon-compatibility/neon-compatibility/node_modules/truffle/build/webpack:/packages/migrate/index.js:79:1)\n        at Object.run (/home/runner/work/neon-compatibility/neon-compatibility/node_modules/truffle/build/webpack:/packages/core/lib/testing/Test.js:109:1)\n        at Object.run (/home/runner/work/neon-compatibility/neon-compatibility/node_modules/truffle/build/webpack:/packages/core/lib/commands/test/index.js:177:1)\n        at Command.run (/home/runner/work/neon-compatibility/neon-compatibility/node_modules/truffle/build/webpack:/packages/core/lib/command.js:183:1)\n    Truffle v5.4.11 (core: 5.4.11)\n    Node v14.17.6\n    /home/runner/work/neon-compatibility/neon-compatibility\n    strict",
      "children" : [ {
        "name" : "test_contracts[input_data0]",
        "uid" : "87f39e1cc2a70fd8",
        "parentUid" : "552e744741c1a42522b6c82db58638d8",
        "status" : "failed",
        "time" : {
          "start" : 1632571968812,
          "stop" : 1632571989812,
          "duration" : 21000
        },
        "flaky" : false,
        "newFailed" : false,
        "parameters" : [ "InputData(test_file='access/Ownable.test.js', test_files=['access/Ownable.test.js'], contracts=['access/Ownable.sol', 'mocks/OwnableMock.sol', 'mocks/AccessControlMock.sol', 'mocks/AccessControlEnumerableMock.sol', 'access/AccessControlEnumerable.sol', 'access/IAccessControlEnumerable.sol', 'utils/structs/EnumerableSet.sol', 'access/AccessControl.sol', 'utils/Context.sol', 'access/IAccessControl.sol', 'utils/Strings.sol', 'utils/introspection/ERC165.sol', 'utils/introspection/IERC165.sol'], migration_script='2_deploy_contracts.js')" ]
      }, {
        "name" : "test_contracts[input_data1]",
        "uid" : "e629e32431a4ee42",
        "parentUid" : "552e744741c1a42522b6c82db58638d8",
        "status" : "failed",
        "time" : {
          "start" : 1632571989833,
          "stop" : 1632572006542,
          "duration" : 16709
        },
        "flaky" : false,
        "newFailed" : false,
        "parameters" : [ "InputData(test_file='access/AccessControl.test.js', test_files=['access/AccessControl.test.js', 'access/AccessControl.behavior.js'], contracts=['mocks/AccessControlMock.sol', 'mocks/AccessControlEnumerableMock.sol', 'access/AccessControlEnumerable.sol', 'access/IAccessControlEnumerable.sol', 'utils/structs/EnumerableSet.sol', 'access/AccessControl.sol', 'utils/Strings.sol', 'utils/introspection/ERC165.sol', 'interfaces/IERC165.sol', 'utils/introspection/IERC165.sol'], migration_script='2_deploy_contracts.js')" ]
      }, {
        "name" : "test_contracts[input_data3]",
        "uid" : "fc42fe978da9594f",
        "parentUid" : "552e744741c1a42522b6c82db58638d8",
        "status" : "failed",
        "time" : {
          "start" : 1632572029579,
          "stop" : 1632572054987,
          "duration" : 25408
        },
        "flaky" : false,
        "newFailed" : false,
        "parameters" : [ "InputData(test_file='finance/PaymentSplitter.test.js', test_files=['finance/PaymentSplitter.test.js'], contracts=['finance/PaymentSplitter.sol', 'utils/Address.sol', 'utils/Context.sol', 'access/IAccessControl.sol', 'utils/Strings.sol', 'utils/introspection/ERC165.sol', 'interfaces/IERC165.sol', 'utils/introspection/IERC165.sol'], migration_script='3_deploy_contracts.js')" ]
      } ],
      "uid" : "552e744741c1a42522b6c82db58638d8"
    }, {
      "name" : "AssertionError: assert 'No contracts deployed.' not in '/home/runne...lity\\nstrict'\n  'No contracts deployed.' is contained here:\n    d: 111)\n      No contracts deployed.\n    \n    /home/runner/work/neon-compatibility/neon-compatibility\n    strict",
      "children" : [ {
        "name" : "test_truffle_contract",
        "uid" : "39f2c94598771c3",
        "parentUid" : "3684c30011a1864994b14aeff17a7d17",
        "status" : "failed",
        "time" : {
          "start" : 1632572103681,
          "stop" : 1632572106444,
          "duration" : 2763
        },
        "flaky" : false,
        "newFailed" : false,
        "parameters" : [ ]
      }, {
        "name" : "test_truffle_test",
        "uid" : "15637fdb37d9b734",
        "parentUid" : "3684c30011a1864994b14aeff17a7d17",
        "status" : "failed",
        "time" : {
          "start" : 1632572106463,
          "stop" : 1632572109254,
          "duration" : 2791
        },
        "flaky" : false,
        "newFailed" : false,
        "parameters" : [ ]
      } ],
      "uid" : "3684c30011a1864994b14aeff17a7d17"
    } ],
    "uid" : "8fb3a91ba5aaf9de24cc8a92edc82b5d"
  } ],
  "name" : "categories"
}