{
  "uid" : "3b692cc431950053",
  "name" : "test_truffle_with_openzeppelin",
  "fullName" : "tests.openzeppelin.test_openzeppelin#test_truffle_with_openzeppelin",
  "historyId" : "9e48b3092345a2b8b693c0934ab51b2b",
  "time" : {
    "start" : 1631195953455,
    "stop" : 1631195960953,
    "duration" : 7498
  },
  "status" : "failed",
  "statusMessage" : "AssertionError: assert 'passing' in '/home/runner/work/neon-uat/neon-uat/OpenZeppelin\\n/home/runner/work/neon-uat/neon-uat\\n'\n +  where 'passing' = OpenZeppelinSuccess.SUCCESS_PASSING",
  "statusTrace" : "def test_truffle_with_openzeppelin():\n        # truffle test\n        actual_result = run_command_line(\n            f\"{Subfolder.CD_OPENZEPPELIN} {RunCommand.TRUFFLE} test {CD_BACK}\")\n>       assert OpenZeppelinSuccess.SUCCESS_PASSING in actual_result\nE       AssertionError: assert 'passing' in '/home/runner/work/neon-uat/neon-uat/OpenZeppelin\\n/home/runner/work/neon-uat/neon-uat\\n'\nE        +  where 'passing' = OpenZeppelinSuccess.SUCCESS_PASSING\n\ntests/openzeppelin/test_openzeppelin.py:13: AssertionError",
  "flaky" : false,
  "newFailed" : false,
  "beforeStages" : [ ],
  "testStage" : {
    "status" : "failed",
    "statusMessage" : "AssertionError: assert 'passing' in '/home/runner/work/neon-uat/neon-uat/OpenZeppelin\\n/home/runner/work/neon-uat/neon-uat\\n'\n +  where 'passing' = OpenZeppelinSuccess.SUCCESS_PASSING",
    "statusTrace" : "def test_truffle_with_openzeppelin():\n        # truffle test\n        actual_result = run_command_line(\n            f\"{Subfolder.CD_OPENZEPPELIN} {RunCommand.TRUFFLE} test {CD_BACK}\")\n>       assert OpenZeppelinSuccess.SUCCESS_PASSING in actual_result\nE       AssertionError: assert 'passing' in '/home/runner/work/neon-uat/neon-uat/OpenZeppelin\\n/home/runner/work/neon-uat/neon-uat\\n'\nE        +  where 'passing' = OpenZeppelinSuccess.SUCCESS_PASSING\n\ntests/openzeppelin/test_openzeppelin.py:13: AssertionError",
    "steps" : [ ],
    "attachments" : [ {
      "uid" : "be63e3fd474834b4",
      "name" : "stderr",
      "source" : "be63e3fd474834b4.txt",
      "type" : "text/plain",
      "size" : 568
    } ],
    "parameters" : [ ],
    "stepsCount" : 0,
    "attachmentsCount" : 1,
    "shouldDisplayMessage" : true,
    "hasContent" : true
  },
  "afterStages" : [ ],
  "labels" : [ {
    "name" : "parentSuite",
    "value" : "tests.openzeppelin"
  }, {
    "name" : "suite",
    "value" : "test_openzeppelin"
  }, {
    "name" : "host",
    "value" : "fv-az74-860"
  }, {
    "name" : "thread",
    "value" : "3967-MainThread"
  }, {
    "name" : "framework",
    "value" : "pytest"
  }, {
    "name" : "language",
    "value" : "cpython3"
  }, {
    "name" : "package",
    "value" : "tests.openzeppelin.test_openzeppelin"
  }, {
    "name" : "resultFormat",
    "value" : "allure2"
  } ],
  "parameters" : [ ],
  "links" : [ ],
  "hidden" : false,
  "retry" : false,
  "extra" : {
    "severity" : "normal",
    "retries" : [ ],
    "categories" : [ {
      "name" : "Product defects",
      "matchedStatuses" : [ ],
      "flaky" : false
    } ],
    "history" : {
      "statistic" : {
        "failed" : 2,
        "broken" : 0,
        "skipped" : 0,
        "passed" : 0,
        "unknown" : 0,
        "total" : 2
      },
      "items" : [ {
        "uid" : "b3843235e7185c93",
        "reportUrl" : "https://neonlabsorg.github.io/neon-uat/43//#testresult/b3843235e7185c93",
        "status" : "failed",
        "statusDetails" : "AssertionError: assert 'passing' in '/home/runner/work/neon-uat/neon-uat/OpenZeppelin\\n/home/runner/work/neon-uat/neon-uat\\n'\n +  where 'passing' = OpenZeppelinSuccess.SUCCESS_PASSING",
        "time" : {
          "start" : 1631195414436,
          "stop" : 1631195422511,
          "duration" : 8075
        }
      } ]
    },
    "tags" : [ ]
  },
  "source" : "3b692cc431950053.json",
  "parameterValues" : [ ]
}