{
  "uid" : "4b4757e66a1912dae1a509f688f20b0f",
  "children" : [ {
    "name" : "Test defects",
    "children" : [ {
      "name" : "Request failed with status code 401",
      "children" : [ {
        "name" : "shouldCreateAcccountWithEthersJs",
        "uid" : "466449198306f9d8",
        "parentUid" : "d75729c6e03a4218b703191d8aa592cf",
        "status" : "broken",
        "time" : {
          "start" : 1640823124242,
          "stop" : 1640823125040,
          "duration" : 798
        },
        "flaky" : false,
        "newFailed" : false,
        "newPassed" : false,
        "newBroken" : false,
        "retriesCount" : 0,
        "retriesStatusChange" : false,
        "parameters" : [ ]
      } ],
      "uid" : "d75729c6e03a4218b703191d8aa592cf"
    }, {
      "name" : "ENS name not configured (operation=\"resolveName(\\\"ethers.eth\\\")\", code=UNSUPPORTED_OPERATION, version=providers/5.4.5)",
      "children" : [ {
        "name" : "testQueryingBlockchain",
        "uid" : "59bb49ca2e149a58",
        "parentUid" : "e7b99caf229df3f4350c94d3cb9e2152",
        "status" : "broken",
        "time" : {
          "start" : 1640823127986,
          "stop" : 1640823130326,
          "duration" : 2340
        },
        "flaky" : false,
        "newFailed" : false,
        "newPassed" : false,
        "newBroken" : false,
        "retriesCount" : 0,
        "retriesStatusChange" : false,
        "parameters" : [ ]
      } ],
      "uid" : "e7b99caf229df3f4350c94d3cb9e2152"
    }, {
      "name" : "provided ENS name resolves to null (argument=\"tx.to\", value=\"ricmoo.firefly.eth\", code=INVALID_ARGUMENT, version=providers/5.4.5)",
      "children" : [ {
        "name" : "testWritingToTheBlockchain",
        "uid" : "6b04a39e79905c9",
        "parentUid" : "a84db27a603b95faa88ded5ac73acc8c",
        "status" : "broken",
        "time" : {
          "start" : 1640823130326,
          "stop" : 1640823131899,
          "duration" : 1573
        },
        "flaky" : false,
        "newFailed" : false,
        "newPassed" : false,
        "newBroken" : false,
        "retriesCount" : 0,
        "retriesStatusChange" : false,
        "parameters" : [ ]
      } ],
      "uid" : "a84db27a603b95faa88ded5ac73acc8c"
    }, {
      "name" : "resolver or addr is not configured for ENS name (argument=\"name\", value=\"dai.tokens.ethers.eth\", code=INVALID_ARGUMENT, version=contracts/5.4.1)",
      "children" : [ {
        "name" : "testReadOnlyMethods",
        "uid" : "f07307bee12636f0",
        "parentUid" : "f691d142a21ba4d36298b566fe753fd0",
        "status" : "broken",
        "time" : {
          "start" : 1640823131911,
          "stop" : 1640823132995,
          "duration" : 1084
        },
        "flaky" : false,
        "newFailed" : false,
        "newPassed" : false,
        "newBroken" : false,
        "retriesCount" : 0,
        "retriesStatusChange" : false,
        "parameters" : [ ]
      } ],
      "uid" : "f691d142a21ba4d36298b566fe753fd0"
    }, {
      "name" : "processing response error (body=\"{\\\"jsonrpc\\\": \\\"2.0\\\", \\\"id\\\": 42, \\\"error\\\": {\\\"code\\\": -32000, \\\"message\\\": \\\"'EthereumModel' object has no attribute 'eth_accounts'\\\"}}\", error={\"code\":-32000}, requestBody=\"{\\\"method\\\":\\\"eth_accounts\\\",\\\"params\\\":[],\\\"id\\\":42,\\\"jsonrpc\\\":\\\"2.0\\\"}\", requestMethod=\"POST\", url=\"https://proxy.teststand2.neontest.xyz/solana\", code=SERVER_ERROR, version=web/5.4.0)",
      "children" : [ {
        "name" : "testQueryHistoricEvents",
        "uid" : "656cf66a977353cb",
        "parentUid" : "1c9cef6dc00d6f1778c1ad9bbfb4c284",
        "status" : "broken",
        "time" : {
          "start" : 1640823133002,
          "stop" : 1640823133489,
          "duration" : 487
        },
        "flaky" : false,
        "newFailed" : false,
        "newPassed" : false,
        "newBroken" : false,
        "retriesCount" : 0,
        "retriesStatusChange" : false,
        "parameters" : [ ]
      }, {
        "name" : "testSigningMessages",
        "uid" : "94075831b8fd6ff9",
        "parentUid" : "1c9cef6dc00d6f1778c1ad9bbfb4c284",
        "status" : "broken",
        "time" : {
          "start" : 1640823133491,
          "stop" : 1640823133967,
          "duration" : 476
        },
        "flaky" : false,
        "newFailed" : false,
        "newPassed" : false,
        "newBroken" : false,
        "retriesCount" : 0,
        "retriesStatusChange" : false,
        "parameters" : [ ]
      } ],
      "uid" : "1c9cef6dc00d6f1778c1ad9bbfb4c284"
    }, {
      "name" : "ethjs_provider_http_1.HttpProvider is not a constructor",
      "children" : [ {
        "name" : "test01",
        "uid" : "c11144a7f3211a50",
        "parentUid" : "426a702f588cd18af2cb78ab4240139d",
        "status" : "broken",
        "time" : {
          "start" : 1640823135004,
          "stop" : 1640823135009,
          "duration" : 5
        },
        "flaky" : false,
        "newFailed" : false,
        "newPassed" : false,
        "newBroken" : false,
        "retriesCount" : 0,
        "retriesStatusChange" : false,
        "parameters" : [ ]
      } ],
      "uid" : "426a702f588cd18af2cb78ab4240139d"
    }, {
      "name" : "'EthereumModel' object has no attribute 'eth_accounts'",
      "children" : [ {
        "name" : "Should return the new greeting once it's changed",
        "uid" : "747afcd44d7f73e3",
        "parentUid" : "e991f17fad413e6355747c09e6da3ec9",
        "status" : "broken",
        "time" : {
          "start" : 1640823140874,
          "stop" : 1640823141941,
          "duration" : 1067
        },
        "flaky" : false,
        "newFailed" : false,
        "newPassed" : false,
        "newBroken" : false,
        "retriesCount" : 0,
        "retriesStatusChange" : false,
        "parameters" : [ ]
      } ],
      "uid" : "e991f17fad413e6355747c09e6da3ec9"
    }, {
      "name" : "brownie.exceptions.RPCRequestError: 'EthereumModel' object has no attribute 'debug_traceTransaction'",
      "children" : [ {
        "name" : "test_returns_true",
        "uid" : "683584dd59e368bb",
        "parentUid" : "440fe0059ab542d32d4881e051951b40",
        "status" : "broken",
        "time" : {
          "start" : 1640823241771,
          "stop" : 1640823244308,
          "duration" : 2537
        },
        "flaky" : false,
        "newFailed" : false,
        "newPassed" : false,
        "newBroken" : false,
        "retriesCount" : 0,
        "retriesStatusChange" : false,
        "parameters" : [ ]
      }, {
        "name" : "test_returns_true",
        "uid" : "b7400eebc6b1addc",
        "parentUid" : "440fe0059ab542d32d4881e051951b40",
        "status" : "broken",
        "time" : {
          "start" : 1640823256481,
          "stop" : 1640823258515,
          "duration" : 2034
        },
        "flaky" : false,
        "newFailed" : false,
        "newPassed" : false,
        "newBroken" : false,
        "retriesCount" : 0,
        "retriesStatusChange" : false,
        "parameters" : [ ]
      }, {
        "name" : "test_returns_true",
        "uid" : "91a20a34ea3b261",
        "parentUid" : "440fe0059ab542d32d4881e051951b40",
        "status" : "broken",
        "time" : {
          "start" : 1640823299944,
          "stop" : 1640823303726,
          "duration" : 3782
        },
        "flaky" : false,
        "newFailed" : false,
        "newPassed" : false,
        "newBroken" : false,
        "retriesCount" : 0,
        "retriesStatusChange" : false,
        "parameters" : [ ]
      } ],
      "uid" : "440fe0059ab542d32d4881e051951b40"
    }, {
      "name" : "ValueError: Gas estimation failed: 'execution reverted: Insufficient balance'. This transaction will likely revert. If you wish to broadcast, you must set the gas limit manually.",
      "children" : [ {
        "name" : "test_insufficient_balance",
        "uid" : "93997db148584600",
        "parentUid" : "5f4213889cfcdff121652c3e5acdd001",
        "status" : "broken",
        "time" : {
          "start" : 1640823266715,
          "stop" : 1640823267298,
          "duration" : 583
        },
        "flaky" : false,
        "newFailed" : false,
        "newPassed" : false,
        "newBroken" : false,
        "retriesCount" : 0,
        "retriesStatusChange" : false,
        "parameters" : [ ]
      }, {
        "name" : "test_insufficient_balance",
        "uid" : "da447b6dc9cd84f9",
        "parentUid" : "5f4213889cfcdff121652c3e5acdd001",
        "status" : "broken",
        "time" : {
          "start" : 1640823315607,
          "stop" : 1640823318122,
          "duration" : 2515
        },
        "flaky" : false,
        "newFailed" : false,
        "newPassed" : false,
        "newBroken" : false,
        "retriesCount" : 0,
        "retriesStatusChange" : false,
        "parameters" : [ ]
      } ],
      "uid" : "5f4213889cfcdff121652c3e5acdd001"
    }, {
      "name" : "OverflowError: approve '-1' - -1 is outside allowable range for uint256",
      "children" : [ {
        "name" : "test_insufficient_approval",
        "uid" : "1212a7402246a7ff",
        "parentUid" : "3076f8d9ffd7bab937e7bd2d28ebd8a0",
        "status" : "broken",
        "time" : {
          "start" : 1640823318197,
          "stop" : 1640823318406,
          "duration" : 209
        },
        "flaky" : false,
        "newFailed" : false,
        "newPassed" : false,
        "newBroken" : false,
        "retriesCount" : 0,
        "retriesStatusChange" : false,
        "parameters" : [ ]
      } ],
      "uid" : "3076f8d9ffd7bab937e7bd2d28ebd8a0"
    } ],
    "uid" : "bdbf199525818fae7a8651db9eafe741"
  }, {
    "name" : "Product defects",
    "children" : [ {
      "name" : "AssertionError: Transaction did not revert",
      "children" : [ {
        "name" : "test_no_approval",
        "uid" : "7c5f53f26f64ae99",
        "parentUid" : "90f888e015672ae267836a9e2c59904f",
        "status" : "failed",
        "time" : {
          "start" : 1640823318506,
          "stop" : 1640823320579,
          "duration" : 2073
        },
        "flaky" : false,
        "newFailed" : false,
        "newPassed" : false,
        "newBroken" : false,
        "retriesCount" : 0,
        "retriesStatusChange" : false,
        "parameters" : [ ]
      }, {
        "name" : "test_revoked_approval",
        "uid" : "24b4196d48dbf81b",
        "parentUid" : "90f888e015672ae267836a9e2c59904f",
        "status" : "failed",
        "time" : {
          "start" : 1640823320594,
          "stop" : 1640823325891,
          "duration" : 5297
        },
        "flaky" : false,
        "newFailed" : false,
        "newPassed" : false,
        "newBroken" : false,
        "retriesCount" : 0,
        "retriesStatusChange" : false,
        "parameters" : [ ]
      }, {
        "name" : "test_transfer_to_self_no_approval",
        "uid" : "b93f243260b0ee7d",
        "parentUid" : "90f888e015672ae267836a9e2c59904f",
        "status" : "failed",
        "time" : {
          "start" : 1640823330385,
          "stop" : 1640823332427,
          "duration" : 2042
        },
        "flaky" : false,
        "newFailed" : false,
        "newPassed" : false,
        "newBroken" : false,
        "retriesCount" : 0,
        "retriesStatusChange" : false,
        "parameters" : [ ]
      } ],
      "uid" : "90f888e015672ae267836a9e2c59904f"
    }, {
      "name" : "AssertionError: assert 'Error: Coul... any sources' not in '/home/runne...ttempt #1.\\n'\n  'Error: Could not f...ns from any sources' is contained here:\n           ^\n    \n    Error: Could not find artifacts for Migrations from any sources\n        at Resolver.require (/home/runner/work/neon-compatibility/neon-compatibility/node_modules/truffle/build/webpack:/packages/resolver/dist/lib/resolver.js:61:1)\n        at Object.require (/home/runner/work/neon-compatibility/neon-compatibility/node_modules/truffle/build/webpack:/packages/migrate/index.js:172:1)\n        at ResolverIntercept.require (/home/runner/work/neon-compatibility/neon-compatibility/node_modules/truffle/build/webpack:/packages/migrate/ResolverIntercept.js:22:1)\n        at /home/runner/work/neon-compatibility/neon-compatibility/OpenZeppelin/migrations/1_initial_migration.js:1:30\n        at Script.runInContext (node:vm:139:12)\n        at Script.runInNewContext (node:vm:144:17)\n        at Object.file (/home/runner/work/neon-compatibility/neon-compatibility/node_modules/truffle/build/webpack:/packages/require/require.js:94:1)\n        at Migration._load (/home/runner/work/neon-compatibility/neon-compatibility/node_modules/truffle/build/webpack:/packages/migrate/Migration.js:44:1)\n        at Migration.run (/home/runner/work/neon-compatibility/neon-compatibility/node_modules/truffle/build/webpack:/packages/migrate/Migration.js:217:1)\n        at Object.runMigrations (/home/runner/work/neon-compatibility/neon-compatibility/node_modules/truffle/build/webpack:/packages/migrate/index.js:150:1)\n        at Object.runFrom (/home/runner/work/neon-compatibility/neon-compatibility/node_modules/truffle/build/webpack:/packages/migrate/index.js:110:1)\n        at Object.runAll (/home/runner/work/neon-compatibility/neon-compatibility/node_modules/truffle/build/webpack:/packages/migrate/index.js:114:1)\n        at Object.run (/home/runner/work/neon-compatibility/neon-compatibility/node_modules/truffle/build/webpack:/packages/migrate/index.js:79:1)\n        at Object.run (/home/runner/work/neon-compatibility/neon-compatibility/node_modules/truffle/build/webpack:/packages/core/lib/testing/Test.js:109:1)\n        at Object.run (/home/runner/work/neon-compatibility/neon-compatibility/node_modules/truffle/build/webpack:/packages/core/lib/commands/test/index.js:177:1)\n        at Command.run (/home/runner/work/neon-compatibility/neon-compatibility/node_modules/truffle/build/webpack:/packages/core/lib/command.js:183:1)\n    Truffle v5.4.14 (core: 5.4.14)\n    Node v16.13.1\n    /home/runner/work/neon-compatibility/neon-compatibility\n    - Fetching solc version list from solc-bin. Attempt #1\n    âœ” Downloading compiler. Attempt #1.",
      "children" : [ {
        "name" : "test_contracts[input_data0]",
        "uid" : "7246c330ffe1deb8",
        "parentUid" : "38d3bb28c4e7f58bedfceca8a53a3178",
        "status" : "failed",
        "time" : {
          "start" : 1640823336570,
          "stop" : 1640823357857,
          "duration" : 21287
        },
        "flaky" : true,
        "newFailed" : false,
        "newPassed" : false,
        "newBroken" : false,
        "retriesCount" : 0,
        "retriesStatusChange" : false,
        "parameters" : [ "InputData(test_file='access/Ownable.test.js', test_files=['access/Ownable.test.js'], contracts=['access/Ownable.sol', 'mocks/OwnableMock.sol', 'mocks/AccessControlMock.sol', 'mocks/AccessControlEnumerableMock.sol', 'access/AccessControlEnumerable.sol', 'access/IAccessControlEnumerable.sol', 'utils/structs/EnumerableSet.sol', 'access/AccessControl.sol', 'utils/Context.sol', 'access/IAccessControl.sol', 'utils/Strings.sol', 'utils/introspection/ERC165.sol', 'utils/introspection/IERC165.sol'], migration_script='2_deploy_contracts.js')" ]
      } ],
      "uid" : "38d3bb28c4e7f58bedfceca8a53a3178"
    }, {
      "name" : "AssertionError: assert 'Error: Coul... any sources' not in '/home/runne...patibility\\n'\n  'Error: Could not f...ns from any sources' is contained here:\n           ^\n    \n    Error: Could not find artifacts for Migrations from any sources\n        at Resolver.require (/home/runner/work/neon-compatibility/neon-compatibility/node_modules/truffle/build/webpack:/packages/resolver/dist/lib/resolver.js:61:1)\n        at Object.require (/home/runner/work/neon-compatibility/neon-compatibility/node_modules/truffle/build/webpack:/packages/migrate/index.js:172:1)\n        at ResolverIntercept.require (/home/runner/work/neon-compatibility/neon-compatibility/node_modules/truffle/build/webpack:/packages/migrate/ResolverIntercept.js:22:1)\n        at /home/runner/work/neon-compatibility/neon-compatibility/OpenZeppelin/migrations/1_initial_migration.js:1:30\n        at Script.runInContext (node:vm:139:12)\n        at Script.runInNewContext (node:vm:144:17)\n        at Object.file (/home/runner/work/neon-compatibility/neon-compatibility/node_modules/truffle/build/webpack:/packages/require/require.js:94:1)\n        at Migration._load (/home/runner/work/neon-compatibility/neon-compatibility/node_modules/truffle/build/webpack:/packages/migrate/Migration.js:44:1)\n        at Migration.run (/home/runner/work/neon-compatibility/neon-compatibility/node_modules/truffle/build/webpack:/packages/migrate/Migration.js:217:1)\n        at Object.runMigrations (/home/runner/work/neon-compatibility/neon-compatibility/node_modules/truffle/build/webpack:/packages/migrate/index.js:150:1)\n        at Object.runFrom (/home/runner/work/neon-compatibility/neon-compatibility/node_modules/truffle/build/webpack:/packages/migrate/index.js:110:1)\n        at Object.runAll (/home/runner/work/neon-compatibility/neon-compatibility/node_modules/truffle/build/webpack:/packages/migrate/index.js:114:1)\n        at Object.run (/home/runner/work/neon-compatibility/neon-compatibility/node_modules/truffle/build/webpack:/packages/migrate/index.js:79:1)\n        at Object.run (/home/runner/work/neon-compatibility/neon-compatibility/node_modules/truffle/build/webpack:/packages/core/lib/testing/Test.js:109:1)\n        at Object.run (/home/runner/work/neon-compatibility/neon-compatibility/node_modules/truffle/build/webpack:/packages/core/lib/commands/test/index.js:177:1)\n        at Command.run (/home/runner/work/neon-compatibility/neon-compatibility/node_modules/truffle/build/webpack:/packages/core/lib/command.js:183:1)\n    Truffle v5.4.14 (core: 5.4.14)\n    Node v16.13.1\n    /home/runner/work/neon-compatibility/neon-compatibility",
      "children" : [ {
        "name" : "test_contracts[input_data1]",
        "uid" : "3653f171051c2549",
        "parentUid" : "1f689f49ec365620ebd0eef9cfede94c",
        "status" : "failed",
        "time" : {
          "start" : 1640823357878,
          "stop" : 1640823377911,
          "duration" : 20033
        },
        "flaky" : false,
        "newFailed" : false,
        "newPassed" : false,
        "newBroken" : false,
        "retriesCount" : 0,
        "retriesStatusChange" : false,
        "parameters" : [ "InputData(test_file='access/AccessControl.test.js', test_files=['access/AccessControl.test.js', 'access/AccessControl.behavior.js'], contracts=['mocks/AccessControlMock.sol', 'mocks/AccessControlEnumerableMock.sol', 'access/AccessControlEnumerable.sol', 'access/IAccessControlEnumerable.sol', 'utils/structs/EnumerableSet.sol', 'access/AccessControl.sol', 'utils/Strings.sol', 'utils/introspection/ERC165.sol', 'interfaces/IERC165.sol', 'utils/introspection/IERC165.sol'], migration_script='2_deploy_contracts.js')" ]
      }, {
        "name" : "test_contracts[input_data2]",
        "uid" : "e50471eab9678188",
        "parentUid" : "1f689f49ec365620ebd0eef9cfede94c",
        "status" : "failed",
        "time" : {
          "start" : 1640823377933,
          "stop" : 1640823397957,
          "duration" : 20024
        },
        "flaky" : false,
        "newFailed" : false,
        "newPassed" : false,
        "newBroken" : false,
        "retriesCount" : 0,
        "retriesStatusChange" : false,
        "parameters" : [ "InputData(test_file='access/AccessControlEnumerable.test.js', test_files=['access/AccessControlEnumerable.test.js', 'access/AccessControl.behavior.js'], contracts=['utils/Strings.sol', 'utils/introspection/ERC165.sol', 'mocks/AccessControlEnumerableMock.sol'], migration_script='2_deploy_contracts.js')" ]
      }, {
        "name" : "test_contracts[input_data3]",
        "uid" : "bfda5a9d81ee3846",
        "parentUid" : "1f689f49ec365620ebd0eef9cfede94c",
        "status" : "failed",
        "time" : {
          "start" : 1640823397978,
          "stop" : 1640823418506,
          "duration" : 20528
        },
        "flaky" : true,
        "newFailed" : false,
        "newPassed" : false,
        "newBroken" : false,
        "retriesCount" : 0,
        "retriesStatusChange" : false,
        "parameters" : [ "InputData(test_file='finance/PaymentSplitter.test.js', test_files=['finance/PaymentSplitter.test.js'], contracts=['finance/PaymentSplitter.sol', 'utils/Address.sol', 'utils/Context.sol', 'access/IAccessControl.sol', 'utils/Strings.sol', 'utils/introspection/ERC165.sol', 'interfaces/IERC165.sol', 'utils/introspection/IERC165.sol'], migration_script='3_deploy_contracts.js')" ]
      } ],
      "uid" : "1f689f49ec365620ebd0eef9cfede94c"
    }, {
      "name" : "AssertionError: assert 'Error:  ***...t Failed ***' not in '/home/runne...patibility\\n'\n  'Error:  *** Deployment Failed ***' is contained here:\n    --------\n    \n    Error:  *** Deployment Failed ***\n    \n    \"Migrations\" -- Transaction simulation failed: Error processing Instruction 0: custom program error: 0x4\n    {\n      \"accounts\": null,\n      \"err\": {\n        \"InstructionError\": [\n          0,\n          {\n            \"Custom\": 4\n          }\n        ]\n      },\n      \"logs\": [\n        \"Program 53DfF883gyixYNXnM7s5xhdeyV8mVk9T4i2hGV9vG9io invoke [1]\",\n        \"Program log: program/src/storage_account.rs:76\",\n        \"Program 53DfF883gyixYNXnM7s5xhdeyV8mVk9T4i2hGV9vG9io consumed 4627 of 500000 compute units\",\n        \"Program 53DfF883gyixYNXnM7s5xhdeyV8mVk9T4i2hGV9vG9io failed: custom program error: 0x4\"\n      ]\n    }.\n    \n        at /home/runner/work/neon-compatibility/neon-compatibility/node_modules/truffle/build/webpack:/packages/deployer/src/deployment.js:365:1\n        at processTicksAndRejections (node:internal/process/task_queues:96:5)\n        at Migration._deploy (/home/runner/work/neon-compatibility/neon-compatibility/node_modules/truffle/build/webpack:/packages/migrate/Migration.js:70:1)\n        at Migration._load (/home/runner/work/neon-compatibility/neon-compatibility/node_modules/truffle/build/webpack:/packages/migrate/Migration.js:56:1)\n        at Migration.run (/home/runner/work/neon-compatibility/neon-compatibility/node_modules/truffle/build/webpack:/packages/migrate/Migration.js:217:1)\n        at Object.runMigrations (/home/runner/work/neon-compatibility/neon-compatibility/node_modules/truffle/build/webpack:/packages/migrate/index.js:150:1)\n        at Object.runFrom (/home/runner/work/neon-compatibility/neon-compatibility/node_modules/truffle/build/webpack:/packages/migrate/index.js:110:1)\n        at Object.run (/home/runner/work/neon-compatibility/neon-compatibility/node_modules/truffle/build/webpack:/packages/migrate/index.js:87:1)\n        at runMigrations (/home/runner/work/neon-compatibility/neon-compatibility/node_modules/truffle/build/webpack:/packages/core/lib/commands/migrate.js:258:1)\n        at Object.run (/home/runner/work/neon-compatibility/neon-compatibility/node_modules/truffle/build/webpack:/packages/core/lib/commands/migrate.js:223:1)\n        at Command.run (/home/runner/work/neon-compatibility/neon-compatibility/node_modules/truffle/build/webpack:/packages/core/lib/command.js:183:1)\n    Truffle v5.4.14 (core: 5.4.14)\n    Node v16.13.1\n    /home/runner/work/neon-compatibility/neon-compatibility",
      "children" : [ {
        "name" : "test_truffle_migration",
        "uid" : "8b19e994b1479dc8",
        "parentUid" : "5a1df145c93073d7b17d6550f6dbcb48",
        "status" : "failed",
        "time" : {
          "start" : 1640823418528,
          "stop" : 1640823437299,
          "duration" : 18771
        },
        "flaky" : false,
        "newFailed" : false,
        "newPassed" : false,
        "newBroken" : false,
        "retriesCount" : 0,
        "retriesStatusChange" : false,
        "parameters" : [ ]
      } ],
      "uid" : "5a1df145c93073d7b17d6550f6dbcb48"
    }, {
      "name" : "AssertionError: \n  Compiling your contracts...\n  ===========================\n  > Compiling ./contracts/ERC20Test.sol\n  > Compiling ./contracts/Migrations.sol\n  > Compiling ./contracts/SelfDestructTest.sol\n  > Compiling @openzeppelin/contracts/access/Ownable.sol\n  > Compiling @openzeppelin/contracts/token/ERC20/ERC20.sol\n  > Compiling @openzeppelin/contracts/token/ERC20/IERC20.sol\n  > Compiling @openzeppelin/contracts/token/ERC20/extensions/IERC20Metadata.sol\n  > Compiling @openzeppelin/contracts/utils/Context.sol\n  > Compilation warnings encountered:\n  \n      Warning: SPDX license identifier not provided in source file. Before publishing, consider adding a comment containing \"SPDX-License-Identifier: <SPDX-License>\" to each source file. Use \"SPDX-License-Identifier: UNLICENSED\" for non-open-source code. Please see https://spdx.org for more information.\n  --> project:/contracts/SelfDestructTest.sol\n  \n  ,Warning: This contract has a payable fallback function, but no receive ether function. Consider adding a receive ether function.\n   --> project:/contracts/SelfDestructTest.sol:5:1:\n    |\n  5 | contract SelfDestructTest is Ownable{\n    | ^ (Relevant source part starts here and spans across multiple lines).\n  Note: The payable fallback function is defined here.\n    --> project:/contracts/SelfDestructTest.sol:20:5:\n     |\n  20 |     fallback() external payable {}\n     |     ^^^^^^^^^^^^^^^^^^^^^^^^^^^^^^\n  \n  ,Warning: Function state mutability can be restricted to pure\n    --> project:/contracts/SelfDestructTest.sol:12:5:\n     |\n  12 |     function staticData() public view returns(string memory) {\n     |     ^ (Relevant source part starts here and spans across multiple lines).\n  \n  \n  > Artifacts written to /home/runner/work/neon-compatibility/neon-compatibility/issues/364/build/contracts\n  > Compiled successfully using:\n     - solc: 0.8.4+commit.c7e474f2.Emscripten.clang\n  \n  \n  \n  Starting migrations...\n  ======================\n  > Network name:    'neonlabs'\n  > Network id:      111\n  > Block gas limit: 6721975 (0x6691b7)\n  \n  \n  3_selfDestructTest.js\n  =====================\n  \n     Deploying 'SelfDestructTest'\n     ----------------------------\n  \n  Error:  *** Deployment Failed ***\n  \n  \"SelfDestructTest\" -- Transaction simulation failed: Error processing Instruction 0: custom program error: 0x4\n  {\n    \"accounts\": null,\n    \"err\": {\n      \"InstructionError\": [\n        0,\n        {\n          \"Custom\": 4\n        }\n      ]\n    },\n    \"logs\": [\n      \"Program 53DfF883gyixYNXnM7s5xhdeyV8mVk9T4i2hGV9vG9io invoke [1]\",\n      \"Program log: program/src/storage_account.rs:76\",\n      \"Program 53DfF883gyixYNXnM7s5xhdeyV8mVk9T4i2hGV9vG9io consumed 4627 of 500000 compute units\",\n      \"Program 53DfF883gyixYNXnM7s5xhdeyV8mVk9T4i2hGV9vG9io failed: custom program error: 0x4\"\n    ]\n  }.\n  \n      at /home/runner/work/neon-compatibility/neon-compatibility/node_modules/truffle/build/webpack:/packages/deployer/src/deployment.js:365:1\n      at processTicksAndRejections (node:internal/process/task_queues:96:5)\n      at module.exports (/home/runner/work/neon-compatibility/neon-compatibility/issues/364/migrations/3_selfDestructTest.js:6:5)\n      at Migration._deploy (/home/runner/work/neon-compatibility/neon-compatibility/node_modules/truffle/build/webpack:/packages/migrate/Migration.js:75:1)\n      at Migration._load (/home/runner/work/neon-compatibility/neon-compatibility/node_modules/truffle/build/webpack:/packages/migrate/Migration.js:56:1)\n      at Migration.run (/home/runner/work/neon-compatibility/neon-compatibility/node_modules/truffle/build/webpack:/packages/migrate/Migration.js:217:1)\n      at Object.runMigrations (/home/runner/work/neon-compatibility/neon-compatibility/node_modules/truffle/build/webpack:/packages/migrate/index.js:150:1)\n      at Object.runFrom (/home/runner/work/neon-compatibility/neon-compatibility/node_modules/truffle/build/webpack:/packages/migrate/index.js:110:1)\n      at runMigrations (/home/runner/work/neon-compatibility/neon-compatibility/node_modules/truffle/build/webpack:/packages/core/lib/commands/migrate.js:253:1)\n      at Object.run (/home/runner/work/neon-compatibility/neon-compatibility/node_modules/truffle/build/webpack:/packages/core/lib/commands/migrate.js:223:1)\n      at Command.run (/home/runner/work/neon-compatibility/neon-compatibility/node_modules/truffle/build/webpack:/packages/core/lib/command.js:183:1)\n  Truffle v5.4.14 (core: 5.4.14)\n  Node v16.13.1\n  \nassert 1 == 0\n +  where 1 = CompletedProcess(args='cd issues/364; ../../node_modules/.bin/truffle --network neonlabs migrate -f 3 --to 3', returnc...uffle/build/webpack:/packages/core/lib/command.js:183:1)\\nTruffle v5.4.14 (core: 5.4.14)\\nNode v16.13.1\\n', stderr=b'').returncode",
      "children" : [ {
        "name" : "test_issue_364_self_destruct_contract",
        "uid" : "3f9cec7dfdba9bf3",
        "parentUid" : "2475910c860860a34a358a78351acef6",
        "status" : "failed",
        "time" : {
          "start" : 1640823489035,
          "stop" : 1640823509746,
          "duration" : 20711
        },
        "flaky" : false,
        "newFailed" : false,
        "newPassed" : false,
        "newBroken" : false,
        "retriesCount" : 0,
        "retriesStatusChange" : false,
        "parameters" : [ ]
      } ],
      "uid" : "2475910c860860a34a358a78351acef6"
    } ],
    "uid" : "8fb3a91ba5aaf9de24cc8a92edc82b5d"
  } ],
  "name" : "categories"
}