{
  "uid" : "b0c4ab23103aee4f",
  "name" : "test_truffle_with_openzeppelin",
  "fullName" : "tests.openzeppelin.test_openzeppelin#test_truffle_with_openzeppelin",
  "historyId" : "9e48b3092345a2b8b693c0934ab51b2b",
  "time" : {
    "start" : 1630951083269,
    "stop" : 1630951091036,
    "duration" : 7767
  },
  "status" : "failed",
  "statusMessage" : "AssertionError: assert 'passing' in \"/home/runner/work/neon-uat/neon-uat/OpenZeppelin\\nError: Returned error: 'EthereumModel' object has no attribute 'eth...rnal/process/task_queues.js:82:21)\\nTruffle v5.4.9 (core: 5.4.9)\\nNode v14.17.6\\n/home/runner/work/neon-uat/neon-uat\\n\"",
  "statusTrace" : "def test_truffle_with_openzeppelin():\n        # truffle test\n        actual_result = run_command_line(\n            f\"{CD_OPENZEPPELIN} {TRUFFLE} test {CD_BACK}\")\n>       assert SUCCESS_PASSING in actual_result\nE       assert 'passing' in \"/home/runner/work/neon-uat/neon-uat/OpenZeppelin\\nError: Returned error: 'EthereumModel' object has no attribute 'eth...rnal/process/task_queues.js:82:21)\\nTruffle v5.4.9 (core: 5.4.9)\\nNode v14.17.6\\n/home/runner/work/neon-uat/neon-uat\\n\"\n\ntests/openzeppelin/test_openzeppelin.py:24: AssertionError",
  "flaky" : false,
  "newFailed" : false,
  "beforeStages" : [ ],
  "afterStages" : [ ],
  "labels" : [ {
    "name" : "parentSuite",
    "value" : "tests.openzeppelin"
  }, {
    "name" : "suite",
    "value" : "test_openzeppelin"
  }, {
    "name" : "host",
    "value" : "fv-az83-851"
  }, {
    "name" : "thread",
    "value" : "3465-MainThread"
  }, {
    "name" : "framework",
    "value" : "pytest"
  }, {
    "name" : "language",
    "value" : "cpython3"
  }, {
    "name" : "package",
    "value" : "tests.openzeppelin.test_openzeppelin"
  }, {
    "name" : "resultFormat",
    "value" : "allure2"
  } ],
  "parameters" : [ ],
  "links" : [ ],
  "hidden" : false,
  "retry" : false,
  "extra" : {
    "severity" : "normal",
    "retries" : [ ],
    "categories" : [ {
      "name" : "Product defects",
      "matchedStatuses" : [ ],
      "flaky" : false
    } ],
    "history" : {
      "statistic" : {
        "failed" : 3,
        "broken" : 0,
        "skipped" : 0,
        "passed" : 0,
        "unknown" : 0,
        "total" : 3
      },
      "items" : [ {
        "uid" : "54e96803b812fb26",
        "reportUrl" : "https://neonlabsorg.github.io/neon-uat/14//#testresult/54e96803b812fb26",
        "status" : "failed",
        "statusDetails" : "AssertionError: assert 'passing' in \"/home/runner/work/neon-uat/neon-uat/OpenZeppelin\\nError: Returned error: 'EthereumModel' object has no attribute 'eth...rnal/process/task_queues.js:82:21)\\nTruffle v5.4.9 (core: 5.4.9)\\nNode v14.17.6\\n/home/runner/work/neon-uat/neon-uat\\n\"",
        "time" : {
          "start" : 1630948669767,
          "stop" : 1630948677367,
          "duration" : 7600
        }
      }, {
        "uid" : "6bf45085ac4ac4",
        "reportUrl" : "https://neonlabsorg.github.io/neon-uat/13//#testresult/6bf45085ac4ac4",
        "status" : "failed",
        "statusDetails" : "AssertionError: assert 'passing' in \"/home/runner/work/neon-uat/neon-uat/OpenZeppelin\\nError: Returned error: 'EthereumModel' object has no attribute 'eth...rnal/process/task_queues.js:82:21)\\nTruffle v5.4.9 (core: 5.4.9)\\nNode v14.17.6\\n/home/runner/work/neon-uat/neon-uat\\n\"",
        "time" : {
          "start" : 1630948154732,
          "stop" : 1630948162621,
          "duration" : 7889
        }
      } ]
    },
    "tags" : [ ]
  },
  "source" : "b0c4ab23103aee4f.json",
  "parameterValues" : [ ]
}