{
  "07db35a827628cf8ab363766d7795059" : {
    "statistic" : {
      "failed" : 6,
      "broken" : 0,
      "skipped" : 0,
      "passed" : 0,
      "unknown" : 0,
      "total" : 6
    },
    "items" : [ {
      "uid" : "36abdec885eef9f6",
      "reportUrl" : "https://neonlabsorg.github.io/neon-compatibility/136//#testresult/36abdec885eef9f6",
      "status" : "failed",
      "statusDetails" : "AssertionError: assert 'No contracts deployed.' not in '/home/runne...lity\\nstrict'\n  'No contracts deployed.' is contained here:\n    d: 110)\n      No contracts deployed.\n    \n    /home/runner/work/neon-compatibility/neon-compatibility\n    strict",
      "time" : {
        "start" : 1632592361526,
        "stop" : 1632592364210,
        "duration" : 2684
      }
    }, {
      "uid" : "21e38f0d59897ee3",
      "reportUrl" : "https://neonlabsorg.github.io/neon-compatibility/135//#testresult/21e38f0d59897ee3",
      "status" : "failed",
      "statusDetails" : "AssertionError: assert 'No contracts deployed.' not in '/home/runne...lity\\nstrict'\n  'No contracts deployed.' is contained here:\n    d: 111)\n      No contracts deployed.\n    \n    /home/runner/work/neon-compatibility/neon-compatibility\n    strict",
      "time" : {
        "start" : 1632572579110,
        "stop" : 1632572585171,
        "duration" : 6061
      }
    }, {
      "uid" : "ebbca2e38cbddaa9",
      "reportUrl" : "https://neonlabsorg.github.io/neon-compatibility/134//#testresult/ebbca2e38cbddaa9",
      "status" : "failed",
      "statusDetails" : "AssertionError: assert 'No contracts deployed.' not in '/home/runne...lity\\nstrict'\n  'No contracts deployed.' is contained here:\n    d: 110)\n      No contracts deployed.\n    \n    /home/runner/work/neon-compatibility/neon-compatibility\n    strict",
      "time" : {
        "start" : 1632572220914,
        "stop" : 1632572223118,
        "duration" : 2204
      }
    }, {
      "uid" : "15637fdb37d9b734",
      "reportUrl" : "https://neonlabsorg.github.io/neon-compatibility/132//#testresult/15637fdb37d9b734",
      "status" : "failed",
      "statusDetails" : "AssertionError: assert 'No contracts deployed.' not in '/home/runne...lity\\nstrict'\n  'No contracts deployed.' is contained here:\n    d: 111)\n      No contracts deployed.\n    \n    /home/runner/work/neon-compatibility/neon-compatibility\n    strict",
      "time" : {
        "start" : 1632572106463,
        "stop" : 1632572109254,
        "duration" : 2791
      }
    }, {
      "uid" : "8dde485fa8945776",
      "reportUrl" : "https://neonlabsorg.github.io/neon-compatibility/131//#testresult/8dde485fa8945776",
      "status" : "failed",
      "statusDetails" : "AssertionError: assert 'No contracts deployed.' not in '/home/runne...lity\\nstrict'\n  'No contracts deployed.' is contained here:\n    d: 110)\n      No contracts deployed.\n    \n    /home/runner/work/neon-compatibility/neon-compatibility\n    strict",
      "time" : {
        "start" : 1632572019460,
        "stop" : 1632572021980,
        "duration" : 2520
      }
    }, {
      "uid" : "2be8d93e5e641f6e",
      "reportUrl" : "https://neonlabsorg.github.io/neon-compatibility/130//#testresult/2be8d93e5e641f6e",
      "status" : "failed",
      "statusDetails" : "AssertionError: assert 'No contracts deployed.' not in '/home/runne...lity\\nstrict'\n  'No contracts deployed.' is contained here:\n    d: 110)\n      No contracts deployed.\n    \n    /home/runner/work/neon-compatibility/neon-compatibility\n    strict",
      "time" : {
        "start" : 1632571813001,
        "stop" : 1632571815685,
        "duration" : 2684
      }
    } ]
  },
  "0ef6e2d8779573975d39522b99ea42c4" : {
    "statistic" : {
      "failed" : 6,
      "broken" : 0,
      "skipped" : 0,
      "passed" : 0,
      "unknown" : 0,
      "total" : 6
    },
    "items" : [ {
      "uid" : "e2a1e5b7f5325626",
      "reportUrl" : "https://neonlabsorg.github.io/neon-compatibility/136//#testresult/e2a1e5b7f5325626",
      "status" : "failed",
      "statusDetails" : "AssertionError: assert \"ProviderErr...ientVersion'\" not in '/home/runne...lity\\nstrict'\n  \"ProviderError: 'Et...web3_clientVersion'\" is contained here:\n    ged:\n         ProviderError: 'EthereumModel' object has no attribute 'web3_clientVersion'\n          at HttpProvider.request (/home/runner/work/neon-compatibility/neon-compatibility/node_modules/hardhat/src/internal/core/providers/http.ts:49:19)\n          at GanacheGasMultiplierProvider._isGanache (/home/runner/work/neon-compatibility/neon-compatibility/node_modules/hardhat/src/internal/core/providers/gas-providers.ts:315:58)\n          at GanacheGasMultiplierProvider.request (/home/runner/work/neon-compatibility/neon-compatibility/node_modules/hardhat/src/internal/core/providers/gas-providers.ts:304:34)\n          at AutomaticSenderProvider.request (/home/runner/work/neon-compatibility/neon-compatibility/node_modules/hardhat/src/internal/core/providers/accounts.ts:328:34)\n          at AutomaticGasProvider.request (/home/runner/work/neon-compatibility/neon-compatibility/node_modules/hardhat/src/internal/core/providers/gas-providers.ts:135:34)\n          at AutomaticGasPriceProvider.request (/home/runner/work/neon-compatibility/neon-compatibility/node_modules/hardhat/src/internal/core/providers/gas-providers.ts:152:36)\n          at BackwardsCompatibilityProviderAdapter.send (/home/runner/work/neon-compatibility/neon-compatibility/node_modules/hardhat/src/internal/core/providers/backwards-compatibility.ts:36:27)\n          at EthersProviderWrapper.send (/home/runner/work/neon-compatibility/neon-compatibility/node_modules/@nomiclabs/hardhat-ethers/src/internal/ethers-provider-wrapper.ts:13:48)\n          at EthersProviderWrapper.JsonRpcProvider.listAccounts (/home/runner/work/neon-compatibility/neon-compatibility/node_modules/@ethersproject/providers/src.ts/json-rpc-provider.ts:410:21)\n          at Object.getSigners (/home/runner/work/neon-compatibility/neon-compatibility/node_modules/@nomiclabs/hardhat-ethers/src/internal/helpers.ts:23:46)\n    \n    \n    \n    /home/runner/work/neon-compatibility/neon-compatibility\n    strict",
      "time" : {
        "start" : 1632592253491,
        "stop" : 1632592261008,
        "duration" : 7517
      }
    }, {
      "uid" : "f141962be45414c7",
      "reportUrl" : "https://neonlabsorg.github.io/neon-compatibility/135//#testresult/f141962be45414c7",
      "status" : "failed",
      "statusDetails" : "AssertionError: assert \"ProviderErr...ientVersion'\" not in '/home/runne...lity\\nstrict'\n  \"ProviderError: 'Et...web3_clientVersion'\" is contained here:\n    ged:\n         ProviderError: 'EthereumModel' object has no attribute 'web3_clientVersion'\n          at HttpProvider.request (/home/runner/work/neon-compatibility/neon-compatibility/node_modules/hardhat/src/internal/core/providers/http.ts:49:19)\n          at GanacheGasMultiplierProvider._isGanache (/home/runner/work/neon-compatibility/neon-compatibility/node_modules/hardhat/src/internal/core/providers/gas-providers.ts:315:58)\n          at GanacheGasMultiplierProvider.request (/home/runner/work/neon-compatibility/neon-compatibility/node_modules/hardhat/src/internal/core/providers/gas-providers.ts:304:34)\n          at AutomaticSenderProvider.request (/home/runner/work/neon-compatibility/neon-compatibility/node_modules/hardhat/src/internal/core/providers/accounts.ts:328:34)\n          at AutomaticGasProvider.request (/home/runner/work/neon-compatibility/neon-compatibility/node_modules/hardhat/src/internal/core/providers/gas-providers.ts:135:34)\n          at AutomaticGasPriceProvider.request (/home/runner/work/neon-compatibility/neon-compatibility/node_modules/hardhat/src/internal/core/providers/gas-providers.ts:152:36)\n          at BackwardsCompatibilityProviderAdapter.send (/home/runner/work/neon-compatibility/neon-compatibility/node_modules/hardhat/src/internal/core/providers/backwards-compatibility.ts:36:27)\n          at EthersProviderWrapper.send (/home/runner/work/neon-compatibility/neon-compatibility/node_modules/@nomiclabs/hardhat-ethers/src/internal/ethers-provider-wrapper.ts:13:48)\n          at EthersProviderWrapper.JsonRpcProvider.listAccounts (/home/runner/work/neon-compatibility/neon-compatibility/node_modules/@ethersproject/providers/src.ts/json-rpc-provider.ts:410:21)\n          at Object.getSigners (/home/runner/work/neon-compatibility/neon-compatibility/node_modules/@nomiclabs/hardhat-ethers/src/internal/helpers.ts:23:46)\n    \n    \n    \n    /home/runner/work/neon-compatibility/neon-compatibility\n    strict",
      "time" : {
        "start" : 1632572463306,
        "stop" : 1632572476291,
        "duration" : 12985
      }
    }, {
      "uid" : "ceb1aeea78263119",
      "reportUrl" : "https://neonlabsorg.github.io/neon-compatibility/134//#testresult/ceb1aeea78263119",
      "status" : "failed",
      "statusDetails" : "AssertionError: assert \"ProviderErr...ientVersion'\" not in '/home/runne...lity\\nstrict'\n  \"ProviderError: 'Et...web3_clientVersion'\" is contained here:\n    ged:\n         ProviderError: 'EthereumModel' object has no attribute 'web3_clientVersion'\n          at HttpProvider.request (/home/runner/work/neon-compatibility/neon-compatibility/node_modules/hardhat/src/internal/core/providers/http.ts:49:19)\n          at GanacheGasMultiplierProvider._isGanache (/home/runner/work/neon-compatibility/neon-compatibility/node_modules/hardhat/src/internal/core/providers/gas-providers.ts:315:58)\n          at GanacheGasMultiplierProvider.request (/home/runner/work/neon-compatibility/neon-compatibility/node_modules/hardhat/src/internal/core/providers/gas-providers.ts:304:34)\n          at AutomaticSenderProvider.request (/home/runner/work/neon-compatibility/neon-compatibility/node_modules/hardhat/src/internal/core/providers/accounts.ts:328:34)\n          at AutomaticGasProvider.request (/home/runner/work/neon-compatibility/neon-compatibility/node_modules/hardhat/src/internal/core/providers/gas-providers.ts:135:34)\n          at AutomaticGasPriceProvider.request (/home/runner/work/neon-compatibility/neon-compatibility/node_modules/hardhat/src/internal/core/providers/gas-providers.ts:152:36)\n          at BackwardsCompatibilityProviderAdapter.send (/home/runner/work/neon-compatibility/neon-compatibility/node_modules/hardhat/src/internal/core/providers/backwards-compatibility.ts:36:27)\n          at EthersProviderWrapper.send (/home/runner/work/neon-compatibility/neon-compatibility/node_modules/@nomiclabs/hardhat-ethers/src/internal/ethers-provider-wrapper.ts:13:48)\n          at EthersProviderWrapper.JsonRpcProvider.listAccounts (/home/runner/work/neon-compatibility/neon-compatibility/node_modules/@ethersproject/providers/src.ts/json-rpc-provider.ts:410:21)\n          at Object.getSigners (/home/runner/work/neon-compatibility/neon-compatibility/node_modules/@nomiclabs/hardhat-ethers/src/internal/helpers.ts:23:46)\n    \n    \n    \n    /home/runner/work/neon-compatibility/neon-compatibility\n    strict",
      "time" : {
        "start" : 1632572120887,
        "stop" : 1632572129764,
        "duration" : 8877
      }
    }, {
      "uid" : "c5da49163ccc8211",
      "reportUrl" : "https://neonlabsorg.github.io/neon-compatibility/132//#testresult/c5da49163ccc8211",
      "status" : "failed",
      "statusDetails" : "AssertionError: assert \"ProviderErr...ientVersion'\" not in '/home/runne...lity\\nstrict'\n  \"ProviderError: 'Et...web3_clientVersion'\" is contained here:\n    ged:\n         ProviderError: 'EthereumModel' object has no attribute 'web3_clientVersion'\n          at HttpProvider.request (/home/runner/work/neon-compatibility/neon-compatibility/node_modules/hardhat/src/internal/core/providers/http.ts:49:19)\n          at GanacheGasMultiplierProvider._isGanache (/home/runner/work/neon-compatibility/neon-compatibility/node_modules/hardhat/src/internal/core/providers/gas-providers.ts:315:58)\n          at GanacheGasMultiplierProvider.request (/home/runner/work/neon-compatibility/neon-compatibility/node_modules/hardhat/src/internal/core/providers/gas-providers.ts:304:34)\n          at AutomaticSenderProvider.request (/home/runner/work/neon-compatibility/neon-compatibility/node_modules/hardhat/src/internal/core/providers/accounts.ts:328:34)\n          at AutomaticGasProvider.request (/home/runner/work/neon-compatibility/neon-compatibility/node_modules/hardhat/src/internal/core/providers/gas-providers.ts:135:34)\n          at AutomaticGasPriceProvider.request (/home/runner/work/neon-compatibility/neon-compatibility/node_modules/hardhat/src/internal/core/providers/gas-providers.ts:152:36)\n          at BackwardsCompatibilityProviderAdapter.send (/home/runner/work/neon-compatibility/neon-compatibility/node_modules/hardhat/src/internal/core/providers/backwards-compatibility.ts:36:27)\n          at EthersProviderWrapper.send (/home/runner/work/neon-compatibility/neon-compatibility/node_modules/@nomiclabs/hardhat-ethers/src/internal/ethers-provider-wrapper.ts:13:48)\n          at EthersProviderWrapper.JsonRpcProvider.listAccounts (/home/runner/work/neon-compatibility/neon-compatibility/node_modules/@ethersproject/providers/src.ts/json-rpc-provider.ts:410:21)\n          at Object.getSigners (/home/runner/work/neon-compatibility/neon-compatibility/node_modules/@nomiclabs/hardhat-ethers/src/internal/helpers.ts:23:46)\n    \n    \n    \n    /home/runner/work/neon-compatibility/neon-compatibility\n    strict",
      "time" : {
        "start" : 1632571961326,
        "stop" : 1632571968656,
        "duration" : 7330
      }
    }, {
      "uid" : "9173e0f4ac233bda",
      "reportUrl" : "https://neonlabsorg.github.io/neon-compatibility/131//#testresult/9173e0f4ac233bda",
      "status" : "failed",
      "statusDetails" : "AssertionError: assert \"ProviderErr...ientVersion'\" not in '/home/runne...lity\\nstrict'\n  \"ProviderError: 'Et...web3_clientVersion'\" is contained here:\n    ged:\n         ProviderError: 'EthereumModel' object has no attribute 'web3_clientVersion'\n          at HttpProvider.request (/home/runner/work/neon-compatibility/neon-compatibility/node_modules/hardhat/src/internal/core/providers/http.ts:49:19)\n          at GanacheGasMultiplierProvider._isGanache (/home/runner/work/neon-compatibility/neon-compatibility/node_modules/hardhat/src/internal/core/providers/gas-providers.ts:315:58)\n          at GanacheGasMultiplierProvider.request (/home/runner/work/neon-compatibility/neon-compatibility/node_modules/hardhat/src/internal/core/providers/gas-providers.ts:304:34)\n          at AutomaticSenderProvider.request (/home/runner/work/neon-compatibility/neon-compatibility/node_modules/hardhat/src/internal/core/providers/accounts.ts:328:34)\n          at AutomaticGasProvider.request (/home/runner/work/neon-compatibility/neon-compatibility/node_modules/hardhat/src/internal/core/providers/gas-providers.ts:135:34)\n          at AutomaticGasPriceProvider.request (/home/runner/work/neon-compatibility/neon-compatibility/node_modules/hardhat/src/internal/core/providers/gas-providers.ts:152:36)\n          at BackwardsCompatibilityProviderAdapter.send (/home/runner/work/neon-compatibility/neon-compatibility/node_modules/hardhat/src/internal/core/providers/backwards-compatibility.ts:36:27)\n          at EthersProviderWrapper.send (/home/runner/work/neon-compatibility/neon-compatibility/node_modules/@nomiclabs/hardhat-ethers/src/internal/ethers-provider-wrapper.ts:13:48)\n          at EthersProviderWrapper.JsonRpcProvider.listAccounts (/home/runner/work/neon-compatibility/neon-compatibility/node_modules/@ethersproject/providers/src.ts/json-rpc-provider.ts:410:21)\n          at Object.getSigners (/home/runner/work/neon-compatibility/neon-compatibility/node_modules/@nomiclabs/hardhat-ethers/src/internal/helpers.ts:23:46)\n    \n    \n    \n    /home/runner/work/neon-compatibility/neon-compatibility\n    strict",
      "time" : {
        "start" : 1632571915216,
        "stop" : 1632571921849,
        "duration" : 6633
      }
    }, {
      "uid" : "39b3674aab931a97",
      "reportUrl" : "https://neonlabsorg.github.io/neon-compatibility/130//#testresult/39b3674aab931a97",
      "status" : "failed",
      "statusDetails" : "AssertionError: assert \"ProviderErr...ientVersion'\" not in '/home/runne...lity\\nstrict'\n  \"ProviderError: 'Et...web3_clientVersion'\" is contained here:\n    ged:\n         ProviderError: 'EthereumModel' object has no attribute 'web3_clientVersion'\n          at HttpProvider.request (/home/runner/work/neon-compatibility/neon-compatibility/node_modules/hardhat/src/internal/core/providers/http.ts:49:19)\n          at GanacheGasMultiplierProvider._isGanache (/home/runner/work/neon-compatibility/neon-compatibility/node_modules/hardhat/src/internal/core/providers/gas-providers.ts:315:58)\n          at GanacheGasMultiplierProvider.request (/home/runner/work/neon-compatibility/neon-compatibility/node_modules/hardhat/src/internal/core/providers/gas-providers.ts:304:34)\n          at AutomaticSenderProvider.request (/home/runner/work/neon-compatibility/neon-compatibility/node_modules/hardhat/src/internal/core/providers/accounts.ts:328:34)\n          at AutomaticGasProvider.request (/home/runner/work/neon-compatibility/neon-compatibility/node_modules/hardhat/src/internal/core/providers/gas-providers.ts:135:34)\n          at AutomaticGasPriceProvider.request (/home/runner/work/neon-compatibility/neon-compatibility/node_modules/hardhat/src/internal/core/providers/gas-providers.ts:152:36)\n          at BackwardsCompatibilityProviderAdapter.send (/home/runner/work/neon-compatibility/neon-compatibility/node_modules/hardhat/src/internal/core/providers/backwards-compatibility.ts:36:27)\n          at EthersProviderWrapper.send (/home/runner/work/neon-compatibility/neon-compatibility/node_modules/@nomiclabs/hardhat-ethers/src/internal/ethers-provider-wrapper.ts:13:48)\n          at EthersProviderWrapper.JsonRpcProvider.listAccounts (/home/runner/work/neon-compatibility/neon-compatibility/node_modules/@ethersproject/providers/src.ts/json-rpc-provider.ts:410:21)\n          at Object.getSigners (/home/runner/work/neon-compatibility/neon-compatibility/node_modules/@nomiclabs/hardhat-ethers/src/internal/helpers.ts:23:46)\n    \n    \n    \n    /home/runner/work/neon-compatibility/neon-compatibility\n    strict",
      "time" : {
        "start" : 1632571705932,
        "stop" : 1632571713094,
        "duration" : 7162
      }
    } ]
  },
  "0978f566b0050886014c8f6266a2ba6f" : {
    "statistic" : {
      "failed" : 6,
      "broken" : 0,
      "skipped" : 0,
      "passed" : 0,
      "unknown" : 0,
      "total" : 6
    },
    "items" : [ {
      "uid" : "89c62cb6d354c3bc",
      "reportUrl" : "https://neonlabsorg.github.io/neon-compatibility/136//#testresult/89c62cb6d354c3bc",
      "status" : "failed",
      "statusDetails" : "AssertionError: assert 'Error: Coul... any sources' not in '/home/runne...lity\\nstrict'\n  'Error: Could not f...ns from any sources' is contained here:\n           ^\n    \n    Error: Could not find artifacts for Migrations from any sources\n        at Resolver.require (/home/runner/work/neon-compatibility/neon-compatibility/node_modules/truffle/build/webpack:/packages/resolver/dist/lib/resolver.js:61:1)\n        at Object.require (/home/runner/work/neon-compatibility/neon-compatibility/node_modules/truffle/build/webpack:/packages/migrate/index.js:172:1)\n        at ResolverIntercept.require (/home/runner/work/neon-compatibility/neon-compatibility/node_modules/truffle/build/webpack:/packages/migrate/ResolverIntercept.js:22:1)\n        at /home/runner/work/neon-compatibility/neon-compatibility/OpenZeppelin/migrations/1_initial_migration.js:1:30\n        at Script.runInContext (vm.js:144:12)\n        at Script.runInNewContext (vm.js:149:17)\n        at Object.file (/home/runner/work/neon-compatibility/neon-compatibility/node_modules/truffle/build/webpack:/packages/require/require.js:94:1)\n        at Migration._load (/home/runner/work/neon-compatibility/neon-compatibility/node_modules/truffle/build/webpack:/packages/migrate/Migration.js:44:1)\n        at Migration.run (/home/runner/work/neon-compatibility/neon-compatibility/node_modules/truffle/build/webpack:/packages/migrate/Migration.js:217:1)\n        at Object.runMigrations (/home/runner/work/neon-compatibility/neon-compatibility/node_modules/truffle/build/webpack:/packages/migrate/index.js:150:1)\n        at Object.runFrom (/home/runner/work/neon-compatibility/neon-compatibility/node_modules/truffle/build/webpack:/packages/migrate/index.js:110:1)\n        at Object.runAll (/home/runner/work/neon-compatibility/neon-compatibility/node_modules/truffle/build/webpack:/packages/migrate/index.js:114:1)\n        at Object.run (/home/runner/work/neon-compatibility/neon-compatibility/node_modules/truffle/build/webpack:/packages/migrate/index.js:79:1)\n        at Object.run (/home/runner/work/neon-compatibility/neon-compatibility/node_modules/truffle/build/webpack:/packages/core/lib/testing/Test.js:109:1)\n        at Object.run (/home/runner/work/neon-compatibility/neon-compatibility/node_modules/truffle/build/webpack:/packages/core/lib/commands/test/index.js:177:1)\n        at Command.run (/home/runner/work/neon-compatibility/neon-compatibility/node_modules/truffle/build/webpack:/packages/core/lib/command.js:183:1)\n    Truffle v5.4.11 (core: 5.4.11)\n    Node v14.17.6\n    /home/runner/work/neon-compatibility/neon-compatibility\n    strict",
      "time" : {
        "start" : 1632592277471,
        "stop" : 1632592291472,
        "duration" : 14001
      }
    }, {
      "uid" : "c6b0036e952c2eab",
      "reportUrl" : "https://neonlabsorg.github.io/neon-compatibility/135//#testresult/c6b0036e952c2eab",
      "status" : "failed",
      "statusDetails" : "AssertionError: assert 'Error: Coul... any sources' not in '/home/runne...lity\\nstrict'\n  'Error: Could not f...ns from any sources' is contained here:\n           ^\n    \n    Error: Could not find artifacts for Migrations from any sources\n        at Resolver.require (/home/runner/work/neon-compatibility/neon-compatibility/node_modules/truffle/build/webpack:/packages/resolver/dist/lib/resolver.js:61:1)\n        at Object.require (/home/runner/work/neon-compatibility/neon-compatibility/node_modules/truffle/build/webpack:/packages/migrate/index.js:172:1)\n        at ResolverIntercept.require (/home/runner/work/neon-compatibility/neon-compatibility/node_modules/truffle/build/webpack:/packages/migrate/ResolverIntercept.js:22:1)\n        at /home/runner/work/neon-compatibility/neon-compatibility/OpenZeppelin/migrations/1_initial_migration.js:1:30\n        at Script.runInContext (vm.js:144:12)\n        at Script.runInNewContext (vm.js:149:17)\n        at Object.file (/home/runner/work/neon-compatibility/neon-compatibility/node_modules/truffle/build/webpack:/packages/require/require.js:94:1)\n        at Migration._load (/home/runner/work/neon-compatibility/neon-compatibility/node_modules/truffle/build/webpack:/packages/migrate/Migration.js:44:1)\n        at Migration.run (/home/runner/work/neon-compatibility/neon-compatibility/node_modules/truffle/build/webpack:/packages/migrate/Migration.js:217:1)\n        at Object.runMigrations (/home/runner/work/neon-compatibility/neon-compatibility/node_modules/truffle/build/webpack:/packages/migrate/index.js:150:1)\n        at Object.runFrom (/home/runner/work/neon-compatibility/neon-compatibility/node_modules/truffle/build/webpack:/packages/migrate/index.js:110:1)\n        at Object.runAll (/home/runner/work/neon-compatibility/neon-compatibility/node_modules/truffle/build/webpack:/packages/migrate/index.js:114:1)\n        at Object.run (/home/runner/work/neon-compatibility/neon-compatibility/node_modules/truffle/build/webpack:/packages/migrate/index.js:79:1)\n        at Object.run (/home/runner/work/neon-compatibility/neon-compatibility/node_modules/truffle/build/webpack:/packages/core/lib/testing/Test.js:109:1)\n        at Object.run (/home/runner/work/neon-compatibility/neon-compatibility/node_modules/truffle/build/webpack:/packages/core/lib/commands/test/index.js:177:1)\n        at Command.run (/home/runner/work/neon-compatibility/neon-compatibility/node_modules/truffle/build/webpack:/packages/core/lib/command.js:183:1)\n    Truffle v5.4.11 (core: 5.4.11)\n    Node v14.17.6\n    /home/runner/work/neon-compatibility/neon-compatibility\n    strict",
      "time" : {
        "start" : 1632572508552,
        "stop" : 1632572535401,
        "duration" : 26849
      }
    }, {
      "uid" : "f69ca90972dab3df",
      "reportUrl" : "https://neonlabsorg.github.io/neon-compatibility/134//#testresult/f69ca90972dab3df",
      "status" : "failed",
      "statusDetails" : "AssertionError: assert 'Error: Coul... any sources' not in '/home/runne...lity\\nstrict'\n  'Error: Could not f...ns from any sources' is contained here:\n           ^\n    \n    Error: Could not find artifacts for Migrations from any sources\n        at Resolver.require (/home/runner/work/neon-compatibility/neon-compatibility/node_modules/truffle/build/webpack:/packages/resolver/dist/lib/resolver.js:61:1)\n        at Object.require (/home/runner/work/neon-compatibility/neon-compatibility/node_modules/truffle/build/webpack:/packages/migrate/index.js:172:1)\n        at ResolverIntercept.require (/home/runner/work/neon-compatibility/neon-compatibility/node_modules/truffle/build/webpack:/packages/migrate/ResolverIntercept.js:22:1)\n        at /home/runner/work/neon-compatibility/neon-compatibility/OpenZeppelin/migrations/1_initial_migration.js:1:30\n        at Script.runInContext (vm.js:144:12)\n        at Script.runInNewContext (vm.js:149:17)\n        at Object.file (/home/runner/work/neon-compatibility/neon-compatibility/node_modules/truffle/build/webpack:/packages/require/require.js:94:1)\n        at Migration._load (/home/runner/work/neon-compatibility/neon-compatibility/node_modules/truffle/build/webpack:/packages/migrate/Migration.js:44:1)\n        at Migration.run (/home/runner/work/neon-compatibility/neon-compatibility/node_modules/truffle/build/webpack:/packages/migrate/Migration.js:217:1)\n        at Object.runMigrations (/home/runner/work/neon-compatibility/neon-compatibility/node_modules/truffle/build/webpack:/packages/migrate/index.js:150:1)\n        at Object.runFrom (/home/runner/work/neon-compatibility/neon-compatibility/node_modules/truffle/build/webpack:/packages/migrate/index.js:110:1)\n        at Object.runAll (/home/runner/work/neon-compatibility/neon-compatibility/node_modules/truffle/build/webpack:/packages/migrate/index.js:114:1)\n        at Object.run (/home/runner/work/neon-compatibility/neon-compatibility/node_modules/truffle/build/webpack:/packages/migrate/index.js:79:1)\n        at Object.run (/home/runner/work/neon-compatibility/neon-compatibility/node_modules/truffle/build/webpack:/packages/core/lib/testing/Test.js:109:1)\n        at Object.run (/home/runner/work/neon-compatibility/neon-compatibility/node_modules/truffle/build/webpack:/packages/core/lib/commands/test/index.js:177:1)\n        at Command.run (/home/runner/work/neon-compatibility/neon-compatibility/node_modules/truffle/build/webpack:/packages/core/lib/command.js:183:1)\n    Truffle v5.4.11 (core: 5.4.11)\n    Node v14.17.6\n    /home/runner/work/neon-compatibility/neon-compatibility\n    strict",
      "time" : {
        "start" : 1632572147815,
        "stop" : 1632572159815,
        "duration" : 12000
      }
    }, {
      "uid" : "e629e32431a4ee42",
      "reportUrl" : "https://neonlabsorg.github.io/neon-compatibility/132//#testresult/e629e32431a4ee42",
      "status" : "failed",
      "statusDetails" : "AssertionError: assert 'Error: Coul... any sources' not in '/home/runne...lity\\nstrict'\n  'Error: Could not f...ns from any sources' is contained here:\n           ^\n    \n    Error: Could not find artifacts for Migrations from any sources\n        at Resolver.require (/home/runner/work/neon-compatibility/neon-compatibility/node_modules/truffle/build/webpack:/packages/resolver/dist/lib/resolver.js:61:1)\n        at Object.require (/home/runner/work/neon-compatibility/neon-compatibility/node_modules/truffle/build/webpack:/packages/migrate/index.js:172:1)\n        at ResolverIntercept.require (/home/runner/work/neon-compatibility/neon-compatibility/node_modules/truffle/build/webpack:/packages/migrate/ResolverIntercept.js:22:1)\n        at /home/runner/work/neon-compatibility/neon-compatibility/OpenZeppelin/migrations/1_initial_migration.js:1:30\n        at Script.runInContext (vm.js:144:12)\n        at Script.runInNewContext (vm.js:149:17)\n        at Object.file (/home/runner/work/neon-compatibility/neon-compatibility/node_modules/truffle/build/webpack:/packages/require/require.js:94:1)\n        at Migration._load (/home/runner/work/neon-compatibility/neon-compatibility/node_modules/truffle/build/webpack:/packages/migrate/Migration.js:44:1)\n        at Migration.run (/home/runner/work/neon-compatibility/neon-compatibility/node_modules/truffle/build/webpack:/packages/migrate/Migration.js:217:1)\n        at Object.runMigrations (/home/runner/work/neon-compatibility/neon-compatibility/node_modules/truffle/build/webpack:/packages/migrate/index.js:150:1)\n        at Object.runFrom (/home/runner/work/neon-compatibility/neon-compatibility/node_modules/truffle/build/webpack:/packages/migrate/index.js:110:1)\n        at Object.runAll (/home/runner/work/neon-compatibility/neon-compatibility/node_modules/truffle/build/webpack:/packages/migrate/index.js:114:1)\n        at Object.run (/home/runner/work/neon-compatibility/neon-compatibility/node_modules/truffle/build/webpack:/packages/migrate/index.js:79:1)\n        at Object.run (/home/runner/work/neon-compatibility/neon-compatibility/node_modules/truffle/build/webpack:/packages/core/lib/testing/Test.js:109:1)\n        at Object.run (/home/runner/work/neon-compatibility/neon-compatibility/node_modules/truffle/build/webpack:/packages/core/lib/commands/test/index.js:177:1)\n        at Command.run (/home/runner/work/neon-compatibility/neon-compatibility/node_modules/truffle/build/webpack:/packages/core/lib/command.js:183:1)\n    Truffle v5.4.11 (core: 5.4.11)\n    Node v14.17.6\n    /home/runner/work/neon-compatibility/neon-compatibility\n    strict",
      "time" : {
        "start" : 1632571989833,
        "stop" : 1632572006542,
        "duration" : 16709
      }
    }, {
      "uid" : "4eeb0435ef0b41d2",
      "reportUrl" : "https://neonlabsorg.github.io/neon-compatibility/131//#testresult/4eeb0435ef0b41d2",
      "status" : "failed",
      "statusDetails" : "AssertionError: assert 'Error: Coul... any sources' not in '/home/runne...lity\\nstrict'\n  'Error: Could not f...ns from any sources' is contained here:\n           ^\n    \n    Error: Could not find artifacts for Migrations from any sources\n        at Resolver.require (/home/runner/work/neon-compatibility/neon-compatibility/node_modules/truffle/build/webpack:/packages/resolver/dist/lib/resolver.js:61:1)\n        at Object.require (/home/runner/work/neon-compatibility/neon-compatibility/node_modules/truffle/build/webpack:/packages/migrate/index.js:172:1)\n        at ResolverIntercept.require (/home/runner/work/neon-compatibility/neon-compatibility/node_modules/truffle/build/webpack:/packages/migrate/ResolverIntercept.js:22:1)\n        at /home/runner/work/neon-compatibility/neon-compatibility/OpenZeppelin/migrations/1_initial_migration.js:1:30\n        at Script.runInContext (vm.js:144:12)\n        at Script.runInNewContext (vm.js:149:17)\n        at Object.file (/home/runner/work/neon-compatibility/neon-compatibility/node_modules/truffle/build/webpack:/packages/require/require.js:94:1)\n        at Migration._load (/home/runner/work/neon-compatibility/neon-compatibility/node_modules/truffle/build/webpack:/packages/migrate/Migration.js:44:1)\n        at Migration.run (/home/runner/work/neon-compatibility/neon-compatibility/node_modules/truffle/build/webpack:/packages/migrate/Migration.js:217:1)\n        at Object.runMigrations (/home/runner/work/neon-compatibility/neon-compatibility/node_modules/truffle/build/webpack:/packages/migrate/index.js:150:1)\n        at Object.runFrom (/home/runner/work/neon-compatibility/neon-compatibility/node_modules/truffle/build/webpack:/packages/migrate/index.js:110:1)\n        at Object.runAll (/home/runner/work/neon-compatibility/neon-compatibility/node_modules/truffle/build/webpack:/packages/migrate/index.js:114:1)\n        at Object.run (/home/runner/work/neon-compatibility/neon-compatibility/node_modules/truffle/build/webpack:/packages/migrate/index.js:79:1)\n        at Object.run (/home/runner/work/neon-compatibility/neon-compatibility/node_modules/truffle/build/webpack:/packages/core/lib/testing/Test.js:109:1)\n        at Object.run (/home/runner/work/neon-compatibility/neon-compatibility/node_modules/truffle/build/webpack:/packages/core/lib/commands/test/index.js:177:1)\n        at Command.run (/home/runner/work/neon-compatibility/neon-compatibility/node_modules/truffle/build/webpack:/packages/core/lib/command.js:183:1)\n    Truffle v5.4.11 (core: 5.4.11)\n    Node v14.17.6\n    /home/runner/work/neon-compatibility/neon-compatibility\n    strict",
      "time" : {
        "start" : 1632571936772,
        "stop" : 1632571949933,
        "duration" : 13161
      }
    }, {
      "uid" : "db31274e34679340",
      "reportUrl" : "https://neonlabsorg.github.io/neon-compatibility/130//#testresult/db31274e34679340",
      "status" : "failed",
      "statusDetails" : "AssertionError: assert 'Error: Coul... any sources' not in '/home/runne...lity\\nstrict'\n  'Error: Could not f...ns from any sources' is contained here:\n           ^\n    \n    Error: Could not find artifacts for Migrations from any sources\n        at Resolver.require (/home/runner/work/neon-compatibility/neon-compatibility/node_modules/truffle/build/webpack:/packages/resolver/dist/lib/resolver.js:61:1)\n        at Object.require (/home/runner/work/neon-compatibility/neon-compatibility/node_modules/truffle/build/webpack:/packages/migrate/index.js:172:1)\n        at ResolverIntercept.require (/home/runner/work/neon-compatibility/neon-compatibility/node_modules/truffle/build/webpack:/packages/migrate/ResolverIntercept.js:22:1)\n        at /home/runner/work/neon-compatibility/neon-compatibility/OpenZeppelin/migrations/1_initial_migration.js:1:30\n        at Script.runInContext (vm.js:144:12)\n        at Script.runInNewContext (vm.js:149:17)\n        at Object.file (/home/runner/work/neon-compatibility/neon-compatibility/node_modules/truffle/build/webpack:/packages/require/require.js:94:1)\n        at Migration._load (/home/runner/work/neon-compatibility/neon-compatibility/node_modules/truffle/build/webpack:/packages/migrate/Migration.js:44:1)\n        at Migration.run (/home/runner/work/neon-compatibility/neon-compatibility/node_modules/truffle/build/webpack:/packages/migrate/Migration.js:217:1)\n        at Object.runMigrations (/home/runner/work/neon-compatibility/neon-compatibility/node_modules/truffle/build/webpack:/packages/migrate/index.js:150:1)\n        at Object.runFrom (/home/runner/work/neon-compatibility/neon-compatibility/node_modules/truffle/build/webpack:/packages/migrate/index.js:110:1)\n        at Object.runAll (/home/runner/work/neon-compatibility/neon-compatibility/node_modules/truffle/build/webpack:/packages/migrate/index.js:114:1)\n        at Object.run (/home/runner/work/neon-compatibility/neon-compatibility/node_modules/truffle/build/webpack:/packages/migrate/index.js:79:1)\n        at Object.run (/home/runner/work/neon-compatibility/neon-compatibility/node_modules/truffle/build/webpack:/packages/core/lib/testing/Test.js:109:1)\n        at Object.run (/home/runner/work/neon-compatibility/neon-compatibility/node_modules/truffle/build/webpack:/packages/core/lib/commands/test/index.js:177:1)\n        at Command.run (/home/runner/work/neon-compatibility/neon-compatibility/node_modules/truffle/build/webpack:/packages/core/lib/command.js:183:1)\n    Truffle v5.4.11 (core: 5.4.11)\n    Node v14.17.6\n    /home/runner/work/neon-compatibility/neon-compatibility\n    strict",
      "time" : {
        "start" : 1632571729102,
        "stop" : 1632571743269,
        "duration" : 14167
      }
    } ]
  },
  "f106b9f10f409be723a700f929278a2d" : {
    "statistic" : {
      "failed" : 0,
      "broken" : 0,
      "skipped" : 6,
      "passed" : 0,
      "unknown" : 0,
      "total" : 6
    },
    "items" : [ {
      "uid" : "5d11fc50c23074e7",
      "reportUrl" : "https://neonlabsorg.github.io/neon-compatibility/136//#testresult/5d11fc50c23074e7",
      "status" : "skipped",
      "statusDetails" : "Skipped: now yet done",
      "time" : {
        "start" : 1632592252942,
        "stop" : 1632592252942,
        "duration" : 0
      }
    }, {
      "uid" : "e7ced576fd6c196a",
      "reportUrl" : "https://neonlabsorg.github.io/neon-compatibility/135//#testresult/e7ced576fd6c196a",
      "status" : "skipped",
      "statusDetails" : "Skipped: now yet done",
      "time" : {
        "start" : 1632572462097,
        "stop" : 1632572462097,
        "duration" : 0
      }
    }, {
      "uid" : "e327079310319047",
      "reportUrl" : "https://neonlabsorg.github.io/neon-compatibility/134//#testresult/e327079310319047",
      "status" : "skipped",
      "statusDetails" : "Skipped: now yet done",
      "time" : {
        "start" : 1632572120473,
        "stop" : 1632572120473,
        "duration" : 0
      }
    }, {
      "uid" : "ce01ee66dc4d3c3d",
      "reportUrl" : "https://neonlabsorg.github.io/neon-compatibility/132//#testresult/ce01ee66dc4d3c3d",
      "status" : "skipped",
      "statusDetails" : "Skipped: now yet done",
      "time" : {
        "start" : 1632571960741,
        "stop" : 1632571960741,
        "duration" : 0
      }
    }, {
      "uid" : "42dc31581d516f44",
      "reportUrl" : "https://neonlabsorg.github.io/neon-compatibility/131//#testresult/42dc31581d516f44",
      "status" : "skipped",
      "statusDetails" : "Skipped: now yet done",
      "time" : {
        "start" : 1632571914689,
        "stop" : 1632571914689,
        "duration" : 0
      }
    }, {
      "uid" : "2bc71b9471d8fa58",
      "reportUrl" : "https://neonlabsorg.github.io/neon-compatibility/130//#testresult/2bc71b9471d8fa58",
      "status" : "skipped",
      "statusDetails" : "Skipped: now yet done",
      "time" : {
        "start" : 1632571705383,
        "stop" : 1632571705383,
        "duration" : 0
      }
    } ]
  },
  "bcaa3d9a9d9d227a00ce4ede08727965" : {
    "statistic" : {
      "failed" : 6,
      "broken" : 0,
      "skipped" : 0,
      "passed" : 0,
      "unknown" : 0,
      "total" : 6
    },
    "items" : [ {
      "uid" : "49a413ce11fcab66",
      "reportUrl" : "https://neonlabsorg.github.io/neon-compatibility/136//#testresult/49a413ce11fcab66",
      "status" : "failed",
      "statusDetails" : "AssertionError: assert 'No contracts deployed.' not in '/home/runne...lity\\nstrict'\n  'No contracts deployed.' is contained here:\n    d: 110)\n      No contracts deployed.\n    \n    /home/runner/work/neon-compatibility/neon-compatibility\n    strict",
      "time" : {
        "start" : 1632592358890,
        "stop" : 1632592361509,
        "duration" : 2619
      }
    }, {
      "uid" : "a383db64520634da",
      "reportUrl" : "https://neonlabsorg.github.io/neon-compatibility/135//#testresult/a383db64520634da",
      "status" : "failed",
      "statusDetails" : "AssertionError: assert 'No contracts deployed.' not in '/home/runne...lity\\nstrict'\n  'No contracts deployed.' is contained here:\n    d: 111)\n      No contracts deployed.\n    \n    /home/runner/work/neon-compatibility/neon-compatibility\n    strict",
      "time" : {
        "start" : 1632572574556,
        "stop" : 1632572579054,
        "duration" : 4498
      }
    }, {
      "uid" : "3165553a44dc9421",
      "reportUrl" : "https://neonlabsorg.github.io/neon-compatibility/134//#testresult/3165553a44dc9421",
      "status" : "failed",
      "statusDetails" : "AssertionError: assert 'No contracts deployed.' not in '/home/runne...lity\\nstrict'\n  'No contracts deployed.' is contained here:\n    d: 110)\n      No contracts deployed.\n    \n    /home/runner/work/neon-compatibility/neon-compatibility\n    strict",
      "time" : {
        "start" : 1632572218690,
        "stop" : 1632572220898,
        "duration" : 2208
      }
    }, {
      "uid" : "39f2c94598771c3",
      "reportUrl" : "https://neonlabsorg.github.io/neon-compatibility/132//#testresult/39f2c94598771c3",
      "status" : "failed",
      "statusDetails" : "AssertionError: assert 'No contracts deployed.' not in '/home/runne...lity\\nstrict'\n  'No contracts deployed.' is contained here:\n    d: 111)\n      No contracts deployed.\n    \n    /home/runner/work/neon-compatibility/neon-compatibility\n    strict",
      "time" : {
        "start" : 1632572103681,
        "stop" : 1632572106444,
        "duration" : 2763
      }
    }, {
      "uid" : "d55228e61e58f1f4",
      "reportUrl" : "https://neonlabsorg.github.io/neon-compatibility/131//#testresult/d55228e61e58f1f4",
      "status" : "failed",
      "statusDetails" : "AssertionError: assert 'No contracts deployed.' not in '/home/runne...lity\\nstrict'\n  'No contracts deployed.' is contained here:\n    d: 110)\n      No contracts deployed.\n    \n    /home/runner/work/neon-compatibility/neon-compatibility\n    strict",
      "time" : {
        "start" : 1632572016945,
        "stop" : 1632572019443,
        "duration" : 2498
      }
    }, {
      "uid" : "4c03eff865140ba8",
      "reportUrl" : "https://neonlabsorg.github.io/neon-compatibility/130//#testresult/4c03eff865140ba8",
      "status" : "failed",
      "statusDetails" : "AssertionError: assert 'No contracts deployed.' not in '/home/runne...lity\\nstrict'\n  'No contracts deployed.' is contained here:\n    d: 110)\n      No contracts deployed.\n    \n    /home/runner/work/neon-compatibility/neon-compatibility\n    strict",
      "time" : {
        "start" : 1632571810329,
        "stop" : 1632571812982,
        "duration" : 2653
      }
    } ]
  },
  "33177accc6f073cb500e69f145791730" : {
    "statistic" : {
      "failed" : 0,
      "broken" : 0,
      "skipped" : 0,
      "passed" : 6,
      "unknown" : 0,
      "total" : 6
    },
    "items" : [ {
      "uid" : "748dfc233a13d166",
      "reportUrl" : "https://neonlabsorg.github.io/neon-compatibility/136//#testresult/748dfc233a13d166",
      "status" : "passed",
      "time" : {
        "start" : 1632592252988,
        "stop" : 1632592253474,
        "duration" : 486
      }
    }, {
      "uid" : "2e49f4f23b8a3dfd",
      "reportUrl" : "https://neonlabsorg.github.io/neon-compatibility/135//#testresult/2e49f4f23b8a3dfd",
      "status" : "passed",
      "time" : {
        "start" : 1632572462135,
        "stop" : 1632572463260,
        "duration" : 1125
      }
    }, {
      "uid" : "1dcc3c053a3053ba",
      "reportUrl" : "https://neonlabsorg.github.io/neon-compatibility/134//#testresult/1dcc3c053a3053ba",
      "status" : "passed",
      "time" : {
        "start" : 1632572120499,
        "stop" : 1632572120874,
        "duration" : 375
      }
    }, {
      "uid" : "6589b3fa68c1fef0",
      "reportUrl" : "https://neonlabsorg.github.io/neon-compatibility/132//#testresult/6589b3fa68c1fef0",
      "status" : "passed",
      "time" : {
        "start" : 1632571960781,
        "stop" : 1632571961310,
        "duration" : 529
      }
    }, {
      "uid" : "2fa34b6c1940900",
      "reportUrl" : "https://neonlabsorg.github.io/neon-compatibility/131//#testresult/2fa34b6c1940900",
      "status" : "passed",
      "time" : {
        "start" : 1632571914725,
        "stop" : 1632571915201,
        "duration" : 476
      }
    }, {
      "uid" : "c7fcf346cf8020bb",
      "reportUrl" : "https://neonlabsorg.github.io/neon-compatibility/130//#testresult/c7fcf346cf8020bb",
      "status" : "passed",
      "time" : {
        "start" : 1632571705425,
        "stop" : 1632571705916,
        "duration" : 491
      }
    } ]
  },
  "645bc649ec39068f8479f87dfb6007e3" : {
    "statistic" : {
      "failed" : 6,
      "broken" : 0,
      "skipped" : 0,
      "passed" : 0,
      "unknown" : 0,
      "total" : 6
    },
    "items" : [ {
      "uid" : "28d03f618be27652",
      "reportUrl" : "https://neonlabsorg.github.io/neon-compatibility/136//#testresult/28d03f618be27652",
      "status" : "failed",
      "statusDetails" : "AssertionError: assert 'Error: Coul... any sources' not in '/home/runne...lity\\nstrict'\n  'Error: Could not f...ns from any sources' is contained here:\n           ^\n    \n    Error: Could not find artifacts for Migrations from any sources\n        at Resolver.require (/home/runner/work/neon-compatibility/neon-compatibility/node_modules/truffle/build/webpack:/packages/resolver/dist/lib/resolver.js:61:1)\n        at Object.require (/home/runner/work/neon-compatibility/neon-compatibility/node_modules/truffle/build/webpack:/packages/migrate/index.js:172:1)\n        at ResolverIntercept.require (/home/runner/work/neon-compatibility/neon-compatibility/node_modules/truffle/build/webpack:/packages/migrate/ResolverIntercept.js:22:1)\n        at /home/runner/work/neon-compatibility/neon-compatibility/OpenZeppelin/migrations/1_initial_migration.js:1:30\n        at Script.runInContext (vm.js:144:12)\n        at Script.runInNewContext (vm.js:149:17)\n        at Object.file (/home/runner/work/neon-compatibility/neon-compatibility/node_modules/truffle/build/webpack:/packages/require/require.js:94:1)\n        at Migration._load (/home/runner/work/neon-compatibility/neon-compatibility/node_modules/truffle/build/webpack:/packages/migrate/Migration.js:44:1)\n        at Migration.run (/home/runner/work/neon-compatibility/neon-compatibility/node_modules/truffle/build/webpack:/packages/migrate/Migration.js:217:1)\n        at Object.runMigrations (/home/runner/work/neon-compatibility/neon-compatibility/node_modules/truffle/build/webpack:/packages/migrate/index.js:150:1)\n        at Object.runFrom (/home/runner/work/neon-compatibility/neon-compatibility/node_modules/truffle/build/webpack:/packages/migrate/index.js:110:1)\n        at Object.runAll (/home/runner/work/neon-compatibility/neon-compatibility/node_modules/truffle/build/webpack:/packages/migrate/index.js:114:1)\n        at Object.run (/home/runner/work/neon-compatibility/neon-compatibility/node_modules/truffle/build/webpack:/packages/migrate/index.js:79:1)\n        at Object.run (/home/runner/work/neon-compatibility/neon-compatibility/node_modules/truffle/build/webpack:/packages/core/lib/testing/Test.js:109:1)\n        at Object.run (/home/runner/work/neon-compatibility/neon-compatibility/node_modules/truffle/build/webpack:/packages/core/lib/commands/test/index.js:177:1)\n        at Command.run (/home/runner/work/neon-compatibility/neon-compatibility/node_modules/truffle/build/webpack:/packages/core/lib/command.js:183:1)\n    Truffle v5.4.11 (core: 5.4.11)\n    Node v14.17.6\n    /home/runner/work/neon-compatibility/neon-compatibility\n    strict",
      "time" : {
        "start" : 1632592261150,
        "stop" : 1632592277450,
        "duration" : 16300
      }
    }, {
      "uid" : "e1cc24b9323748bb",
      "reportUrl" : "https://neonlabsorg.github.io/neon-compatibility/135//#testresult/e1cc24b9323748bb",
      "status" : "failed",
      "statusDetails" : "AssertionError: assert 'Error: Coul... any sources' not in '/home/runne...lity\\nstrict'\n  'Error: Could not f...ns from any sources' is contained here:\n           ^\n    \n    Error: Could not find artifacts for Migrations from any sources\n        at Resolver.require (/home/runner/work/neon-compatibility/neon-compatibility/node_modules/truffle/build/webpack:/packages/resolver/dist/lib/resolver.js:61:1)\n        at Object.require (/home/runner/work/neon-compatibility/neon-compatibility/node_modules/truffle/build/webpack:/packages/migrate/index.js:172:1)\n        at ResolverIntercept.require (/home/runner/work/neon-compatibility/neon-compatibility/node_modules/truffle/build/webpack:/packages/migrate/ResolverIntercept.js:22:1)\n        at /home/runner/work/neon-compatibility/neon-compatibility/OpenZeppelin/migrations/1_initial_migration.js:1:30\n        at Script.runInContext (vm.js:144:12)\n        at Script.runInNewContext (vm.js:149:17)\n        at Object.file (/home/runner/work/neon-compatibility/neon-compatibility/node_modules/truffle/build/webpack:/packages/require/require.js:94:1)\n        at Migration._load (/home/runner/work/neon-compatibility/neon-compatibility/node_modules/truffle/build/webpack:/packages/migrate/Migration.js:44:1)\n        at Migration.run (/home/runner/work/neon-compatibility/neon-compatibility/node_modules/truffle/build/webpack:/packages/migrate/Migration.js:217:1)\n        at Object.runMigrations (/home/runner/work/neon-compatibility/neon-compatibility/node_modules/truffle/build/webpack:/packages/migrate/index.js:150:1)\n        at Object.runFrom (/home/runner/work/neon-compatibility/neon-compatibility/node_modules/truffle/build/webpack:/packages/migrate/index.js:110:1)\n        at Object.runAll (/home/runner/work/neon-compatibility/neon-compatibility/node_modules/truffle/build/webpack:/packages/migrate/index.js:114:1)\n        at Object.run (/home/runner/work/neon-compatibility/neon-compatibility/node_modules/truffle/build/webpack:/packages/migrate/index.js:79:1)\n        at Object.run (/home/runner/work/neon-compatibility/neon-compatibility/node_modules/truffle/build/webpack:/packages/core/lib/testing/Test.js:109:1)\n        at Object.run (/home/runner/work/neon-compatibility/neon-compatibility/node_modules/truffle/build/webpack:/packages/core/lib/commands/test/index.js:177:1)\n        at Command.run (/home/runner/work/neon-compatibility/neon-compatibility/node_modules/truffle/build/webpack:/packages/core/lib/command.js:183:1)\n    Truffle v5.4.11 (core: 5.4.11)\n    Node v14.17.6\n    /home/runner/work/neon-compatibility/neon-compatibility\n    strict",
      "time" : {
        "start" : 1632572476667,
        "stop" : 1632572508496,
        "duration" : 31829
      }
    }, {
      "uid" : "72a0d74073dd34ec",
      "reportUrl" : "https://neonlabsorg.github.io/neon-compatibility/134//#testresult/72a0d74073dd34ec",
      "status" : "failed",
      "statusDetails" : "AssertionError: assert 'Error: Coul... any sources' not in '/home/runne...lity\\nstrict'\n  'Error: Could not f...ns from any sources' is contained here:\n           ^\n    \n    Error: Could not find artifacts for Migrations from any sources\n        at Resolver.require (/home/runner/work/neon-compatibility/neon-compatibility/node_modules/truffle/build/webpack:/packages/resolver/dist/lib/resolver.js:61:1)\n        at Object.require (/home/runner/work/neon-compatibility/neon-compatibility/node_modules/truffle/build/webpack:/packages/migrate/index.js:172:1)\n        at ResolverIntercept.require (/home/runner/work/neon-compatibility/neon-compatibility/node_modules/truffle/build/webpack:/packages/migrate/ResolverIntercept.js:22:1)\n        at /home/runner/work/neon-compatibility/neon-compatibility/OpenZeppelin/migrations/1_initial_migration.js:1:30\n        at Script.runInContext (vm.js:144:12)\n        at Script.runInNewContext (vm.js:149:17)\n        at Object.file (/home/runner/work/neon-compatibility/neon-compatibility/node_modules/truffle/build/webpack:/packages/require/require.js:94:1)\n        at Migration._load (/home/runner/work/neon-compatibility/neon-compatibility/node_modules/truffle/build/webpack:/packages/migrate/Migration.js:44:1)\n        at Migration.run (/home/runner/work/neon-compatibility/neon-compatibility/node_modules/truffle/build/webpack:/packages/migrate/Migration.js:217:1)\n        at Object.runMigrations (/home/runner/work/neon-compatibility/neon-compatibility/node_modules/truffle/build/webpack:/packages/migrate/index.js:150:1)\n        at Object.runFrom (/home/runner/work/neon-compatibility/neon-compatibility/node_modules/truffle/build/webpack:/packages/migrate/index.js:110:1)\n        at Object.runAll (/home/runner/work/neon-compatibility/neon-compatibility/node_modules/truffle/build/webpack:/packages/migrate/index.js:114:1)\n        at Object.run (/home/runner/work/neon-compatibility/neon-compatibility/node_modules/truffle/build/webpack:/packages/migrate/index.js:79:1)\n        at Object.run (/home/runner/work/neon-compatibility/neon-compatibility/node_modules/truffle/build/webpack:/packages/core/lib/testing/Test.js:109:1)\n        at Object.run (/home/runner/work/neon-compatibility/neon-compatibility/node_modules/truffle/build/webpack:/packages/core/lib/commands/test/index.js:177:1)\n        at Command.run (/home/runner/work/neon-compatibility/neon-compatibility/node_modules/truffle/build/webpack:/packages/core/lib/command.js:183:1)\n    Truffle v5.4.11 (core: 5.4.11)\n    Node v14.17.6\n    /home/runner/work/neon-compatibility/neon-compatibility\n    strict",
      "time" : {
        "start" : 1632572129883,
        "stop" : 1632572147797,
        "duration" : 17914
      }
    }, {
      "uid" : "87f39e1cc2a70fd8",
      "reportUrl" : "https://neonlabsorg.github.io/neon-compatibility/132//#testresult/87f39e1cc2a70fd8",
      "status" : "failed",
      "statusDetails" : "AssertionError: assert 'Error: Coul... any sources' not in '/home/runne...lity\\nstrict'\n  'Error: Could not f...ns from any sources' is contained here:\n           ^\n    \n    Error: Could not find artifacts for Migrations from any sources\n        at Resolver.require (/home/runner/work/neon-compatibility/neon-compatibility/node_modules/truffle/build/webpack:/packages/resolver/dist/lib/resolver.js:61:1)\n        at Object.require (/home/runner/work/neon-compatibility/neon-compatibility/node_modules/truffle/build/webpack:/packages/migrate/index.js:172:1)\n        at ResolverIntercept.require (/home/runner/work/neon-compatibility/neon-compatibility/node_modules/truffle/build/webpack:/packages/migrate/ResolverIntercept.js:22:1)\n        at /home/runner/work/neon-compatibility/neon-compatibility/OpenZeppelin/migrations/1_initial_migration.js:1:30\n        at Script.runInContext (vm.js:144:12)\n        at Script.runInNewContext (vm.js:149:17)\n        at Object.file (/home/runner/work/neon-compatibility/neon-compatibility/node_modules/truffle/build/webpack:/packages/require/require.js:94:1)\n        at Migration._load (/home/runner/work/neon-compatibility/neon-compatibility/node_modules/truffle/build/webpack:/packages/migrate/Migration.js:44:1)\n        at Migration.run (/home/runner/work/neon-compatibility/neon-compatibility/node_modules/truffle/build/webpack:/packages/migrate/Migration.js:217:1)\n        at Object.runMigrations (/home/runner/work/neon-compatibility/neon-compatibility/node_modules/truffle/build/webpack:/packages/migrate/index.js:150:1)\n        at Object.runFrom (/home/runner/work/neon-compatibility/neon-compatibility/node_modules/truffle/build/webpack:/packages/migrate/index.js:110:1)\n        at Object.runAll (/home/runner/work/neon-compatibility/neon-compatibility/node_modules/truffle/build/webpack:/packages/migrate/index.js:114:1)\n        at Object.run (/home/runner/work/neon-compatibility/neon-compatibility/node_modules/truffle/build/webpack:/packages/migrate/index.js:79:1)\n        at Object.run (/home/runner/work/neon-compatibility/neon-compatibility/node_modules/truffle/build/webpack:/packages/core/lib/testing/Test.js:109:1)\n        at Object.run (/home/runner/work/neon-compatibility/neon-compatibility/node_modules/truffle/build/webpack:/packages/core/lib/commands/test/index.js:177:1)\n        at Command.run (/home/runner/work/neon-compatibility/neon-compatibility/node_modules/truffle/build/webpack:/packages/core/lib/command.js:183:1)\n    Truffle v5.4.11 (core: 5.4.11)\n    Node v14.17.6\n    /home/runner/work/neon-compatibility/neon-compatibility\n    strict",
      "time" : {
        "start" : 1632571968812,
        "stop" : 1632571989812,
        "duration" : 21000
      }
    }, {
      "uid" : "c8b0f7d36732e799",
      "reportUrl" : "https://neonlabsorg.github.io/neon-compatibility/131//#testresult/c8b0f7d36732e799",
      "status" : "failed",
      "statusDetails" : "AssertionError: assert 'Error: Coul... any sources' not in '/home/runne...lity\\nstrict'\n  'Error: Could not f...ns from any sources' is contained here:\n           ^\n    \n    Error: Could not find artifacts for Migrations from any sources\n        at Resolver.require (/home/runner/work/neon-compatibility/neon-compatibility/node_modules/truffle/build/webpack:/packages/resolver/dist/lib/resolver.js:61:1)\n        at Object.require (/home/runner/work/neon-compatibility/neon-compatibility/node_modules/truffle/build/webpack:/packages/migrate/index.js:172:1)\n        at ResolverIntercept.require (/home/runner/work/neon-compatibility/neon-compatibility/node_modules/truffle/build/webpack:/packages/migrate/ResolverIntercept.js:22:1)\n        at /home/runner/work/neon-compatibility/neon-compatibility/OpenZeppelin/migrations/1_initial_migration.js:1:30\n        at Script.runInContext (vm.js:144:12)\n        at Script.runInNewContext (vm.js:149:17)\n        at Object.file (/home/runner/work/neon-compatibility/neon-compatibility/node_modules/truffle/build/webpack:/packages/require/require.js:94:1)\n        at Migration._load (/home/runner/work/neon-compatibility/neon-compatibility/node_modules/truffle/build/webpack:/packages/migrate/Migration.js:44:1)\n        at Migration.run (/home/runner/work/neon-compatibility/neon-compatibility/node_modules/truffle/build/webpack:/packages/migrate/Migration.js:217:1)\n        at Object.runMigrations (/home/runner/work/neon-compatibility/neon-compatibility/node_modules/truffle/build/webpack:/packages/migrate/index.js:150:1)\n        at Object.runFrom (/home/runner/work/neon-compatibility/neon-compatibility/node_modules/truffle/build/webpack:/packages/migrate/index.js:110:1)\n        at Object.runAll (/home/runner/work/neon-compatibility/neon-compatibility/node_modules/truffle/build/webpack:/packages/migrate/index.js:114:1)\n        at Object.run (/home/runner/work/neon-compatibility/neon-compatibility/node_modules/truffle/build/webpack:/packages/migrate/index.js:79:1)\n        at Object.run (/home/runner/work/neon-compatibility/neon-compatibility/node_modules/truffle/build/webpack:/packages/core/lib/testing/Test.js:109:1)\n        at Object.run (/home/runner/work/neon-compatibility/neon-compatibility/node_modules/truffle/build/webpack:/packages/core/lib/commands/test/index.js:177:1)\n        at Command.run (/home/runner/work/neon-compatibility/neon-compatibility/node_modules/truffle/build/webpack:/packages/core/lib/command.js:183:1)\n    Truffle v5.4.11 (core: 5.4.11)\n    Node v14.17.6\n    /home/runner/work/neon-compatibility/neon-compatibility\n    strict",
      "time" : {
        "start" : 1632571921979,
        "stop" : 1632571936754,
        "duration" : 14775
      }
    }, {
      "uid" : "b997a07daff8efcd",
      "reportUrl" : "https://neonlabsorg.github.io/neon-compatibility/130//#testresult/b997a07daff8efcd",
      "status" : "failed",
      "statusDetails" : "AssertionError: assert 'Error: Coul... any sources' not in '/home/runne...lity\\nstrict'\n  'Error: Could not f...ns from any sources' is contained here:\n           ^\n    \n    Error: Could not find artifacts for Migrations from any sources\n        at Resolver.require (/home/runner/work/neon-compatibility/neon-compatibility/node_modules/truffle/build/webpack:/packages/resolver/dist/lib/resolver.js:61:1)\n        at Object.require (/home/runner/work/neon-compatibility/neon-compatibility/node_modules/truffle/build/webpack:/packages/migrate/index.js:172:1)\n        at ResolverIntercept.require (/home/runner/work/neon-compatibility/neon-compatibility/node_modules/truffle/build/webpack:/packages/migrate/ResolverIntercept.js:22:1)\n        at /home/runner/work/neon-compatibility/neon-compatibility/OpenZeppelin/migrations/1_initial_migration.js:1:30\n        at Script.runInContext (vm.js:144:12)\n        at Script.runInNewContext (vm.js:149:17)\n        at Object.file (/home/runner/work/neon-compatibility/neon-compatibility/node_modules/truffle/build/webpack:/packages/require/require.js:94:1)\n        at Migration._load (/home/runner/work/neon-compatibility/neon-compatibility/node_modules/truffle/build/webpack:/packages/migrate/Migration.js:44:1)\n        at Migration.run (/home/runner/work/neon-compatibility/neon-compatibility/node_modules/truffle/build/webpack:/packages/migrate/Migration.js:217:1)\n        at Object.runMigrations (/home/runner/work/neon-compatibility/neon-compatibility/node_modules/truffle/build/webpack:/packages/migrate/index.js:150:1)\n        at Object.runFrom (/home/runner/work/neon-compatibility/neon-compatibility/node_modules/truffle/build/webpack:/packages/migrate/index.js:110:1)\n        at Object.runAll (/home/runner/work/neon-compatibility/neon-compatibility/node_modules/truffle/build/webpack:/packages/migrate/index.js:114:1)\n        at Object.run (/home/runner/work/neon-compatibility/neon-compatibility/node_modules/truffle/build/webpack:/packages/migrate/index.js:79:1)\n        at Object.run (/home/runner/work/neon-compatibility/neon-compatibility/node_modules/truffle/build/webpack:/packages/core/lib/testing/Test.js:109:1)\n        at Object.run (/home/runner/work/neon-compatibility/neon-compatibility/node_modules/truffle/build/webpack:/packages/core/lib/commands/test/index.js:177:1)\n        at Command.run (/home/runner/work/neon-compatibility/neon-compatibility/node_modules/truffle/build/webpack:/packages/core/lib/command.js:183:1)\n    Truffle v5.4.11 (core: 5.4.11)\n    Node v14.17.6\n    /home/runner/work/neon-compatibility/neon-compatibility\n    strict",
      "time" : {
        "start" : 1632571713232,
        "stop" : 1632571729081,
        "duration" : 15849
      }
    } ]
  },
  "511db05aabd7a5a03889d11b24ff50d1" : {
    "statistic" : {
      "failed" : 4,
      "broken" : 0,
      "skipped" : 0,
      "passed" : 2,
      "unknown" : 0,
      "total" : 6
    },
    "items" : [ {
      "uid" : "f1540ccc25d8c32d",
      "reportUrl" : "https://neonlabsorg.github.io/neon-compatibility/136//#testresult/f1540ccc25d8c32d",
      "status" : "failed",
      "statusDetails" : "AssertionError: assert 'Error: Coul... any sources' not in '/home/runne...lity\\nstrict'\n  'Error: Could not f...ns from any sources' is contained here:\n           ^\n    \n    Error: Could not find artifacts for Migrations from any sources\n        at Resolver.require (/home/runner/work/neon-compatibility/neon-compatibility/node_modules/truffle/build/webpack:/packages/resolver/dist/lib/resolver.js:61:1)\n        at Object.require (/home/runner/work/neon-compatibility/neon-compatibility/node_modules/truffle/build/webpack:/packages/migrate/index.js:172:1)\n        at ResolverIntercept.require (/home/runner/work/neon-compatibility/neon-compatibility/node_modules/truffle/build/webpack:/packages/migrate/ResolverIntercept.js:22:1)\n        at /home/runner/work/neon-compatibility/neon-compatibility/OpenZeppelin/migrations/1_initial_migration.js:1:30\n        at Script.runInContext (vm.js:144:12)\n        at Script.runInNewContext (vm.js:149:17)\n        at Object.file (/home/runner/work/neon-compatibility/neon-compatibility/node_modules/truffle/build/webpack:/packages/require/require.js:94:1)\n        at Migration._load (/home/runner/work/neon-compatibility/neon-compatibility/node_modules/truffle/build/webpack:/packages/migrate/Migration.js:44:1)\n        at Migration.run (/home/runner/work/neon-compatibility/neon-compatibility/node_modules/truffle/build/webpack:/packages/migrate/Migration.js:217:1)\n        at Object.runMigrations (/home/runner/work/neon-compatibility/neon-compatibility/node_modules/truffle/build/webpack:/packages/migrate/index.js:150:1)\n        at Object.runFrom (/home/runner/work/neon-compatibility/neon-compatibility/node_modules/truffle/build/webpack:/packages/migrate/index.js:110:1)\n        at Object.runAll (/home/runner/work/neon-compatibility/neon-compatibility/node_modules/truffle/build/webpack:/packages/migrate/index.js:114:1)\n        at Object.run (/home/runner/work/neon-compatibility/neon-compatibility/node_modules/truffle/build/webpack:/packages/migrate/index.js:79:1)\n        at Object.run (/home/runner/work/neon-compatibility/neon-compatibility/node_modules/truffle/build/webpack:/packages/core/lib/testing/Test.js:109:1)\n        at Object.run (/home/runner/work/neon-compatibility/neon-compatibility/node_modules/truffle/build/webpack:/packages/core/lib/commands/test/index.js:177:1)\n        at Command.run (/home/runner/work/neon-compatibility/neon-compatibility/node_modules/truffle/build/webpack:/packages/core/lib/command.js:183:1)\n    Truffle v5.4.11 (core: 5.4.11)\n    Node v14.17.6\n    /home/runner/work/neon-compatibility/neon-compatibility\n    strict",
      "time" : {
        "start" : 1632592291492,
        "stop" : 1632592305624,
        "duration" : 14132
      }
    }, {
      "uid" : "f2629339b956bae0",
      "reportUrl" : "https://neonlabsorg.github.io/neon-compatibility/135//#testresult/f2629339b956bae0",
      "status" : "passed",
      "time" : {
        "start" : 1632572535429,
        "stop" : 1632572543451,
        "duration" : 8022
      }
    }, {
      "uid" : "69209917b6b5f9e4",
      "reportUrl" : "https://neonlabsorg.github.io/neon-compatibility/134//#testresult/69209917b6b5f9e4",
      "status" : "failed",
      "statusDetails" : "AssertionError: assert 'Error: Coul... any sources' not in '/home/runne...lity\\nstrict'\n  'Error: Could not f...ns from any sources' is contained here:\n           ^\n    \n    Error: Could not find artifacts for Migrations from any sources\n        at Resolver.require (/home/runner/work/neon-compatibility/neon-compatibility/node_modules/truffle/build/webpack:/packages/resolver/dist/lib/resolver.js:61:1)\n        at Object.require (/home/runner/work/neon-compatibility/neon-compatibility/node_modules/truffle/build/webpack:/packages/migrate/index.js:172:1)\n        at ResolverIntercept.require (/home/runner/work/neon-compatibility/neon-compatibility/node_modules/truffle/build/webpack:/packages/migrate/ResolverIntercept.js:22:1)\n        at /home/runner/work/neon-compatibility/neon-compatibility/OpenZeppelin/migrations/1_initial_migration.js:1:30\n        at Script.runInContext (vm.js:144:12)\n        at Script.runInNewContext (vm.js:149:17)\n        at Object.file (/home/runner/work/neon-compatibility/neon-compatibility/node_modules/truffle/build/webpack:/packages/require/require.js:94:1)\n        at Migration._load (/home/runner/work/neon-compatibility/neon-compatibility/node_modules/truffle/build/webpack:/packages/migrate/Migration.js:44:1)\n        at Migration.run (/home/runner/work/neon-compatibility/neon-compatibility/node_modules/truffle/build/webpack:/packages/migrate/Migration.js:217:1)\n        at Object.runMigrations (/home/runner/work/neon-compatibility/neon-compatibility/node_modules/truffle/build/webpack:/packages/migrate/index.js:150:1)\n        at Object.runFrom (/home/runner/work/neon-compatibility/neon-compatibility/node_modules/truffle/build/webpack:/packages/migrate/index.js:110:1)\n        at Object.runAll (/home/runner/work/neon-compatibility/neon-compatibility/node_modules/truffle/build/webpack:/packages/migrate/index.js:114:1)\n        at Object.run (/home/runner/work/neon-compatibility/neon-compatibility/node_modules/truffle/build/webpack:/packages/migrate/index.js:79:1)\n        at Object.run (/home/runner/work/neon-compatibility/neon-compatibility/node_modules/truffle/build/webpack:/packages/core/lib/testing/Test.js:109:1)\n        at Object.run (/home/runner/work/neon-compatibility/neon-compatibility/node_modules/truffle/build/webpack:/packages/core/lib/commands/test/index.js:177:1)\n        at Command.run (/home/runner/work/neon-compatibility/neon-compatibility/node_modules/truffle/build/webpack:/packages/core/lib/command.js:183:1)\n    Truffle v5.4.11 (core: 5.4.11)\n    Node v14.17.6\n    /home/runner/work/neon-compatibility/neon-compatibility\n    strict",
      "time" : {
        "start" : 1632572159832,
        "stop" : 1632572171767,
        "duration" : 11935
      }
    }, {
      "uid" : "dc09c1545fdb245e",
      "reportUrl" : "https://neonlabsorg.github.io/neon-compatibility/132//#testresult/dc09c1545fdb245e",
      "status" : "passed",
      "time" : {
        "start" : 1632572006562,
        "stop" : 1632572029562,
        "duration" : 23000
      }
    }, {
      "uid" : "bcf3d40f5c171549",
      "reportUrl" : "https://neonlabsorg.github.io/neon-compatibility/131//#testresult/bcf3d40f5c171549",
      "status" : "failed",
      "statusDetails" : "AssertionError: assert 'Error: Coul... any sources' not in '/home/runne...lity\\nstrict'\n  'Error: Could not f...ns from any sources' is contained here:\n           ^\n    \n    Error: Could not find artifacts for Migrations from any sources\n        at Resolver.require (/home/runner/work/neon-compatibility/neon-compatibility/node_modules/truffle/build/webpack:/packages/resolver/dist/lib/resolver.js:61:1)\n        at Object.require (/home/runner/work/neon-compatibility/neon-compatibility/node_modules/truffle/build/webpack:/packages/migrate/index.js:172:1)\n        at ResolverIntercept.require (/home/runner/work/neon-compatibility/neon-compatibility/node_modules/truffle/build/webpack:/packages/migrate/ResolverIntercept.js:22:1)\n        at /home/runner/work/neon-compatibility/neon-compatibility/OpenZeppelin/migrations/1_initial_migration.js:1:30\n        at Script.runInContext (vm.js:144:12)\n        at Script.runInNewContext (vm.js:149:17)\n        at Object.file (/home/runner/work/neon-compatibility/neon-compatibility/node_modules/truffle/build/webpack:/packages/require/require.js:94:1)\n        at Migration._load (/home/runner/work/neon-compatibility/neon-compatibility/node_modules/truffle/build/webpack:/packages/migrate/Migration.js:44:1)\n        at Migration.run (/home/runner/work/neon-compatibility/neon-compatibility/node_modules/truffle/build/webpack:/packages/migrate/Migration.js:217:1)\n        at Object.runMigrations (/home/runner/work/neon-compatibility/neon-compatibility/node_modules/truffle/build/webpack:/packages/migrate/index.js:150:1)\n        at Object.runFrom (/home/runner/work/neon-compatibility/neon-compatibility/node_modules/truffle/build/webpack:/packages/migrate/index.js:110:1)\n        at Object.runAll (/home/runner/work/neon-compatibility/neon-compatibility/node_modules/truffle/build/webpack:/packages/migrate/index.js:114:1)\n        at Object.run (/home/runner/work/neon-compatibility/neon-compatibility/node_modules/truffle/build/webpack:/packages/migrate/index.js:79:1)\n        at Object.run (/home/runner/work/neon-compatibility/neon-compatibility/node_modules/truffle/build/webpack:/packages/core/lib/testing/Test.js:109:1)\n        at Object.run (/home/runner/work/neon-compatibility/neon-compatibility/node_modules/truffle/build/webpack:/packages/core/lib/commands/test/index.js:177:1)\n        at Command.run (/home/runner/work/neon-compatibility/neon-compatibility/node_modules/truffle/build/webpack:/packages/core/lib/command.js:183:1)\n    Truffle v5.4.11 (core: 5.4.11)\n    Node v14.17.6\n    /home/runner/work/neon-compatibility/neon-compatibility\n    strict",
      "time" : {
        "start" : 1632571949952,
        "stop" : 1632571963388,
        "duration" : 13436
      }
    }, {
      "uid" : "d54e8b7311c6ea89",
      "reportUrl" : "https://neonlabsorg.github.io/neon-compatibility/130//#testresult/d54e8b7311c6ea89",
      "status" : "failed",
      "statusDetails" : "AssertionError: assert 'Error: Coul... any sources' not in '/home/runne...lity\\nstrict'\n  'Error: Could not f...ns from any sources' is contained here:\n           ^\n    \n    Error: Could not find artifacts for Migrations from any sources\n        at Resolver.require (/home/runner/work/neon-compatibility/neon-compatibility/node_modules/truffle/build/webpack:/packages/resolver/dist/lib/resolver.js:61:1)\n        at Object.require (/home/runner/work/neon-compatibility/neon-compatibility/node_modules/truffle/build/webpack:/packages/migrate/index.js:172:1)\n        at ResolverIntercept.require (/home/runner/work/neon-compatibility/neon-compatibility/node_modules/truffle/build/webpack:/packages/migrate/ResolverIntercept.js:22:1)\n        at /home/runner/work/neon-compatibility/neon-compatibility/OpenZeppelin/migrations/1_initial_migration.js:1:30\n        at Script.runInContext (vm.js:144:12)\n        at Script.runInNewContext (vm.js:149:17)\n        at Object.file (/home/runner/work/neon-compatibility/neon-compatibility/node_modules/truffle/build/webpack:/packages/require/require.js:94:1)\n        at Migration._load (/home/runner/work/neon-compatibility/neon-compatibility/node_modules/truffle/build/webpack:/packages/migrate/Migration.js:44:1)\n        at Migration.run (/home/runner/work/neon-compatibility/neon-compatibility/node_modules/truffle/build/webpack:/packages/migrate/Migration.js:217:1)\n        at Object.runMigrations (/home/runner/work/neon-compatibility/neon-compatibility/node_modules/truffle/build/webpack:/packages/migrate/index.js:150:1)\n        at Object.runFrom (/home/runner/work/neon-compatibility/neon-compatibility/node_modules/truffle/build/webpack:/packages/migrate/index.js:110:1)\n        at Object.runAll (/home/runner/work/neon-compatibility/neon-compatibility/node_modules/truffle/build/webpack:/packages/migrate/index.js:114:1)\n        at Object.run (/home/runner/work/neon-compatibility/neon-compatibility/node_modules/truffle/build/webpack:/packages/migrate/index.js:79:1)\n        at Object.run (/home/runner/work/neon-compatibility/neon-compatibility/node_modules/truffle/build/webpack:/packages/core/lib/testing/Test.js:109:1)\n        at Object.run (/home/runner/work/neon-compatibility/neon-compatibility/node_modules/truffle/build/webpack:/packages/core/lib/commands/test/index.js:177:1)\n        at Command.run (/home/runner/work/neon-compatibility/neon-compatibility/node_modules/truffle/build/webpack:/packages/core/lib/command.js:183:1)\n    Truffle v5.4.11 (core: 5.4.11)\n    Node v14.17.6\n    /home/runner/work/neon-compatibility/neon-compatibility\n    strict",
      "time" : {
        "start" : 1632571743289,
        "stop" : 1632571757203,
        "duration" : 13914
      }
    } ]
  },
  "192991fa1c29bedba683a7ecfe5b85c1" : {
    "statistic" : {
      "failed" : 5,
      "broken" : 0,
      "skipped" : 0,
      "passed" : 1,
      "unknown" : 0,
      "total" : 6
    },
    "items" : [ {
      "uid" : "e637b12de7553ba7",
      "reportUrl" : "https://neonlabsorg.github.io/neon-compatibility/136//#testresult/e637b12de7553ba7",
      "status" : "failed",
      "statusDetails" : "AssertionError: assert 'Error: Coul... any sources' not in '/home/runne...lity\\nstrict'\n  'Error: Could not f...ns from any sources' is contained here:\n           ^\n    \n    Error: Could not find artifacts for Migrations from any sources\n        at Resolver.require (/home/runner/work/neon-compatibility/neon-compatibility/node_modules/truffle/build/webpack:/packages/resolver/dist/lib/resolver.js:61:1)\n        at Object.require (/home/runner/work/neon-compatibility/neon-compatibility/node_modules/truffle/build/webpack:/packages/migrate/index.js:172:1)\n        at ResolverIntercept.require (/home/runner/work/neon-compatibility/neon-compatibility/node_modules/truffle/build/webpack:/packages/migrate/ResolverIntercept.js:22:1)\n        at /home/runner/work/neon-compatibility/neon-compatibility/OpenZeppelin/migrations/1_initial_migration.js:1:30\n        at Script.runInContext (vm.js:144:12)\n        at Script.runInNewContext (vm.js:149:17)\n        at Object.file (/home/runner/work/neon-compatibility/neon-compatibility/node_modules/truffle/build/webpack:/packages/require/require.js:94:1)\n        at Migration._load (/home/runner/work/neon-compatibility/neon-compatibility/node_modules/truffle/build/webpack:/packages/migrate/Migration.js:44:1)\n        at Migration.run (/home/runner/work/neon-compatibility/neon-compatibility/node_modules/truffle/build/webpack:/packages/migrate/Migration.js:217:1)\n        at Object.runMigrations (/home/runner/work/neon-compatibility/neon-compatibility/node_modules/truffle/build/webpack:/packages/migrate/index.js:150:1)\n        at Object.runFrom (/home/runner/work/neon-compatibility/neon-compatibility/node_modules/truffle/build/webpack:/packages/migrate/index.js:110:1)\n        at Object.runAll (/home/runner/work/neon-compatibility/neon-compatibility/node_modules/truffle/build/webpack:/packages/migrate/index.js:114:1)\n        at Object.run (/home/runner/work/neon-compatibility/neon-compatibility/node_modules/truffle/build/webpack:/packages/migrate/index.js:79:1)\n        at Object.run (/home/runner/work/neon-compatibility/neon-compatibility/node_modules/truffle/build/webpack:/packages/core/lib/testing/Test.js:109:1)\n        at Object.run (/home/runner/work/neon-compatibility/neon-compatibility/node_modules/truffle/build/webpack:/packages/core/lib/commands/test/index.js:177:1)\n        at Command.run (/home/runner/work/neon-compatibility/neon-compatibility/node_modules/truffle/build/webpack:/packages/core/lib/command.js:183:1)\n    Truffle v5.4.11 (core: 5.4.11)\n    Node v14.17.6\n    /home/runner/work/neon-compatibility/neon-compatibility\n    strict",
      "time" : {
        "start" : 1632592305644,
        "stop" : 1632592320838,
        "duration" : 15194
      }
    }, {
      "uid" : "3e4ab562cf84edbd",
      "reportUrl" : "https://neonlabsorg.github.io/neon-compatibility/135//#testresult/3e4ab562cf84edbd",
      "status" : "passed",
      "time" : {
        "start" : 1632572543495,
        "stop" : 1632572551054,
        "duration" : 7559
      }
    }, {
      "uid" : "b7f50e5e56d320b5",
      "reportUrl" : "https://neonlabsorg.github.io/neon-compatibility/134//#testresult/b7f50e5e56d320b5",
      "status" : "failed",
      "statusDetails" : "AssertionError: assert 'Error: Coul... any sources' not in '/home/runne...lity\\nstrict'\n  'Error: Could not f...ns from any sources' is contained here:\n           ^\n    \n    Error: Could not find artifacts for Migrations from any sources\n        at Resolver.require (/home/runner/work/neon-compatibility/neon-compatibility/node_modules/truffle/build/webpack:/packages/resolver/dist/lib/resolver.js:61:1)\n        at Object.require (/home/runner/work/neon-compatibility/neon-compatibility/node_modules/truffle/build/webpack:/packages/migrate/index.js:172:1)\n        at ResolverIntercept.require (/home/runner/work/neon-compatibility/neon-compatibility/node_modules/truffle/build/webpack:/packages/migrate/ResolverIntercept.js:22:1)\n        at /home/runner/work/neon-compatibility/neon-compatibility/OpenZeppelin/migrations/1_initial_migration.js:1:30\n        at Script.runInContext (vm.js:144:12)\n        at Script.runInNewContext (vm.js:149:17)\n        at Object.file (/home/runner/work/neon-compatibility/neon-compatibility/node_modules/truffle/build/webpack:/packages/require/require.js:94:1)\n        at Migration._load (/home/runner/work/neon-compatibility/neon-compatibility/node_modules/truffle/build/webpack:/packages/migrate/Migration.js:44:1)\n        at Migration.run (/home/runner/work/neon-compatibility/neon-compatibility/node_modules/truffle/build/webpack:/packages/migrate/Migration.js:217:1)\n        at Object.runMigrations (/home/runner/work/neon-compatibility/neon-compatibility/node_modules/truffle/build/webpack:/packages/migrate/index.js:150:1)\n        at Object.runFrom (/home/runner/work/neon-compatibility/neon-compatibility/node_modules/truffle/build/webpack:/packages/migrate/index.js:110:1)\n        at Object.runAll (/home/runner/work/neon-compatibility/neon-compatibility/node_modules/truffle/build/webpack:/packages/migrate/index.js:114:1)\n        at Object.run (/home/runner/work/neon-compatibility/neon-compatibility/node_modules/truffle/build/webpack:/packages/migrate/index.js:79:1)\n        at Object.run (/home/runner/work/neon-compatibility/neon-compatibility/node_modules/truffle/build/webpack:/packages/core/lib/testing/Test.js:109:1)\n        at Object.run (/home/runner/work/neon-compatibility/neon-compatibility/node_modules/truffle/build/webpack:/packages/core/lib/commands/test/index.js:177:1)\n        at Command.run (/home/runner/work/neon-compatibility/neon-compatibility/node_modules/truffle/build/webpack:/packages/core/lib/command.js:183:1)\n    Truffle v5.4.11 (core: 5.4.11)\n    Node v14.17.6\n    /home/runner/work/neon-compatibility/neon-compatibility\n    strict",
      "time" : {
        "start" : 1632572171785,
        "stop" : 1632572184759,
        "duration" : 12974
      }
    }, {
      "uid" : "fc42fe978da9594f",
      "reportUrl" : "https://neonlabsorg.github.io/neon-compatibility/132//#testresult/fc42fe978da9594f",
      "status" : "failed",
      "statusDetails" : "AssertionError: assert 'Error: Coul... any sources' not in '/home/runne...lity\\nstrict'\n  'Error: Could not f...ns from any sources' is contained here:\n           ^\n    \n    Error: Could not find artifacts for Migrations from any sources\n        at Resolver.require (/home/runner/work/neon-compatibility/neon-compatibility/node_modules/truffle/build/webpack:/packages/resolver/dist/lib/resolver.js:61:1)\n        at Object.require (/home/runner/work/neon-compatibility/neon-compatibility/node_modules/truffle/build/webpack:/packages/migrate/index.js:172:1)\n        at ResolverIntercept.require (/home/runner/work/neon-compatibility/neon-compatibility/node_modules/truffle/build/webpack:/packages/migrate/ResolverIntercept.js:22:1)\n        at /home/runner/work/neon-compatibility/neon-compatibility/OpenZeppelin/migrations/1_initial_migration.js:1:30\n        at Script.runInContext (vm.js:144:12)\n        at Script.runInNewContext (vm.js:149:17)\n        at Object.file (/home/runner/work/neon-compatibility/neon-compatibility/node_modules/truffle/build/webpack:/packages/require/require.js:94:1)\n        at Migration._load (/home/runner/work/neon-compatibility/neon-compatibility/node_modules/truffle/build/webpack:/packages/migrate/Migration.js:44:1)\n        at Migration.run (/home/runner/work/neon-compatibility/neon-compatibility/node_modules/truffle/build/webpack:/packages/migrate/Migration.js:217:1)\n        at Object.runMigrations (/home/runner/work/neon-compatibility/neon-compatibility/node_modules/truffle/build/webpack:/packages/migrate/index.js:150:1)\n        at Object.runFrom (/home/runner/work/neon-compatibility/neon-compatibility/node_modules/truffle/build/webpack:/packages/migrate/index.js:110:1)\n        at Object.runAll (/home/runner/work/neon-compatibility/neon-compatibility/node_modules/truffle/build/webpack:/packages/migrate/index.js:114:1)\n        at Object.run (/home/runner/work/neon-compatibility/neon-compatibility/node_modules/truffle/build/webpack:/packages/migrate/index.js:79:1)\n        at Object.run (/home/runner/work/neon-compatibility/neon-compatibility/node_modules/truffle/build/webpack:/packages/core/lib/testing/Test.js:109:1)\n        at Object.run (/home/runner/work/neon-compatibility/neon-compatibility/node_modules/truffle/build/webpack:/packages/core/lib/commands/test/index.js:177:1)\n        at Command.run (/home/runner/work/neon-compatibility/neon-compatibility/node_modules/truffle/build/webpack:/packages/core/lib/command.js:183:1)\n    Truffle v5.4.11 (core: 5.4.11)\n    Node v14.17.6\n    /home/runner/work/neon-compatibility/neon-compatibility\n    strict",
      "time" : {
        "start" : 1632572029579,
        "stop" : 1632572054987,
        "duration" : 25408
      }
    }, {
      "uid" : "ee79fe9f27de58f",
      "reportUrl" : "https://neonlabsorg.github.io/neon-compatibility/131//#testresult/ee79fe9f27de58f",
      "status" : "failed",
      "statusDetails" : "AssertionError: assert 'Error: Coul... any sources' not in '/home/runne...lity\\nstrict'\n  'Error: Could not f...ns from any sources' is contained here:\n           ^\n    \n    Error: Could not find artifacts for Migrations from any sources\n        at Resolver.require (/home/runner/work/neon-compatibility/neon-compatibility/node_modules/truffle/build/webpack:/packages/resolver/dist/lib/resolver.js:61:1)\n        at Object.require (/home/runner/work/neon-compatibility/neon-compatibility/node_modules/truffle/build/webpack:/packages/migrate/index.js:172:1)\n        at ResolverIntercept.require (/home/runner/work/neon-compatibility/neon-compatibility/node_modules/truffle/build/webpack:/packages/migrate/ResolverIntercept.js:22:1)\n        at /home/runner/work/neon-compatibility/neon-compatibility/OpenZeppelin/migrations/1_initial_migration.js:1:30\n        at Script.runInContext (vm.js:144:12)\n        at Script.runInNewContext (vm.js:149:17)\n        at Object.file (/home/runner/work/neon-compatibility/neon-compatibility/node_modules/truffle/build/webpack:/packages/require/require.js:94:1)\n        at Migration._load (/home/runner/work/neon-compatibility/neon-compatibility/node_modules/truffle/build/webpack:/packages/migrate/Migration.js:44:1)\n        at Migration.run (/home/runner/work/neon-compatibility/neon-compatibility/node_modules/truffle/build/webpack:/packages/migrate/Migration.js:217:1)\n        at Object.runMigrations (/home/runner/work/neon-compatibility/neon-compatibility/node_modules/truffle/build/webpack:/packages/migrate/index.js:150:1)\n        at Object.runFrom (/home/runner/work/neon-compatibility/neon-compatibility/node_modules/truffle/build/webpack:/packages/migrate/index.js:110:1)\n        at Object.runAll (/home/runner/work/neon-compatibility/neon-compatibility/node_modules/truffle/build/webpack:/packages/migrate/index.js:114:1)\n        at Object.run (/home/runner/work/neon-compatibility/neon-compatibility/node_modules/truffle/build/webpack:/packages/migrate/index.js:79:1)\n        at Object.run (/home/runner/work/neon-compatibility/neon-compatibility/node_modules/truffle/build/webpack:/packages/core/lib/testing/Test.js:109:1)\n        at Object.run (/home/runner/work/neon-compatibility/neon-compatibility/node_modules/truffle/build/webpack:/packages/core/lib/commands/test/index.js:177:1)\n        at Command.run (/home/runner/work/neon-compatibility/neon-compatibility/node_modules/truffle/build/webpack:/packages/core/lib/command.js:183:1)\n    Truffle v5.4.11 (core: 5.4.11)\n    Node v14.17.6\n    /home/runner/work/neon-compatibility/neon-compatibility\n    strict",
      "time" : {
        "start" : 1632571963407,
        "stop" : 1632571977569,
        "duration" : 14162
      }
    }, {
      "uid" : "dd03f865c3dc6f24",
      "reportUrl" : "https://neonlabsorg.github.io/neon-compatibility/130//#testresult/dd03f865c3dc6f24",
      "status" : "failed",
      "statusDetails" : "AssertionError: assert 'Error: Coul... any sources' not in '/home/runne...lity\\nstrict'\n  'Error: Could not f...ns from any sources' is contained here:\n           ^\n    \n    Error: Could not find artifacts for Migrations from any sources\n        at Resolver.require (/home/runner/work/neon-compatibility/neon-compatibility/node_modules/truffle/build/webpack:/packages/resolver/dist/lib/resolver.js:61:1)\n        at Object.require (/home/runner/work/neon-compatibility/neon-compatibility/node_modules/truffle/build/webpack:/packages/migrate/index.js:172:1)\n        at ResolverIntercept.require (/home/runner/work/neon-compatibility/neon-compatibility/node_modules/truffle/build/webpack:/packages/migrate/ResolverIntercept.js:22:1)\n        at /home/runner/work/neon-compatibility/neon-compatibility/OpenZeppelin/migrations/1_initial_migration.js:1:30\n        at Script.runInContext (vm.js:144:12)\n        at Script.runInNewContext (vm.js:149:17)\n        at Object.file (/home/runner/work/neon-compatibility/neon-compatibility/node_modules/truffle/build/webpack:/packages/require/require.js:94:1)\n        at Migration._load (/home/runner/work/neon-compatibility/neon-compatibility/node_modules/truffle/build/webpack:/packages/migrate/Migration.js:44:1)\n        at Migration.run (/home/runner/work/neon-compatibility/neon-compatibility/node_modules/truffle/build/webpack:/packages/migrate/Migration.js:217:1)\n        at Object.runMigrations (/home/runner/work/neon-compatibility/neon-compatibility/node_modules/truffle/build/webpack:/packages/migrate/index.js:150:1)\n        at Object.runFrom (/home/runner/work/neon-compatibility/neon-compatibility/node_modules/truffle/build/webpack:/packages/migrate/index.js:110:1)\n        at Object.runAll (/home/runner/work/neon-compatibility/neon-compatibility/node_modules/truffle/build/webpack:/packages/migrate/index.js:114:1)\n        at Object.run (/home/runner/work/neon-compatibility/neon-compatibility/node_modules/truffle/build/webpack:/packages/migrate/index.js:79:1)\n        at Object.run (/home/runner/work/neon-compatibility/neon-compatibility/node_modules/truffle/build/webpack:/packages/core/lib/testing/Test.js:109:1)\n        at Object.run (/home/runner/work/neon-compatibility/neon-compatibility/node_modules/truffle/build/webpack:/packages/core/lib/commands/test/index.js:177:1)\n        at Command.run (/home/runner/work/neon-compatibility/neon-compatibility/node_modules/truffle/build/webpack:/packages/core/lib/command.js:183:1)\n    Truffle v5.4.11 (core: 5.4.11)\n    Node v14.17.6\n    /home/runner/work/neon-compatibility/neon-compatibility\n    strict",
      "time" : {
        "start" : 1632571757223,
        "stop" : 1632571772425,
        "duration" : 15202
      }
    } ]
  },
  "e63c5a1b531c2472845045a6f65cedaf" : {
    "statistic" : {
      "failed" : 0,
      "broken" : 0,
      "skipped" : 0,
      "passed" : 6,
      "unknown" : 0,
      "total" : 6
    },
    "items" : [ {
      "uid" : "de2affed62651081",
      "reportUrl" : "https://neonlabsorg.github.io/neon-compatibility/136//#testresult/de2affed62651081",
      "status" : "passed",
      "time" : {
        "start" : 1632592320860,
        "stop" : 1632592358875,
        "duration" : 38015
      }
    }, {
      "uid" : "75d0348d17346e6",
      "reportUrl" : "https://neonlabsorg.github.io/neon-compatibility/135//#testresult/75d0348d17346e6",
      "status" : "passed",
      "time" : {
        "start" : 1632572551106,
        "stop" : 1632572574534,
        "duration" : 23428
      }
    }, {
      "uid" : "fc2460fd14480f84",
      "reportUrl" : "https://neonlabsorg.github.io/neon-compatibility/134//#testresult/fc2460fd14480f84",
      "status" : "passed",
      "time" : {
        "start" : 1632572184777,
        "stop" : 1632572218676,
        "duration" : 33899
      }
    }, {
      "uid" : "d4cb408c1d424f42",
      "reportUrl" : "https://neonlabsorg.github.io/neon-compatibility/132//#testresult/d4cb408c1d424f42",
      "status" : "passed",
      "time" : {
        "start" : 1632572055009,
        "stop" : 1632572103665,
        "duration" : 48656
      }
    }, {
      "uid" : "d07417bddf43f7c4",
      "reportUrl" : "https://neonlabsorg.github.io/neon-compatibility/131//#testresult/d07417bddf43f7c4",
      "status" : "passed",
      "time" : {
        "start" : 1632571977591,
        "stop" : 1632572016929,
        "duration" : 39338
      }
    }, {
      "uid" : "2dab3c774d40f1f",
      "reportUrl" : "https://neonlabsorg.github.io/neon-compatibility/130//#testresult/2dab3c774d40f1f",
      "status" : "passed",
      "time" : {
        "start" : 1632571772445,
        "stop" : 1632571810312,
        "duration" : 37867
      }
    } ]
  }
}