{
  "uid" : "87974b387bd99c77",
  "name" : "test_hardhat_advanced",
  "fullName" : "tests.hardhat.test_hardhat#test_hardhat_advanced",
  "historyId" : "0ef6e2d8779573975d39522b99ea42c4",
  "time" : {
    "start" : 1631198137656,
    "stop" : 1631198203885,
    "duration" : 66229
  },
  "status" : "failed",
  "statusMessage" : "AssertionError: assert 'Deploying a Greeter with greeting: Hello, world!' in '/home/runner/work/neon-uat/neon-uat/hardhat-advanced\\nDownloading compiler 0.8.4\\nCompiling 2 files with 0.8.4\\nCompi... finished successfully\\n\\n  Greeter\\n\\n    1) Uncaught error outside test suite\\n/home/runner/work/neon-uat/neon-uat\\n'\n +  where 'Deploying a Greeter with greeting: Hello, world!' = HardhatSuccess.DEPLOYING",
  "statusTrace" : "def test_hardhat_advanced():\n        # REPORT_GAS=true npx hardhat test\n        command = \"REPORT_GAS=true npx hardhat test\"\n        actual_result = run_command_line(\n            f\"{Subfolder.CD_HARDHAT_ADVANCED} {command} {CD_BACK}\")\n        assert HardhatError.ERROR_ETHEREUM_MODEL_WEB3 not in actual_result\n>       assert HardhatSuccess.DEPLOYING in actual_result\nE       AssertionError: assert 'Deploying a Greeter with greeting: Hello, world!' in '/home/runner/work/neon-uat/neon-uat/hardhat-advanced\\nDownloading compiler 0.8.4\\nCompiling 2 files with 0.8.4\\nCompi... finished successfully\\n\\n  Greeter\\n\\n    1) Uncaught error outside test suite\\n/home/runner/work/neon-uat/neon-uat\\n'\nE        +  where 'Deploying a Greeter with greeting: Hello, world!' = HardhatSuccess.DEPLOYING\n\ntests/hardhat/test_hardhat.py:33: AssertionError",
  "flaky" : false,
  "newFailed" : false,
  "beforeStages" : [ ],
  "afterStages" : [ ],
  "labels" : [ {
    "name" : "parentSuite",
    "value" : "tests.hardhat"
  }, {
    "name" : "suite",
    "value" : "test_hardhat"
  }, {
    "name" : "host",
    "value" : "fv-az83-202"
  }, {
    "name" : "thread",
    "value" : "3977-MainThread"
  }, {
    "name" : "framework",
    "value" : "pytest"
  }, {
    "name" : "language",
    "value" : "cpython3"
  }, {
    "name" : "package",
    "value" : "tests.hardhat.test_hardhat"
  }, {
    "name" : "resultFormat",
    "value" : "allure2"
  } ],
  "parameters" : [ ],
  "links" : [ ],
  "hidden" : false,
  "retry" : false,
  "extra" : {
    "severity" : "normal",
    "retries" : [ ],
    "categories" : [ {
      "name" : "Product defects",
      "matchedStatuses" : [ ],
      "flaky" : false
    } ],
    "history" : {
      "statistic" : {
        "failed" : 5,
        "broken" : 0,
        "skipped" : 0,
        "passed" : 0,
        "unknown" : 0,
        "total" : 5
      },
      "items" : [ {
        "uid" : "ba8773fd8e6ec41d",
        "reportUrl" : "https://neonlabsorg.github.io/neon-uat/46//#testresult/ba8773fd8e6ec41d",
        "status" : "failed",
        "statusDetails" : "AssertionError: assert 'Deploying a Greeter with greeting: Hello, world!' in '/home/runner/work/neon-uat/neon-uat/hardhat-advanced\\nDownloading compiler 0.8.4\\nCompiling 2 files with 0.8.4\\nCompi... finished successfully\\n\\n  Greeter\\n\\n    1) Uncaught error outside test suite\\n/home/runner/work/neon-uat/neon-uat\\n'\n +  where 'Deploying a Greeter with greeting: Hello, world!' = HardhatSuccess.DEPLOYING",
        "time" : {
          "start" : 1631198010320,
          "stop" : 1631198076804,
          "duration" : 66484
        }
      }, {
        "uid" : "f05d757a7e5b8323",
        "reportUrl" : "https://neonlabsorg.github.io/neon-uat/45//#testresult/f05d757a7e5b8323",
        "status" : "failed",
        "statusDetails" : "AssertionError: assert 'Deploying a Greeter with greeting: Hello, world!' in '/home/runner/work/neon-uat/neon-uat/hardhat-advanced\\nDownloading compiler 0.8.4\\nCompiling 2 files with 0.8.4\\nCompi... finished successfully\\n\\n  Greeter\\n\\n    1) Uncaught error outside test suite\\n/home/runner/work/neon-uat/neon-uat\\n'\n +  where 'Deploying a Greeter with greeting: Hello, world!' = HardhatSuccess.DEPLOYING",
        "time" : {
          "start" : 1631197946405,
          "stop" : 1631198013460,
          "duration" : 67055
        }
      }, {
        "uid" : "7a204aefd02da685",
        "reportUrl" : "https://neonlabsorg.github.io/neon-uat/44//#testresult/7a204aefd02da685",
        "status" : "failed",
        "statusDetails" : "AssertionError: assert 'Deploying a Greeter with greeting: Hello, world!' in '/home/runner/work/neon-uat/neon-uat/hardhat-advanced\\nDownloading compiler 0.8.4\\nCompiling 2 files with 0.8.4\\nCompi... finished successfully\\n\\n  Greeter\\n\\n    1) Uncaught error outside test suite\\n/home/runner/work/neon-uat/neon-uat\\n'\n +  where 'Deploying a Greeter with greeting: Hello, world!' = HardhatSuccess.DEPLOYING",
        "time" : {
          "start" : 1631195887645,
          "stop" : 1631195953356,
          "duration" : 65711
        }
      }, {
        "uid" : "773918083b07e164",
        "reportUrl" : "https://neonlabsorg.github.io/neon-uat/43//#testresult/773918083b07e164",
        "status" : "failed",
        "statusDetails" : "AssertionError: assert 'Deploying a Greeter with greeting: Hello, world!' in '/home/runner/work/neon-uat/neon-uat/hardhat-advanced\\nDownloading compiler 0.8.4\\nCompiling 2 files with 0.8.4\\nCompi... finished successfully\\n\\n  Greeter\\n\\n    1) Uncaught error outside test suite\\n/home/runner/work/neon-uat/neon-uat\\n'\n +  where 'Deploying a Greeter with greeting: Hello, world!' = HardhatSuccess.DEPLOYING",
        "time" : {
          "start" : 1631195348331,
          "stop" : 1631195414312,
          "duration" : 65981
        }
      } ]
    },
    "tags" : [ ]
  },
  "source" : "87974b387bd99c77.json",
  "parameterValues" : [ ]
}