{
  "uid" : "6d9c01a239063467",
  "name" : "test_truffle_test",
  "fullName" : "tests.truffle.test_truffle#test_truffle_test",
  "historyId" : "07db35a827628cf8ab363766d7795059",
  "time" : {
    "start" : 1632570949750,
    "stop" : 1632570952501,
    "duration" : 2751
  },
  "status" : "failed",
  "statusMessage" : "AssertionError: assert 'No contracts deployed.' not in '/home/runne...lity\\nstrict'\n  'No contracts deployed.' is contained here:\n    d: 110)\n      No contracts deployed.\n    \n    /home/runner/work/neon-compatibility/neon-compatibility\n    strict",
  "statusTrace" : "def test_truffle_test():\n        # truffle neonlabs ./test/metacoin.js\n        actual_result = run_command_line(\n            f\"{Subfolder.CD_METACOIN} {RunCommand.TRUFFLE} \" +\n            f\"{NETWORK_NAME} ./test/metacoin.js {CD_BACK}\")\n        assert TruffleError.ERROR_CONTRACTS_NOT_DEPLOYED not in actual_result\n>       assert TruffleError.ERROR_NO_CONTRACTS_DEPLOYED not in actual_result\nE       AssertionError: assert 'No contracts deployed.' not in '/home/runne...lity\\nstrict'\nE         'No contracts deployed.' is contained here:\nE           d: 110)\nE             No contracts deployed.\nE           \nE           /home/runner/work/neon-compatibility/neon-compatibility\nE           strict\n\ntests/truffle/test_truffle.py:53: AssertionError",
  "flaky" : false,
  "newFailed" : false,
  "beforeStages" : [ {
    "name" : "prepare_truffle_config",
    "time" : {
      "start" : 1632570949738,
      "stop" : 1632570949749,
      "duration" : 11
    },
    "status" : "passed",
    "steps" : [ ],
    "attachments" : [ ],
    "parameters" : [ ],
    "stepsCount" : 0,
    "attachmentsCount" : 0,
    "shouldDisplayMessage" : false,
    "hasContent" : false
  } ],
  "testStage" : {
    "status" : "failed",
    "statusMessage" : "AssertionError: assert 'No contracts deployed.' not in '/home/runne...lity\\nstrict'\n  'No contracts deployed.' is contained here:\n    d: 110)\n      No contracts deployed.\n    \n    /home/runner/work/neon-compatibility/neon-compatibility\n    strict",
    "statusTrace" : "def test_truffle_test():\n        # truffle neonlabs ./test/metacoin.js\n        actual_result = run_command_line(\n            f\"{Subfolder.CD_METACOIN} {RunCommand.TRUFFLE} \" +\n            f\"{NETWORK_NAME} ./test/metacoin.js {CD_BACK}\")\n        assert TruffleError.ERROR_CONTRACTS_NOT_DEPLOYED not in actual_result\n>       assert TruffleError.ERROR_NO_CONTRACTS_DEPLOYED not in actual_result\nE       AssertionError: assert 'No contracts deployed.' not in '/home/runne...lity\\nstrict'\nE         'No contracts deployed.' is contained here:\nE           d: 110)\nE             No contracts deployed.\nE           \nE           /home/runner/work/neon-compatibility/neon-compatibility\nE           strict\n\ntests/truffle/test_truffle.py:53: AssertionError",
    "steps" : [ ],
    "attachments" : [ {
      "uid" : "6377d3bd8c9ca62",
      "name" : "stdout",
      "source" : "6377d3bd8c9ca62.txt",
      "type" : "text/plain",
      "size" : 270
    } ],
    "parameters" : [ ],
    "stepsCount" : 0,
    "attachmentsCount" : 1,
    "shouldDisplayMessage" : true,
    "hasContent" : true
  },
  "afterStages" : [ {
    "name" : "prepare_truffle_config::0",
    "time" : {
      "start" : 1632570952505,
      "stop" : 1632570952505,
      "duration" : 0
    },
    "status" : "passed",
    "steps" : [ ],
    "attachments" : [ ],
    "parameters" : [ ],
    "stepsCount" : 0,
    "attachmentsCount" : 0,
    "shouldDisplayMessage" : false,
    "hasContent" : false
  } ],
  "labels" : [ {
    "name" : "parentSuite",
    "value" : "tests.truffle"
  }, {
    "name" : "suite",
    "value" : "test_truffle"
  }, {
    "name" : "host",
    "value" : "fv-az74-473"
  }, {
    "name" : "thread",
    "value" : "4926-MainThread"
  }, {
    "name" : "framework",
    "value" : "pytest"
  }, {
    "name" : "language",
    "value" : "cpython3"
  }, {
    "name" : "package",
    "value" : "tests.truffle.test_truffle"
  }, {
    "name" : "resultFormat",
    "value" : "allure2"
  } ],
  "parameters" : [ ],
  "links" : [ ],
  "hidden" : false,
  "retry" : false,
  "extra" : {
    "severity" : "normal",
    "retries" : [ ],
    "categories" : [ {
      "name" : "Product defects",
      "matchedStatuses" : [ ],
      "flaky" : false
    } ],
    "history" : {
      "statistic" : {
        "failed" : 10,
        "broken" : 0,
        "skipped" : 0,
        "passed" : 0,
        "unknown" : 0,
        "total" : 10
      },
      "items" : [ {
        "uid" : "ed718a2311c18357",
        "reportUrl" : "https://neonlabsorg.github.io/neon-compatibility/128//#testresult/ed718a2311c18357",
        "status" : "failed",
        "statusDetails" : "AssertionError: assert 'No contracts deployed.' not in '/home/runne...lity\\nstrict'\n  'No contracts deployed.' is contained here:\n    d: 110)\n      No contracts deployed.\n    \n    /home/runner/work/neon-compatibility/neon-compatibility\n    strict",
        "time" : {
          "start" : 1632570966990,
          "stop" : 1632570969631,
          "duration" : 2641
        }
      }, {
        "uid" : "7ec4ad2feac42671",
        "reportUrl" : "https://neonlabsorg.github.io/neon-compatibility/127//#testresult/7ec4ad2feac42671",
        "status" : "failed",
        "statusDetails" : "AssertionError: assert 'No contracts deployed.' not in '/home/runne...lity\\nstrict'\n  'No contracts deployed.' is contained here:\n    d: 110)\n      No contracts deployed.\n    \n    /home/runner/work/neon-compatibility/neon-compatibility\n    strict",
        "time" : {
          "start" : 1632567839877,
          "stop" : 1632567842223,
          "duration" : 2346
        }
      }, {
        "uid" : "e60b0c965263b851",
        "reportUrl" : "https://neonlabsorg.github.io/neon-compatibility/126//#testresult/e60b0c965263b851",
        "status" : "failed",
        "statusDetails" : "AssertionError: assert 'No contracts deployed.' not in '/home/runne...lity\\nstrict'\n  'No contracts deployed.' is contained here:\n    d: 110)\n      No contracts deployed.\n    \n    /home/runner/work/neon-compatibility/neon-compatibility\n    strict",
        "time" : {
          "start" : 1632557659113,
          "stop" : 1632557661201,
          "duration" : 2088
        }
      }, {
        "uid" : "937e81ca9cc62830",
        "reportUrl" : "https://neonlabsorg.github.io/neon-compatibility/125//#testresult/937e81ca9cc62830",
        "status" : "failed",
        "statusDetails" : "AssertionError: assert 'No contracts deployed.' not in '/home/runne...lity\\nstrict'\n  'No contracts deployed.' is contained here:\n    d: 110)\n      No contracts deployed.\n    \n    /home/runner/work/neon-compatibility/neon-compatibility\n    strict",
        "time" : {
          "start" : 1632557581197,
          "stop" : 1632557583252,
          "duration" : 2055
        }
      }, {
        "uid" : "a84d4adc1992227b",
        "reportUrl" : "https://neonlabsorg.github.io/neon-compatibility/124//#testresult/a84d4adc1992227b",
        "status" : "failed",
        "statusDetails" : "AssertionError: assert 'No contracts deployed.' not in '/home/runne...lity\\nstrict'\n  'No contracts deployed.' is contained here:\n    d: 110)\n      No contracts deployed.\n    \n    /home/runner/work/neon-compatibility/neon-compatibility\n    strict",
        "time" : {
          "start" : 1632503175323,
          "stop" : 1632503177582,
          "duration" : 2259
        }
      }, {
        "uid" : "8a2a5aeaefadcb10",
        "reportUrl" : "https://neonlabsorg.github.io/neon-compatibility/123//#testresult/8a2a5aeaefadcb10",
        "status" : "failed",
        "statusDetails" : "AssertionError: assert 'No contracts deployed.' not in '/home/runne...lity\\nstrict'\n  'No contracts deployed.' is contained here:\n    d: 110)\n      No contracts deployed.\n    \n    /home/runner/work/neon-compatibility/neon-compatibility\n    strict",
        "time" : {
          "start" : 1632503143529,
          "stop" : 1632503146405,
          "duration" : 2876
        }
      }, {
        "uid" : "5160ab012ed9a5aa",
        "reportUrl" : "https://neonlabsorg.github.io/neon-compatibility/122//#testresult/5160ab012ed9a5aa",
        "status" : "failed",
        "statusDetails" : "AssertionError: assert 'No contracts deployed.' not in '/home/runne...lity\\nstrict'\n  'No contracts deployed.' is contained here:\n    d: 110)\n      No contracts deployed.\n    \n    /home/runner/work/neon-compatibility/neon-compatibility\n    strict",
        "time" : {
          "start" : 1632502613610,
          "stop" : 1632502615832,
          "duration" : 2222
        }
      }, {
        "uid" : "2d74aee4dfb0e586",
        "reportUrl" : "https://neonlabsorg.github.io/neon-compatibility/121//#testresult/2d74aee4dfb0e586",
        "status" : "failed",
        "statusDetails" : "AssertionError: assert 'No contracts deployed.' not in '/home/runne...lity\\nstrict'\n  'No contracts deployed.' is contained here:\n    d: 110)\n      No contracts deployed.\n    \n    /home/runner/work/neon-compatibility/neon-compatibility\n    strict",
        "time" : {
          "start" : 1632502429107,
          "stop" : 1632502431313,
          "duration" : 2206
        }
      }, {
        "uid" : "c9bff13cbbbb3a2b",
        "reportUrl" : "https://neonlabsorg.github.io/neon-compatibility/120//#testresult/c9bff13cbbbb3a2b",
        "status" : "failed",
        "statusDetails" : "AssertionError: assert 'No contracts deployed.' not in '/home/runne...lity\\nstrict'\n  'No contracts deployed.' is contained here:\n    d: 110)\n      No contracts deployed.\n    \n    /home/runner/work/neon-compatibility/neon-compatibility\n    strict",
        "time" : {
          "start" : 1632489286819,
          "stop" : 1632489289320,
          "duration" : 2501
        }
      } ]
    },
    "tags" : [ ]
  },
  "source" : "6d9c01a239063467.json",
  "parameterValues" : [ ]
}