{
  "uid" : "4b4757e66a1912dae1a509f688f20b0f",
  "children" : [ {
    "name" : "Test defects",
    "children" : [ {
      "name" : "Request failed with status code 502",
      "children" : [ {
        "name" : "shouldCreateAcccountWithEthersJs",
        "uid" : "e1124ecd6f9bc2f9",
        "parentUid" : "e705b6fb5463b32ee86ab624bd889c61",
        "status" : "broken",
        "time" : {
          "start" : 1637682253927,
          "stop" : 1637682254783,
          "duration" : 856
        },
        "flaky" : false,
        "newFailed" : false,
        "parameters" : [ ]
      } ],
      "uid" : "e705b6fb5463b32ee86ab624bd889c61"
    }, {
      "name" : "Timeout of 2000ms exceeded. For async tests and hooks, ensure \"done()\" is called; if returning a Promise, ensure it resolves. (/home/runner/work/neon-compatibility/neon-compatibility/dist/src/test/ethers-js/EthersJs.test.js)",
      "children" : [ {
        "name" : "testQueryingBlockchain",
        "uid" : "d20e5a481e62c879",
        "parentUid" : "0d6b97d7ba58bad7eeafc37438632abb",
        "status" : "broken",
        "time" : {
          "start" : 1637682257761,
          "stop" : 1637682259765,
          "duration" : 2004
        },
        "flaky" : false,
        "newFailed" : false,
        "parameters" : [ ]
      } ],
      "uid" : "0d6b97d7ba58bad7eeafc37438632abb"
    }, {
      "name" : "resolver or addr is not configured for ENS name (argument=\"name\", value=\"dai.tokens.ethers.eth\", code=INVALID_ARGUMENT, version=contracts/5.4.1)",
      "children" : [ {
        "name" : "testReadOnlyMethods",
        "uid" : "817a221f186db92c",
        "parentUid" : "f691d142a21ba4d36298b566fe753fd0",
        "status" : "broken",
        "time" : {
          "start" : 1637682261450,
          "stop" : 1637682262555,
          "duration" : 1105
        },
        "flaky" : false,
        "newFailed" : false,
        "parameters" : [ ]
      } ],
      "uid" : "f691d142a21ba4d36298b566fe753fd0"
    }, {
      "name" : "ethjs_provider_http_1.HttpProvider is not a constructor",
      "children" : [ {
        "name" : "test01",
        "uid" : "4f28dd452c0bd90a",
        "parentUid" : "426a702f588cd18af2cb78ab4240139d",
        "status" : "broken",
        "time" : {
          "start" : 1637682263548,
          "stop" : 1637682263567,
          "duration" : 19
        },
        "flaky" : false,
        "newFailed" : false,
        "parameters" : [ ]
      } ],
      "uid" : "426a702f588cd18af2cb78ab4240139d"
    }, {
      "name" : "expected false to equal true",
      "children" : [ {
        "name" : "run",
        "uid" : "dd3445ef7dc18467",
        "parentUid" : "32baf88b1330b74e17020719d7b92569",
        "status" : "broken",
        "time" : {
          "start" : 1637682459571,
          "stop" : 1637682519096,
          "duration" : 59525
        },
        "flaky" : false,
        "newFailed" : false,
        "parameters" : [ ]
      } ],
      "uid" : "32baf88b1330b74e17020719d7b92569"
    }, {
      "name" : "Returned error: ('evm emulator error ', {'accounts': [{'account': 'BbCbFi7AGRebb9vMk3WDQjGAskpxiKNxYMuDPeb2ZS8H', 'address': '0x04737ee7c01c3e05fb0cd2fe4a4aa5230b06759a', 'code_size': None, 'code_size_current': None, 'contract': None, 'new': False, 'writable': False}, {'account': '3bFdZGyoPrRfQcCnKtWj8xpdfUbPSrt6iRbu8KNV46zQ', 'address': '0x99be1d1035313c20e68e203e1050ab0f82b008a2', 'code_size': None, 'code_size_current': None, 'contract': None, 'new': True, 'writable': False}], 'exit_status': 'error', 'result': '', 'solana_accounts': [], 'steps_executed': 1624, 'token_accounts': [], 'used_gas': 49226938})",
      "children" : [ {
        "name" : "run",
        "uid" : "427dcd42c7564983",
        "parentUid" : "e9759041bf120404110553117e42805b",
        "status" : "broken",
        "time" : {
          "start" : 1637682459625,
          "stop" : 1637682471945,
          "duration" : 12320
        },
        "flaky" : false,
        "newFailed" : false,
        "parameters" : [ ]
      } ],
      "uid" : "e9759041bf120404110553117e42805b"
    }, {
      "name" : "Returned values aren't valid, did it run Out of Gas? You might also see this error if you are not using the correct ABI for the contract you are retrieving data from, requesting data from a block number that does not exist, or querying a node which is not fully synced.",
      "children" : [ {
        "name" : "can be set as an implementer for supported interfaces in the registry",
        "uid" : "6ccb7bf33d54abe1",
        "parentUid" : "ad69081944a61d9763f7a6717624ea5e",
        "status" : "broken",
        "time" : {
          "start" : 1637682668423,
          "stop" : 1637682678471,
          "duration" : 10048
        },
        "flaky" : false,
        "newFailed" : false,
        "parameters" : [ ]
      } ],
      "uid" : "ad69081944a61d9763f7a6717624ea5e"
    }, {
      "name" : "Returned error: HTTPConnectionPool(host='test-solana', port=8899): Max retries exceeded with url: / (Caused by NewConnectionError('<urllib3.connection.HTTPConnection object at 0x7f437ff40190>: Failed to establish a new connection: [Errno 99] Cannot assign requested address'))",
      "children" : [ {
        "name" : "adds and removes multiple keys",
        "uid" : "6f57e05afb284fd9",
        "parentUid" : "21fb18288a387bf2207ddec140589962",
        "status" : "broken",
        "time" : {
          "start" : 1637682762075,
          "stop" : 1637682792800,
          "duration" : 30725
        },
        "flaky" : false,
        "newFailed" : false,
        "parameters" : [ ]
      } ],
      "uid" : "21fb18288a387bf2207ddec140589962"
    }, {
      "name" : "Returned error: HTTPConnectionPool(host='test-solana', port=8899): Max retries exceeded with url: / (Caused by NewConnectionError('<urllib3.connection.HTTPConnection object at 0x7f437fefd4f0>: Failed to establish a new connection: [Errno 99] Cannot assign requested address'))",
      "children" : [ {
        "name" : "reverts when the called function runs out of gas",
        "uid" : "8ad3385484a9ddb7",
        "parentUid" : "8216b9b8e157aeda7366cc1c97fab632",
        "status" : "broken",
        "time" : {
          "start" : 1637682786316,
          "stop" : 1637682792897,
          "duration" : 6581
        },
        "flaky" : false,
        "newFailed" : false,
        "parameters" : [ ]
      } ],
      "uid" : "8216b9b8e157aeda7366cc1c97fab632"
    }, {
      "name" : "Returned error: failed to get recent blockhash",
      "children" : [ {
        "name" : "has expected balance",
        "uid" : "c3e767d3c614be32",
        "parentUid" : "e4eb7f4b39109be9118fb614d66bf4bc",
        "status" : "broken",
        "time" : {
          "start" : 1637682787057,
          "stop" : 1637682792731,
          "duration" : 5674
        },
        "flaky" : false,
        "newFailed" : false,
        "parameters" : [ ]
      }, {
        "name" : "delegates to the implementation",
        "uid" : "5dcfaa13cd0e0aa5",
        "parentUid" : "e4eb7f4b39109be9118fb614d66bf4bc",
        "status" : "broken",
        "time" : {
          "start" : 1637682787764,
          "stop" : 1637682792807,
          "duration" : 5043
        },
        "flaky" : false,
        "newFailed" : false,
        "parameters" : [ ]
      }, {
        "name" : "reverts on division by zero",
        "uid" : "1a17dda677a03457",
        "parentUid" : "e4eb7f4b39109be9118fb614d66bf4bc",
        "status" : "broken",
        "time" : {
          "start" : 1637682789106,
          "stop" : 1637682792800,
          "duration" : 3694
        },
        "flaky" : false,
        "newFailed" : false,
        "parameters" : [ ]
      } ],
      "uid" : "e4eb7f4b39109be9118fb614d66bf4bc"
    }, {
      "name" : "Returned error: HTTPConnectionPool(host='test-solana', port=8899): Max retries exceeded with url: / (Caused by NewConnectionError('<urllib3.connection.HTTPConnection object at 0x7f437fce0940>: Failed to establish a new connection: [Errno 99] Cannot assign requested address'))",
      "children" : [ {
        "name" : "starts empty",
        "uid" : "7058e225406eb30e",
        "parentUid" : "5db82b32b683c2ddfe0b4c99def8d765",
        "status" : "broken",
        "time" : {
          "start" : 1637682789983,
          "stop" : 1637682792846,
          "duration" : 2863
        },
        "flaky" : false,
        "newFailed" : false,
        "parameters" : [ ]
      } ],
      "uid" : "5db82b32b683c2ddfe0b4c99def8d765"
    }, {
      "name" : "Returned error: HTTPConnectionPool(host='test-solana', port=8899): Max retries exceeded with url: / (Caused by NewConnectionError('<urllib3.connection.HTTPConnection object at 0x7f437ff11e80>: Failed to establish a new connection: [Errno 99] Cannot assign requested address'))",
      "children" : [ {
        "name" : "deploys a ERC1820Implementer from inline assembly code",
        "uid" : "b6a422fb3bf5f47c",
        "parentUid" : "18d76bef9c6fb8fa4a7da2747ce47805",
        "status" : "broken",
        "time" : {
          "start" : 1637682790053,
          "stop" : 1637682792800,
          "duration" : 2747
        },
        "flaky" : false,
        "newFailed" : false,
        "parameters" : [ ]
      } ],
      "uid" : "18d76bef9c6fb8fa4a7da2747ce47805"
    }, {
      "name" : "Returned error: HTTPConnectionPool(host='test-solana', port=8899): Max retries exceeded with url: / (Caused by NewConnectionError('<urllib3.connection.HTTPConnection object at 0x7f438441eca0>: Failed to establish a new connection: [Errno 99] Cannot assign requested address'))",
      "children" : [ {
        "name" : "downcasts 2^128 - 1 (340282366920938463463374607431768211455)",
        "uid" : "151692e7bd54b49d",
        "parentUid" : "807a99629ec0c3121f546eda19e0aa62",
        "status" : "broken",
        "time" : {
          "start" : 1637682790599,
          "stop" : 1637682792725,
          "duration" : 2126
        },
        "flaky" : false,
        "newFailed" : false,
        "parameters" : [ ]
      } ],
      "uid" : "807a99629ec0c3121f546eda19e0aa62"
    }, {
      "name" : "Transaction: 0x7cc54d64a56235d4bfedd68b924d42d52913274e8f718c6c6addf0f0f51a76fa exited with an error (status 0). \n                     Please check that the transaction:\n                     - satisfies all conditions set by Solidity `require` statements.\n                     - does not trigger a Solidity `revert` statement.\n                ",
      "children" : [ {
        "name" : "can accept a single deposit",
        "uid" : "8d740eb1aba45f70",
        "parentUid" : "2f6084a7a6ffed08eae72ef5c079e176",
        "status" : "broken",
        "time" : {
          "start" : 1637682804135,
          "stop" : 1637682811010,
          "duration" : 6875
        },
        "flaky" : false,
        "newFailed" : false,
        "parameters" : [ ]
      } ],
      "uid" : "2f6084a7a6ffed08eae72ef5c079e176"
    } ],
    "uid" : "bdbf199525818fae7a8651db9eafe741"
  }, {
    "name" : "Not supported",
    "children" : [ {
      "name" : "processing response error (body=\"{\\\"jsonrpc\\\": \\\"2.0\\\", \\\"id\\\": 45, \\\"error\\\": {\\\"code\\\": -32000, \\\"message\\\": \\\"'EthereumModel' object has no attribute 'eth_accounts'\\\"}}\", error={\"code\":-32000}, requestBody=\"{\\\"method\\\":\\\"eth_accounts\\\",\\\"params\\\":[],\\\"id\\\":45,\\\"jsonrpc\\\":\\\"2.0\\\"}\", requestMethod=\"POST\", url=\"https://proxy.teststand.neontest.xyz/solana\", code=SERVER_ERROR, version=web/5.4.0)",
      "children" : [ {
        "name" : "testWritingToTheBlockchain",
        "uid" : "11af15fb28f1fb40",
        "parentUid" : "d2966f81742a88d30931ba98afd1b11b",
        "status" : "broken",
        "time" : {
          "start" : 1637682259765,
          "stop" : 1637682261438,
          "duration" : 1673
        },
        "flaky" : false,
        "newFailed" : false,
        "parameters" : [ ]
      } ],
      "uid" : "d2966f81742a88d30931ba98afd1b11b"
    }, {
      "name" : "processing response error (body=\"{\\\"jsonrpc\\\": \\\"2.0\\\", \\\"id\\\": 42, \\\"error\\\": {\\\"code\\\": -32000, \\\"message\\\": \\\"'EthereumModel' object has no attribute 'eth_accounts'\\\"}}\", error={\"code\":-32000}, requestBody=\"{\\\"method\\\":\\\"eth_accounts\\\",\\\"params\\\":[],\\\"id\\\":42,\\\"jsonrpc\\\":\\\"2.0\\\"}\", requestMethod=\"POST\", url=\"https://proxy.teststand.neontest.xyz/solana\", code=SERVER_ERROR, version=web/5.4.0)",
      "children" : [ {
        "name" : "testQueryHistoricEvents",
        "uid" : "6839a8f7ed9c008e",
        "parentUid" : "82cf1aafc15dda217f2555c041af7191",
        "status" : "broken",
        "time" : {
          "start" : 1637682262562,
          "stop" : 1637682263045,
          "duration" : 483
        },
        "flaky" : false,
        "newFailed" : false,
        "parameters" : [ ]
      }, {
        "name" : "testSigningMessages",
        "uid" : "b5a569b1ae4fd999",
        "parentUid" : "82cf1aafc15dda217f2555c041af7191",
        "status" : "broken",
        "time" : {
          "start" : 1637682263046,
          "stop" : 1637682263534,
          "duration" : 488
        },
        "flaky" : false,
        "newFailed" : false,
        "parameters" : [ ]
      } ],
      "uid" : "82cf1aafc15dda217f2555c041af7191"
    }, {
      "name" : "'EthereumModel' object has no attribute 'eth_accounts'",
      "children" : [ {
        "name" : "Should return the new greeting once it's changed",
        "uid" : "2de92cb97a37591c",
        "parentUid" : "616b35d0f72e0c77835a18b2e151ce18",
        "status" : "broken",
        "time" : {
          "start" : 1637682269835,
          "stop" : 1637682271011,
          "duration" : 1176
        },
        "flaky" : false,
        "newFailed" : false,
        "parameters" : [ ]
      } ],
      "uid" : "616b35d0f72e0c77835a18b2e151ce18"
    }, {
      "name" : "Returned error: 'EthereumModel' object has no attribute 'eth_getStorageAt'",
      "children" : [ {
        "name" : "no initialization",
        "uid" : "3018e5261bdde5b2",
        "parentUid" : "46cf8e2332574f1d447bda346abdaf95",
        "status" : "broken",
        "time" : {
          "start" : 1637682613501,
          "stop" : 1637682622705,
          "duration" : 9204
        },
        "flaky" : false,
        "newFailed" : false,
        "parameters" : [ ]
      }, {
        "name" : "non-payable initialization",
        "uid" : "71619c898ab63419",
        "parentUid" : "46cf8e2332574f1d447bda346abdaf95",
        "status" : "broken",
        "time" : {
          "start" : 1637682622711,
          "stop" : 1637682633142,
          "duration" : 10431
        },
        "flaky" : false,
        "newFailed" : false,
        "parameters" : [ ]
      }, {
        "name" : "payable initialization",
        "uid" : "6bfaca2e5919175",
        "parentUid" : "46cf8e2332574f1d447bda346abdaf95",
        "status" : "broken",
        "time" : {
          "start" : 1637682633154,
          "stop" : 1637682643842,
          "duration" : 10688
        },
        "flaky" : false,
        "newFailed" : false,
        "parameters" : [ ]
      } ],
      "uid" : "46cf8e2332574f1d447bda346abdaf95"
    } ],
    "uid" : "74a85a700e270c086f9590bc39e50507"
  }, {
    "name" : "Product defects",
    "children" : [ {
      "name" : "Wrong kind of exception received: expected 'Returned error: execution reverted' to equal 'PaymentSplitter: no payees'",
      "children" : [ {
        "name" : "rejects an empty set of payees",
        "uid" : "a9555b16e761908d",
        "parentUid" : "363e78faa87a3bd3db3a792f2841dcbb",
        "status" : "failed",
        "time" : {
          "start" : 1637682376528,
          "stop" : 1637682378626,
          "duration" : 2098
        },
        "flaky" : false,
        "newFailed" : false,
        "parameters" : [ ]
      } ],
      "uid" : "363e78faa87a3bd3db3a792f2841dcbb"
    }, {
      "name" : "Wrong kind of exception received: expected 'Returned error: execution reverted' to equal 'PaymentSplitter: payees and shares length mismatch'",
      "children" : [ {
        "name" : "rejects more payees than shares",
        "uid" : "9e78f444e15d90f4",
        "parentUid" : "743e17133edb3bf127744991617f075d",
        "status" : "failed",
        "time" : {
          "start" : 1637682378627,
          "stop" : 1637682380399,
          "duration" : 1772
        },
        "flaky" : false,
        "newFailed" : false,
        "parameters" : [ ]
      }, {
        "name" : "rejects more shares than payees",
        "uid" : "c267a9e02f94057c",
        "parentUid" : "743e17133edb3bf127744991617f075d",
        "status" : "failed",
        "time" : {
          "start" : 1637682380400,
          "stop" : 1637682382175,
          "duration" : 1775
        },
        "flaky" : false,
        "newFailed" : false,
        "parameters" : [ ]
      } ],
      "uid" : "743e17133edb3bf127744991617f075d"
    }, {
      "name" : "Wrong kind of exception received: expected 'Returned error: execution reverted' to equal 'PaymentSplitter: account is the zero address'",
      "children" : [ {
        "name" : "rejects null payees",
        "uid" : "b69aeb47e71194d1",
        "parentUid" : "1691d0a05db6dc0c3e3967f1aa53467b",
        "status" : "failed",
        "time" : {
          "start" : 1637682382175,
          "stop" : 1637682384012,
          "duration" : 1837
        },
        "flaky" : false,
        "newFailed" : false,
        "parameters" : [ ]
      } ],
      "uid" : "1691d0a05db6dc0c3e3967f1aa53467b"
    }, {
      "name" : "Wrong kind of exception received: expected 'Returned error: execution reverted' to equal 'PaymentSplitter: shares are 0'",
      "children" : [ {
        "name" : "rejects zero-valued shares",
        "uid" : "345eab59f46d318d",
        "parentUid" : "21d291ba73f077a9f69e175acab3139f",
        "status" : "failed",
        "time" : {
          "start" : 1637682384013,
          "stop" : 1637682385789,
          "duration" : 1776
        },
        "flaky" : false,
        "newFailed" : false,
        "parameters" : [ ]
      } ],
      "uid" : "21d291ba73f077a9f69e175acab3139f"
    }, {
      "name" : "Wrong kind of exception received: expected 'Returned error: execution reverted' to equal 'PaymentSplitter: account already has shares'",
      "children" : [ {
        "name" : "rejects repeated payees",
        "uid" : "60f5ff1f04629878",
        "parentUid" : "b02f2a63f2b38d63fdb7736c5e9ac5ac",
        "status" : "failed",
        "time" : {
          "start" : 1637682385790,
          "stop" : 1637682387563,
          "duration" : 1773
        },
        "flaky" : false,
        "newFailed" : false,
        "parameters" : [ ]
      } ],
      "uid" : "b02f2a63f2b38d63fdb7736c5e9ac5ac"
    }, {
      "name" : "AssertionError: assert 'Error: Coul... any sources' not in '/home/runne...ttempt #1.\\n'\n  'Error: Could not f...ns from any sources' is contained here:\n           ^\n    \n    Error: Could not find artifacts for Migrations from any sources\n        at Resolver.require (/home/runner/work/neon-compatibility/neon-compatibility/node_modules/truffle/build/webpack:/packages/resolver/dist/lib/resolver.js:61:1)\n        at Object.require (/home/runner/work/neon-compatibility/neon-compatibility/node_modules/truffle/build/webpack:/packages/migrate/index.js:172:1)\n        at ResolverIntercept.require (/home/runner/work/neon-compatibility/neon-compatibility/node_modules/truffle/build/webpack:/packages/migrate/ResolverIntercept.js:22:1)\n        at /home/runner/work/neon-compatibility/neon-compatibility/OpenZeppelin/migrations/1_initial_migration.js:1:30\n        at Script.runInContext (vm.js:144:12)\n        at Script.runInNewContext (vm.js:149:17)\n        at Object.file (/home/runner/work/neon-compatibility/neon-compatibility/node_modules/truffle/build/webpack:/packages/require/require.js:94:1)\n        at Migration._load (/home/runner/work/neon-compatibility/neon-compatibility/node_modules/truffle/build/webpack:/packages/migrate/Migration.js:44:1)\n        at Migration.run (/home/runner/work/neon-compatibility/neon-compatibility/node_modules/truffle/build/webpack:/packages/migrate/Migration.js:217:1)\n        at Object.runMigrations (/home/runner/work/neon-compatibility/neon-compatibility/node_modules/truffle/build/webpack:/packages/migrate/index.js:150:1)\n        at Object.runFrom (/home/runner/work/neon-compatibility/neon-compatibility/node_modules/truffle/build/webpack:/packages/migrate/index.js:110:1)\n        at Object.runAll (/home/runner/work/neon-compatibility/neon-compatibility/node_modules/truffle/build/webpack:/packages/migrate/index.js:114:1)\n        at Object.run (/home/runner/work/neon-compatibility/neon-compatibility/node_modules/truffle/build/webpack:/packages/migrate/index.js:79:1)\n        at Object.run (/home/runner/work/neon-compatibility/neon-compatibility/node_modules/truffle/build/webpack:/packages/core/lib/testing/Test.js:109:1)\n        at Object.run (/home/runner/work/neon-compatibility/neon-compatibility/node_modules/truffle/build/webpack:/packages/core/lib/commands/test/index.js:177:1)\n        at Command.run (/home/runner/work/neon-compatibility/neon-compatibility/node_modules/truffle/build/webpack:/packages/core/lib/command.js:183:1)\n    Truffle v5.4.14 (core: 5.4.14)\n    Node v14.18.1\n    /home/runner/work/neon-compatibility/neon-compatibility\n    - Fetching solc version list from solc-bin. Attempt #1\n    âœ” Downloading compiler. Attempt #1.",
      "children" : [ {
        "name" : "test_contracts[input_data0]",
        "uid" : "cbad6e46f093750e",
        "parentUid" : "eda1cb089f130b8b66a333d69c2fc666",
        "status" : "failed",
        "time" : {
          "start" : 1637682496457,
          "stop" : 1637682509022,
          "duration" : 12565
        },
        "flaky" : true,
        "newFailed" : false,
        "parameters" : [ "InputData(test_file='access/Ownable.test.js', test_files=['access/Ownable.test.js'], contracts=['access/Ownable.sol', 'mocks/OwnableMock.sol', 'mocks/AccessControlMock.sol', 'mocks/AccessControlEnumerableMock.sol', 'access/AccessControlEnumerable.sol', 'access/IAccessControlEnumerable.sol', 'utils/structs/EnumerableSet.sol', 'access/AccessControl.sol', 'utils/Context.sol', 'access/IAccessControl.sol', 'utils/Strings.sol', 'utils/introspection/ERC165.sol', 'utils/introspection/IERC165.sol'], migration_script='2_deploy_contracts.js')" ]
      } ],
      "uid" : "eda1cb089f130b8b66a333d69c2fc666"
    }, {
      "name" : "AssertionError: assert 'Error: Coul... any sources' not in '/home/runne...patibility\\n'\n  'Error: Could not f...ns from any sources' is contained here:\n           ^\n    \n    Error: Could not find artifacts for Migrations from any sources\n        at Resolver.require (/home/runner/work/neon-compatibility/neon-compatibility/node_modules/truffle/build/webpack:/packages/resolver/dist/lib/resolver.js:61:1)\n        at Object.require (/home/runner/work/neon-compatibility/neon-compatibility/node_modules/truffle/build/webpack:/packages/migrate/index.js:172:1)\n        at ResolverIntercept.require (/home/runner/work/neon-compatibility/neon-compatibility/node_modules/truffle/build/webpack:/packages/migrate/ResolverIntercept.js:22:1)\n        at /home/runner/work/neon-compatibility/neon-compatibility/OpenZeppelin/migrations/1_initial_migration.js:1:30\n        at Script.runInContext (vm.js:144:12)\n        at Script.runInNewContext (vm.js:149:17)\n        at Object.file (/home/runner/work/neon-compatibility/neon-compatibility/node_modules/truffle/build/webpack:/packages/require/require.js:94:1)\n        at Migration._load (/home/runner/work/neon-compatibility/neon-compatibility/node_modules/truffle/build/webpack:/packages/migrate/Migration.js:44:1)\n        at Migration.run (/home/runner/work/neon-compatibility/neon-compatibility/node_modules/truffle/build/webpack:/packages/migrate/Migration.js:217:1)\n        at Object.runMigrations (/home/runner/work/neon-compatibility/neon-compatibility/node_modules/truffle/build/webpack:/packages/migrate/index.js:150:1)\n        at Object.runFrom (/home/runner/work/neon-compatibility/neon-compatibility/node_modules/truffle/build/webpack:/packages/migrate/index.js:110:1)\n        at Object.runAll (/home/runner/work/neon-compatibility/neon-compatibility/node_modules/truffle/build/webpack:/packages/migrate/index.js:114:1)\n        at Object.run (/home/runner/work/neon-compatibility/neon-compatibility/node_modules/truffle/build/webpack:/packages/migrate/index.js:79:1)\n        at Object.run (/home/runner/work/neon-compatibility/neon-compatibility/node_modules/truffle/build/webpack:/packages/core/lib/testing/Test.js:109:1)\n        at Object.run (/home/runner/work/neon-compatibility/neon-compatibility/node_modules/truffle/build/webpack:/packages/core/lib/commands/test/index.js:177:1)\n        at Command.run (/home/runner/work/neon-compatibility/neon-compatibility/node_modules/truffle/build/webpack:/packages/core/lib/command.js:183:1)\n    Truffle v5.4.14 (core: 5.4.14)\n    Node v14.18.1\n    /home/runner/work/neon-compatibility/neon-compatibility",
      "children" : [ {
        "name" : "test_contracts[input_data1]",
        "uid" : "f06dd56016930037",
        "parentUid" : "5d85ee355fae455b239df4519a402066",
        "status" : "failed",
        "time" : {
          "start" : 1637682509171,
          "stop" : 1637682519775,
          "duration" : 10604
        },
        "flaky" : true,
        "newFailed" : false,
        "parameters" : [ "InputData(test_file='access/AccessControl.test.js', test_files=['access/AccessControl.test.js', 'access/AccessControl.behavior.js'], contracts=['mocks/AccessControlMock.sol', 'mocks/AccessControlEnumerableMock.sol', 'access/AccessControlEnumerable.sol', 'access/IAccessControlEnumerable.sol', 'utils/structs/EnumerableSet.sol', 'access/AccessControl.sol', 'utils/Strings.sol', 'utils/introspection/ERC165.sol', 'interfaces/IERC165.sol', 'utils/introspection/IERC165.sol'], migration_script='2_deploy_contracts.js')" ]
      }, {
        "name" : "test_contracts[input_data2]",
        "uid" : "9ba581ee4e9da05f",
        "parentUid" : "5d85ee355fae455b239df4519a402066",
        "status" : "failed",
        "time" : {
          "start" : 1637682519798,
          "stop" : 1637682530301,
          "duration" : 10503
        },
        "flaky" : true,
        "newFailed" : false,
        "parameters" : [ "InputData(test_file='access/AccessControlEnumerable.test.js', test_files=['access/AccessControlEnumerable.test.js', 'access/AccessControl.behavior.js'], contracts=['utils/Strings.sol', 'utils/introspection/ERC165.sol', 'mocks/AccessControlEnumerableMock.sol'], migration_script='2_deploy_contracts.js')" ]
      }, {
        "name" : "test_contracts[input_data3]",
        "uid" : "f5be948f008d97fb",
        "parentUid" : "5d85ee355fae455b239df4519a402066",
        "status" : "failed",
        "time" : {
          "start" : 1637682530325,
          "stop" : 1637682541609,
          "duration" : 11284
        },
        "flaky" : true,
        "newFailed" : false,
        "parameters" : [ "InputData(test_file='finance/PaymentSplitter.test.js', test_files=['finance/PaymentSplitter.test.js'], contracts=['finance/PaymentSplitter.sol', 'utils/Address.sol', 'utils/Context.sol', 'access/IAccessControl.sol', 'utils/Strings.sol', 'utils/introspection/ERC165.sol', 'interfaces/IERC165.sol', 'utils/introspection/IERC165.sol'], migration_script='3_deploy_contracts.js')" ]
      } ],
      "uid" : "5d85ee355fae455b239df4519a402066"
    }, {
      "name" : "Wrong kind of exception received: expected 'Returned error: execution reverted' to equal 'UpgradeableBeacon: implementation is not a contract'",
      "children" : [ {
        "name" : "cannot be created with non-contract implementation",
        "uid" : "3b74847e3436d107",
        "parentUid" : "871ae1c251210142dadd24225ad567d9",
        "status" : "failed",
        "time" : {
          "start" : 1637682555593,
          "stop" : 1637682557522,
          "duration" : 1929
        },
        "flaky" : false,
        "newFailed" : false,
        "parameters" : [ ]
      } ],
      "uid" : "871ae1c251210142dadd24225ad567d9"
    }, {
      "name" : "Expected an exception but none was received",
      "children" : [ {
        "name" : "reverts",
        "uid" : "6269a01b05da1646",
        "parentUid" : "c00aea839a25a22472dbb28c3ad8d8ee",
        "status" : "failed",
        "time" : {
          "start" : 1637682565611,
          "stop" : 1637682573388,
          "duration" : 7777
        },
        "flaky" : false,
        "newFailed" : false,
        "parameters" : [ ]
      }, {
        "name" : "reverts",
        "uid" : "e08d1bf99578c48d",
        "parentUid" : "c00aea839a25a22472dbb28c3ad8d8ee",
        "status" : "failed",
        "time" : {
          "start" : 1637682592475,
          "stop" : 1637682597146,
          "duration" : 4671
        },
        "flaky" : false,
        "newFailed" : false,
        "parameters" : [ ]
      }, {
        "name" : "reverts",
        "uid" : "53fdc5424e3bbc0d",
        "parentUid" : "c00aea839a25a22472dbb28c3ad8d8ee",
        "status" : "failed",
        "time" : {
          "start" : 1637682624483,
          "stop" : 1637682633031,
          "duration" : 8548
        },
        "flaky" : false,
        "newFailed" : false,
        "parameters" : [ ]
      }, {
        "name" : "reverts",
        "uid" : "113fa8acdd26e9e3",
        "parentUid" : "c00aea839a25a22472dbb28c3ad8d8ee",
        "status" : "failed",
        "time" : {
          "start" : 1637682630774,
          "stop" : 1637682641916,
          "duration" : 11142
        },
        "flaky" : false,
        "newFailed" : false,
        "parameters" : [ ]
      }, {
        "name" : "reverts",
        "uid" : "bc67cc9a631b4a71",
        "parentUid" : "c00aea839a25a22472dbb28c3ad8d8ee",
        "status" : "failed",
        "time" : {
          "start" : 1637682631893,
          "stop" : 1637682637167,
          "duration" : 5274
        },
        "flaky" : false,
        "newFailed" : false,
        "parameters" : [ ]
      }, {
        "name" : "reverts when attempting to set as implementer in the registry",
        "uid" : "6bc7442aff026e9e",
        "parentUid" : "c00aea839a25a22472dbb28c3ad8d8ee",
        "status" : "failed",
        "time" : {
          "start" : 1637682637486,
          "stop" : 1637682645020,
          "duration" : 7534
        },
        "flaky" : false,
        "newFailed" : false,
        "parameters" : [ ]
      }, {
        "name" : "reverts",
        "uid" : "880d982fb415fa5f",
        "parentUid" : "c00aea839a25a22472dbb28c3ad8d8ee",
        "status" : "failed",
        "time" : {
          "start" : 1637682706048,
          "stop" : 1637682714263,
          "duration" : 8215
        },
        "flaky" : false,
        "newFailed" : false,
        "parameters" : [ ]
      }, {
        "name" : "reverts",
        "uid" : "1414f907d9a38556",
        "parentUid" : "c00aea839a25a22472dbb28c3ad8d8ee",
        "status" : "failed",
        "time" : {
          "start" : 1637682713984,
          "stop" : 1637682725493,
          "duration" : 11509
        },
        "flaky" : false,
        "newFailed" : false,
        "parameters" : [ ]
      }, {
        "name" : "reverts",
        "uid" : "d9768914e19a8c19",
        "parentUid" : "c00aea839a25a22472dbb28c3ad8d8ee",
        "status" : "failed",
        "time" : {
          "start" : 1637682769445,
          "stop" : 1637682777741,
          "duration" : 8296
        },
        "flaky" : false,
        "newFailed" : false,
        "parameters" : [ ]
      }, {
        "name" : "reverts on a non-static function",
        "uid" : "236fdcd42a540b61",
        "parentUid" : "c00aea839a25a22472dbb28c3ad8d8ee",
        "status" : "failed",
        "time" : {
          "start" : 1637682854991,
          "stop" : 1637682867188,
          "duration" : 12197
        },
        "flaky" : false,
        "newFailed" : false,
        "parameters" : [ ]
      } ],
      "uid" : "c00aea839a25a22472dbb28c3ad8d8ee"
    }, {
      "name" : "AssertionError: /home/runner/work/neon-compatibility/neon-compatibility/Metacoin\n  Using network 'neonlabs'.\n  \n  \n  Compiling your contracts...\n  ===========================\n  > Compiling ./contracts/ConvertLib.sol\n  > Compiling ./contracts/MetaCoin.sol\n  > Compiling ./contracts/Migrations.sol\n  > Compiling ./test/TestMetaCoin.sol\n  > Compilation warnings encountered:\n  \n      Warning: SPDX license identifier not provided in source file. Before publishing, consider adding a comment containing \"SPDX-License-Identifier: <SPDX-License>\" to each source file. Use \"SPDX-License-Identifier: UNLICENSED\" for non-open-source code. Please see https://spdx.org for more information.\n  --> project:/test/TestMetaCoin.sol\n  \n  ,Warning: Visibility for constructor is ignored. If you want the contract to be non-deployable, making it \"abstract\" is sufficient.\n    --> project:/contracts/MetaCoin.sol:16:2:\n     |\n  16 | \tconstructor() public {\n     | \t^ (Relevant source part starts here and spans across multiple lines).\n  \n  ,Warning: Visibility for constructor is ignored. If you want the contract to be non-deployable, making it \"abstract\" is sufficient.\n    --> project:/contracts/Migrations.sol:12:3:\n     |\n  12 |   constructor() public {\n     |   ^ (Relevant source part starts here and spans across multiple lines).\n  \n  \n  > Artifacts written to /tmp/test--4860-SnaDnpxQN9yh\n  > Compiled successfully using:\n     - solc: 0.8.4+commit.c7e474f2.Emscripten.clang\n  \n  /home/runner/work/neon-compatibility/neon-compatibility\n  \n  /home/runner/work/neon-compatibility/neon-compatibility/node_modules/request/request.js:848\n            var e = new Error('ETIMEDOUT')\n                    ^\n  Error: PollingBlockTracker - encountered an error while attempting to update latest block:\n  Error: ETIMEDOUT\n      at Timeout.<anonymous> (/home/runner/work/neon-compatibility/neon-compatibility/node_modules/request/request.js:848:19)\n      at listOnTimeout (internal/timers.js:557:17)\n      at processTimers (internal/timers.js:500:7)\n      at PollingBlockTracker._performSync (/home/runner/work/neon-compatibility/neon-compatibility/node_modules/eth-block-tracker/src/polling.js:51:24)\n      at processTicksAndRejections (internal/process/task_queues.js:95:5)\n  \nassert 'Error: ETIMEDOUT' not in '/home/runne...s.js:95:5)\\n'\n  'Error: ETIMEDOUT' is contained here:\n    st block:\n    Error: ETIMEDOUT\n        at Timeout.<anonymous> (/home/runner/work/neon-compatibility/neon-compatibility/node_modules/request/request.js:848:19)\n        at listOnTimeout (internal/timers.js:557:17)\n        at processTimers (internal/timers.js:500:7)\n        at PollingBlockTracker._performSync (/home/runner/work/neon-compatibility/neon-compatibility/node_modules/eth-block-tracker/src/polling.js:51:24)\n        at processTicksAndRejections (internal/process/task_queues.js:95:5)",
      "children" : [ {
        "name" : "test_truffle_contract",
        "uid" : "ee25ee3ff27a7729",
        "parentUid" : "3fd61eb29d4641795795f33aca475eff",
        "status" : "failed",
        "time" : {
          "start" : 1637682573769,
          "stop" : 1637682621391,
          "duration" : 47622
        },
        "flaky" : true,
        "newFailed" : false,
        "parameters" : [ ]
      } ],
      "uid" : "3fd61eb29d4641795795f33aca475eff"
    }, {
      "name" : "expected '0' to equal '1000000'",
      "children" : [ {
        "name" : "has expected balance",
        "uid" : "94c3d5baf83e5843",
        "parentUid" : "35391d0c6bf5b76ad94afc507bdca5ec",
        "status" : "failed",
        "time" : {
          "start" : 1637682576721,
          "stop" : 1637682581633,
          "duration" : 4912
        },
        "flaky" : false,
        "newFailed" : false,
        "parameters" : [ ]
      }, {
        "name" : "has expected balance",
        "uid" : "9a63b3daa8605a64",
        "parentUid" : "35391d0c6bf5b76ad94afc507bdca5ec",
        "status" : "failed",
        "time" : {
          "start" : 1637682597316,
          "stop" : 1637682607600,
          "duration" : 10284
        },
        "flaky" : false,
        "newFailed" : false,
        "parameters" : [ ]
      }, {
        "name" : "has expected balance",
        "uid" : "cccc9ead971caff3",
        "parentUid" : "35391d0c6bf5b76ad94afc507bdca5ec",
        "status" : "failed",
        "time" : {
          "start" : 1637682598712,
          "stop" : 1637682606846,
          "duration" : 8134
        },
        "flaky" : false,
        "newFailed" : false,
        "parameters" : [ ]
      }, {
        "name" : "has expected balance",
        "uid" : "a37ece42aa7a8bd9",
        "parentUid" : "35391d0c6bf5b76ad94afc507bdca5ec",
        "status" : "failed",
        "time" : {
          "start" : 1637682614468,
          "stop" : 1637682619849,
          "duration" : 5381
        },
        "flaky" : false,
        "newFailed" : false,
        "parameters" : [ ]
      }, {
        "name" : "has expected balance",
        "uid" : "9bbc85149c1779a0",
        "parentUid" : "35391d0c6bf5b76ad94afc507bdca5ec",
        "status" : "failed",
        "time" : {
          "start" : 1637682655730,
          "stop" : 1637682661943,
          "duration" : 6213
        },
        "flaky" : false,
        "newFailed" : false,
        "parameters" : [ ]
      }, {
        "name" : "has expected balance",
        "uid" : "d2e9393ebed0ff49",
        "parentUid" : "35391d0c6bf5b76ad94afc507bdca5ec",
        "status" : "failed",
        "time" : {
          "start" : 1637682660479,
          "stop" : 1637682669158,
          "duration" : 8679
        },
        "flaky" : false,
        "newFailed" : false,
        "parameters" : [ ]
      }, {
        "name" : "has expected balance",
        "uid" : "9b3539ab8043e32c",
        "parentUid" : "35391d0c6bf5b76ad94afc507bdca5ec",
        "status" : "failed",
        "time" : {
          "start" : 1637682678347,
          "stop" : 1637682689841,
          "duration" : 11494
        },
        "flaky" : false,
        "newFailed" : false,
        "parameters" : [ ]
      }, {
        "name" : "has expected balance",
        "uid" : "c22643e5bac3e39",
        "parentUid" : "35391d0c6bf5b76ad94afc507bdca5ec",
        "status" : "failed",
        "time" : {
          "start" : 1637682742690,
          "stop" : 1637682751143,
          "duration" : 8453
        },
        "flaky" : false,
        "newFailed" : false,
        "parameters" : [ ]
      }, {
        "name" : "has expected balance",
        "uid" : "99f353ad9d18533c",
        "parentUid" : "35391d0c6bf5b76ad94afc507bdca5ec",
        "status" : "failed",
        "time" : {
          "start" : 1637682762291,
          "stop" : 1637682774480,
          "duration" : 12189
        },
        "flaky" : false,
        "newFailed" : false,
        "parameters" : [ ]
      }, {
        "name" : "has expected balance",
        "uid" : "2f746624325dfb81",
        "parentUid" : "35391d0c6bf5b76ad94afc507bdca5ec",
        "status" : "failed",
        "time" : {
          "start" : 1637682802216,
          "stop" : 1637682810640,
          "duration" : 8424
        },
        "flaky" : false,
        "newFailed" : false,
        "parameters" : [ ]
      } ],
      "uid" : "35391d0c6bf5b76ad94afc507bdca5ec"
    }, {
      "name" : "Wrong kind of exception received: expected 'Returned error: execution reverted' to equal 'ERC1967: new beacon is not a contract'",
      "children" : [ {
        "name" : "non-contract beacon",
        "uid" : "96c29c3d7d87544a",
        "parentUid" : "77da5e1ad12e44132342e1c5fb78030c",
        "status" : "failed",
        "time" : {
          "start" : 1637682601693,
          "stop" : 1637682603284,
          "duration" : 1591
        },
        "flaky" : false,
        "newFailed" : false,
        "parameters" : [ ]
      } ],
      "uid" : "77da5e1ad12e44132342e1c5fb78030c"
    }, {
      "name" : "Wrong kind of exception received: expected 'Returned error: execution reverted' to equal 'ERC1967: beacon implementation is not a contract'",
      "children" : [ {
        "name" : "non-contract implementation",
        "uid" : "7d829345627917d8",
        "parentUid" : "d57a1e3f9f6982f2051688d0af893685",
        "status" : "failed",
        "time" : {
          "start" : 1637682608430,
          "stop" : 1637682613491,
          "duration" : 5061
        },
        "flaky" : false,
        "newFailed" : false,
        "parameters" : [ ]
      } ],
      "uid" : "d57a1e3f9f6982f2051688d0af893685"
    }, {
      "name" : "AssertionError: /home/runner/work/neon-compatibility/neon-compatibility/Metacoin\n  Using network 'neonlabs'.\n  \n  \n  Compiling your contracts...\n  ===========================\n  > Compiling ./contracts/ConvertLib.sol\n  > Compiling ./contracts/MetaCoin.sol\n  > Compiling ./contracts/Migrations.sol\n  > Compiling ./test/TestMetaCoin.sol\n  > Compilation warnings encountered:\n  \n      Warning: SPDX license identifier not provided in source file. Before publishing, consider adding a comment containing \"SPDX-License-Identifier: <SPDX-License>\" to each source file. Use \"SPDX-License-Identifier: UNLICENSED\" for non-open-source code. Please see https://spdx.org for more information.\n  --> project:/test/TestMetaCoin.sol\n  \n  ,Warning: Visibility for constructor is ignored. If you want the contract to be non-deployable, making it \"abstract\" is sufficient.\n    --> project:/contracts/MetaCoin.sol:16:2:\n     |\n  16 | \tconstructor() public {\n     | \t^ (Relevant source part starts here and spans across multiple lines).\n  \n  ,Warning: Visibility for constructor is ignored. If you want the contract to be non-deployable, making it \"abstract\" is sufficient.\n    --> project:/contracts/Migrations.sol:12:3:\n     |\n  12 |   constructor() public {\n     |   ^ (Relevant source part starts here and spans across multiple lines).\n  \n  \n  > Artifacts written to /tmp/test--4898-b7BNWbNum6g6\n  > Compiled successfully using:\n     - solc: 0.8.4+commit.c7e474f2.Emscripten.clang\n  \n  /home/runner/work/neon-compatibility/neon-compatibility\n  Error [ERR_UNHANDLED_ERROR]: Unhandled error. ({\n    code: -32603,\n    message: 'ETIMEDOUT',\n    data: { originalError: { code: 'ETIMEDOUT', connect: true } },\n    stack: 'Error: ETIMEDOUT\\n' +\n      '    at Timeout.<anonymous> (/home/runner/work/neon-compatibility/neon-compatibility/node_modules/request/request.js:848:19)\\n' +\n      '    at listOnTimeout (internal/timers.js:557:17)\\n' +\n      '    at processTimers (internal/timers.js:500:7)'\n  })\n      at new NodeError (internal/errors.js:322:7)\n      at Web3ProviderEngine.emit (events.js:389:17)\n      at /home/runner/work/neon-compatibility/neon-compatibility/node_modules/@trufflesuite/web3-provider-engine/index.js:57:14\n      at afterRequest (/home/runner/work/neon-compatibility/neon-compatibility/node_modules/@trufflesuite/web3-provider-engine/index.js:151:21)\n      at /home/runner/work/neon-compatibility/neon-compatibility/node_modules/@trufflesuite/web3-provider-engine/index.js:176:21\n      at /home/runner/work/neon-compatibility/neon-compatibility/node_modules/@trufflesuite/web3-provider-engine/index.js:238:9\n      at /home/runner/work/neon-compatibility/neon-compatibility/node_modules/async/internal/once.js:12:16\n      at replenish (/home/runner/work/neon-compatibility/neon-compatibility/node_modules/async/internal/eachOfLimit.js:61:25)\n      at /home/runner/work/neon-compatibility/neon-compatibility/node_modules/async/internal/eachOfLimit.js:71:9\n      at eachLimit (/home/runner/work/neon-compatibility/neon-compatibility/node_modules/async/eachLimit.js:43:36)\n      at /home/runner/work/neon-compatibility/neon-compatibility/node_modules/async/internal/doLimit.js:9:16\n      at end (/home/runner/work/neon-compatibility/neon-compatibility/node_modules/@trufflesuite/web3-provider-engine/index.js:217:5)\n      at Request._callback (/home/runner/work/neon-compatibility/neon-compatibility/node_modules/@trufflesuite/web3-provider-engine/subproviders/rpc.js:36:21)\n      at self.callback (/home/runner/work/neon-compatibility/neon-compatibility/node_modules/request/request.js:185:22)\n      at Request.emit (events.js:400:28)\n      at Timeout.<anonymous> (/home/runner/work/neon-compatibility/neon-compatibility/node_modules/request/request.js:851:16)\n      at listOnTimeout (internal/timers.js:557:17)\n      at processTimers (internal/timers.js:500:7)\n  \nassert 'Error: ETIMEDOUT' not in '/home/runne....js:500:7)\\n'\n  'Error: ETIMEDOUT' is contained here:\n      stack: 'Error: ETIMEDOUT\\n' +\n        '    at Timeout.<anonymous> (/home/runner/work/neon-compatibility/neon-compatibility/node_modules/request/request.js:848:19)\\n' +\n        '    at listOnTimeout (internal/timers.js:557:17)\\n' +\n        '    at processTimers (internal/timers.js:500:7)'\n    })\n        at new NodeError (internal/errors.js:322:7)\n        at Web3ProviderEngine.emit (events.js:389:17)\n        at /home/runner/work/neon-compatibility/neon-compatibility/node_modules/@trufflesuite/web3-provider-engine/index.js:57:14\n        at afterRequest (/home/runner/work/neon-compatibility/neon-compatibility/node_modules/@trufflesuite/web3-provider-engine/index.js:151:21)\n        at /home/runner/work/neon-compatibility/neon-compatibility/node_modules/@trufflesuite/web3-provider-engine/index.js:176:21\n        at /home/runner/work/neon-compatibility/neon-compatibility/node_modules/@trufflesuite/web3-provider-engine/index.js:238:9\n        at /home/runner/work/neon-compatibility/neon-compatibility/node_modules/async/internal/once.js:12:16\n        at replenish (/home/runner/work/neon-compatibility/neon-compatibility/node_modules/async/internal/eachOfLimit.js:61:25)\n        at /home/runner/work/neon-compatibility/neon-compatibility/node_modules/async/internal/eachOfLimit.js:71:9\n        at eachLimit (/home/runner/work/neon-compatibility/neon-compatibility/node_modules/async/eachLimit.js:43:36)\n        at /home/runner/work/neon-compatibility/neon-compatibility/node_modules/async/internal/doLimit.js:9:16\n        at end (/home/runner/work/neon-compatibility/neon-compatibility/node_modules/@trufflesuite/web3-provider-engine/index.js:217:5)\n        at Request._callback (/home/runner/work/neon-compatibility/neon-compatibility/node_modules/@trufflesuite/web3-provider-engine/subproviders/rpc.js:36:21)\n        at self.callback (/home/runner/work/neon-compatibility/neon-compatibility/node_modules/request/request.js:185:22)\n        at Request.emit (events.js:400:28)\n        at Timeout.<anonymous> (/home/runner/work/neon-compatibility/neon-compatibility/node_modules/request/request.js:851:16)\n        at listOnTimeout (internal/timers.js:557:17)\n        at processTimers (internal/timers.js:500:7)",
      "children" : [ {
        "name" : "test_truffle_test",
        "uid" : "40427363396afbae",
        "parentUid" : "df98532e6e0c9b3999d28d22036b7daa",
        "status" : "failed",
        "time" : {
          "start" : 1637682621412,
          "stop" : 1637682681812,
          "duration" : 60400
        },
        "flaky" : true,
        "newFailed" : false,
        "parameters" : [ ]
      } ],
      "uid" : "df98532e6e0c9b3999d28d22036b7daa"
    }, {
      "name" : "expected 121857 to be at most 30000",
      "children" : [ {
        "name" : "uses less than 30k gas [skip-on-coverage]",
        "uid" : "e5d1de86e97a56b5",
        "parentUid" : "c84cbb0f8ff9cdac071b55fd250ade94",
        "status" : "failed",
        "time" : {
          "start" : 1637682642090,
          "stop" : 1637682647075,
          "duration" : 4985
        },
        "flaky" : false,
        "newFailed" : false,
        "parameters" : [ ]
      } ],
      "uid" : "c84cbb0f8ff9cdac071b55fd250ade94"
    }, {
      "name" : "expected false to equal true",
      "children" : [ {
        "name" : "pending",
        "uid" : "6072bba6164dbbeb",
        "parentUid" : "d4a0243edab18cbbbb97b891737859ad",
        "status" : "failed",
        "time" : {
          "start" : 1637682643497,
          "stop" : 1637682653282,
          "duration" : 9785
        },
        "flaky" : false,
        "newFailed" : false,
        "parameters" : [ ]
      }, {
        "name" : "fast forward",
        "uid" : "68ca9975cba24458",
        "parentUid" : "d4a0243edab18cbbbb97b891737859ad",
        "status" : "failed",
        "time" : {
          "start" : 1637682674745,
          "stop" : 1637682681530,
          "duration" : 6785
        },
        "flaky" : false,
        "newFailed" : false,
        "parameters" : [ ]
      } ],
      "uid" : "d4a0243edab18cbbbb97b891737859ad"
    }, {
      "name" : "Wrong kind of exception received: expected 'Returned error: execution reverted' to equal 'DummyImplementation reverted'",
      "children" : [ {
        "name" : "reverting initialization",
        "uid" : "b2af3e6b32927cfa",
        "parentUid" : "74e12234cc8ec0bfdc26279881291998",
        "status" : "failed",
        "time" : {
          "start" : 1637682643850,
          "stop" : 1637682649439,
          "duration" : 5589
        },
        "flaky" : false,
        "newFailed" : false,
        "parameters" : [ ]
      }, {
        "name" : "reverts",
        "uid" : "849ed90fd8259037",
        "parentUid" : "74e12234cc8ec0bfdc26279881291998",
        "status" : "failed",
        "time" : {
          "start" : 1637682661949,
          "stop" : 1637682663607,
          "duration" : 1658
        },
        "flaky" : false,
        "newFailed" : false,
        "parameters" : [ ]
      }, {
        "name" : "reverts",
        "uid" : "90877ad314923a90",
        "parentUid" : "74e12234cc8ec0bfdc26279881291998",
        "status" : "failed",
        "time" : {
          "start" : 1637682774484,
          "stop" : 1637682781483,
          "duration" : 6999
        },
        "flaky" : false,
        "newFailed" : false,
        "parameters" : [ ]
      } ],
      "uid" : "74e12234cc8ec0bfdc26279881291998"
    }, {
      "name" : "expected 121917 to be at most 30000",
      "children" : [ {
        "name" : "uses less than 30k gas [skip-on-coverage]",
        "uid" : "9c6e0ea3e448d10f",
        "parentUid" : "4c9d53bcba6cd32b0c80c99ff873bb4d",
        "status" : "failed",
        "time" : {
          "start" : 1637682667304,
          "stop" : 1637682672098,
          "duration" : 4794
        },
        "flaky" : false,
        "newFailed" : false,
        "parameters" : [ ]
      } ],
      "uid" : "4c9d53bcba6cd32b0c80c99ff873bb4d"
    }, {
      "name" : "AssertionError: \n  Compiling your contracts...\n  ===========================\n  > Compiling ./contracts/ERC20Test.sol\n  > Compiling ./contracts/Migrations.sol\n  > Compiling ./contracts/SelfDestructTest.sol\n  > Compiling @openzeppelin/contracts/access/Ownable.sol\n  > Compiling @openzeppelin/contracts/token/ERC20/ERC20.sol\n  > Compiling @openzeppelin/contracts/token/ERC20/IERC20.sol\n  > Compiling @openzeppelin/contracts/token/ERC20/extensions/IERC20Metadata.sol\n  > Compiling @openzeppelin/contracts/utils/Context.sol\n  > Compilation warnings encountered:\n  \n      Warning: SPDX license identifier not provided in source file. Before publishing, consider adding a comment containing \"SPDX-License-Identifier: <SPDX-License>\" to each source file. Use \"SPDX-License-Identifier: UNLICENSED\" for non-open-source code. Please see https://spdx.org for more information.\n  --> project:/contracts/SelfDestructTest.sol\n  \n  ,Warning: This contract has a payable fallback function, but no receive ether function. Consider adding a receive ether function.\n   --> project:/contracts/SelfDestructTest.sol:5:1:\n    |\n  5 | contract SelfDestructTest is Ownable{\n    | ^ (Relevant source part starts here and spans across multiple lines).\n  Note: The payable fallback function is defined here.\n    --> project:/contracts/SelfDestructTest.sol:20:5:\n     |\n  20 |     fallback() external payable {}\n     |     ^^^^^^^^^^^^^^^^^^^^^^^^^^^^^^\n  \n  ,Warning: Function state mutability can be restricted to pure\n    --> project:/contracts/SelfDestructTest.sol:12:5:\n     |\n  12 |     function staticData() public view returns(string memory) {\n     |     ^ (Relevant source part starts here and spans across multiple lines).\n  \n  \n  > Artifacts written to /home/runner/work/neon-compatibility/neon-compatibility/issues/364/build/contracts\n  > Compiled successfully using:\n     - solc: 0.8.4+commit.c7e474f2.Emscripten.clang\n  \n  \n  \n  Starting migrations...\n  ======================\n  > Network name:    'neonlabs'\n  > Network id:      111\n  > Block gas limit: 6721975 (0x6691b7)\n  \n  \n  3_selfDestructTest.js\n  =====================\n  \n     Deploying 'SelfDestructTest'\n     ----------------------------\n     > transaction hash:    0x0499e6f746ca0340a03c30a48b37461a99fffd57cb3eb9e26d64a8abecb1b80f\n     > Blocks: 0            Seconds: 0\n     > contract address:    0x6825076D45Df5f4efc45c326E1701950BA30020B\n     > block number:        47898\n     > block timestamp:     1637682698\n     > account:             0x9C1C002B8AeFB883283643d306aFBeeaF20B32Fe\n     > balance:             99.999871115\n     > gas used:            128885 (0x1f775)\n     > gas price:           1 gwei\n     > value sent:          0 ETH\n     > total cost:          0.000128885 ETH\n  \n  Sending ether to contract\n  99999871115000000000 --- 99999871115000000000 --- 0\n  Hello0\n  \n  Error: Transaction simulation failed: Error processing Instruction 1: instruction changed the balance of a read-only account\n      at module.exports (/home/runner/work/neon-compatibility/neon-compatibility/issues/364/migrations/3_selfDestructTest.js:24:24)\n      at runMicrotasks (<anonymous>)\n      at processTicksAndRejections (internal/process/task_queues.js:95:5)\n      at Migration._deploy (/home/runner/work/neon-compatibility/neon-compatibility/node_modules/truffle/build/webpack:/packages/migrate/Migration.js:75:1)\n      at Migration._load (/home/runner/work/neon-compatibility/neon-compatibility/node_modules/truffle/build/webpack:/packages/migrate/Migration.js:56:1)\n      at Migration.run (/home/runner/work/neon-compatibility/neon-compatibility/node_modules/truffle/build/webpack:/packages/migrate/Migration.js:217:1)\n      at Object.runMigrations (/home/runner/work/neon-compatibility/neon-compatibility/node_modules/truffle/build/webpack:/packages/migrate/index.js:150:1)\n      at Object.runFrom (/home/runner/work/neon-compatibility/neon-compatibility/node_modules/truffle/build/webpack:/packages/migrate/index.js:110:1)\n      at runMigrations (/home/runner/work/neon-compatibility/neon-compatibility/node_modules/truffle/build/webpack:/packages/core/lib/commands/migrate.js:253:1)\n      at Object.run (/home/runner/work/neon-compatibility/neon-compatibility/node_modules/truffle/build/webpack:/packages/core/lib/commands/migrate.js:223:1)\n      at Command.run (/home/runner/work/neon-compatibility/neon-compatibility/node_modules/truffle/build/webpack:/packages/core/lib/command.js:183:1)\n  Truffle v5.4.14 (core: 5.4.14)\n  Node v14.18.1\n  - Blocks: 0            Seconds: 0\n  \nassert 1 == 0\n +  where 1 = CompletedProcess(args='cd issues/364; ../../node_modules/.bin/truffle --network neonlabs migrate -f 3 --to 3', returnc...lib/command.js:183:1)\\nTruffle v5.4.14 (core: 5.4.14)\\nNode v14.18.1\\n', stderr=b'- Blocks: 0            Seconds: 0\\n').returncode",
      "children" : [ {
        "name" : "test_issue_364_self_destruct_contract",
        "uid" : "5f997d86599491c8",
        "parentUid" : "c2f7347b76ec3888a39a9d76bf50b509",
        "status" : "failed",
        "time" : {
          "start" : 1637682681835,
          "stop" : 1637682721169,
          "duration" : 39334
        },
        "flaky" : false,
        "newFailed" : false,
        "parameters" : [ ]
      } ],
      "uid" : "c2f7347b76ec3888a39a9d76bf50b509"
    }, {
      "name" : "Wrong kind of exception received: expected 'Returned error: execution reverted' to equal 'RefundEscrow: beneficiary is the zero address'",
      "children" : [ {
        "name" : "requires a non-null beneficiary",
        "uid" : "6ef799e22474412c",
        "parentUid" : "ad68ace86c1afafa4100c697e2451472",
        "status" : "failed",
        "time" : {
          "start" : 1637682804160,
          "stop" : 1637682806276,
          "duration" : 2116
        },
        "flaky" : false,
        "newFailed" : false,
        "parameters" : [ ]
      } ],
      "uid" : "ad68ace86c1afafa4100c697e2451472"
    }, {
      "name" : "expected true to equal false",
      "children" : [ {
        "name" : "fast forward",
        "uid" : "63145dd7c1ef6bc7",
        "parentUid" : "a1d6c11fcfa5a5b3a8ae0cbe7a494730",
        "status" : "failed",
        "time" : {
          "start" : 1637682853581,
          "stop" : 1637682863635,
          "duration" : 10054
        },
        "flaky" : false,
        "newFailed" : false,
        "parameters" : [ ]
      } ],
      "uid" : "a1d6c11fcfa5a5b3a8ae0cbe7a494730"
    } ],
    "uid" : "8fb3a91ba5aaf9de24cc8a92edc82b5d"
  }, {
    "name" : "neon-cli error",
    "children" : [ {
      "name" : "Returned error: Command '['neon-cli', '--commitment=recent', '--url', 'http://test-solana:8899', '--evm_loader=53DfF883gyixYNXnM7s5xhdeyV8mVk9T4i2hGV9vG9io', 'emulate', 'fb63a685c2dafbc5a5548c4d8b90a84361762ae4', '7a29e0986213ff44b4a07838dc1473ae40c5f301', 'none', '0xde0b6b3a7640000']' returned non-zero exit status 1.",
      "children" : [ {
        "name" : "Ether",
        "uid" : "da769d8544911f0c",
        "parentUid" : "21a22316e25e12735fb5f1f0d574d62d",
        "status" : "broken",
        "time" : {
          "start" : 1637682415168,
          "stop" : 1637682428997,
          "duration" : 13829
        },
        "flaky" : false,
        "newFailed" : false,
        "parameters" : [ ]
      } ],
      "uid" : "21a22316e25e12735fb5f1f0d574d62d"
    }, {
      "name" : "Returned error: Command '['neon-cli', '--commitment=recent', '--url', 'http://test-solana:8899', '--evm_loader=53DfF883gyixYNXnM7s5xhdeyV8mVk9T4i2hGV9vG9io', 'emulate', '8c4a43bf12031bbae498462c48e69816a9545138', '3cb0e9f820f777a1588e9fcd2fdb41f2f5427e9c', 'none', '0xde0b6b3a7640000']' returned non-zero exit status 1.",
      "children" : [ {
        "name" : "reverts if non-payee want to claim",
        "uid" : "13c9313872dbf603",
        "parentUid" : "807a8e087d96bda89c6e62517b195817",
        "status" : "broken",
        "time" : {
          "start" : 1637682485402,
          "stop" : 1637682498983,
          "duration" : 13581
        },
        "flaky" : false,
        "newFailed" : false,
        "parameters" : [ ]
      } ],
      "uid" : "807a8e087d96bda89c6e62517b195817"
    }, {
      "name" : "Returned error: Command '['neon-cli', '--commitment=recent', '--url', 'http://test-solana:8899', '--evm_loader=53DfF883gyixYNXnM7s5xhdeyV8mVk9T4i2hGV9vG9io', 'emulate', '8c4a43bf12031bbae498462c48e69816a9545138', 'c09d1f54acb268bf37dfe3f101a3a84fca07aa73', 'none', '0xde0b6b3a7640000']' returned non-zero exit status 1.",
      "children" : [ {
        "name" : "Ether",
        "uid" : "d241da0b3fce2161",
        "parentUid" : "2492242427b650b18c6fb17ec0ccca77",
        "status" : "broken",
        "time" : {
          "start" : 1637682528910,
          "stop" : 1637682542346,
          "duration" : 13436
        },
        "flaky" : false,
        "newFailed" : false,
        "parameters" : [ ]
      } ],
      "uid" : "2492242427b650b18c6fb17ec0ccca77"
    }, {
      "name" : "Returned error: Command '['neon-cli', '--commitment=recent', '--url', 'http://test-solana:8899', '--evm_loader=53DfF883gyixYNXnM7s5xhdeyV8mVk9T4i2hGV9vG9io', 'emulate', 'b37f70cec6f1a20fdadc0427833465a2a1d98bda', '191dedfe798f44f6ea72c5e31701eb81c7c02a8d', 'none', '0xde0b6b3a7640000']' returned non-zero exit status 1.",
      "children" : [ {
        "name" : "sends 0 wei",
        "uid" : "bbb71437f65af654",
        "parentUid" : "175726ef626bffed21a60890410b632e",
        "status" : "broken",
        "time" : {
          "start" : 1637682750638,
          "stop" : 1637682755841,
          "duration" : 5203
        },
        "flaky" : false,
        "newFailed" : false,
        "parameters" : [ ]
      } ],
      "uid" : "175726ef626bffed21a60890410b632e"
    }, {
      "name" : "Returned error: Command '['neon-cli', '--commitment=recent', '--url', 'http://test-solana:8899', '--evm_loader=53DfF883gyixYNXnM7s5xhdeyV8mVk9T4i2hGV9vG9io', 'emulate', 'b37f70cec6f1a20fdadc0427833465a2a1d98bda', '5e7e13559311e0bf57009990c177509171565e2a', 'none', '0x10a741a462780000']' returned non-zero exit status 1.",
      "children" : [ {
        "name" : "calls the requested function with existing value",
        "uid" : "394ea4c5782252f",
        "parentUid" : "7904539bb57219e97b6a7cd333ce42c5",
        "status" : "broken",
        "time" : {
          "start" : 1637682814824,
          "stop" : 1637682823646,
          "duration" : 8822
        },
        "flaky" : false,
        "newFailed" : false,
        "parameters" : [ ]
      } ],
      "uid" : "7904539bb57219e97b6a7cd333ce42c5"
    }, {
      "name" : "Returned error: Command '['neon-cli', '--commitment=recent', '--url', 'http://test-solana:8899', '--evm_loader=53DfF883gyixYNXnM7s5xhdeyV8mVk9T4i2hGV9vG9io', 'emulate', 'b37f70cec6f1a20fdadc0427833465a2a1d98bda', 'fdffd27b08a0889380bbe3a95b5a05122f83c128', '2a011594000000000000000000000000ca7e2dc2909434656606b369ccae727d0cd733e9000000000000000000000000000000000000000000000000000000000000006000000000000000000000000000000000000000000000000010a741a46278000000000000000000000000000000000000000000000000000000000000000000043e6fec0400000000000000000000000000000000000000000000000000000000', '0x10a741a462780000']' returned non-zero exit status 1.",
      "children" : [ {
        "name" : "calls the requested function with transaction funds",
        "uid" : "34e59f2da6320e33",
        "parentUid" : "6f90dfea60a370cef7724ef897387554",
        "status" : "broken",
        "time" : {
          "start" : 1637682823660,
          "stop" : 1637682834081,
          "duration" : 10421
        },
        "flaky" : false,
        "newFailed" : false,
        "parameters" : [ ]
      } ],
      "uid" : "6f90dfea60a370cef7724ef897387554"
    }, {
      "name" : "Returned error: Command '['neon-cli', '--commitment=recent', '--url', 'http://test-solana:8899', '--evm_loader=53DfF883gyixYNXnM7s5xhdeyV8mVk9T4i2hGV9vG9io', 'emulate', 'b37f70cec6f1a20fdadc0427833465a2a1d98bda', '4742f0482806476ef551cedf26d4a0934c050c07', 'none', '0x10a741a462780000']' returned non-zero exit status 1.",
      "children" : [ {
        "name" : "reverts when calling non-payable functions",
        "uid" : "d0d43cef12cc635f",
        "parentUid" : "e8ff4ce33b74abf046e7a742e15b0694",
        "status" : "broken",
        "time" : {
          "start" : 1637682834082,
          "stop" : 1637682842913,
          "duration" : 8831
        },
        "flaky" : false,
        "newFailed" : false,
        "parameters" : [ ]
      } ],
      "uid" : "e8ff4ce33b74abf046e7a742e15b0694"
    }, {
      "name" : "Returned error: Command '['neon-cli', '--commitment=recent', '--url', 'http://test-solana:8899', '--evm_loader=53DfF883gyixYNXnM7s5xhdeyV8mVk9T4i2hGV9vG9io', 'emulate', 'feb7b43bac8e12e97aaa28d193f4bb663577e595', '9c1784ccd7760cb7b2f277832517875b15b1d6a0', 'f340fa010000000000000000000000007a38f470fbac4e16bdde8c8871fa8db900b0a096', '0x2ed6689e54f180000']' returned non-zero exit status 1.",
      "children" : [ {
        "name" : "does not refund refundees",
        "uid" : "6eed6e26b78fc521",
        "parentUid" : "c6a5a17b59b01cd753bdd70a69ee3d59",
        "status" : "broken",
        "time" : {
          "start" : 1637682835674,
          "stop" : 1637682841327,
          "duration" : 5653
        },
        "flaky" : false,
        "newFailed" : false,
        "parameters" : [ ]
      } ],
      "uid" : "c6a5a17b59b01cd753bdd70a69ee3d59"
    }, {
      "name" : "Returned error: Command '['neon-cli', '--commitment=recent', '--url', 'http://test-solana:8899', '--evm_loader=53DfF883gyixYNXnM7s5xhdeyV8mVk9T4i2hGV9vG9io', 'emulate', 'dd6191ad09562b6baaf7413f485d11488c3c5e18', '25ca0bbae1e8fc2dc9a332cd182687c84327a80e', 'f340fa01000000000000000000000000e8a8003e967f7256b5a158d3425a6c3ac1a3a3f4', '0x246ddf97976680000']' returned non-zero exit status 1.",
      "children" : [ {
        "name" : "can add multiple deposits on a single account",
        "uid" : "85b2dc4c064f0fd2",
        "parentUid" : "f44ce3e434d8c8988e773c9e8a0aeffe",
        "status" : "broken",
        "time" : {
          "start" : 1637682835987,
          "stop" : 1637682841348,
          "duration" : 5361
        },
        "flaky" : false,
        "newFailed" : false,
        "parameters" : [ ]
      } ],
      "uid" : "f44ce3e434d8c8988e773c9e8a0aeffe"
    }, {
      "name" : "Returned error: Command '['neon-cli', '--commitment=recent', '--url', 'http://test-solana:8899', '--evm_loader=53DfF883gyixYNXnM7s5xhdeyV8mVk9T4i2hGV9vG9io', 'emulate', 'feb7b43bac8e12e97aaa28d193f4bb663577e595', '48b3b8af5feda2a06bae4593e35e0d6d67737eda', 'f340fa010000000000000000000000007a38f470fbac4e16bdde8c8871fa8db900b0a096', '0x2ed6689e54f180000']' returned non-zero exit status 1.",
      "children" : [ {
        "name" : "does not allow beneficiary withdrawal",
        "uid" : "8e080c25e96a3106",
        "parentUid" : "29cc8607c11e94160e2df9ecb0ba54a6",
        "status" : "broken",
        "time" : {
          "start" : 1637682841328,
          "stop" : 1637682847502,
          "duration" : 6174
        },
        "flaky" : false,
        "newFailed" : false,
        "parameters" : [ ]
      } ],
      "uid" : "29cc8607c11e94160e2df9ecb0ba54a6"
    }, {
      "name" : "Returned error: Command '['neon-cli', '--commitment=recent', '--url', 'http://test-solana:8899', '--evm_loader=53DfF883gyixYNXnM7s5xhdeyV8mVk9T4i2hGV9vG9io', 'emulate', 'dd6191ad09562b6baaf7413f485d11488c3c5e18', 'f07134185b62a485170c547c1e497f29cc0869d8', 'f340fa01000000000000000000000000e8a8003e967f7256b5a158d3425a6c3ac1a3a3f4', '0x246ddf97976680000']' returned non-zero exit status 1.",
      "children" : [ {
        "name" : "can track deposits to multiple accounts",
        "uid" : "c6d48e9d2aae323f",
        "parentUid" : "d7832430d170eaa6b79c477e2e35cd33",
        "status" : "broken",
        "time" : {
          "start" : 1637682841352,
          "stop" : 1637682846530,
          "duration" : 5178
        },
        "flaky" : false,
        "newFailed" : false,
        "parameters" : [ ]
      } ],
      "uid" : "d7832430d170eaa6b79c477e2e35cd33"
    }, {
      "name" : "Returned error: Command '['neon-cli', '--commitment=recent', '--url', 'http://test-solana:8899', '--evm_loader=53DfF883gyixYNXnM7s5xhdeyV8mVk9T4i2hGV9vG9io', 'emulate', 'dd6191ad09562b6baaf7413f485d11488c3c5e18', '2615941f9324c3ef2a24ea70a4d97407af973f9c', 'f340fa01000000000000000000000000e8a8003e967f7256b5a158d3425a6c3ac1a3a3f4', '0x246ddf97976680000']' returned non-zero exit status 1.",
      "children" : [ {
        "name" : "can withdraw payments",
        "uid" : "21a8689234c691c7",
        "parentUid" : "e16f5603fdcee7810c51df544130ea5f",
        "status" : "broken",
        "time" : {
          "start" : 1637682846549,
          "stop" : 1637682852957,
          "duration" : 6408
        },
        "flaky" : false,
        "newFailed" : false,
        "parameters" : [ ]
      } ],
      "uid" : "e16f5603fdcee7810c51df544130ea5f"
    }, {
      "name" : "Returned error: Command '['neon-cli', '--commitment=recent', '--url', 'http://test-solana:8899', '--evm_loader=53DfF883gyixYNXnM7s5xhdeyV8mVk9T4i2hGV9vG9io', 'emulate', 'feb7b43bac8e12e97aaa28d193f4bb663577e595', 'b1efa69ad632d3bacfe0d421054c6039eef87a18', 'f340fa010000000000000000000000009f70da201e11be42e805773a379d186074c6a01d', '0x2ed6689e54f180000']' returned non-zero exit status 1.",
      "children" : [ {
        "name" : "rejects deposits",
        "uid" : "2cf8d6d993cfe8c8",
        "parentUid" : "5defe4b66bec32f0c61c3a363a499b10",
        "status" : "broken",
        "time" : {
          "start" : 1637682847515,
          "stop" : 1637682853508,
          "duration" : 5993
        },
        "flaky" : false,
        "newFailed" : false,
        "parameters" : [ ]
      } ],
      "uid" : "5defe4b66bec32f0c61c3a363a499b10"
    }, {
      "name" : "Returned error: Command '['neon-cli', '--commitment=recent', '--url', 'http://test-solana:8899', '--evm_loader=53DfF883gyixYNXnM7s5xhdeyV8mVk9T4i2hGV9vG9io', 'emulate', 'feb7b43bac8e12e97aaa28d193f4bb663577e595', '5b06e02f1ccd702817d2323f471e250b385f0c98', 'f340fa010000000000000000000000009f70da201e11be42e805773a379d186074c6a01d', '0x2ed6689e54f180000']' returned non-zero exit status 1.",
      "children" : [ {
        "name" : "rejects deposits",
        "uid" : "ad0af8d5d8642a5",
        "parentUid" : "079b87c2b616e2bc1d4d8afb4fc0334b",
        "status" : "broken",
        "time" : {
          "start" : 1637682853511,
          "stop" : 1637682859511,
          "duration" : 6000
        },
        "flaky" : false,
        "newFailed" : false,
        "parameters" : [ ]
      } ],
      "uid" : "079b87c2b616e2bc1d4d8afb4fc0334b"
    }, {
      "name" : "Returned error: Command '['neon-cli', '--commitment=recent', '--url', 'http://test-solana:8899', '--evm_loader=53DfF883gyixYNXnM7s5xhdeyV8mVk9T4i2hGV9vG9io', 'emulate', 'dd6191ad09562b6baaf7413f485d11488c3c5e18', 'f5865ad84e6b76b6aca1e5c07c7ae6d187c8baa1', 'f340fa01000000000000000000000000e8a8003e967f7256b5a158d3425a6c3ac1a3a3f4', '0x246ddf97976680000']' returned non-zero exit status 1.",
      "children" : [ {
        "name" : "emits a withdrawn event",
        "uid" : "b48b91bd831c72ed",
        "parentUid" : "9c5784c1673a85563f502c10c76a44b1",
        "status" : "broken",
        "time" : {
          "start" : 1637682864392,
          "stop" : 1637682869974,
          "duration" : 5582
        },
        "flaky" : false,
        "newFailed" : false,
        "parameters" : [ ]
      } ],
      "uid" : "9c5784c1673a85563f502c10c76a44b1"
    } ],
    "uid" : "ab13defd9861368d6ead20590d94f1ed"
  } ],
  "name" : "categories"
}