{
  "uid" : "5d507b4ccb4668d0",
  "name" : "test_truffle_test",
  "fullName" : "tests.truffle.test_truffle#test_truffle_test",
  "historyId" : "07db35a827628cf8ab363766d7795059",
  "time" : {
    "start" : 1632592361526,
    "stop" : 1632592364210,
    "duration" : 2684
  },
  "status" : "failed",
  "statusMessage" : "AssertionError: assert 'No contracts deployed.' not in '/home/runne...lity\\nstrict'\n  'No contracts deployed.' is contained here:\n    d: 110)\n      No contracts deployed.\n    \n    /home/runner/work/neon-compatibility/neon-compatibility\n    strict",
  "statusTrace" : "def test_truffle_test():\n        # truffle neonlabs ./test/metacoin.js\n        actual_result = run_command_line(\n            f\"{Subfolder.CD_METACOIN} {RunCommand.TRUFFLE} \" +\n            f\"{NETWORK_NAME} ./test/metacoin.js {CD_BACK}\")\n        assert TruffleError.ERROR_CONTRACTS_NOT_DEPLOYED not in actual_result\n>       assert TruffleError.ERROR_NO_CONTRACTS_DEPLOYED not in actual_result\nE       AssertionError: assert 'No contracts deployed.' not in '/home/runne...lity\\nstrict'\nE         'No contracts deployed.' is contained here:\nE           d: 110)\nE             No contracts deployed.\nE           \nE           /home/runner/work/neon-compatibility/neon-compatibility\nE           strict\n\ntests/truffle/test_truffle.py:53: AssertionError",
  "flaky" : false,
  "newFailed" : false,
  "beforeStages" : [ {
    "name" : "prepare_truffle_config",
    "time" : {
      "start" : 1632592361516,
      "stop" : 1632592361526,
      "duration" : 10
    },
    "status" : "passed",
    "steps" : [ ],
    "attachments" : [ ],
    "parameters" : [ ],
    "attachmentsCount" : 0,
    "shouldDisplayMessage" : false,
    "hasContent" : false,
    "stepsCount" : 0
  } ],
  "testStage" : {
    "status" : "failed",
    "statusMessage" : "AssertionError: assert 'No contracts deployed.' not in '/home/runne...lity\\nstrict'\n  'No contracts deployed.' is contained here:\n    d: 110)\n      No contracts deployed.\n    \n    /home/runner/work/neon-compatibility/neon-compatibility\n    strict",
    "statusTrace" : "def test_truffle_test():\n        # truffle neonlabs ./test/metacoin.js\n        actual_result = run_command_line(\n            f\"{Subfolder.CD_METACOIN} {RunCommand.TRUFFLE} \" +\n            f\"{NETWORK_NAME} ./test/metacoin.js {CD_BACK}\")\n        assert TruffleError.ERROR_CONTRACTS_NOT_DEPLOYED not in actual_result\n>       assert TruffleError.ERROR_NO_CONTRACTS_DEPLOYED not in actual_result\nE       AssertionError: assert 'No contracts deployed.' not in '/home/runne...lity\\nstrict'\nE         'No contracts deployed.' is contained here:\nE           d: 110)\nE             No contracts deployed.\nE           \nE           /home/runner/work/neon-compatibility/neon-compatibility\nE           strict\n\ntests/truffle/test_truffle.py:53: AssertionError",
    "steps" : [ ],
    "attachments" : [ {
      "uid" : "a660d96d98947f1f",
      "name" : "stdout",
      "source" : "a660d96d98947f1f.txt",
      "type" : "text/plain",
      "size" : 270
    } ],
    "parameters" : [ ],
    "attachmentsCount" : 1,
    "shouldDisplayMessage" : true,
    "hasContent" : true,
    "stepsCount" : 0
  },
  "afterStages" : [ {
    "name" : "prepare_truffle_config::0",
    "time" : {
      "start" : 1632592364215,
      "stop" : 1632592364215,
      "duration" : 0
    },
    "status" : "passed",
    "steps" : [ ],
    "attachments" : [ ],
    "parameters" : [ ],
    "attachmentsCount" : 0,
    "shouldDisplayMessage" : false,
    "hasContent" : false,
    "stepsCount" : 0
  } ],
  "labels" : [ {
    "name" : "parentSuite",
    "value" : "tests.truffle"
  }, {
    "name" : "suite",
    "value" : "test_truffle"
  }, {
    "name" : "host",
    "value" : "fv-az77-668"
  }, {
    "name" : "thread",
    "value" : "3990-MainThread"
  }, {
    "name" : "framework",
    "value" : "pytest"
  }, {
    "name" : "language",
    "value" : "cpython3"
  }, {
    "name" : "package",
    "value" : "tests.truffle.test_truffle"
  }, {
    "name" : "resultFormat",
    "value" : "allure2"
  } ],
  "parameters" : [ ],
  "links" : [ ],
  "hidden" : false,
  "retry" : false,
  "extra" : {
    "severity" : "normal",
    "retries" : [ ],
    "categories" : [ {
      "name" : "Product defects",
      "matchedStatuses" : [ ],
      "flaky" : false
    } ],
    "history" : {
      "statistic" : {
        "failed" : 6,
        "broken" : 0,
        "skipped" : 0,
        "passed" : 0,
        "unknown" : 0,
        "total" : 6
      },
      "items" : [ {
        "uid" : "21e38f0d59897ee3",
        "reportUrl" : "https://neonlabsorg.github.io/neon-compatibility/135//#testresult/21e38f0d59897ee3",
        "status" : "failed",
        "statusDetails" : "AssertionError: assert 'No contracts deployed.' not in '/home/runne...lity\\nstrict'\n  'No contracts deployed.' is contained here:\n    d: 111)\n      No contracts deployed.\n    \n    /home/runner/work/neon-compatibility/neon-compatibility\n    strict",
        "time" : {
          "start" : 1632572579110,
          "stop" : 1632572585171,
          "duration" : 6061
        }
      }, {
        "uid" : "ebbca2e38cbddaa9",
        "reportUrl" : "https://neonlabsorg.github.io/neon-compatibility/134//#testresult/ebbca2e38cbddaa9",
        "status" : "failed",
        "statusDetails" : "AssertionError: assert 'No contracts deployed.' not in '/home/runne...lity\\nstrict'\n  'No contracts deployed.' is contained here:\n    d: 110)\n      No contracts deployed.\n    \n    /home/runner/work/neon-compatibility/neon-compatibility\n    strict",
        "time" : {
          "start" : 1632572220914,
          "stop" : 1632572223118,
          "duration" : 2204
        }
      }, {
        "uid" : "15637fdb37d9b734",
        "reportUrl" : "https://neonlabsorg.github.io/neon-compatibility/132//#testresult/15637fdb37d9b734",
        "status" : "failed",
        "statusDetails" : "AssertionError: assert 'No contracts deployed.' not in '/home/runne...lity\\nstrict'\n  'No contracts deployed.' is contained here:\n    d: 111)\n      No contracts deployed.\n    \n    /home/runner/work/neon-compatibility/neon-compatibility\n    strict",
        "time" : {
          "start" : 1632572106463,
          "stop" : 1632572109254,
          "duration" : 2791
        }
      }, {
        "uid" : "8dde485fa8945776",
        "reportUrl" : "https://neonlabsorg.github.io/neon-compatibility/131//#testresult/8dde485fa8945776",
        "status" : "failed",
        "statusDetails" : "AssertionError: assert 'No contracts deployed.' not in '/home/runne...lity\\nstrict'\n  'No contracts deployed.' is contained here:\n    d: 110)\n      No contracts deployed.\n    \n    /home/runner/work/neon-compatibility/neon-compatibility\n    strict",
        "time" : {
          "start" : 1632572019460,
          "stop" : 1632572021980,
          "duration" : 2520
        }
      }, {
        "uid" : "2be8d93e5e641f6e",
        "reportUrl" : "https://neonlabsorg.github.io/neon-compatibility/130//#testresult/2be8d93e5e641f6e",
        "status" : "failed",
        "statusDetails" : "AssertionError: assert 'No contracts deployed.' not in '/home/runne...lity\\nstrict'\n  'No contracts deployed.' is contained here:\n    d: 110)\n      No contracts deployed.\n    \n    /home/runner/work/neon-compatibility/neon-compatibility\n    strict",
        "time" : {
          "start" : 1632571813001,
          "stop" : 1632571815685,
          "duration" : 2684
        }
      } ]
    },
    "tags" : [ ]
  },
  "source" : "5d507b4ccb4668d0.json",
  "parameterValues" : [ ]
}